2025-04-18 13:52:02 [main] INFO  o.s.s.c.a.a.c.InitializeUserDetailsBeanManagerConfigurer$InitializeUserDetailsManagerConfigurer - Global AuthenticationManager configured with UserDetailsService bean with name inMemoryUserDetailsManager MDC:[traceId=, spanId=]
2025-04-18 13:52:02 [main] DEBUG o.s.s.web.DefaultSecurityFilterChain - Will secure any request with filters: DisableEncodeUrlFilter, WebAsyncManagerIntegrationFilter, SecurityContextHolderFilter, HeaderWriterFilter, CsrfFilter, LogoutFilter, UsernamePasswordAuthenticationFilter, DefaultLoginPageGeneratingFilter, DefaultLogoutPageGeneratingFilter, BasicAuthenticationFilter, RequestCacheAwareFilter, SecurityContextHolderAwareRequestFilter, AnonymousAuthenticationFilter, ExceptionTranslationFilter, AuthorizationFilter MDC:[traceId=, spanId=]
2025-04-18 13:52:35 [http-nio-8013-exec-1] DEBUG o.s.security.web.FilterChainProxy - Securing GET /swagger-ui/index.html MDC:[traceId=, spanId=]
2025-04-18 13:52:35 [http-nio-8013-exec-1] DEBUG o.s.s.w.a.AnonymousAuthenticationFilter - Set SecurityContextHolder to anonymous SecurityContext MDC:[traceId=, spanId=]
2025-04-18 13:52:35 [http-nio-8013-exec-1] DEBUG o.s.s.w.s.HttpSessionRequestCache - Saved request http://localhost:8013/swagger-ui/index.html?continue to session MDC:[traceId=, spanId=]
2025-04-18 13:52:35 [http-nio-8013-exec-1] DEBUG o.s.s.w.a.DelegatingAuthenticationEntryPoint - Trying to match using And [Not [RequestHeaderRequestMatcher [expectedHeaderName=X-Requested-With, expectedHeaderValue=XMLHttpRequest]], MediaTypeRequestMatcher [contentNegotiationStrategy=org.springframework.web.accept.ContentNegotiationManager@74ed1d35, matchingMediaTypes=[application/xhtml+xml, image/*, text/html, text/plain], useEquals=false, ignoredMediaTypes=[*/*]]] MDC:[traceId=, spanId=]
2025-04-18 13:52:35 [http-nio-8013-exec-1] DEBUG o.s.s.w.a.DelegatingAuthenticationEntryPoint - Match found! Executing org.springframework.security.web.authentication.LoginUrlAuthenticationEntryPoint@1cbb394b MDC:[traceId=, spanId=]
2025-04-18 13:52:35 [http-nio-8013-exec-1] DEBUG o.s.s.web.DefaultRedirectStrategy - Redirecting to http://localhost:8013/login MDC:[traceId=, spanId=]
2025-04-18 13:52:35 [http-nio-8013-exec-2] DEBUG o.s.security.web.FilterChainProxy - Securing GET /login MDC:[traceId=, spanId=]
2025-04-18 13:52:35 [http-nio-8013-exec-3] DEBUG o.s.security.web.FilterChainProxy - Securing GET /favicon.ico MDC:[traceId=, spanId=]
2025-04-18 13:52:35 [http-nio-8013-exec-3] DEBUG o.s.s.w.a.AnonymousAuthenticationFilter - Set SecurityContextHolder to anonymous SecurityContext MDC:[traceId=, spanId=]
2025-04-18 13:52:35 [http-nio-8013-exec-3] DEBUG o.s.s.w.a.DelegatingAuthenticationEntryPoint - Trying to match using And [Not [RequestHeaderRequestMatcher [expectedHeaderName=X-Requested-With, expectedHeaderValue=XMLHttpRequest]], MediaTypeRequestMatcher [contentNegotiationStrategy=org.springframework.web.accept.ContentNegotiationManager@74ed1d35, matchingMediaTypes=[application/xhtml+xml, image/*, text/html, text/plain], useEquals=false, ignoredMediaTypes=[*/*]]] MDC:[traceId=, spanId=]
2025-04-18 13:52:35 [http-nio-8013-exec-3] DEBUG o.s.s.w.a.DelegatingAuthenticationEntryPoint - Match found! Executing org.springframework.security.web.authentication.LoginUrlAuthenticationEntryPoint@1cbb394b MDC:[traceId=, spanId=]
2025-04-18 13:52:35 [http-nio-8013-exec-3] DEBUG o.s.s.web.DefaultRedirectStrategy - Redirecting to http://localhost:8013/login MDC:[traceId=, spanId=]
2025-04-18 13:52:35 [http-nio-8013-exec-4] DEBUG o.s.security.web.FilterChainProxy - Securing GET /login MDC:[traceId=, spanId=]
2025-04-18 13:52:44 [http-nio-8013-exec-7] DEBUG o.s.security.web.FilterChainProxy - Securing GET /login MDC:[traceId=, spanId=]
2025-04-18 13:52:44 [http-nio-8013-exec-8] DEBUG o.s.security.web.FilterChainProxy - Securing GET /favicon.ico MDC:[traceId=, spanId=]
2025-04-18 13:52:44 [http-nio-8013-exec-8] DEBUG o.s.s.w.a.AnonymousAuthenticationFilter - Set SecurityContextHolder to anonymous SecurityContext MDC:[traceId=, spanId=]
2025-04-18 13:52:44 [http-nio-8013-exec-8] DEBUG o.s.s.w.a.DelegatingAuthenticationEntryPoint - Trying to match using And [Not [RequestHeaderRequestMatcher [expectedHeaderName=X-Requested-With, expectedHeaderValue=XMLHttpRequest]], MediaTypeRequestMatcher [contentNegotiationStrategy=org.springframework.web.accept.ContentNegotiationManager@74ed1d35, matchingMediaTypes=[application/xhtml+xml, image/*, text/html, text/plain], useEquals=false, ignoredMediaTypes=[*/*]]] MDC:[traceId=, spanId=]
2025-04-18 13:52:44 [http-nio-8013-exec-8] DEBUG o.s.s.w.a.DelegatingAuthenticationEntryPoint - Match found! Executing org.springframework.security.web.authentication.LoginUrlAuthenticationEntryPoint@1cbb394b MDC:[traceId=, spanId=]
2025-04-18 13:52:44 [http-nio-8013-exec-8] DEBUG o.s.s.web.DefaultRedirectStrategy - Redirecting to http://localhost:8013/login MDC:[traceId=, spanId=]
2025-04-18 13:52:44 [http-nio-8013-exec-9] DEBUG o.s.security.web.FilterChainProxy - Securing GET /login MDC:[traceId=, spanId=]
