2025-05-03 12:49:14 INFO  c.l.u.mockServer.UserServiceMockTest - Starting UserServiceMockTest using Java 17.0.6 with PID 11312 (started by A715-42G in D:\LT_Web\SpringBoot\learning-project\user-service)
2025-05-03 12:49:14 INFO  c.l.u.mockServer.UserServiceMockTest - No active profile set, falling back to 1 default profile: "default"
2025-05-03 12:49:16 INFO  o.s.d.r.c.RepositoryConfigurationDelegate - Multiple Spring Data modules found, entering strict repository configuration mode
2025-05-03 12:49:16 INFO  o.s.d.r.c.RepositoryConfigurationDelegate - Bootstrapping Spring Data JPA repositories in DEFAULT mode.
2025-05-03 12:49:17 INFO  o.s.d.r.c.RepositoryConfigurationDelegate - Finished Spring Data repository scanning in 553 ms. Found 1 JPA repository interface.
2025-05-03 12:49:17 INFO  o.s.d.r.c.RepositoryConfigurationDelegate - Multiple Spring Data modules found, entering strict repository configuration mode
2025-05-03 12:49:17 INFO  o.s.d.r.c.RepositoryConfigurationDelegate - Bootstrapping Spring Data Redis repositories in DEFAULT mode.
2025-05-03 12:49:17 INFO  o.s.d.r.c.RepositoryConfigurationExtensionSupport - Spring Data Redis - Could not safely identify store assignment for repository candidate interface com.learning.user_service.repository.UserRepository; If you want this repository to be a Redis repository, consider annotating your entities with one of these annotations: org.springframework.data.redis.core.RedisHash (preferred), or consider extending one of the following types with your repository: org.springframework.data.keyvalue.repository.KeyValueRepository
2025-05-03 12:49:17 INFO  o.s.d.r.c.RepositoryConfigurationDelegate - Finished Spring Data repository scanning in 19 ms. Found 0 Redis repository interfaces.
2025-05-03 12:49:18 INFO  o.s.i.c.DefaultConfiguringBeanFactoryPostProcessor - No bean named 'errorChannel' has been explicitly defined. Therefore, a default PublishSubscribeChannel will be created.
2025-05-03 12:49:18 INFO  o.s.i.c.DefaultConfiguringBeanFactoryPostProcessor - No bean named 'integrationHeaderChannelRegistry' has been explicitly defined. Therefore, a default DefaultHeaderChannelRegistry will be created.
2025-05-03 12:49:19 INFO  o.s.o.j.p.SpringPersistenceUnitInfo - No LoadTimeWeaver setup: ignoring JPA class transformer
2025-05-03 12:49:19 INFO  com.zaxxer.hikari.HikariDataSource - HikariPool-1 - Starting...
2025-05-03 12:49:20 INFO  com.zaxxer.hikari.pool.HikariPool - HikariPool-1 - Added connection com.mysql.cj.jdbc.ConnectionImpl@3f2ef402
2025-05-03 12:49:20 INFO  com.zaxxer.hikari.HikariDataSource - HikariPool-1 - Start completed.
2025-05-03 12:49:21 INFO  o.s.o.j.LocalContainerEntityManagerFactoryBean - Initialized JPA EntityManagerFactory for persistence unit 'default'
2025-05-03 12:49:23 WARN  o.s.b.a.o.j.JpaBaseConfiguration$JpaWebConfiguration - spring.jpa.open-in-view is enabled by default. Therefore, database queries may be performed during view rendering. Explicitly configure spring.jpa.open-in-view to disable this warning
2025-05-03 12:49:26 INFO  o.s.i.endpoint.EventDrivenConsumer - Adding {logging-channel-adapter:_org.springframework.integration.errorLogger} as a subscriber to the 'errorChannel' channel
2025-05-03 12:49:26 INFO  o.s.i.c.PublishSubscribeChannel - Channel 'user-service.errorChannel' has 1 subscriber(s).
2025-05-03 12:49:26 INFO  o.s.i.endpoint.EventDrivenConsumer - started bean '_org.springframework.integration.errorLogger'
2025-05-03 12:49:26 INFO  c.l.u.mockServer.UserServiceMockTest - Started UserServiceMockTest in 12.58 seconds (process running for 14.815)
2025-05-03 12:49:28 INFO  o.s.i.endpoint.EventDrivenConsumer - Removing {logging-channel-adapter:_org.springframework.integration.errorLogger} as a subscriber to the 'errorChannel' channel
2025-05-03 12:49:28 INFO  o.s.i.c.PublishSubscribeChannel - Channel 'user-service.errorChannel' has 0 subscriber(s).
2025-05-03 12:49:28 INFO  o.s.i.endpoint.EventDrivenConsumer - stopped bean '_org.springframework.integration.errorLogger'
2025-05-03 12:49:28 INFO  o.s.o.j.LocalContainerEntityManagerFactoryBean - Closing JPA EntityManagerFactory for persistence unit 'default'
2025-05-03 12:49:28 INFO  com.zaxxer.hikari.HikariDataSource - HikariPool-1 - Shutdown initiated...
2025-05-03 12:49:28 INFO  com.zaxxer.hikari.HikariDataSource - HikariPool-1 - Shutdown completed.
2025-05-03 12:50:21 INFO  c.l.u.mockServer.UserServiceMockTest - Starting UserServiceMockTest using Java 17.0.6 with PID 9888 (started by A715-42G in D:\LT_Web\SpringBoot\learning-project\user-service)
2025-05-03 12:50:21 INFO  c.l.u.mockServer.UserServiceMockTest - No active profile set, falling back to 1 default profile: "default"
2025-05-03 12:50:23 INFO  o.s.d.r.c.RepositoryConfigurationDelegate - Multiple Spring Data modules found, entering strict repository configuration mode
2025-05-03 12:50:23 INFO  o.s.d.r.c.RepositoryConfigurationDelegate - Bootstrapping Spring Data JPA repositories in DEFAULT mode.
2025-05-03 12:50:23 INFO  o.s.d.r.c.RepositoryConfigurationDelegate - Finished Spring Data repository scanning in 219 ms. Found 1 JPA repository interface.
2025-05-03 12:50:23 INFO  o.s.d.r.c.RepositoryConfigurationDelegate - Multiple Spring Data modules found, entering strict repository configuration mode
2025-05-03 12:50:23 INFO  o.s.d.r.c.RepositoryConfigurationDelegate - Bootstrapping Spring Data Redis repositories in DEFAULT mode.
2025-05-03 12:50:23 INFO  o.s.d.r.c.RepositoryConfigurationExtensionSupport - Spring Data Redis - Could not safely identify store assignment for repository candidate interface com.learning.user_service.repository.UserRepository; If you want this repository to be a Redis repository, consider annotating your entities with one of these annotations: org.springframework.data.redis.core.RedisHash (preferred), or consider extending one of the following types with your repository: org.springframework.data.keyvalue.repository.KeyValueRepository
2025-05-03 12:50:23 INFO  o.s.d.r.c.RepositoryConfigurationDelegate - Finished Spring Data repository scanning in 11 ms. Found 0 Redis repository interfaces.
2025-05-03 12:50:23 INFO  o.s.i.c.DefaultConfiguringBeanFactoryPostProcessor - No bean named 'errorChannel' has been explicitly defined. Therefore, a default PublishSubscribeChannel will be created.
2025-05-03 12:50:23 INFO  o.s.i.c.DefaultConfiguringBeanFactoryPostProcessor - No bean named 'integrationHeaderChannelRegistry' has been explicitly defined. Therefore, a default DefaultHeaderChannelRegistry will be created.
2025-05-03 12:50:25 INFO  o.s.o.j.p.SpringPersistenceUnitInfo - No LoadTimeWeaver setup: ignoring JPA class transformer
2025-05-03 12:50:25 INFO  com.zaxxer.hikari.HikariDataSource - HikariPool-1 - Starting...
2025-05-03 12:50:25 INFO  com.zaxxer.hikari.pool.HikariPool - HikariPool-1 - Added connection com.mysql.cj.jdbc.ConnectionImpl@2e030cc1
2025-05-03 12:50:25 INFO  com.zaxxer.hikari.HikariDataSource - HikariPool-1 - Start completed.
2025-05-03 12:50:27 INFO  o.s.o.j.LocalContainerEntityManagerFactoryBean - Initialized JPA EntityManagerFactory for persistence unit 'default'
2025-05-03 12:50:28 WARN  o.s.b.a.o.j.JpaBaseConfiguration$JpaWebConfiguration - spring.jpa.open-in-view is enabled by default. Therefore, database queries may be performed during view rendering. Explicitly configure spring.jpa.open-in-view to disable this warning
2025-05-03 12:50:30 INFO  o.s.i.endpoint.EventDrivenConsumer - Adding {logging-channel-adapter:_org.springframework.integration.errorLogger} as a subscriber to the 'errorChannel' channel
2025-05-03 12:50:30 INFO  o.s.i.c.PublishSubscribeChannel - Channel 'user-service.errorChannel' has 1 subscriber(s).
2025-05-03 12:50:30 INFO  o.s.i.endpoint.EventDrivenConsumer - started bean '_org.springframework.integration.errorLogger'
2025-05-03 12:50:30 INFO  c.l.u.mockServer.UserServiceMockTest - Started UserServiceMockTest in 9.563 seconds (process running for 11.705)
2025-05-03 12:50:31 INFO  o.s.i.endpoint.EventDrivenConsumer - Removing {logging-channel-adapter:_org.springframework.integration.errorLogger} as a subscriber to the 'errorChannel' channel
2025-05-03 12:50:31 INFO  o.s.i.c.PublishSubscribeChannel - Channel 'user-service.errorChannel' has 0 subscriber(s).
2025-05-03 12:50:31 INFO  o.s.i.endpoint.EventDrivenConsumer - stopped bean '_org.springframework.integration.errorLogger'
2025-05-03 12:50:31 INFO  o.s.o.j.LocalContainerEntityManagerFactoryBean - Closing JPA EntityManagerFactory for persistence unit 'default'
2025-05-03 12:50:31 INFO  com.zaxxer.hikari.HikariDataSource - HikariPool-1 - Shutdown initiated...
2025-05-03 12:50:31 INFO  com.zaxxer.hikari.HikariDataSource - HikariPool-1 - Shutdown completed.
2025-05-03 12:51:14 INFO  c.l.u.mockServer.UserServiceMockTest - Starting UserServiceMockTest using Java 17.0.6 with PID 10092 (started by A715-42G in D:\LT_Web\SpringBoot\learning-project\user-service)
2025-05-03 12:51:14 INFO  c.l.u.mockServer.UserServiceMockTest - No active profile set, falling back to 1 default profile: "default"
2025-05-03 12:51:16 INFO  o.s.d.r.c.RepositoryConfigurationDelegate - Multiple Spring Data modules found, entering strict repository configuration mode
2025-05-03 12:51:16 INFO  o.s.d.r.c.RepositoryConfigurationDelegate - Bootstrapping Spring Data JPA repositories in DEFAULT mode.
2025-05-03 12:51:16 INFO  o.s.d.r.c.RepositoryConfigurationDelegate - Finished Spring Data repository scanning in 239 ms. Found 1 JPA repository interface.
2025-05-03 12:51:16 INFO  o.s.d.r.c.RepositoryConfigurationDelegate - Multiple Spring Data modules found, entering strict repository configuration mode
2025-05-03 12:51:16 INFO  o.s.d.r.c.RepositoryConfigurationDelegate - Bootstrapping Spring Data Redis repositories in DEFAULT mode.
2025-05-03 12:51:16 INFO  o.s.d.r.c.RepositoryConfigurationExtensionSupport - Spring Data Redis - Could not safely identify store assignment for repository candidate interface com.learning.user_service.repository.UserRepository; If you want this repository to be a Redis repository, consider annotating your entities with one of these annotations: org.springframework.data.redis.core.RedisHash (preferred), or consider extending one of the following types with your repository: org.springframework.data.keyvalue.repository.KeyValueRepository
2025-05-03 12:51:16 INFO  o.s.d.r.c.RepositoryConfigurationDelegate - Finished Spring Data repository scanning in 11 ms. Found 0 Redis repository interfaces.
2025-05-03 12:51:17 INFO  o.s.i.c.DefaultConfiguringBeanFactoryPostProcessor - No bean named 'errorChannel' has been explicitly defined. Therefore, a default PublishSubscribeChannel will be created.
2025-05-03 12:51:17 INFO  o.s.i.c.DefaultConfiguringBeanFactoryPostProcessor - No bean named 'integrationHeaderChannelRegistry' has been explicitly defined. Therefore, a default DefaultHeaderChannelRegistry will be created.
2025-05-03 12:51:18 INFO  o.s.o.j.p.SpringPersistenceUnitInfo - No LoadTimeWeaver setup: ignoring JPA class transformer
2025-05-03 12:51:19 INFO  com.zaxxer.hikari.HikariDataSource - HikariPool-1 - Starting...
2025-05-03 12:51:19 INFO  com.zaxxer.hikari.pool.HikariPool - HikariPool-1 - Added connection com.mysql.cj.jdbc.ConnectionImpl@2e030cc1
2025-05-03 12:51:19 INFO  com.zaxxer.hikari.HikariDataSource - HikariPool-1 - Start completed.
2025-05-03 12:51:20 INFO  o.s.o.j.LocalContainerEntityManagerFactoryBean - Initialized JPA EntityManagerFactory for persistence unit 'default'
2025-05-03 12:51:21 WARN  o.s.b.a.o.j.JpaBaseConfiguration$JpaWebConfiguration - spring.jpa.open-in-view is enabled by default. Therefore, database queries may be performed during view rendering. Explicitly configure spring.jpa.open-in-view to disable this warning
2025-05-03 12:51:23 INFO  o.s.i.endpoint.EventDrivenConsumer - Adding {logging-channel-adapter:_org.springframework.integration.errorLogger} as a subscriber to the 'errorChannel' channel
2025-05-03 12:51:23 INFO  o.s.i.c.PublishSubscribeChannel - Channel 'user-service.errorChannel' has 1 subscriber(s).
2025-05-03 12:51:23 INFO  o.s.i.endpoint.EventDrivenConsumer - started bean '_org.springframework.integration.errorLogger'
2025-05-03 12:51:23 INFO  c.l.u.mockServer.UserServiceMockTest - Started UserServiceMockTest in 9.354 seconds (process running for 11.054)
2025-05-03 12:51:24 INFO  o.s.i.endpoint.EventDrivenConsumer - Removing {logging-channel-adapter:_org.springframework.integration.errorLogger} as a subscriber to the 'errorChannel' channel
2025-05-03 12:51:24 INFO  o.s.i.c.PublishSubscribeChannel - Channel 'user-service.errorChannel' has 0 subscriber(s).
2025-05-03 12:51:24 INFO  o.s.i.endpoint.EventDrivenConsumer - stopped bean '_org.springframework.integration.errorLogger'
2025-05-03 12:51:24 INFO  o.s.o.j.LocalContainerEntityManagerFactoryBean - Closing JPA EntityManagerFactory for persistence unit 'default'
2025-05-03 12:51:24 INFO  com.zaxxer.hikari.HikariDataSource - HikariPool-1 - Shutdown initiated...
2025-05-03 12:51:24 INFO  com.zaxxer.hikari.HikariDataSource - HikariPool-1 - Shutdown completed.
2025-05-03 12:52:06 INFO  c.l.u.mockServer.UserServiceMockTest - Starting UserServiceMockTest using Java 17.0.6 with PID 11904 (started by A715-42G in D:\LT_Web\SpringBoot\learning-project\user-service)
2025-05-03 12:52:06 INFO  c.l.u.mockServer.UserServiceMockTest - No active profile set, falling back to 1 default profile: "default"
2025-05-03 12:52:08 INFO  o.s.d.r.c.RepositoryConfigurationDelegate - Multiple Spring Data modules found, entering strict repository configuration mode
2025-05-03 12:52:08 INFO  o.s.d.r.c.RepositoryConfigurationDelegate - Bootstrapping Spring Data JPA repositories in DEFAULT mode.
2025-05-03 12:52:08 INFO  o.s.d.r.c.RepositoryConfigurationDelegate - Finished Spring Data repository scanning in 231 ms. Found 1 JPA repository interface.
2025-05-03 12:52:08 INFO  o.s.d.r.c.RepositoryConfigurationDelegate - Multiple Spring Data modules found, entering strict repository configuration mode
2025-05-03 12:52:08 INFO  o.s.d.r.c.RepositoryConfigurationDelegate - Bootstrapping Spring Data Redis repositories in DEFAULT mode.
2025-05-03 12:52:08 INFO  o.s.d.r.c.RepositoryConfigurationExtensionSupport - Spring Data Redis - Could not safely identify store assignment for repository candidate interface com.learning.user_service.repository.UserRepository; If you want this repository to be a Redis repository, consider annotating your entities with one of these annotations: org.springframework.data.redis.core.RedisHash (preferred), or consider extending one of the following types with your repository: org.springframework.data.keyvalue.repository.KeyValueRepository
2025-05-03 12:52:08 INFO  o.s.d.r.c.RepositoryConfigurationDelegate - Finished Spring Data repository scanning in 14 ms. Found 0 Redis repository interfaces.
2025-05-03 12:52:09 INFO  o.s.i.c.DefaultConfiguringBeanFactoryPostProcessor - No bean named 'errorChannel' has been explicitly defined. Therefore, a default PublishSubscribeChannel will be created.
2025-05-03 12:52:09 INFO  o.s.i.c.DefaultConfiguringBeanFactoryPostProcessor - No bean named 'integrationHeaderChannelRegistry' has been explicitly defined. Therefore, a default DefaultHeaderChannelRegistry will be created.
2025-05-03 12:52:10 INFO  o.s.o.j.p.SpringPersistenceUnitInfo - No LoadTimeWeaver setup: ignoring JPA class transformer
2025-05-03 12:52:10 INFO  com.zaxxer.hikari.HikariDataSource - HikariPool-1 - Starting...
2025-05-03 12:52:11 INFO  com.zaxxer.hikari.pool.HikariPool - HikariPool-1 - Added connection com.mysql.cj.jdbc.ConnectionImpl@2e030cc1
2025-05-03 12:52:11 INFO  com.zaxxer.hikari.HikariDataSource - HikariPool-1 - Start completed.
2025-05-03 12:52:12 INFO  o.s.o.j.LocalContainerEntityManagerFactoryBean - Initialized JPA EntityManagerFactory for persistence unit 'default'
2025-05-03 12:52:13 WARN  o.s.b.a.o.j.JpaBaseConfiguration$JpaWebConfiguration - spring.jpa.open-in-view is enabled by default. Therefore, database queries may be performed during view rendering. Explicitly configure spring.jpa.open-in-view to disable this warning
2025-05-03 12:52:15 INFO  o.s.i.endpoint.EventDrivenConsumer - Adding {logging-channel-adapter:_org.springframework.integration.errorLogger} as a subscriber to the 'errorChannel' channel
2025-05-03 12:52:15 INFO  o.s.i.c.PublishSubscribeChannel - Channel 'user-service.errorChannel' has 1 subscriber(s).
2025-05-03 12:52:15 INFO  o.s.i.endpoint.EventDrivenConsumer - started bean '_org.springframework.integration.errorLogger'
2025-05-03 12:52:15 INFO  c.l.u.mockServer.UserServiceMockTest - Started UserServiceMockTest in 8.832 seconds (process running for 10.736)
2025-05-03 12:52:16 INFO  o.s.i.endpoint.EventDrivenConsumer - Removing {logging-channel-adapter:_org.springframework.integration.errorLogger} as a subscriber to the 'errorChannel' channel
2025-05-03 12:52:16 INFO  o.s.i.c.PublishSubscribeChannel - Channel 'user-service.errorChannel' has 0 subscriber(s).
2025-05-03 12:52:16 INFO  o.s.i.endpoint.EventDrivenConsumer - stopped bean '_org.springframework.integration.errorLogger'
2025-05-03 12:52:16 INFO  o.s.o.j.LocalContainerEntityManagerFactoryBean - Closing JPA EntityManagerFactory for persistence unit 'default'
2025-05-03 12:52:16 INFO  com.zaxxer.hikari.HikariDataSource - HikariPool-1 - Shutdown initiated...
2025-05-03 12:52:16 INFO  com.zaxxer.hikari.HikariDataSource - HikariPool-1 - Shutdown completed.
2025-05-03 12:54:13 INFO  c.l.u.mockServer.UserServiceMockTest - Starting UserServiceMockTest using Java 17.0.6 with PID 13576 (started by A715-42G in D:\LT_Web\SpringBoot\learning-project\user-service)
2025-05-03 12:54:13 INFO  c.l.u.mockServer.UserServiceMockTest - No active profile set, falling back to 1 default profile: "default"
2025-05-03 12:54:14 INFO  o.s.d.r.c.RepositoryConfigurationDelegate - Multiple Spring Data modules found, entering strict repository configuration mode
2025-05-03 12:54:14 INFO  o.s.d.r.c.RepositoryConfigurationDelegate - Bootstrapping Spring Data JPA repositories in DEFAULT mode.
2025-05-03 12:54:14 INFO  o.s.d.r.c.RepositoryConfigurationDelegate - Finished Spring Data repository scanning in 201 ms. Found 1 JPA repository interface.
2025-05-03 12:54:14 INFO  o.s.d.r.c.RepositoryConfigurationDelegate - Multiple Spring Data modules found, entering strict repository configuration mode
2025-05-03 12:54:14 INFO  o.s.d.r.c.RepositoryConfigurationDelegate - Bootstrapping Spring Data Redis repositories in DEFAULT mode.
2025-05-03 12:54:14 INFO  o.s.d.r.c.RepositoryConfigurationExtensionSupport - Spring Data Redis - Could not safely identify store assignment for repository candidate interface com.learning.user_service.repository.UserRepository; If you want this repository to be a Redis repository, consider annotating your entities with one of these annotations: org.springframework.data.redis.core.RedisHash (preferred), or consider extending one of the following types with your repository: org.springframework.data.keyvalue.repository.KeyValueRepository
2025-05-03 12:54:14 INFO  o.s.d.r.c.RepositoryConfigurationDelegate - Finished Spring Data repository scanning in 11 ms. Found 0 Redis repository interfaces.
2025-05-03 12:54:15 INFO  o.s.i.c.DefaultConfiguringBeanFactoryPostProcessor - No bean named 'errorChannel' has been explicitly defined. Therefore, a default PublishSubscribeChannel will be created.
2025-05-03 12:54:15 INFO  o.s.i.c.DefaultConfiguringBeanFactoryPostProcessor - No bean named 'integrationHeaderChannelRegistry' has been explicitly defined. Therefore, a default DefaultHeaderChannelRegistry will be created.
2025-05-03 12:54:16 INFO  o.s.o.j.p.SpringPersistenceUnitInfo - No LoadTimeWeaver setup: ignoring JPA class transformer
2025-05-03 12:54:16 INFO  com.zaxxer.hikari.HikariDataSource - HikariPool-1 - Starting...
2025-05-03 12:54:17 INFO  com.zaxxer.hikari.pool.HikariPool - HikariPool-1 - Added connection com.mysql.cj.jdbc.ConnectionImpl@470b5213
2025-05-03 12:54:17 INFO  com.zaxxer.hikari.HikariDataSource - HikariPool-1 - Start completed.
2025-05-03 12:54:18 INFO  o.s.o.j.LocalContainerEntityManagerFactoryBean - Initialized JPA EntityManagerFactory for persistence unit 'default'
2025-05-03 12:54:19 WARN  o.s.b.a.o.j.JpaBaseConfiguration$JpaWebConfiguration - spring.jpa.open-in-view is enabled by default. Therefore, database queries may be performed during view rendering. Explicitly configure spring.jpa.open-in-view to disable this warning
2025-05-03 12:54:21 INFO  o.s.i.endpoint.EventDrivenConsumer - Adding {logging-channel-adapter:_org.springframework.integration.errorLogger} as a subscriber to the 'errorChannel' channel
2025-05-03 12:54:21 INFO  o.s.i.c.PublishSubscribeChannel - Channel 'user-service.errorChannel' has 1 subscriber(s).
2025-05-03 12:54:21 INFO  o.s.i.endpoint.EventDrivenConsumer - started bean '_org.springframework.integration.errorLogger'
2025-05-03 12:54:21 INFO  c.l.u.mockServer.UserServiceMockTest - Started UserServiceMockTest in 9.212 seconds (process running for 11.033)
2025-05-03 12:54:23 INFO  o.s.i.endpoint.EventDrivenConsumer - Removing {logging-channel-adapter:_org.springframework.integration.errorLogger} as a subscriber to the 'errorChannel' channel
2025-05-03 12:54:23 INFO  o.s.i.c.PublishSubscribeChannel - Channel 'user-service.errorChannel' has 0 subscriber(s).
2025-05-03 12:54:23 INFO  o.s.i.endpoint.EventDrivenConsumer - stopped bean '_org.springframework.integration.errorLogger'
2025-05-03 12:54:23 INFO  o.s.o.j.LocalContainerEntityManagerFactoryBean - Closing JPA EntityManagerFactory for persistence unit 'default'
2025-05-03 12:54:23 INFO  com.zaxxer.hikari.HikariDataSource - HikariPool-1 - Shutdown initiated...
2025-05-03 12:54:23 INFO  com.zaxxer.hikari.HikariDataSource - HikariPool-1 - Shutdown completed.
2025-05-03 12:59:07 INFO  c.l.u.mockServer.UserServiceMockTest - Starting UserServiceMockTest using Java 17.0.6 with PID 13248 (started by A715-42G in D:\LT_Web\SpringBoot\learning-project\user-service)
2025-05-03 12:59:07 INFO  c.l.u.mockServer.UserServiceMockTest - No active profile set, falling back to 1 default profile: "default"
2025-05-03 12:59:08 INFO  o.s.d.r.c.RepositoryConfigurationDelegate - Multiple Spring Data modules found, entering strict repository configuration mode
2025-05-03 12:59:08 INFO  o.s.d.r.c.RepositoryConfigurationDelegate - Bootstrapping Spring Data JPA repositories in DEFAULT mode.
2025-05-03 12:59:09 INFO  o.s.d.r.c.RepositoryConfigurationDelegate - Finished Spring Data repository scanning in 252 ms. Found 1 JPA repository interface.
2025-05-03 12:59:09 INFO  o.s.d.r.c.RepositoryConfigurationDelegate - Multiple Spring Data modules found, entering strict repository configuration mode
2025-05-03 12:59:09 INFO  o.s.d.r.c.RepositoryConfigurationDelegate - Bootstrapping Spring Data Redis repositories in DEFAULT mode.
2025-05-03 12:59:09 INFO  o.s.d.r.c.RepositoryConfigurationExtensionSupport - Spring Data Redis - Could not safely identify store assignment for repository candidate interface com.learning.user_service.repository.UserRepository; If you want this repository to be a Redis repository, consider annotating your entities with one of these annotations: org.springframework.data.redis.core.RedisHash (preferred), or consider extending one of the following types with your repository: org.springframework.data.keyvalue.repository.KeyValueRepository
2025-05-03 12:59:09 INFO  o.s.d.r.c.RepositoryConfigurationDelegate - Finished Spring Data repository scanning in 9 ms. Found 0 Redis repository interfaces.
2025-05-03 12:59:09 INFO  o.s.i.c.DefaultConfiguringBeanFactoryPostProcessor - No bean named 'errorChannel' has been explicitly defined. Therefore, a default PublishSubscribeChannel will be created.
2025-05-03 12:59:09 INFO  o.s.i.c.DefaultConfiguringBeanFactoryPostProcessor - No bean named 'integrationHeaderChannelRegistry' has been explicitly defined. Therefore, a default DefaultHeaderChannelRegistry will be created.
2025-05-03 12:59:10 INFO  o.s.o.j.p.SpringPersistenceUnitInfo - No LoadTimeWeaver setup: ignoring JPA class transformer
2025-05-03 12:59:10 INFO  com.zaxxer.hikari.HikariDataSource - HikariPool-1 - Starting...
2025-05-03 12:59:11 INFO  com.zaxxer.hikari.pool.HikariPool - HikariPool-1 - Added connection com.mysql.cj.jdbc.ConnectionImpl@68c47cf9
2025-05-03 12:59:11 INFO  com.zaxxer.hikari.HikariDataSource - HikariPool-1 - Start completed.
2025-05-03 12:59:12 INFO  o.s.o.j.LocalContainerEntityManagerFactoryBean - Initialized JPA EntityManagerFactory for persistence unit 'default'
2025-05-03 12:59:13 WARN  o.s.b.a.o.j.JpaBaseConfiguration$JpaWebConfiguration - spring.jpa.open-in-view is enabled by default. Therefore, database queries may be performed during view rendering. Explicitly configure spring.jpa.open-in-view to disable this warning
2025-05-03 12:59:15 INFO  o.s.i.endpoint.EventDrivenConsumer - Adding {logging-channel-adapter:_org.springframework.integration.errorLogger} as a subscriber to the 'errorChannel' channel
2025-05-03 12:59:15 INFO  o.s.i.c.PublishSubscribeChannel - Channel 'user-service.errorChannel' has 1 subscriber(s).
2025-05-03 12:59:15 INFO  o.s.i.endpoint.EventDrivenConsumer - started bean '_org.springframework.integration.errorLogger'
2025-05-03 12:59:15 INFO  c.l.u.mockServer.UserServiceMockTest - Started UserServiceMockTest in 8.532 seconds (process running for 11.936)
2025-05-03 12:59:16 INFO  o.e.jetty.server.AbstractConnector - Stopped NetworkTrafficServerConnector@78d39a69{HTTP/1.1, (http/1.1, h2c)}{0.0.0.0:8089}
2025-05-03 12:59:16 INFO  o.e.j.server.handler.ContextHandler - Stopped o.e.j.s.ServletContextHandler@46678e49{/,null,STOPPED}
2025-05-03 12:59:16 INFO  o.e.j.server.handler.ContextHandler - Stopped o.e.j.s.ServletContextHandler@dca2615{/__admin,null,STOPPED}
2025-05-03 12:59:16 INFO  o.s.i.endpoint.EventDrivenConsumer - Removing {logging-channel-adapter:_org.springframework.integration.errorLogger} as a subscriber to the 'errorChannel' channel
2025-05-03 12:59:16 INFO  o.s.i.c.PublishSubscribeChannel - Channel 'user-service.errorChannel' has 0 subscriber(s).
2025-05-03 12:59:16 INFO  o.s.i.endpoint.EventDrivenConsumer - stopped bean '_org.springframework.integration.errorLogger'
2025-05-03 12:59:16 INFO  o.s.o.j.LocalContainerEntityManagerFactoryBean - Closing JPA EntityManagerFactory for persistence unit 'default'
2025-05-03 12:59:16 INFO  com.zaxxer.hikari.HikariDataSource - HikariPool-1 - Shutdown initiated...
2025-05-03 12:59:16 INFO  com.zaxxer.hikari.HikariDataSource - HikariPool-1 - Shutdown completed.
2025-05-03 13:00:35 INFO  c.l.u.mockServer.UserServiceMockTest - Starting UserServiceMockTest using Java 17.0.6 with PID 10284 (started by A715-42G in D:\LT_Web\SpringBoot\learning-project\user-service)
2025-05-03 13:00:35 INFO  c.l.u.mockServer.UserServiceMockTest - No active profile set, falling back to 1 default profile: "default"
2025-05-03 13:00:37 INFO  o.s.d.r.c.RepositoryConfigurationDelegate - Multiple Spring Data modules found, entering strict repository configuration mode
2025-05-03 13:00:37 INFO  o.s.d.r.c.RepositoryConfigurationDelegate - Bootstrapping Spring Data JPA repositories in DEFAULT mode.
2025-05-03 13:00:37 INFO  o.s.d.r.c.RepositoryConfigurationDelegate - Finished Spring Data repository scanning in 224 ms. Found 1 JPA repository interface.
2025-05-03 13:00:37 INFO  o.s.d.r.c.RepositoryConfigurationDelegate - Multiple Spring Data modules found, entering strict repository configuration mode
2025-05-03 13:00:37 INFO  o.s.d.r.c.RepositoryConfigurationDelegate - Bootstrapping Spring Data Redis repositories in DEFAULT mode.
2025-05-03 13:00:37 INFO  o.s.d.r.c.RepositoryConfigurationExtensionSupport - Spring Data Redis - Could not safely identify store assignment for repository candidate interface com.learning.user_service.repository.UserRepository; If you want this repository to be a Redis repository, consider annotating your entities with one of these annotations: org.springframework.data.redis.core.RedisHash (preferred), or consider extending one of the following types with your repository: org.springframework.data.keyvalue.repository.KeyValueRepository
2025-05-03 13:00:37 INFO  o.s.d.r.c.RepositoryConfigurationDelegate - Finished Spring Data repository scanning in 9 ms. Found 0 Redis repository interfaces.
2025-05-03 13:00:38 INFO  o.s.i.c.DefaultConfiguringBeanFactoryPostProcessor - No bean named 'errorChannel' has been explicitly defined. Therefore, a default PublishSubscribeChannel will be created.
2025-05-03 13:00:38 INFO  o.s.i.c.DefaultConfiguringBeanFactoryPostProcessor - No bean named 'integrationHeaderChannelRegistry' has been explicitly defined. Therefore, a default DefaultHeaderChannelRegistry will be created.
2025-05-03 13:00:39 INFO  o.s.o.j.p.SpringPersistenceUnitInfo - No LoadTimeWeaver setup: ignoring JPA class transformer
2025-05-03 13:00:39 INFO  com.zaxxer.hikari.HikariDataSource - HikariPool-1 - Starting...
2025-05-03 13:00:40 INFO  com.zaxxer.hikari.pool.HikariPool - HikariPool-1 - Added connection com.mysql.cj.jdbc.ConnectionImpl@1c512bb
2025-05-03 13:00:40 INFO  com.zaxxer.hikari.HikariDataSource - HikariPool-1 - Start completed.
2025-05-03 13:00:41 INFO  o.s.o.j.LocalContainerEntityManagerFactoryBean - Initialized JPA EntityManagerFactory for persistence unit 'default'
2025-05-03 13:00:42 WARN  o.s.b.a.o.j.JpaBaseConfiguration$JpaWebConfiguration - spring.jpa.open-in-view is enabled by default. Therefore, database queries may be performed during view rendering. Explicitly configure spring.jpa.open-in-view to disable this warning
2025-05-03 13:00:43 INFO  o.s.i.endpoint.EventDrivenConsumer - Adding {logging-channel-adapter:_org.springframework.integration.errorLogger} as a subscriber to the 'errorChannel' channel
2025-05-03 13:00:43 INFO  o.s.i.c.PublishSubscribeChannel - Channel 'user-service.errorChannel' has 1 subscriber(s).
2025-05-03 13:00:43 INFO  o.s.i.endpoint.EventDrivenConsumer - started bean '_org.springframework.integration.errorLogger'
2025-05-03 13:00:43 INFO  c.l.u.mockServer.UserServiceMockTest - Started UserServiceMockTest in 8.322 seconds (process running for 11.235)
2025-05-03 13:00:44 INFO  o.e.jetty.server.AbstractConnector - Stopped NetworkTrafficServerConnector@2d691f3d{HTTP/1.1, (http/1.1, h2c)}{0.0.0.0:8089}
2025-05-03 13:00:44 INFO  o.e.j.server.handler.ContextHandler - Stopped o.e.j.s.ServletContextHandler@63fdffcd{/,null,STOPPED}
2025-05-03 13:00:44 INFO  o.e.j.server.handler.ContextHandler - Stopped o.e.j.s.ServletContextHandler@7965a51c{/__admin,null,STOPPED}
2025-05-03 13:00:44 INFO  o.s.i.endpoint.EventDrivenConsumer - Removing {logging-channel-adapter:_org.springframework.integration.errorLogger} as a subscriber to the 'errorChannel' channel
2025-05-03 13:00:44 INFO  o.s.i.c.PublishSubscribeChannel - Channel 'user-service.errorChannel' has 0 subscriber(s).
2025-05-03 13:00:44 INFO  o.s.i.endpoint.EventDrivenConsumer - stopped bean '_org.springframework.integration.errorLogger'
2025-05-03 13:00:44 INFO  o.s.o.j.LocalContainerEntityManagerFactoryBean - Closing JPA EntityManagerFactory for persistence unit 'default'
2025-05-03 13:00:44 INFO  com.zaxxer.hikari.HikariDataSource - HikariPool-1 - Shutdown initiated...
2025-05-03 13:00:44 INFO  com.zaxxer.hikari.HikariDataSource - HikariPool-1 - Shutdown completed.
2025-05-03 13:10:05 INFO  c.l.u.mockServer.UserServiceMockTest - Starting UserServiceMockTest using Java 17.0.6 with PID 9596 (started by A715-42G in D:\LT_Web\SpringBoot\learning-project\user-service)
2025-05-03 13:10:05 INFO  c.l.u.mockServer.UserServiceMockTest - No active profile set, falling back to 1 default profile: "default"
2025-05-03 13:10:07 INFO  o.s.d.r.c.RepositoryConfigurationDelegate - Multiple Spring Data modules found, entering strict repository configuration mode
2025-05-03 13:10:07 INFO  o.s.d.r.c.RepositoryConfigurationDelegate - Bootstrapping Spring Data JPA repositories in DEFAULT mode.
2025-05-03 13:10:07 INFO  o.s.d.r.c.RepositoryConfigurationDelegate - Finished Spring Data repository scanning in 334 ms. Found 1 JPA repository interface.
2025-05-03 13:10:07 INFO  o.s.d.r.c.RepositoryConfigurationDelegate - Multiple Spring Data modules found, entering strict repository configuration mode
2025-05-03 13:10:07 INFO  o.s.d.r.c.RepositoryConfigurationDelegate - Bootstrapping Spring Data Redis repositories in DEFAULT mode.
2025-05-03 13:10:07 INFO  o.s.d.r.c.RepositoryConfigurationExtensionSupport - Spring Data Redis - Could not safely identify store assignment for repository candidate interface com.learning.user_service.repository.UserRepository; If you want this repository to be a Redis repository, consider annotating your entities with one of these annotations: org.springframework.data.redis.core.RedisHash (preferred), or consider extending one of the following types with your repository: org.springframework.data.keyvalue.repository.KeyValueRepository
2025-05-03 13:10:07 INFO  o.s.d.r.c.RepositoryConfigurationDelegate - Finished Spring Data repository scanning in 12 ms. Found 0 Redis repository interfaces.
2025-05-03 13:10:08 INFO  o.s.i.c.DefaultConfiguringBeanFactoryPostProcessor - No bean named 'errorChannel' has been explicitly defined. Therefore, a default PublishSubscribeChannel will be created.
2025-05-03 13:10:08 INFO  o.s.i.c.DefaultConfiguringBeanFactoryPostProcessor - No bean named 'integrationHeaderChannelRegistry' has been explicitly defined. Therefore, a default DefaultHeaderChannelRegistry will be created.
2025-05-03 13:10:09 INFO  o.s.o.j.p.SpringPersistenceUnitInfo - No LoadTimeWeaver setup: ignoring JPA class transformer
2025-05-03 13:10:09 INFO  com.zaxxer.hikari.HikariDataSource - HikariPool-1 - Starting...
2025-05-03 13:10:10 INFO  com.zaxxer.hikari.pool.HikariPool - HikariPool-1 - Added connection com.mysql.cj.jdbc.ConnectionImpl@3bac86a3
2025-05-03 13:10:10 INFO  com.zaxxer.hikari.HikariDataSource - HikariPool-1 - Start completed.
2025-05-03 13:10:11 INFO  o.s.o.j.LocalContainerEntityManagerFactoryBean - Initialized JPA EntityManagerFactory for persistence unit 'default'
2025-05-03 13:10:12 WARN  o.s.b.a.o.j.JpaBaseConfiguration$JpaWebConfiguration - spring.jpa.open-in-view is enabled by default. Therefore, database queries may be performed during view rendering. Explicitly configure spring.jpa.open-in-view to disable this warning
2025-05-03 13:10:14 INFO  o.s.i.endpoint.EventDrivenConsumer - Adding {logging-channel-adapter:_org.springframework.integration.errorLogger} as a subscriber to the 'errorChannel' channel
2025-05-03 13:10:14 INFO  o.s.i.c.PublishSubscribeChannel - Channel 'user-service.errorChannel' has 1 subscriber(s).
2025-05-03 13:10:14 INFO  o.s.i.endpoint.EventDrivenConsumer - started bean '_org.springframework.integration.errorLogger'
2025-05-03 13:10:14 INFO  c.l.u.mockServer.UserServiceMockTest - Started UserServiceMockTest in 9.469 seconds (process running for 12.453)
2025-05-03 13:10:15 INFO  o.e.jetty.server.AbstractConnector - Stopped NetworkTrafficServerConnector@5b69d40d{HTTP/1.1, (http/1.1, h2c)}{0.0.0.0:8089}
2025-05-03 13:10:15 INFO  o.e.j.server.handler.ContextHandler - Stopped o.e.j.s.ServletContextHandler@66f659e6{/,null,STOPPED}
2025-05-03 13:10:15 INFO  o.e.j.server.handler.ContextHandler - Stopped o.e.j.s.ServletContextHandler@4f63e3c7{/__admin,null,STOPPED}
2025-05-03 13:10:15 INFO  o.s.i.endpoint.EventDrivenConsumer - Removing {logging-channel-adapter:_org.springframework.integration.errorLogger} as a subscriber to the 'errorChannel' channel
2025-05-03 13:10:15 INFO  o.s.i.c.PublishSubscribeChannel - Channel 'user-service.errorChannel' has 0 subscriber(s).
2025-05-03 13:10:15 INFO  o.s.i.endpoint.EventDrivenConsumer - stopped bean '_org.springframework.integration.errorLogger'
2025-05-03 13:10:15 INFO  o.s.o.j.LocalContainerEntityManagerFactoryBean - Closing JPA EntityManagerFactory for persistence unit 'default'
2025-05-03 13:10:15 INFO  com.zaxxer.hikari.HikariDataSource - HikariPool-1 - Shutdown initiated...
2025-05-03 13:10:15 INFO  com.zaxxer.hikari.HikariDataSource - HikariPool-1 - Shutdown completed.
2025-05-04 15:05:21 INFO  c.l.u.mockServer.UserServiceMockTest - Starting UserServiceMockTest using Java 17.0.6 with PID 23784 (started by A715-42G in D:\LT_Web\SpringBoot\learning-project\user-service)
2025-05-04 15:05:21 INFO  c.l.u.mockServer.UserServiceMockTest - No active profile set, falling back to 1 default profile: "default"
2025-05-04 15:05:23 INFO  o.s.d.r.c.RepositoryConfigurationDelegate - Multiple Spring Data modules found, entering strict repository configuration mode
2025-05-04 15:05:23 INFO  o.s.d.r.c.RepositoryConfigurationDelegate - Bootstrapping Spring Data JPA repositories in DEFAULT mode.
2025-05-04 15:05:23 INFO  o.s.d.r.c.RepositoryConfigurationDelegate - Finished Spring Data repository scanning in 301 ms. Found 1 JPA repository interface.
2025-05-04 15:05:23 INFO  o.s.d.r.c.RepositoryConfigurationDelegate - Multiple Spring Data modules found, entering strict repository configuration mode
2025-05-04 15:05:23 INFO  o.s.d.r.c.RepositoryConfigurationDelegate - Bootstrapping Spring Data Redis repositories in DEFAULT mode.
2025-05-04 15:05:23 INFO  o.s.d.r.c.RepositoryConfigurationExtensionSupport - Spring Data Redis - Could not safely identify store assignment for repository candidate interface com.learning.user_service.repository.UserRepository; If you want this repository to be a Redis repository, consider annotating your entities with one of these annotations: org.springframework.data.redis.core.RedisHash (preferred), or consider extending one of the following types with your repository: org.springframework.data.keyvalue.repository.KeyValueRepository
2025-05-04 15:05:23 INFO  o.s.d.r.c.RepositoryConfigurationDelegate - Finished Spring Data repository scanning in 13 ms. Found 0 Redis repository interfaces.
2025-05-04 15:05:24 INFO  o.s.i.c.DefaultConfiguringBeanFactoryPostProcessor - No bean named 'errorChannel' has been explicitly defined. Therefore, a default PublishSubscribeChannel will be created.
2025-05-04 15:05:24 INFO  o.s.i.c.DefaultConfiguringBeanFactoryPostProcessor - No bean named 'integrationHeaderChannelRegistry' has been explicitly defined. Therefore, a default DefaultHeaderChannelRegistry will be created.
2025-05-04 15:05:25 INFO  o.s.o.j.p.SpringPersistenceUnitInfo - No LoadTimeWeaver setup: ignoring JPA class transformer
2025-05-04 15:05:25 INFO  com.zaxxer.hikari.HikariDataSource - HikariPool-1 - Starting...
2025-05-04 15:05:26 INFO  com.zaxxer.hikari.pool.HikariPool - HikariPool-1 - Added connection com.mysql.cj.jdbc.ConnectionImpl@2b9bbaa8
2025-05-04 15:05:26 INFO  com.zaxxer.hikari.HikariDataSource - HikariPool-1 - Start completed.
2025-05-04 15:05:27 INFO  o.s.o.j.LocalContainerEntityManagerFactoryBean - Initialized JPA EntityManagerFactory for persistence unit 'default'
2025-05-04 15:05:28 WARN  o.s.b.a.o.j.JpaBaseConfiguration$JpaWebConfiguration - spring.jpa.open-in-view is enabled by default. Therefore, database queries may be performed during view rendering. Explicitly configure spring.jpa.open-in-view to disable this warning
2025-05-04 15:05:30 INFO  o.s.i.endpoint.EventDrivenConsumer - Adding {logging-channel-adapter:_org.springframework.integration.errorLogger} as a subscriber to the 'errorChannel' channel
2025-05-04 15:05:30 INFO  o.s.i.c.PublishSubscribeChannel - Channel 'user-service.errorChannel' has 1 subscriber(s).
2025-05-04 15:05:30 INFO  o.s.i.endpoint.EventDrivenConsumer - started bean '_org.springframework.integration.errorLogger'
2025-05-04 15:05:30 INFO  c.l.u.mockServer.UserServiceMockTest - Started UserServiceMockTest in 10.146 seconds (process running for 13.856)
2025-05-04 15:05:31 INFO  o.e.jetty.server.AbstractConnector - Stopped NetworkTrafficServerConnector@347bdeef{HTTP/1.1, (http/1.1, h2c)}{0.0.0.0:8089}
2025-05-04 15:05:31 INFO  o.e.j.server.handler.ContextHandler - Stopped o.e.j.s.ServletContextHandler@6a0ac48e{/,null,STOPPED}
2025-05-04 15:05:31 INFO  o.e.j.server.handler.ContextHandler - Stopped o.e.j.s.ServletContextHandler@5c748168{/__admin,null,STOPPED}
2025-05-04 15:05:31 INFO  o.s.i.endpoint.EventDrivenConsumer - Removing {logging-channel-adapter:_org.springframework.integration.errorLogger} as a subscriber to the 'errorChannel' channel
2025-05-04 15:05:31 INFO  o.s.i.c.PublishSubscribeChannel - Channel 'user-service.errorChannel' has 0 subscriber(s).
2025-05-04 15:05:31 INFO  o.s.i.endpoint.EventDrivenConsumer - stopped bean '_org.springframework.integration.errorLogger'
2025-05-04 15:05:31 INFO  o.s.o.j.LocalContainerEntityManagerFactoryBean - Closing JPA EntityManagerFactory for persistence unit 'default'
2025-05-04 15:05:31 INFO  com.zaxxer.hikari.HikariDataSource - HikariPool-1 - Shutdown initiated...
2025-05-04 15:05:31 INFO  com.zaxxer.hikari.HikariDataSource - HikariPool-1 - Shutdown completed.
2025-05-08 23:20:33 INFO  c.l.u.mockServer.UserServiceMockTest - Starting UserServiceMockTest using Java 17.0.6 with PID 936 (started by A715-42G in D:\LT_Web\SpringBoot\learning-project\user-service)
2025-05-08 23:20:33 INFO  c.l.u.mockServer.UserServiceMockTest - No active profile set, falling back to 1 default profile: "default"
2025-05-08 23:20:34 INFO  o.s.d.r.c.RepositoryConfigurationDelegate - Multiple Spring Data modules found, entering strict repository configuration mode
2025-05-08 23:20:34 INFO  o.s.d.r.c.RepositoryConfigurationDelegate - Bootstrapping Spring Data JPA repositories in DEFAULT mode.
2025-05-08 23:20:34 INFO  o.s.d.r.c.RepositoryConfigurationDelegate - Finished Spring Data repository scanning in 192 ms. Found 1 JPA repository interface.
2025-05-08 23:20:34 INFO  o.s.d.r.c.RepositoryConfigurationDelegate - Multiple Spring Data modules found, entering strict repository configuration mode
2025-05-08 23:20:34 INFO  o.s.d.r.c.RepositoryConfigurationDelegate - Bootstrapping Spring Data Redis repositories in DEFAULT mode.
2025-05-08 23:20:34 INFO  o.s.d.r.c.RepositoryConfigurationExtensionSupport - Spring Data Redis - Could not safely identify store assignment for repository candidate interface com.learning.user_service.repository.UserRepository; If you want this repository to be a Redis repository, consider annotating your entities with one of these annotations: org.springframework.data.redis.core.RedisHash (preferred), or consider extending one of the following types with your repository: org.springframework.data.keyvalue.repository.KeyValueRepository
2025-05-08 23:20:34 INFO  o.s.d.r.c.RepositoryConfigurationDelegate - Finished Spring Data repository scanning in 10 ms. Found 0 Redis repository interfaces.
2025-05-08 23:20:35 INFO  o.s.i.c.DefaultConfiguringBeanFactoryPostProcessor - No bean named 'errorChannel' has been explicitly defined. Therefore, a default PublishSubscribeChannel will be created.
2025-05-08 23:20:35 INFO  o.s.i.c.DefaultConfiguringBeanFactoryPostProcessor - No bean named 'integrationHeaderChannelRegistry' has been explicitly defined. Therefore, a default DefaultHeaderChannelRegistry will be created.
2025-05-08 23:20:36 INFO  o.s.o.j.p.SpringPersistenceUnitInfo - No LoadTimeWeaver setup: ignoring JPA class transformer
2025-05-08 23:20:36 INFO  com.zaxxer.hikari.HikariDataSource - HikariPool-1 - Starting...
2025-05-08 23:20:37 INFO  com.zaxxer.hikari.pool.HikariPool - HikariPool-1 - Added connection com.mysql.cj.jdbc.ConnectionImpl@3bf52f8f
2025-05-08 23:20:37 INFO  com.zaxxer.hikari.HikariDataSource - HikariPool-1 - Start completed.
2025-05-08 23:20:38 INFO  o.s.o.j.LocalContainerEntityManagerFactoryBean - Initialized JPA EntityManagerFactory for persistence unit 'default'
2025-05-08 23:20:39 WARN  o.s.b.a.o.j.JpaBaseConfiguration$JpaWebConfiguration - spring.jpa.open-in-view is enabled by default. Therefore, database queries may be performed during view rendering. Explicitly configure spring.jpa.open-in-view to disable this warning
2025-05-08 23:20:41 INFO  o.s.i.endpoint.EventDrivenConsumer - Adding {logging-channel-adapter:_org.springframework.integration.errorLogger} as a subscriber to the 'errorChannel' channel
2025-05-08 23:20:41 INFO  o.s.i.c.PublishSubscribeChannel - Channel 'user-service.errorChannel' has 1 subscriber(s).
2025-05-08 23:20:41 INFO  o.s.i.endpoint.EventDrivenConsumer - started bean '_org.springframework.integration.errorLogger'
2025-05-08 23:20:41 INFO  c.l.u.mockServer.UserServiceMockTest - Started UserServiceMockTest in 8.751 seconds (process running for 11.751)
2025-05-08 23:20:42 INFO  o.e.jetty.server.AbstractConnector - Stopped NetworkTrafficServerConnector@3c818ac4{HTTP/1.1, (http/1.1, h2c)}{0.0.0.0:8089}
2025-05-08 23:20:42 INFO  o.e.j.server.handler.ContextHandler - Stopped o.e.j.s.ServletContextHandler@7428de63{/,null,STOPPED}
2025-05-08 23:20:42 INFO  o.e.j.server.handler.ContextHandler - Stopped o.e.j.s.ServletContextHandler@3eee3e2b{/__admin,null,STOPPED}
2025-05-08 23:20:42 INFO  o.s.i.endpoint.EventDrivenConsumer - Removing {logging-channel-adapter:_org.springframework.integration.errorLogger} as a subscriber to the 'errorChannel' channel
2025-05-08 23:20:42 INFO  o.s.i.c.PublishSubscribeChannel - Channel 'user-service.errorChannel' has 0 subscriber(s).
2025-05-08 23:20:42 INFO  o.s.i.endpoint.EventDrivenConsumer - stopped bean '_org.springframework.integration.errorLogger'
2025-05-08 23:20:42 INFO  o.s.o.j.LocalContainerEntityManagerFactoryBean - Closing JPA EntityManagerFactory for persistence unit 'default'
2025-05-08 23:20:42 INFO  com.zaxxer.hikari.HikariDataSource - HikariPool-1 - Shutdown initiated...
2025-05-08 23:20:42 INFO  com.zaxxer.hikari.HikariDataSource - HikariPool-1 - Shutdown completed.
2025-05-08 23:20:52 INFO  c.l.u.mockServer.UserServiceMockTest - Starting UserServiceMockTest using Java 17.0.6 with PID 22980 (started by A715-42G in D:\LT_Web\SpringBoot\learning-project\user-service)
2025-05-08 23:20:52 INFO  c.l.u.mockServer.UserServiceMockTest - No active profile set, falling back to 1 default profile: "default"
2025-05-08 23:20:54 INFO  o.s.d.r.c.RepositoryConfigurationDelegate - Multiple Spring Data modules found, entering strict repository configuration mode
2025-05-08 23:20:54 INFO  o.s.d.r.c.RepositoryConfigurationDelegate - Bootstrapping Spring Data JPA repositories in DEFAULT mode.
2025-05-08 23:20:54 INFO  o.s.d.r.c.RepositoryConfigurationDelegate - Finished Spring Data repository scanning in 202 ms. Found 1 JPA repository interface.
2025-05-08 23:20:54 INFO  o.s.d.r.c.RepositoryConfigurationDelegate - Multiple Spring Data modules found, entering strict repository configuration mode
2025-05-08 23:20:54 INFO  o.s.d.r.c.RepositoryConfigurationDelegate - Bootstrapping Spring Data Redis repositories in DEFAULT mode.
2025-05-08 23:20:54 INFO  o.s.d.r.c.RepositoryConfigurationExtensionSupport - Spring Data Redis - Could not safely identify store assignment for repository candidate interface com.learning.user_service.repository.UserRepository; If you want this repository to be a Redis repository, consider annotating your entities with one of these annotations: org.springframework.data.redis.core.RedisHash (preferred), or consider extending one of the following types with your repository: org.springframework.data.keyvalue.repository.KeyValueRepository
2025-05-08 23:20:54 INFO  o.s.d.r.c.RepositoryConfigurationDelegate - Finished Spring Data repository scanning in 16 ms. Found 0 Redis repository interfaces.
2025-05-08 23:20:55 INFO  o.s.i.c.DefaultConfiguringBeanFactoryPostProcessor - No bean named 'errorChannel' has been explicitly defined. Therefore, a default PublishSubscribeChannel will be created.
2025-05-08 23:20:55 INFO  o.s.i.c.DefaultConfiguringBeanFactoryPostProcessor - No bean named 'integrationHeaderChannelRegistry' has been explicitly defined. Therefore, a default DefaultHeaderChannelRegistry will be created.
2025-05-08 23:20:57 INFO  o.s.o.j.p.SpringPersistenceUnitInfo - No LoadTimeWeaver setup: ignoring JPA class transformer
2025-05-08 23:20:57 INFO  com.zaxxer.hikari.HikariDataSource - HikariPool-1 - Starting...
2025-05-08 23:20:57 INFO  com.zaxxer.hikari.pool.HikariPool - HikariPool-1 - Added connection com.mysql.cj.jdbc.ConnectionImpl@4d142b53
2025-05-08 23:20:57 INFO  com.zaxxer.hikari.HikariDataSource - HikariPool-1 - Start completed.
2025-05-08 23:20:59 INFO  o.s.o.j.LocalContainerEntityManagerFactoryBean - Initialized JPA EntityManagerFactory for persistence unit 'default'
2025-05-08 23:21:00 WARN  o.s.b.a.o.j.JpaBaseConfiguration$JpaWebConfiguration - spring.jpa.open-in-view is enabled by default. Therefore, database queries may be performed during view rendering. Explicitly configure spring.jpa.open-in-view to disable this warning
2025-05-08 23:21:01 INFO  o.s.i.endpoint.EventDrivenConsumer - Adding {logging-channel-adapter:_org.springframework.integration.errorLogger} as a subscriber to the 'errorChannel' channel
2025-05-08 23:21:01 INFO  o.s.i.c.PublishSubscribeChannel - Channel 'user-service.errorChannel' has 1 subscriber(s).
2025-05-08 23:21:01 INFO  o.s.i.endpoint.EventDrivenConsumer - started bean '_org.springframework.integration.errorLogger'
2025-05-08 23:21:01 INFO  c.l.u.mockServer.UserServiceMockTest - Started UserServiceMockTest in 9.337 seconds (process running for 12.308)
2025-05-08 23:21:02 INFO  o.e.jetty.server.AbstractConnector - Stopped NetworkTrafficServerConnector@3c818ac4{HTTP/1.1, (http/1.1, h2c)}{0.0.0.0:8089}
2025-05-08 23:21:02 INFO  o.e.j.server.handler.ContextHandler - Stopped o.e.j.s.ServletContextHandler@7428de63{/,null,STOPPED}
2025-05-08 23:21:02 INFO  o.e.j.server.handler.ContextHandler - Stopped o.e.j.s.ServletContextHandler@3eee3e2b{/__admin,null,STOPPED}
2025-05-08 23:21:02 INFO  o.s.i.endpoint.EventDrivenConsumer - Removing {logging-channel-adapter:_org.springframework.integration.errorLogger} as a subscriber to the 'errorChannel' channel
2025-05-08 23:21:02 INFO  o.s.i.c.PublishSubscribeChannel - Channel 'user-service.errorChannel' has 0 subscriber(s).
2025-05-08 23:21:02 INFO  o.s.i.endpoint.EventDrivenConsumer - stopped bean '_org.springframework.integration.errorLogger'
2025-05-08 23:21:02 INFO  o.s.o.j.LocalContainerEntityManagerFactoryBean - Closing JPA EntityManagerFactory for persistence unit 'default'
2025-05-08 23:21:02 INFO  com.zaxxer.hikari.HikariDataSource - HikariPool-1 - Shutdown initiated...
2025-05-08 23:21:02 INFO  com.zaxxer.hikari.HikariDataSource - HikariPool-1 - Shutdown completed.
2025-05-12 09:31:06 INFO  c.l.u.mockServer.UserServiceMockTest - Starting UserServiceMockTest using Java 17.0.6 with PID 20940 (started by A715-42G in D:\LT_Web\SpringBoot\learning-project\user-service)
2025-05-12 09:31:06 INFO  c.l.u.mockServer.UserServiceMockTest - No active profile set, falling back to 1 default profile: "default"
2025-05-12 09:31:07 INFO  o.s.d.r.c.RepositoryConfigurationDelegate - Multiple Spring Data modules found, entering strict repository configuration mode
2025-05-12 09:31:07 INFO  o.s.d.r.c.RepositoryConfigurationDelegate - Bootstrapping Spring Data JPA repositories in DEFAULT mode.
2025-05-12 09:31:07 INFO  o.s.d.r.c.RepositoryConfigurationDelegate - Finished Spring Data repository scanning in 251 ms. Found 1 JPA repository interface.
2025-05-12 09:31:07 INFO  o.s.d.r.c.RepositoryConfigurationDelegate - Multiple Spring Data modules found, entering strict repository configuration mode
2025-05-12 09:31:07 INFO  o.s.d.r.c.RepositoryConfigurationDelegate - Bootstrapping Spring Data Redis repositories in DEFAULT mode.
2025-05-12 09:31:07 INFO  o.s.d.r.c.RepositoryConfigurationExtensionSupport - Spring Data Redis - Could not safely identify store assignment for repository candidate interface com.learning.user_service.repository.UserRepository; If you want this repository to be a Redis repository, consider annotating your entities with one of these annotations: org.springframework.data.redis.core.RedisHash (preferred), or consider extending one of the following types with your repository: org.springframework.data.keyvalue.repository.KeyValueRepository
2025-05-12 09:31:07 INFO  o.s.d.r.c.RepositoryConfigurationDelegate - Finished Spring Data repository scanning in 13 ms. Found 0 Redis repository interfaces.
2025-05-12 09:31:08 INFO  o.s.i.c.DefaultConfiguringBeanFactoryPostProcessor - No bean named 'errorChannel' has been explicitly defined. Therefore, a default PublishSubscribeChannel will be created.
2025-05-12 09:31:08 INFO  o.s.i.c.DefaultConfiguringBeanFactoryPostProcessor - No bean named 'integrationHeaderChannelRegistry' has been explicitly defined. Therefore, a default DefaultHeaderChannelRegistry will be created.
2025-05-12 09:31:09 INFO  o.s.o.j.p.SpringPersistenceUnitInfo - No LoadTimeWeaver setup: ignoring JPA class transformer
2025-05-12 09:31:09 INFO  com.zaxxer.hikari.HikariDataSource - HikariPool-1 - Starting...
2025-05-12 09:31:10 INFO  com.zaxxer.hikari.pool.HikariPool - HikariPool-1 - Added connection com.mysql.cj.jdbc.ConnectionImpl@811d8d6
2025-05-12 09:31:10 INFO  com.zaxxer.hikari.HikariDataSource - HikariPool-1 - Start completed.
2025-05-12 09:31:11 INFO  o.s.o.j.LocalContainerEntityManagerFactoryBean - Initialized JPA EntityManagerFactory for persistence unit 'default'
2025-05-12 09:31:12 WARN  o.s.b.a.o.j.JpaBaseConfiguration$JpaWebConfiguration - spring.jpa.open-in-view is enabled by default. Therefore, database queries may be performed during view rendering. Explicitly configure spring.jpa.open-in-view to disable this warning
2025-05-12 09:31:14 INFO  o.s.i.endpoint.EventDrivenConsumer - Adding {logging-channel-adapter:_org.springframework.integration.errorLogger} as a subscriber to the 'errorChannel' channel
2025-05-12 09:31:14 INFO  o.s.i.c.PublishSubscribeChannel - Channel 'user-service.errorChannel' has 1 subscriber(s).
2025-05-12 09:31:14 INFO  o.s.i.endpoint.EventDrivenConsumer - started bean '_org.springframework.integration.errorLogger'
2025-05-12 09:31:14 INFO  c.l.u.mockServer.UserServiceMockTest - Started UserServiceMockTest in 8.941 seconds (process running for 12.927)
2025-05-12 09:31:15 INFO  o.e.jetty.server.AbstractConnector - Stopped NetworkTrafficServerConnector@4aa3d36{HTTP/1.1, (http/1.1, h2c)}{0.0.0.0:8089}
2025-05-12 09:31:15 INFO  o.e.j.server.handler.ContextHandler - Stopped o.e.j.s.ServletContextHandler@6e57b5e9{/,null,STOPPED}
2025-05-12 09:31:15 INFO  o.e.j.server.handler.ContextHandler - Stopped o.e.j.s.ServletContextHandler@33cbfa57{/__admin,null,STOPPED}
2025-05-12 09:31:15 INFO  o.s.i.endpoint.EventDrivenConsumer - Removing {logging-channel-adapter:_org.springframework.integration.errorLogger} as a subscriber to the 'errorChannel' channel
2025-05-12 09:31:15 INFO  o.s.i.c.PublishSubscribeChannel - Channel 'user-service.errorChannel' has 0 subscriber(s).
2025-05-12 09:31:15 INFO  o.s.i.endpoint.EventDrivenConsumer - stopped bean '_org.springframework.integration.errorLogger'
2025-05-12 09:31:15 INFO  o.s.o.j.LocalContainerEntityManagerFactoryBean - Closing JPA EntityManagerFactory for persistence unit 'default'
2025-05-12 09:31:15 INFO  com.zaxxer.hikari.HikariDataSource - HikariPool-1 - Shutdown initiated...
2025-05-12 09:31:15 INFO  com.zaxxer.hikari.HikariDataSource - HikariPool-1 - Shutdown completed.
2025-05-12 18:04:01 INFO  c.l.u.mockServer.UserServiceMockTest - Starting UserServiceMockTest using Java 17.0.6 with PID 27440 (started by A715-42G in D:\LT_Web\SpringBoot\learning-project\user-service)
2025-05-12 18:04:01 INFO  c.l.u.mockServer.UserServiceMockTest - No active profile set, falling back to 1 default profile: "default"
2025-05-12 18:04:03 INFO  o.s.d.r.c.RepositoryConfigurationDelegate - Multiple Spring Data modules found, entering strict repository configuration mode
2025-05-12 18:04:03 INFO  o.s.d.r.c.RepositoryConfigurationDelegate - Bootstrapping Spring Data JPA repositories in DEFAULT mode.
2025-05-12 18:04:03 INFO  o.s.d.r.c.RepositoryConfigurationDelegate - Finished Spring Data repository scanning in 247 ms. Found 1 JPA repository interface.
2025-05-12 18:04:03 INFO  o.s.d.r.c.RepositoryConfigurationDelegate - Multiple Spring Data modules found, entering strict repository configuration mode
2025-05-12 18:04:03 INFO  o.s.d.r.c.RepositoryConfigurationDelegate - Bootstrapping Spring Data Redis repositories in DEFAULT mode.
2025-05-12 18:04:03 INFO  o.s.d.r.c.RepositoryConfigurationExtensionSupport - Spring Data Redis - Could not safely identify store assignment for repository candidate interface com.learning.user_service.repository.UserRepository; If you want this repository to be a Redis repository, consider annotating your entities with one of these annotations: org.springframework.data.redis.core.RedisHash (preferred), or consider extending one of the following types with your repository: org.springframework.data.keyvalue.repository.KeyValueRepository
2025-05-12 18:04:03 INFO  o.s.d.r.c.RepositoryConfigurationDelegate - Finished Spring Data repository scanning in 13 ms. Found 0 Redis repository interfaces.
2025-05-12 18:04:04 INFO  o.s.i.c.DefaultConfiguringBeanFactoryPostProcessor - No bean named 'errorChannel' has been explicitly defined. Therefore, a default PublishSubscribeChannel will be created.
2025-05-12 18:04:04 INFO  o.s.i.c.DefaultConfiguringBeanFactoryPostProcessor - No bean named 'integrationHeaderChannelRegistry' has been explicitly defined. Therefore, a default DefaultHeaderChannelRegistry will be created.
2025-05-12 18:04:05 INFO  o.s.o.j.p.SpringPersistenceUnitInfo - No LoadTimeWeaver setup: ignoring JPA class transformer
2025-05-12 18:04:05 INFO  com.zaxxer.hikari.HikariDataSource - HikariPool-1 - Starting...
2025-05-12 18:04:05 INFO  com.zaxxer.hikari.pool.HikariPool - HikariPool-1 - Added connection com.mysql.cj.jdbc.ConnectionImpl@3bac86a3
2025-05-12 18:04:06 INFO  com.zaxxer.hikari.HikariDataSource - HikariPool-1 - Start completed.
2025-05-12 18:04:07 INFO  o.s.o.j.LocalContainerEntityManagerFactoryBean - Initialized JPA EntityManagerFactory for persistence unit 'default'
2025-05-12 18:04:08 WARN  o.s.b.a.o.j.JpaBaseConfiguration$JpaWebConfiguration - spring.jpa.open-in-view is enabled by default. Therefore, database queries may be performed during view rendering. Explicitly configure spring.jpa.open-in-view to disable this warning
2025-05-12 18:04:10 INFO  o.s.i.endpoint.EventDrivenConsumer - Adding {logging-channel-adapter:_org.springframework.integration.errorLogger} as a subscriber to the 'errorChannel' channel
2025-05-12 18:04:10 INFO  o.s.i.c.PublishSubscribeChannel - Channel 'user-service.errorChannel' has 1 subscriber(s).
2025-05-12 18:04:10 INFO  o.s.i.endpoint.EventDrivenConsumer - started bean '_org.springframework.integration.errorLogger'
2025-05-12 18:04:10 INFO  c.l.u.mockServer.UserServiceMockTest - Started UserServiceMockTest in 8.998 seconds (process running for 13.418)
2025-05-12 18:04:11 INFO  o.e.jetty.server.AbstractConnector - Stopped NetworkTrafficServerConnector@606fc505{HTTP/1.1, (http/1.1, h2c)}{0.0.0.0:8089}
2025-05-12 18:04:11 INFO  o.e.j.server.handler.ContextHandler - Stopped o.e.j.s.ServletContextHandler@50a3d0f6{/,null,STOPPED}
2025-05-12 18:04:11 INFO  o.e.j.server.handler.ContextHandler - Stopped o.e.j.s.ServletContextHandler@1e54cb33{/__admin,null,STOPPED}
2025-05-12 18:04:11 INFO  o.s.i.endpoint.EventDrivenConsumer - Removing {logging-channel-adapter:_org.springframework.integration.errorLogger} as a subscriber to the 'errorChannel' channel
2025-05-12 18:04:11 INFO  o.s.i.c.PublishSubscribeChannel - Channel 'user-service.errorChannel' has 0 subscriber(s).
2025-05-12 18:04:11 INFO  o.s.i.endpoint.EventDrivenConsumer - stopped bean '_org.springframework.integration.errorLogger'
2025-05-12 18:04:11 INFO  o.s.o.j.LocalContainerEntityManagerFactoryBean - Closing JPA EntityManagerFactory for persistence unit 'default'
2025-05-12 18:04:11 INFO  com.zaxxer.hikari.HikariDataSource - HikariPool-1 - Shutdown initiated...
2025-05-12 18:04:11 INFO  com.zaxxer.hikari.HikariDataSource - HikariPool-1 - Shutdown completed.
