2025-05-11 22:31:57 [main] INFO  o.s.s.c.a.a.c.InitializeAuthenticationProviderBeanManagerConfigurer$InitializeAuthenticationProviderManagerConfigurer - Global AuthenticationManager configured with AuthenticationProvider bean with name authenticationProvider MDC:[traceId=, spanId=]
2025-05-11 22:31:57 [main] WARN  o.s.s.c.a.a.c.InitializeUserDetailsBeanManagerConfigurer$InitializeUserDetailsManagerConfigurer - Global AuthenticationManager configured with an AuthenticationProvider bean. UserDetailsService beans will not be used for username/password login. Consider removing the AuthenticationProvider bean. Alternatively, consider using the UserDetailsService in a manually instantiated DaoAuthenticationProvider. MDC:[traceId=, spanId=]
2025-05-11 22:31:58 [main] DEBUG o.s.s.web.DefaultSecurityFilterChain - Will secure any request with filters: DisableEncodeUrlFilter, WebAsyncManagerIntegrationFilter, SecurityContextHolderFilter, HeaderWriterFilter, LogoutFilter, JwtFilter, RequestCacheAwareFilter, SecurityContextHolderAwareRequestFilter, AnonymousAuthenticationFilter, SessionManagementFilter, ExceptionTranslationFilter, AuthorizationFilter MDC:[traceId=, spanId=]
2025-05-11 22:33:01 [main] INFO  o.s.s.c.a.a.c.InitializeAuthenticationProviderBeanManagerConfigurer$InitializeAuthenticationProviderManagerConfigurer - Global AuthenticationManager configured with AuthenticationProvider bean with name authenticationProvider MDC:[traceId=, spanId=]
2025-05-11 22:33:01 [main] WARN  o.s.s.c.a.a.c.InitializeUserDetailsBeanManagerConfigurer$InitializeUserDetailsManagerConfigurer - Global AuthenticationManager configured with an AuthenticationProvider bean. UserDetailsService beans will not be used for username/password login. Consider removing the AuthenticationProvider bean. Alternatively, consider using the UserDetailsService in a manually instantiated DaoAuthenticationProvider. MDC:[traceId=, spanId=]
2025-05-11 22:33:01 [main] DEBUG o.s.s.web.DefaultSecurityFilterChain - Will secure any request with filters: DisableEncodeUrlFilter, WebAsyncManagerIntegrationFilter, SecurityContextHolderFilter, HeaderWriterFilter, LogoutFilter, JwtFilter, RequestCacheAwareFilter, SecurityContextHolderAwareRequestFilter, AnonymousAuthenticationFilter, SessionManagementFilter, ExceptionTranslationFilter, AuthorizationFilter MDC:[traceId=, spanId=]
2025-05-11 22:34:08 [main] INFO  o.s.s.c.a.a.c.InitializeAuthenticationProviderBeanManagerConfigurer$InitializeAuthenticationProviderManagerConfigurer - Global AuthenticationManager configured with AuthenticationProvider bean with name authenticationProvider MDC:[traceId=, spanId=]
2025-05-11 22:34:08 [main] WARN  o.s.s.c.a.a.c.InitializeUserDetailsBeanManagerConfigurer$InitializeUserDetailsManagerConfigurer - Global AuthenticationManager configured with an AuthenticationProvider bean. UserDetailsService beans will not be used for username/password login. Consider removing the AuthenticationProvider bean. Alternatively, consider using the UserDetailsService in a manually instantiated DaoAuthenticationProvider. MDC:[traceId=, spanId=]
2025-05-11 22:34:09 [main] DEBUG o.s.s.web.DefaultSecurityFilterChain - Will secure any request with filters: DisableEncodeUrlFilter, WebAsyncManagerIntegrationFilter, SecurityContextHolderFilter, HeaderWriterFilter, LogoutFilter, JwtFilter, RequestCacheAwareFilter, SecurityContextHolderAwareRequestFilter, AnonymousAuthenticationFilter, SessionManagementFilter, ExceptionTranslationFilter, AuthorizationFilter MDC:[traceId=, spanId=]
2025-05-11 22:36:03 [main] INFO  o.s.s.c.a.a.c.InitializeAuthenticationProviderBeanManagerConfigurer$InitializeAuthenticationProviderManagerConfigurer - Global AuthenticationManager configured with AuthenticationProvider bean with name authenticationProvider MDC:[traceId=, spanId=]
2025-05-11 22:36:03 [main] WARN  o.s.s.c.a.a.c.InitializeUserDetailsBeanManagerConfigurer$InitializeUserDetailsManagerConfigurer - Global AuthenticationManager configured with an AuthenticationProvider bean. UserDetailsService beans will not be used for username/password login. Consider removing the AuthenticationProvider bean. Alternatively, consider using the UserDetailsService in a manually instantiated DaoAuthenticationProvider. MDC:[traceId=, spanId=]
2025-05-11 22:36:03 [main] DEBUG o.s.s.web.DefaultSecurityFilterChain - Will secure any request with filters: DisableEncodeUrlFilter, WebAsyncManagerIntegrationFilter, SecurityContextHolderFilter, HeaderWriterFilter, LogoutFilter, JwtFilter, RequestCacheAwareFilter, SecurityContextHolderAwareRequestFilter, AnonymousAuthenticationFilter, SessionManagementFilter, ExceptionTranslationFilter, AuthorizationFilter MDC:[traceId=, spanId=]
2025-05-11 22:36:52 [main] INFO  o.s.s.c.a.a.c.InitializeAuthenticationProviderBeanManagerConfigurer$InitializeAuthenticationProviderManagerConfigurer - Global AuthenticationManager configured with AuthenticationProvider bean with name authenticationProvider MDC:[traceId=, spanId=]
2025-05-11 22:36:52 [main] WARN  o.s.s.c.a.a.c.InitializeUserDetailsBeanManagerConfigurer$InitializeUserDetailsManagerConfigurer - Global AuthenticationManager configured with an AuthenticationProvider bean. UserDetailsService beans will not be used for username/password login. Consider removing the AuthenticationProvider bean. Alternatively, consider using the UserDetailsService in a manually instantiated DaoAuthenticationProvider. MDC:[traceId=, spanId=]
2025-05-11 22:36:53 [main] DEBUG o.s.s.web.DefaultSecurityFilterChain - Will secure any request with filters: DisableEncodeUrlFilter, WebAsyncManagerIntegrationFilter, SecurityContextHolderFilter, HeaderWriterFilter, LogoutFilter, JwtFilter, RequestCacheAwareFilter, SecurityContextHolderAwareRequestFilter, AnonymousAuthenticationFilter, SessionManagementFilter, ExceptionTranslationFilter, AuthorizationFilter MDC:[traceId=, spanId=]
2025-05-11 22:37:14 [main] INFO  o.s.s.c.a.a.c.InitializeAuthenticationProviderBeanManagerConfigurer$InitializeAuthenticationProviderManagerConfigurer - Global AuthenticationManager configured with AuthenticationProvider bean with name authenticationProvider MDC:[traceId=, spanId=]
2025-05-11 22:37:14 [main] WARN  o.s.s.c.a.a.c.InitializeUserDetailsBeanManagerConfigurer$InitializeUserDetailsManagerConfigurer - Global AuthenticationManager configured with an AuthenticationProvider bean. UserDetailsService beans will not be used for username/password login. Consider removing the AuthenticationProvider bean. Alternatively, consider using the UserDetailsService in a manually instantiated DaoAuthenticationProvider. MDC:[traceId=, spanId=]
2025-05-11 22:37:15 [main] DEBUG o.s.s.web.DefaultSecurityFilterChain - Will secure any request with filters: DisableEncodeUrlFilter, WebAsyncManagerIntegrationFilter, SecurityContextHolderFilter, HeaderWriterFilter, LogoutFilter, JwtFilter, RequestCacheAwareFilter, SecurityContextHolderAwareRequestFilter, AnonymousAuthenticationFilter, SessionManagementFilter, ExceptionTranslationFilter, AuthorizationFilter MDC:[traceId=, spanId=]
2025-05-11 22:44:23 [main] INFO  o.s.s.c.a.a.c.InitializeAuthenticationProviderBeanManagerConfigurer$InitializeAuthenticationProviderManagerConfigurer - Global AuthenticationManager configured with AuthenticationProvider bean with name authenticationProvider MDC:[traceId=, spanId=]
2025-05-11 22:44:23 [main] WARN  o.s.s.c.a.a.c.InitializeUserDetailsBeanManagerConfigurer$InitializeUserDetailsManagerConfigurer - Global AuthenticationManager configured with an AuthenticationProvider bean. UserDetailsService beans will not be used for username/password login. Consider removing the AuthenticationProvider bean. Alternatively, consider using the UserDetailsService in a manually instantiated DaoAuthenticationProvider. MDC:[traceId=, spanId=]
2025-05-11 22:44:23 [main] DEBUG o.s.s.web.DefaultSecurityFilterChain - Will secure any request with filters: DisableEncodeUrlFilter, WebAsyncManagerIntegrationFilter, SecurityContextHolderFilter, HeaderWriterFilter, LogoutFilter, JwtFilter, RequestCacheAwareFilter, SecurityContextHolderAwareRequestFilter, AnonymousAuthenticationFilter, SessionManagementFilter, ExceptionTranslationFilter, AuthorizationFilter MDC:[traceId=, spanId=]
2025-05-11 22:45:09 [http-nio-8012-exec-2] DEBUG o.s.security.web.FilterChainProxy - Securing POST /api/auth/login MDC:[traceId=, spanId=]
2025-05-11 22:45:09 [http-nio-8012-exec-2] DEBUG o.s.s.w.a.AnonymousAuthenticationFilter - Set SecurityContextHolder to anonymous SecurityContext MDC:[traceId=, spanId=]
2025-05-11 22:45:09 [http-nio-8012-exec-2] DEBUG o.s.security.web.FilterChainProxy - Secured POST /api/auth/login MDC:[traceId=, spanId=]
2025-05-11 22:45:09 [http-nio-8012-exec-2] WARN  o.s.s.c.bcrypt.BCryptPasswordEncoder - Empty encoded password MDC:[traceId=, spanId=]
2025-05-11 22:45:32 [http-nio-8012-exec-4] DEBUG o.s.security.web.FilterChainProxy - Securing POST /api/auth/login MDC:[traceId=, spanId=]
2025-05-11 22:45:32 [http-nio-8012-exec-4] DEBUG o.s.s.w.a.AnonymousAuthenticationFilter - Set SecurityContextHolder to anonymous SecurityContext MDC:[traceId=, spanId=]
2025-05-11 22:45:32 [http-nio-8012-exec-4] DEBUG o.s.security.web.FilterChainProxy - Secured POST /api/auth/login MDC:[traceId=, spanId=]
2025-05-11 22:45:46 [http-nio-8012-exec-5] DEBUG o.s.security.web.FilterChainProxy - Securing GET /api/auth/test MDC:[traceId=, spanId=]
2025-05-11 22:45:46 [http-nio-8012-exec-5] DEBUG o.s.security.web.FilterChainProxy - Securing GET /error MDC:[traceId=, spanId=]
2025-05-11 22:45:46 [http-nio-8012-exec-5] DEBUG o.s.s.w.a.AnonymousAuthenticationFilter - Set SecurityContextHolder to anonymous SecurityContext MDC:[traceId=, spanId=]
2025-05-11 22:46:17 [http-nio-8012-exec-6] DEBUG o.s.security.web.FilterChainProxy - Securing GET /api/auth/test MDC:[traceId=, spanId=]
2025-05-11 22:46:17 [http-nio-8012-exec-6] DEBUG o.s.security.web.FilterChainProxy - Securing GET /error MDC:[traceId=, spanId=]
2025-05-11 22:46:17 [http-nio-8012-exec-6] DEBUG o.s.s.w.a.AnonymousAuthenticationFilter - Set SecurityContextHolder to anonymous SecurityContext MDC:[traceId=, spanId=]
2025-05-11 22:46:34 [http-nio-8012-exec-7] DEBUG o.s.security.web.FilterChainProxy - Securing POST /api/auth/login MDC:[traceId=, spanId=]
2025-05-11 22:46:34 [http-nio-8012-exec-7] DEBUG o.s.s.w.a.AnonymousAuthenticationFilter - Set SecurityContextHolder to anonymous SecurityContext MDC:[traceId=, spanId=]
2025-05-11 22:46:34 [http-nio-8012-exec-7] DEBUG o.s.security.web.FilterChainProxy - Secured POST /api/auth/login MDC:[traceId=, spanId=]
2025-05-11 22:46:43 [http-nio-8012-exec-8] DEBUG o.s.security.web.FilterChainProxy - Securing GET /api/auth/test MDC:[traceId=, spanId=]
2025-05-11 22:46:43 [http-nio-8012-exec-8] DEBUG o.s.security.web.FilterChainProxy - Securing GET /error MDC:[traceId=, spanId=]
2025-05-11 22:46:43 [http-nio-8012-exec-8] DEBUG o.s.s.w.a.AnonymousAuthenticationFilter - Set SecurityContextHolder to anonymous SecurityContext MDC:[traceId=, spanId=]
2025-05-11 22:50:39 [main] INFO  o.s.s.c.a.a.c.InitializeAuthenticationProviderBeanManagerConfigurer$InitializeAuthenticationProviderManagerConfigurer - Global AuthenticationManager configured with AuthenticationProvider bean with name authenticationProvider MDC:[traceId=, spanId=]
2025-05-11 22:50:39 [main] WARN  o.s.s.c.a.a.c.InitializeUserDetailsBeanManagerConfigurer$InitializeUserDetailsManagerConfigurer - Global AuthenticationManager configured with an AuthenticationProvider bean. UserDetailsService beans will not be used for username/password login. Consider removing the AuthenticationProvider bean. Alternatively, consider using the UserDetailsService in a manually instantiated DaoAuthenticationProvider. MDC:[traceId=, spanId=]
2025-05-11 22:50:40 [main] DEBUG o.s.s.web.DefaultSecurityFilterChain - Will secure any request with filters: DisableEncodeUrlFilter, WebAsyncManagerIntegrationFilter, SecurityContextHolderFilter, HeaderWriterFilter, LogoutFilter, JwtFilter, RequestCacheAwareFilter, SecurityContextHolderAwareRequestFilter, AnonymousAuthenticationFilter, SessionManagementFilter, ExceptionTranslationFilter, AuthorizationFilter MDC:[traceId=, spanId=]
2025-05-11 22:50:47 [http-nio-8012-exec-1] DEBUG o.s.security.web.FilterChainProxy - Securing GET /api/auth/test MDC:[traceId=, spanId=]
2025-05-11 22:50:47 [http-nio-8012-exec-1] DEBUG o.s.security.web.FilterChainProxy - Securing GET /error MDC:[traceId=, spanId=]
2025-05-11 22:50:47 [http-nio-8012-exec-1] DEBUG o.s.s.w.a.AnonymousAuthenticationFilter - Set SecurityContextHolder to anonymous SecurityContext MDC:[traceId=, spanId=]
2025-05-11 22:51:08 [http-nio-8012-exec-4] DEBUG o.s.security.web.FilterChainProxy - Securing GET /api/auth/test MDC:[traceId=, spanId=]
2025-05-11 22:51:08 [http-nio-8012-exec-4] DEBUG o.s.security.web.FilterChainProxy - Securing GET /error MDC:[traceId=, spanId=]
2025-05-11 22:51:08 [http-nio-8012-exec-4] DEBUG o.s.s.w.a.AnonymousAuthenticationFilter - Set SecurityContextHolder to anonymous SecurityContext MDC:[traceId=, spanId=]
2025-05-11 22:52:32 [main] INFO  o.s.s.c.a.a.c.InitializeAuthenticationProviderBeanManagerConfigurer$InitializeAuthenticationProviderManagerConfigurer - Global AuthenticationManager configured with AuthenticationProvider bean with name authenticationProvider MDC:[traceId=, spanId=]
2025-05-11 22:52:32 [main] WARN  o.s.s.c.a.a.c.InitializeUserDetailsBeanManagerConfigurer$InitializeUserDetailsManagerConfigurer - Global AuthenticationManager configured with an AuthenticationProvider bean. UserDetailsService beans will not be used for username/password login. Consider removing the AuthenticationProvider bean. Alternatively, consider using the UserDetailsService in a manually instantiated DaoAuthenticationProvider. MDC:[traceId=, spanId=]
2025-05-11 22:52:32 [main] DEBUG o.s.s.web.DefaultSecurityFilterChain - Will secure any request with filters: DisableEncodeUrlFilter, WebAsyncManagerIntegrationFilter, SecurityContextHolderFilter, HeaderWriterFilter, LogoutFilter, JwtFilter, RequestCacheAwareFilter, SecurityContextHolderAwareRequestFilter, AnonymousAuthenticationFilter, SessionManagementFilter, ExceptionTranslationFilter, AuthorizationFilter MDC:[traceId=, spanId=]
2025-05-11 22:52:42 [http-nio-8012-exec-1] DEBUG o.s.security.web.FilterChainProxy - Securing GET /api/auth/test MDC:[traceId=, spanId=]
2025-05-11 22:52:43 [http-nio-8012-exec-1] DEBUG o.s.security.web.FilterChainProxy - Securing GET /error MDC:[traceId=, spanId=]
2025-05-11 22:52:43 [http-nio-8012-exec-1] DEBUG o.s.s.w.a.AnonymousAuthenticationFilter - Set SecurityContextHolder to anonymous SecurityContext MDC:[traceId=, spanId=]
2025-05-11 22:53:53 [main] INFO  o.s.s.c.a.a.c.InitializeAuthenticationProviderBeanManagerConfigurer$InitializeAuthenticationProviderManagerConfigurer - Global AuthenticationManager configured with AuthenticationProvider bean with name authenticationProvider MDC:[traceId=, spanId=]
2025-05-11 22:53:53 [main] WARN  o.s.s.c.a.a.c.InitializeUserDetailsBeanManagerConfigurer$InitializeUserDetailsManagerConfigurer - Global AuthenticationManager configured with an AuthenticationProvider bean. UserDetailsService beans will not be used for username/password login. Consider removing the AuthenticationProvider bean. Alternatively, consider using the UserDetailsService in a manually instantiated DaoAuthenticationProvider. MDC:[traceId=, spanId=]
2025-05-11 22:53:53 [main] DEBUG o.s.s.web.DefaultSecurityFilterChain - Will secure any request with filters: DisableEncodeUrlFilter, WebAsyncManagerIntegrationFilter, SecurityContextHolderFilter, HeaderWriterFilter, LogoutFilter, JwtFilter, RequestCacheAwareFilter, SecurityContextHolderAwareRequestFilter, AnonymousAuthenticationFilter, SessionManagementFilter, ExceptionTranslationFilter, AuthorizationFilter MDC:[traceId=, spanId=]
2025-05-11 22:54:02 [http-nio-8012-exec-2] DEBUG o.s.security.web.FilterChainProxy - Securing GET /api/auth/test MDC:[traceId=, spanId=]
2025-05-11 22:54:03 [http-nio-8012-exec-2] DEBUG o.s.security.web.FilterChainProxy - Secured GET /api/auth/test MDC:[traceId=, spanId=]
2025-05-11 22:54:03 [http-nio-8012-exec-2] DEBUG o.s.s.a.m.AuthorizationManagerBeforeMethodInterceptor - Authorizing method invocation ReflectiveMethodInvocation: public org.springframework.http.ResponseEntity com.learing.auth_service.controller.AuthController.tesst(); target is of class [com.learing.auth_service.controller.AuthController] MDC:[traceId=, spanId=]
2025-05-11 22:54:03 [http-nio-8012-exec-2] DEBUG o.s.s.a.m.AuthorizationManagerBeforeMethodInterceptor - Authorized method invocation ReflectiveMethodInvocation: public org.springframework.http.ResponseEntity com.learing.auth_service.controller.AuthController.tesst(); target is of class [com.learing.auth_service.controller.AuthController] MDC:[traceId=, spanId=]
2025-05-11 22:54:57 [http-nio-8012-exec-3] DEBUG o.s.security.web.FilterChainProxy - Securing POST /api/auth/logout MDC:[traceId=, spanId=]
2025-05-11 22:54:57 [http-nio-8012-exec-3] DEBUG o.s.s.w.a.AnonymousAuthenticationFilter - Set SecurityContextHolder to anonymous SecurityContext MDC:[traceId=, spanId=]
2025-05-11 22:55:42 [main] INFO  o.s.s.c.a.a.c.InitializeAuthenticationProviderBeanManagerConfigurer$InitializeAuthenticationProviderManagerConfigurer - Global AuthenticationManager configured with AuthenticationProvider bean with name authenticationProvider MDC:[traceId=, spanId=]
2025-05-11 22:55:42 [main] WARN  o.s.s.c.a.a.c.InitializeUserDetailsBeanManagerConfigurer$InitializeUserDetailsManagerConfigurer - Global AuthenticationManager configured with an AuthenticationProvider bean. UserDetailsService beans will not be used for username/password login. Consider removing the AuthenticationProvider bean. Alternatively, consider using the UserDetailsService in a manually instantiated DaoAuthenticationProvider. MDC:[traceId=, spanId=]
2025-05-11 22:55:42 [main] DEBUG o.s.s.web.DefaultSecurityFilterChain - Will secure any request with filters: DisableEncodeUrlFilter, WebAsyncManagerIntegrationFilter, SecurityContextHolderFilter, HeaderWriterFilter, LogoutFilter, JwtFilter, RequestCacheAwareFilter, SecurityContextHolderAwareRequestFilter, AnonymousAuthenticationFilter, SessionManagementFilter, ExceptionTranslationFilter, AuthorizationFilter MDC:[traceId=, spanId=]
2025-05-11 22:55:49 [http-nio-8012-exec-1] DEBUG o.s.security.web.FilterChainProxy - Securing GET /api/auth/test MDC:[traceId=, spanId=]
2025-05-11 22:55:50 [http-nio-8012-exec-1] DEBUG o.s.security.web.FilterChainProxy - Secured GET /api/auth/test MDC:[traceId=, spanId=]
2025-05-11 22:55:50 [http-nio-8012-exec-1] DEBUG o.s.s.a.m.AuthorizationManagerBeforeMethodInterceptor - Authorizing method invocation ReflectiveMethodInvocation: public org.springframework.http.ResponseEntity com.learing.auth_service.controller.AuthController.tesst(); target is of class [com.learing.auth_service.controller.AuthController] MDC:[traceId=, spanId=]
2025-05-11 22:55:50 [http-nio-8012-exec-1] DEBUG o.s.s.a.m.AuthorizationManagerBeforeMethodInterceptor - Authorized method invocation ReflectiveMethodInvocation: public org.springframework.http.ResponseEntity com.learing.auth_service.controller.AuthController.tesst(); target is of class [com.learing.auth_service.controller.AuthController] MDC:[traceId=, spanId=]
2025-05-11 22:55:53 [http-nio-8012-exec-8] DEBUG o.s.security.web.FilterChainProxy - Securing POST /api/auth/logout MDC:[traceId=, spanId=]
2025-05-11 22:55:53 [http-nio-8012-exec-8] DEBUG o.s.s.w.a.AnonymousAuthenticationFilter - Set SecurityContextHolder to anonymous SecurityContext MDC:[traceId=, spanId=]
2025-05-11 22:55:53 [http-nio-8012-exec-8] DEBUG o.s.security.web.FilterChainProxy - Secured POST /api/auth/logout MDC:[traceId=, spanId=]
2025-05-11 22:56:01 [http-nio-8012-exec-3] DEBUG o.s.security.web.FilterChainProxy - Securing GET /api/auth/test MDC:[traceId=, spanId=]
2025-05-11 22:56:01 [http-nio-8012-exec-3] DEBUG o.s.s.w.a.AnonymousAuthenticationFilter - Set SecurityContextHolder to anonymous SecurityContext MDC:[traceId=, spanId=]
2025-05-11 22:57:03 [http-nio-8012-exec-7] DEBUG o.s.security.web.FilterChainProxy - Securing POST /api/auth/refresh-token MDC:[traceId=, spanId=]
2025-05-11 22:57:03 [http-nio-8012-exec-7] DEBUG o.s.s.w.a.AnonymousAuthenticationFilter - Set SecurityContextHolder to anonymous SecurityContext MDC:[traceId=, spanId=]
2025-05-11 22:57:03 [http-nio-8012-exec-7] DEBUG o.s.security.web.FilterChainProxy - Secured POST /api/auth/refresh-token MDC:[traceId=, spanId=]
2025-05-11 22:57:18 [http-nio-8012-exec-2] DEBUG o.s.security.web.FilterChainProxy - Securing GET /api/auth/test MDC:[traceId=, spanId=]
2025-05-11 22:57:18 [http-nio-8012-exec-2] DEBUG o.s.security.web.FilterChainProxy - Secured GET /api/auth/test MDC:[traceId=, spanId=]
2025-05-11 22:57:18 [http-nio-8012-exec-2] DEBUG o.s.s.a.m.AuthorizationManagerBeforeMethodInterceptor - Authorizing method invocation ReflectiveMethodInvocation: public org.springframework.http.ResponseEntity com.learing.auth_service.controller.AuthController.tesst(); target is of class [com.learing.auth_service.controller.AuthController] MDC:[traceId=, spanId=]
2025-05-11 22:57:18 [http-nio-8012-exec-2] DEBUG o.s.s.a.m.AuthorizationManagerBeforeMethodInterceptor - Authorized method invocation ReflectiveMethodInvocation: public org.springframework.http.ResponseEntity com.learing.auth_service.controller.AuthController.tesst(); target is of class [com.learing.auth_service.controller.AuthController] MDC:[traceId=, spanId=]
2025-05-11 22:57:30 [http-nio-8012-exec-5] DEBUG o.s.security.web.FilterChainProxy - Securing POST /api/auth/logout MDC:[traceId=, spanId=]
2025-05-11 22:57:30 [http-nio-8012-exec-5] DEBUG o.s.s.w.a.AnonymousAuthenticationFilter - Set SecurityContextHolder to anonymous SecurityContext MDC:[traceId=, spanId=]
2025-05-11 22:57:30 [http-nio-8012-exec-5] DEBUG o.s.security.web.FilterChainProxy - Secured POST /api/auth/logout MDC:[traceId=, spanId=]
2025-05-11 22:57:41 [http-nio-8012-exec-10] DEBUG o.s.security.web.FilterChainProxy - Securing GET /api/auth/test MDC:[traceId=, spanId=]
2025-05-11 22:57:41 [http-nio-8012-exec-10] DEBUG o.s.s.w.a.AnonymousAuthenticationFilter - Set SecurityContextHolder to anonymous SecurityContext MDC:[traceId=, spanId=]
2025-05-11 22:57:42 [http-nio-8012-exec-4] DEBUG o.s.security.web.FilterChainProxy - Securing GET /api/auth/test MDC:[traceId=, spanId=]
2025-05-11 22:57:43 [http-nio-8012-exec-4] DEBUG o.s.s.w.a.AnonymousAuthenticationFilter - Set SecurityContextHolder to anonymous SecurityContext MDC:[traceId=, spanId=]
