2025-05-08 21:08:33 [main] INFO  o.s.s.c.a.a.c.InitializeAuthenticationProviderBeanManagerConfigurer$InitializeAuthenticationProviderManagerConfigurer - Global AuthenticationManager configured with AuthenticationProvider bean with name authenticationProvider MDC:[traceId=, spanId=]
2025-05-08 21:08:33 [main] WARN  o.s.s.c.a.a.c.InitializeUserDetailsBeanManagerConfigurer$InitializeUserDetailsManagerConfigurer - Global AuthenticationManager configured with an AuthenticationProvider bean. UserDetailsService beans will not be used for username/password login. Consider removing the AuthenticationProvider bean. Alternatively, consider using the UserDetailsService in a manually instantiated DaoAuthenticationProvider. MDC:[traceId=, spanId=]
2025-05-08 21:08:34 [main] DEBUG o.s.s.web.DefaultSecurityFilterChain - Will secure any request with filters: DisableEncodeUrlFilter, WebAsyncManagerIntegrationFilter, SecurityContextHolderFilter, HeaderWriterFilter, LogoutFilter, JwtFilter, RequestCacheAwareFilter, SecurityContextHolderAwareRequestFilter, AnonymousAuthenticationFilter, SessionManagementFilter, ExceptionTranslationFilter, AuthorizationFilter MDC:[traceId=, spanId=]
2025-05-08 21:17:52 [http-nio-8012-exec-1] DEBUG o.s.security.web.FilterChainProxy - Securing POST /api/auth/login MDC:[traceId=, spanId=]
2025-05-08 21:17:52 [http-nio-8012-exec-1] DEBUG o.s.s.w.a.AnonymousAuthenticationFilter - Set SecurityContextHolder to anonymous SecurityContext MDC:[traceId=, spanId=]
2025-05-08 21:17:52 [http-nio-8012-exec-1] DEBUG o.s.security.web.FilterChainProxy - Secured POST /api/auth/login MDC:[traceId=, spanId=]
2025-05-08 21:28:13 [http-nio-8012-exec-3] DEBUG o.s.security.web.FilterChainProxy - Securing POST /api/auth/login MDC:[traceId=, spanId=]
2025-05-08 21:28:13 [http-nio-8012-exec-3] DEBUG o.s.s.w.a.AnonymousAuthenticationFilter - Set SecurityContextHolder to anonymous SecurityContext MDC:[traceId=, spanId=]
2025-05-08 21:28:13 [http-nio-8012-exec-3] DEBUG o.s.security.web.FilterChainProxy - Secured POST /api/auth/login MDC:[traceId=, spanId=]
2025-05-08 21:33:01 [http-nio-8012-exec-5] DEBUG o.s.security.web.FilterChainProxy - Securing POST /api/auth/login MDC:[traceId=, spanId=]
2025-05-08 21:33:01 [http-nio-8012-exec-5] DEBUG o.s.s.w.a.AnonymousAuthenticationFilter - Set SecurityContextHolder to anonymous SecurityContext MDC:[traceId=, spanId=]
2025-05-08 21:33:01 [http-nio-8012-exec-5] DEBUG o.s.security.web.FilterChainProxy - Secured POST /api/auth/login MDC:[traceId=, spanId=]
2025-05-08 21:33:53 [http-nio-8012-exec-6] DEBUG o.s.security.web.FilterChainProxy - Securing POST /api/auth/refresh-token MDC:[traceId=, spanId=]
2025-05-08 21:33:53 [http-nio-8012-exec-6] DEBUG o.s.s.w.a.AnonymousAuthenticationFilter - Set SecurityContextHolder to anonymous SecurityContext MDC:[traceId=, spanId=]
2025-05-08 21:33:53 [http-nio-8012-exec-6] DEBUG o.s.security.web.FilterChainProxy - Secured POST /api/auth/refresh-token MDC:[traceId=, spanId=]
2025-05-08 21:35:14 [http-nio-8012-exec-8] DEBUG o.s.security.web.FilterChainProxy - Securing POST /api/auth/refresh-token MDC:[traceId=, spanId=]
2025-05-08 21:35:14 [http-nio-8012-exec-8] DEBUG o.s.s.w.a.AnonymousAuthenticationFilter - Set SecurityContextHolder to anonymous SecurityContext MDC:[traceId=, spanId=]
2025-05-08 21:35:14 [http-nio-8012-exec-8] DEBUG o.s.security.web.FilterChainProxy - Secured POST /api/auth/refresh-token MDC:[traceId=, spanId=]
2025-05-08 21:36:29 [http-nio-8012-exec-10] DEBUG o.s.security.web.FilterChainProxy - Securing POST /api/auth/refresh-token MDC:[traceId=, spanId=]
2025-05-08 21:36:29 [http-nio-8012-exec-10] DEBUG o.s.s.w.a.AnonymousAuthenticationFilter - Set SecurityContextHolder to anonymous SecurityContext MDC:[traceId=, spanId=]
2025-05-08 21:36:29 [http-nio-8012-exec-10] DEBUG o.s.security.web.FilterChainProxy - Secured POST /api/auth/refresh-token MDC:[traceId=, spanId=]
2025-05-08 21:38:41 [http-nio-8012-exec-2] DEBUG o.s.security.web.FilterChainProxy - Securing POST /api/auth/refresh-token MDC:[traceId=, spanId=]
2025-05-08 21:38:41 [http-nio-8012-exec-2] DEBUG o.s.s.w.a.AnonymousAuthenticationFilter - Set SecurityContextHolder to anonymous SecurityContext MDC:[traceId=, spanId=]
2025-05-08 21:38:41 [http-nio-8012-exec-2] DEBUG o.s.security.web.FilterChainProxy - Secured POST /api/auth/refresh-token MDC:[traceId=, spanId=]
2025-05-08 21:40:24 [http-nio-8012-exec-4] DEBUG o.s.security.web.FilterChainProxy - Securing POST /api/auth/login MDC:[traceId=, spanId=]
2025-05-08 21:40:24 [http-nio-8012-exec-4] DEBUG o.s.s.w.a.AnonymousAuthenticationFilter - Set SecurityContextHolder to anonymous SecurityContext MDC:[traceId=, spanId=]
2025-05-08 21:40:24 [http-nio-8012-exec-4] DEBUG o.s.security.web.FilterChainProxy - Secured POST /api/auth/login MDC:[traceId=, spanId=]
2025-05-08 21:41:07 [http-nio-8012-exec-5] DEBUG o.s.security.web.FilterChainProxy - Securing POST /api/auth/refresh-token MDC:[traceId=, spanId=]
2025-05-08 21:41:07 [http-nio-8012-exec-5] DEBUG o.s.s.w.a.AnonymousAuthenticationFilter - Set SecurityContextHolder to anonymous SecurityContext MDC:[traceId=, spanId=]
2025-05-08 21:41:07 [http-nio-8012-exec-5] DEBUG o.s.security.web.FilterChainProxy - Secured POST /api/auth/refresh-token MDC:[traceId=, spanId=]
2025-05-08 21:42:51 [http-nio-8012-exec-7] DEBUG o.s.security.web.FilterChainProxy - Securing POST /api/auth/refresh-token MDC:[traceId=, spanId=]
2025-05-08 21:42:51 [http-nio-8012-exec-7] DEBUG o.s.s.w.a.AnonymousAuthenticationFilter - Set SecurityContextHolder to anonymous SecurityContext MDC:[traceId=, spanId=]
2025-05-08 21:42:51 [http-nio-8012-exec-7] DEBUG o.s.security.web.FilterChainProxy - Secured POST /api/auth/refresh-token MDC:[traceId=, spanId=]
2025-05-08 21:42:56 [http-nio-8012-exec-8] DEBUG o.s.security.web.FilterChainProxy - Securing POST /api/auth/refresh-token MDC:[traceId=, spanId=]
2025-05-08 21:42:56 [http-nio-8012-exec-8] DEBUG o.s.s.w.a.AnonymousAuthenticationFilter - Set SecurityContextHolder to anonymous SecurityContext MDC:[traceId=, spanId=]
2025-05-08 21:42:56 [http-nio-8012-exec-8] DEBUG o.s.security.web.FilterChainProxy - Secured POST /api/auth/refresh-token MDC:[traceId=, spanId=]
2025-05-08 21:44:52 [http-nio-8012-exec-10] DEBUG o.s.security.web.FilterChainProxy - Securing POST /api/auth/refresh-token MDC:[traceId=, spanId=]
2025-05-08 21:44:52 [http-nio-8012-exec-10] DEBUG o.s.s.w.a.AnonymousAuthenticationFilter - Set SecurityContextHolder to anonymous SecurityContext MDC:[traceId=, spanId=]
2025-05-08 21:44:52 [http-nio-8012-exec-10] DEBUG o.s.security.web.FilterChainProxy - Secured POST /api/auth/refresh-token MDC:[traceId=, spanId=]
2025-05-08 21:47:15 [main] INFO  o.s.s.c.a.a.c.InitializeAuthenticationProviderBeanManagerConfigurer$InitializeAuthenticationProviderManagerConfigurer - Global AuthenticationManager configured with AuthenticationProvider bean with name authenticationProvider MDC:[traceId=, spanId=]
2025-05-08 21:47:15 [main] WARN  o.s.s.c.a.a.c.InitializeUserDetailsBeanManagerConfigurer$InitializeUserDetailsManagerConfigurer - Global AuthenticationManager configured with an AuthenticationProvider bean. UserDetailsService beans will not be used for username/password login. Consider removing the AuthenticationProvider bean. Alternatively, consider using the UserDetailsService in a manually instantiated DaoAuthenticationProvider. MDC:[traceId=, spanId=]
2025-05-08 21:47:16 [main] DEBUG o.s.s.web.DefaultSecurityFilterChain - Will secure any request with filters: DisableEncodeUrlFilter, WebAsyncManagerIntegrationFilter, SecurityContextHolderFilter, HeaderWriterFilter, LogoutFilter, JwtFilter, RequestCacheAwareFilter, SecurityContextHolderAwareRequestFilter, AnonymousAuthenticationFilter, SessionManagementFilter, ExceptionTranslationFilter, AuthorizationFilter MDC:[traceId=, spanId=]
2025-05-08 21:47:26 [http-nio-8012-exec-1] DEBUG o.s.security.web.FilterChainProxy - Securing POST /api/auth/refresh-token MDC:[traceId=, spanId=]
2025-05-08 21:47:26 [http-nio-8012-exec-1] DEBUG o.s.s.w.a.AnonymousAuthenticationFilter - Set SecurityContextHolder to anonymous SecurityContext MDC:[traceId=, spanId=]
2025-05-08 21:47:26 [http-nio-8012-exec-1] DEBUG o.s.security.web.FilterChainProxy - Secured POST /api/auth/refresh-token MDC:[traceId=, spanId=]
2025-05-08 21:47:53 [http-nio-8012-exec-3] DEBUG o.s.security.web.FilterChainProxy - Securing POST /api/auth/login MDC:[traceId=, spanId=]
2025-05-08 21:47:53 [http-nio-8012-exec-3] DEBUG o.s.s.w.a.AnonymousAuthenticationFilter - Set SecurityContextHolder to anonymous SecurityContext MDC:[traceId=, spanId=]
2025-05-08 21:47:53 [http-nio-8012-exec-3] DEBUG o.s.security.web.FilterChainProxy - Secured POST /api/auth/login MDC:[traceId=, spanId=]
2025-05-08 22:30:19 [main] INFO  o.s.s.c.a.a.c.InitializeAuthenticationProviderBeanManagerConfigurer$InitializeAuthenticationProviderManagerConfigurer - Global AuthenticationManager configured with AuthenticationProvider bean with name authenticationProvider MDC:[traceId=, spanId=]
2025-05-08 22:30:19 [main] WARN  o.s.s.c.a.a.c.InitializeUserDetailsBeanManagerConfigurer$InitializeUserDetailsManagerConfigurer - Global AuthenticationManager configured with an AuthenticationProvider bean. UserDetailsService beans will not be used for username/password login. Consider removing the AuthenticationProvider bean. Alternatively, consider using the UserDetailsService in a manually instantiated DaoAuthenticationProvider. MDC:[traceId=, spanId=]
2025-05-08 22:30:19 [main] DEBUG o.s.s.web.DefaultSecurityFilterChain - Will secure any request with filters: DisableEncodeUrlFilter, WebAsyncManagerIntegrationFilter, SecurityContextHolderFilter, HeaderWriterFilter, LogoutFilter, JwtFilter, RequestCacheAwareFilter, SecurityContextHolderAwareRequestFilter, AnonymousAuthenticationFilter, SessionManagementFilter, ExceptionTranslationFilter, AuthorizationFilter MDC:[traceId=, spanId=]
2025-05-08 22:30:46 [main] INFO  o.s.s.c.a.a.c.InitializeAuthenticationProviderBeanManagerConfigurer$InitializeAuthenticationProviderManagerConfigurer - Global AuthenticationManager configured with AuthenticationProvider bean with name authenticationProvider MDC:[traceId=, spanId=]
2025-05-08 22:30:46 [main] WARN  o.s.s.c.a.a.c.InitializeUserDetailsBeanManagerConfigurer$InitializeUserDetailsManagerConfigurer - Global AuthenticationManager configured with an AuthenticationProvider bean. UserDetailsService beans will not be used for username/password login. Consider removing the AuthenticationProvider bean. Alternatively, consider using the UserDetailsService in a manually instantiated DaoAuthenticationProvider. MDC:[traceId=, spanId=]
2025-05-08 22:30:46 [main] DEBUG o.s.s.web.DefaultSecurityFilterChain - Will secure any request with filters: DisableEncodeUrlFilter, WebAsyncManagerIntegrationFilter, SecurityContextHolderFilter, HeaderWriterFilter, LogoutFilter, JwtFilter, RequestCacheAwareFilter, SecurityContextHolderAwareRequestFilter, AnonymousAuthenticationFilter, SessionManagementFilter, ExceptionTranslationFilter, AuthorizationFilter MDC:[traceId=, spanId=]
2025-05-08 22:32:53 [main] INFO  o.s.s.c.a.a.c.InitializeAuthenticationProviderBeanManagerConfigurer$InitializeAuthenticationProviderManagerConfigurer - Global AuthenticationManager configured with AuthenticationProvider bean with name authenticationProvider MDC:[traceId=, spanId=]
2025-05-08 22:32:53 [main] WARN  o.s.s.c.a.a.c.InitializeUserDetailsBeanManagerConfigurer$InitializeUserDetailsManagerConfigurer - Global AuthenticationManager configured with an AuthenticationProvider bean. UserDetailsService beans will not be used for username/password login. Consider removing the AuthenticationProvider bean. Alternatively, consider using the UserDetailsService in a manually instantiated DaoAuthenticationProvider. MDC:[traceId=, spanId=]
2025-05-08 22:32:54 [main] DEBUG o.s.s.web.DefaultSecurityFilterChain - Will secure any request with filters: DisableEncodeUrlFilter, WebAsyncManagerIntegrationFilter, SecurityContextHolderFilter, HeaderWriterFilter, LogoutFilter, JwtFilter, RequestCacheAwareFilter, SecurityContextHolderAwareRequestFilter, AnonymousAuthenticationFilter, SessionManagementFilter, ExceptionTranslationFilter, AuthorizationFilter MDC:[traceId=, spanId=]
2025-05-08 22:33:38 [main] INFO  o.s.s.c.a.a.c.InitializeAuthenticationProviderBeanManagerConfigurer$InitializeAuthenticationProviderManagerConfigurer - Global AuthenticationManager configured with AuthenticationProvider bean with name authenticationProvider MDC:[traceId=, spanId=]
2025-05-08 22:33:38 [main] WARN  o.s.s.c.a.a.c.InitializeUserDetailsBeanManagerConfigurer$InitializeUserDetailsManagerConfigurer - Global AuthenticationManager configured with an AuthenticationProvider bean. UserDetailsService beans will not be used for username/password login. Consider removing the AuthenticationProvider bean. Alternatively, consider using the UserDetailsService in a manually instantiated DaoAuthenticationProvider. MDC:[traceId=, spanId=]
2025-05-08 22:33:39 [main] DEBUG o.s.s.web.DefaultSecurityFilterChain - Will secure any request with filters: DisableEncodeUrlFilter, WebAsyncManagerIntegrationFilter, SecurityContextHolderFilter, HeaderWriterFilter, LogoutFilter, JwtFilter, RequestCacheAwareFilter, SecurityContextHolderAwareRequestFilter, AnonymousAuthenticationFilter, SessionManagementFilter, ExceptionTranslationFilter, AuthorizationFilter MDC:[traceId=, spanId=]
2025-05-08 22:34:28 [main] INFO  o.s.s.c.a.a.c.InitializeAuthenticationProviderBeanManagerConfigurer$InitializeAuthenticationProviderManagerConfigurer - Global AuthenticationManager configured with AuthenticationProvider bean with name authenticationProvider MDC:[traceId=, spanId=]
2025-05-08 22:34:28 [main] WARN  o.s.s.c.a.a.c.InitializeUserDetailsBeanManagerConfigurer$InitializeUserDetailsManagerConfigurer - Global AuthenticationManager configured with an AuthenticationProvider bean. UserDetailsService beans will not be used for username/password login. Consider removing the AuthenticationProvider bean. Alternatively, consider using the UserDetailsService in a manually instantiated DaoAuthenticationProvider. MDC:[traceId=, spanId=]
2025-05-08 22:34:28 [main] DEBUG o.s.s.web.DefaultSecurityFilterChain - Will secure any request with filters: DisableEncodeUrlFilter, WebAsyncManagerIntegrationFilter, SecurityContextHolderFilter, HeaderWriterFilter, LogoutFilter, JwtFilter, RequestCacheAwareFilter, SecurityContextHolderAwareRequestFilter, AnonymousAuthenticationFilter, SessionManagementFilter, ExceptionTranslationFilter, AuthorizationFilter MDC:[traceId=, spanId=]
2025-05-08 22:35:19 [main] INFO  o.s.s.c.a.a.c.InitializeAuthenticationProviderBeanManagerConfigurer$InitializeAuthenticationProviderManagerConfigurer - Global AuthenticationManager configured with AuthenticationProvider bean with name authenticationProvider MDC:[traceId=, spanId=]
2025-05-08 22:35:19 [main] WARN  o.s.s.c.a.a.c.InitializeUserDetailsBeanManagerConfigurer$InitializeUserDetailsManagerConfigurer - Global AuthenticationManager configured with an AuthenticationProvider bean. UserDetailsService beans will not be used for username/password login. Consider removing the AuthenticationProvider bean. Alternatively, consider using the UserDetailsService in a manually instantiated DaoAuthenticationProvider. MDC:[traceId=, spanId=]
2025-05-08 22:35:19 [main] DEBUG o.s.s.web.DefaultSecurityFilterChain - Will secure any request with filters: DisableEncodeUrlFilter, WebAsyncManagerIntegrationFilter, SecurityContextHolderFilter, HeaderWriterFilter, LogoutFilter, JwtFilter, RequestCacheAwareFilter, SecurityContextHolderAwareRequestFilter, AnonymousAuthenticationFilter, SessionManagementFilter, ExceptionTranslationFilter, AuthorizationFilter MDC:[traceId=, spanId=]
2025-05-08 22:36:33 [main] INFO  o.s.s.c.a.a.c.InitializeAuthenticationProviderBeanManagerConfigurer$InitializeAuthenticationProviderManagerConfigurer - Global AuthenticationManager configured with AuthenticationProvider bean with name authenticationProvider MDC:[traceId=, spanId=]
2025-05-08 22:36:33 [main] WARN  o.s.s.c.a.a.c.InitializeUserDetailsBeanManagerConfigurer$InitializeUserDetailsManagerConfigurer - Global AuthenticationManager configured with an AuthenticationProvider bean. UserDetailsService beans will not be used for username/password login. Consider removing the AuthenticationProvider bean. Alternatively, consider using the UserDetailsService in a manually instantiated DaoAuthenticationProvider. MDC:[traceId=, spanId=]
2025-05-08 22:36:34 [main] DEBUG o.s.s.web.DefaultSecurityFilterChain - Will secure any request with filters: DisableEncodeUrlFilter, WebAsyncManagerIntegrationFilter, SecurityContextHolderFilter, HeaderWriterFilter, LogoutFilter, JwtFilter, RequestCacheAwareFilter, SecurityContextHolderAwareRequestFilter, AnonymousAuthenticationFilter, SessionManagementFilter, ExceptionTranslationFilter, AuthorizationFilter MDC:[traceId=, spanId=]
2025-05-08 22:37:58 [main] INFO  o.s.s.c.a.a.c.InitializeAuthenticationProviderBeanManagerConfigurer$InitializeAuthenticationProviderManagerConfigurer - Global AuthenticationManager configured with AuthenticationProvider bean with name authenticationProvider MDC:[traceId=, spanId=]
2025-05-08 22:37:58 [main] WARN  o.s.s.c.a.a.c.InitializeUserDetailsBeanManagerConfigurer$InitializeUserDetailsManagerConfigurer - Global AuthenticationManager configured with an AuthenticationProvider bean. UserDetailsService beans will not be used for username/password login. Consider removing the AuthenticationProvider bean. Alternatively, consider using the UserDetailsService in a manually instantiated DaoAuthenticationProvider. MDC:[traceId=, spanId=]
2025-05-08 22:37:58 [main] DEBUG o.s.s.web.DefaultSecurityFilterChain - Will secure any request with filters: DisableEncodeUrlFilter, WebAsyncManagerIntegrationFilter, SecurityContextHolderFilter, HeaderWriterFilter, LogoutFilter, JwtFilter, RequestCacheAwareFilter, SecurityContextHolderAwareRequestFilter, AnonymousAuthenticationFilter, SessionManagementFilter, ExceptionTranslationFilter, AuthorizationFilter MDC:[traceId=, spanId=]
2025-05-08 22:41:08 [main] INFO  o.s.s.c.a.a.c.InitializeAuthenticationProviderBeanManagerConfigurer$InitializeAuthenticationProviderManagerConfigurer - Global AuthenticationManager configured with AuthenticationProvider bean with name authenticationProvider MDC:[traceId=, spanId=]
2025-05-08 22:41:08 [main] WARN  o.s.s.c.a.a.c.InitializeUserDetailsBeanManagerConfigurer$InitializeUserDetailsManagerConfigurer - Global AuthenticationManager configured with an AuthenticationProvider bean. UserDetailsService beans will not be used for username/password login. Consider removing the AuthenticationProvider bean. Alternatively, consider using the UserDetailsService in a manually instantiated DaoAuthenticationProvider. MDC:[traceId=, spanId=]
2025-05-08 22:41:08 [main] DEBUG o.s.s.web.DefaultSecurityFilterChain - Will secure any request with filters: DisableEncodeUrlFilter, WebAsyncManagerIntegrationFilter, SecurityContextHolderFilter, HeaderWriterFilter, LogoutFilter, JwtFilter, RequestCacheAwareFilter, SecurityContextHolderAwareRequestFilter, AnonymousAuthenticationFilter, SessionManagementFilter, ExceptionTranslationFilter, AuthorizationFilter MDC:[traceId=, spanId=]
2025-05-08 22:41:16 [http-nio-8012-exec-2] DEBUG o.s.security.web.FilterChainProxy - Securing POST /api/auth/login MDC:[traceId=, spanId=]
2025-05-08 22:41:16 [http-nio-8012-exec-2] DEBUG o.s.s.w.a.AnonymousAuthenticationFilter - Set SecurityContextHolder to anonymous SecurityContext MDC:[traceId=, spanId=]
2025-05-08 22:41:16 [http-nio-8012-exec-2] DEBUG o.s.security.web.FilterChainProxy - Secured POST /api/auth/login MDC:[traceId=, spanId=]
2025-05-08 22:42:48 [http-nio-8012-exec-4] DEBUG o.s.security.web.FilterChainProxy - Securing POST /api/auth/login MDC:[traceId=, spanId=]
2025-05-08 22:42:48 [http-nio-8012-exec-4] DEBUG o.s.s.w.a.AnonymousAuthenticationFilter - Set SecurityContextHolder to anonymous SecurityContext MDC:[traceId=, spanId=]
2025-05-08 22:42:48 [http-nio-8012-exec-4] DEBUG o.s.security.web.FilterChainProxy - Secured POST /api/auth/login MDC:[traceId=, spanId=]
2025-05-08 22:59:38 [http-nio-8012-exec-6] DEBUG o.s.security.web.FilterChainProxy - Securing POST /api/auth/refresh-token MDC:[traceId=, spanId=]
2025-05-08 22:59:38 [http-nio-8012-exec-6] DEBUG o.s.s.w.a.AnonymousAuthenticationFilter - Set SecurityContextHolder to anonymous SecurityContext MDC:[traceId=, spanId=]
2025-05-08 22:59:38 [http-nio-8012-exec-6] DEBUG o.s.security.web.FilterChainProxy - Secured POST /api/auth/refresh-token MDC:[traceId=, spanId=]
2025-05-08 23:03:01 [http-nio-8012-exec-8] DEBUG o.s.security.web.FilterChainProxy - Securing POST /api/auth/login MDC:[traceId=, spanId=]
2025-05-08 23:03:01 [http-nio-8012-exec-8] DEBUG o.s.s.w.a.AnonymousAuthenticationFilter - Set SecurityContextHolder to anonymous SecurityContext MDC:[traceId=, spanId=]
2025-05-08 23:03:01 [http-nio-8012-exec-8] DEBUG o.s.security.web.FilterChainProxy - Secured POST /api/auth/login MDC:[traceId=, spanId=]
2025-05-08 23:03:12 [http-nio-8012-exec-9] DEBUG o.s.security.web.FilterChainProxy - Securing POST /api/auth/login MDC:[traceId=, spanId=]
2025-05-08 23:03:12 [http-nio-8012-exec-9] DEBUG o.s.s.w.a.AnonymousAuthenticationFilter - Set SecurityContextHolder to anonymous SecurityContext MDC:[traceId=, spanId=]
2025-05-08 23:03:12 [http-nio-8012-exec-9] DEBUG o.s.security.web.FilterChainProxy - Secured POST /api/auth/login MDC:[traceId=, spanId=]
2025-05-08 23:03:12 [http-nio-8012-exec-9] WARN  o.s.s.c.bcrypt.BCryptPasswordEncoder - Empty encoded password MDC:[traceId=, spanId=]
2025-05-08 23:03:20 [http-nio-8012-exec-10] DEBUG o.s.security.web.FilterChainProxy - Securing POST /api/auth/login MDC:[traceId=, spanId=]
2025-05-08 23:03:20 [http-nio-8012-exec-10] DEBUG o.s.s.w.a.AnonymousAuthenticationFilter - Set SecurityContextHolder to anonymous SecurityContext MDC:[traceId=, spanId=]
2025-05-08 23:03:20 [http-nio-8012-exec-10] DEBUG o.s.security.web.FilterChainProxy - Secured POST /api/auth/login MDC:[traceId=, spanId=]
2025-05-08 23:03:20 [http-nio-8012-exec-10] WARN  o.s.s.c.bcrypt.BCryptPasswordEncoder - Empty encoded password MDC:[traceId=, spanId=]
2025-05-08 23:03:22 [http-nio-8012-exec-1] DEBUG o.s.security.web.FilterChainProxy - Securing POST /api/auth/login MDC:[traceId=, spanId=]
2025-05-08 23:03:22 [http-nio-8012-exec-1] DEBUG o.s.s.w.a.AnonymousAuthenticationFilter - Set SecurityContextHolder to anonymous SecurityContext MDC:[traceId=, spanId=]
2025-05-08 23:03:22 [http-nio-8012-exec-1] DEBUG o.s.security.web.FilterChainProxy - Secured POST /api/auth/login MDC:[traceId=, spanId=]
2025-05-08 23:03:22 [http-nio-8012-exec-1] WARN  o.s.s.c.bcrypt.BCryptPasswordEncoder - Empty encoded password MDC:[traceId=, spanId=]
2025-05-08 23:03:24 [http-nio-8012-exec-2] DEBUG o.s.security.web.FilterChainProxy - Securing POST /api/auth/login MDC:[traceId=, spanId=]
2025-05-08 23:03:24 [http-nio-8012-exec-2] DEBUG o.s.s.w.a.AnonymousAuthenticationFilter - Set SecurityContextHolder to anonymous SecurityContext MDC:[traceId=, spanId=]
2025-05-08 23:03:24 [http-nio-8012-exec-2] DEBUG o.s.security.web.FilterChainProxy - Secured POST /api/auth/login MDC:[traceId=, spanId=]
2025-05-08 23:03:24 [http-nio-8012-exec-2] WARN  o.s.s.c.bcrypt.BCryptPasswordEncoder - Empty encoded password MDC:[traceId=, spanId=]
2025-05-08 23:03:28 [http-nio-8012-exec-3] DEBUG o.s.security.web.FilterChainProxy - Securing POST /api/auth/login MDC:[traceId=, spanId=]
2025-05-08 23:03:28 [http-nio-8012-exec-3] DEBUG o.s.s.w.a.AnonymousAuthenticationFilter - Set SecurityContextHolder to anonymous SecurityContext MDC:[traceId=, spanId=]
2025-05-08 23:03:28 [http-nio-8012-exec-3] DEBUG o.s.security.web.FilterChainProxy - Secured POST /api/auth/login MDC:[traceId=, spanId=]
2025-05-08 23:03:28 [http-nio-8012-exec-3] WARN  o.s.s.c.bcrypt.BCryptPasswordEncoder - Empty encoded password MDC:[traceId=, spanId=]
2025-05-08 23:03:30 [http-nio-8012-exec-4] DEBUG o.s.security.web.FilterChainProxy - Securing POST /api/auth/login MDC:[traceId=, spanId=]
2025-05-08 23:03:30 [http-nio-8012-exec-4] DEBUG o.s.s.w.a.AnonymousAuthenticationFilter - Set SecurityContextHolder to anonymous SecurityContext MDC:[traceId=, spanId=]
2025-05-08 23:03:30 [http-nio-8012-exec-4] DEBUG o.s.security.web.FilterChainProxy - Secured POST /api/auth/login MDC:[traceId=, spanId=]
2025-05-08 23:03:30 [http-nio-8012-exec-4] WARN  o.s.s.c.bcrypt.BCryptPasswordEncoder - Empty encoded password MDC:[traceId=, spanId=]
2025-05-08 23:03:31 [http-nio-8012-exec-5] DEBUG o.s.security.web.FilterChainProxy - Securing POST /api/auth/login MDC:[traceId=, spanId=]
2025-05-08 23:03:31 [http-nio-8012-exec-5] DEBUG o.s.s.w.a.AnonymousAuthenticationFilter - Set SecurityContextHolder to anonymous SecurityContext MDC:[traceId=, spanId=]
2025-05-08 23:03:31 [http-nio-8012-exec-5] DEBUG o.s.security.web.FilterChainProxy - Secured POST /api/auth/login MDC:[traceId=, spanId=]
2025-05-08 23:03:31 [http-nio-8012-exec-5] WARN  o.s.s.c.bcrypt.BCryptPasswordEncoder - Empty encoded password MDC:[traceId=, spanId=]
2025-05-08 23:03:32 [http-nio-8012-exec-6] DEBUG o.s.security.web.FilterChainProxy - Securing POST /api/auth/login MDC:[traceId=, spanId=]
2025-05-08 23:03:32 [http-nio-8012-exec-6] DEBUG o.s.s.w.a.AnonymousAuthenticationFilter - Set SecurityContextHolder to anonymous SecurityContext MDC:[traceId=, spanId=]
2025-05-08 23:03:32 [http-nio-8012-exec-6] DEBUG o.s.security.web.FilterChainProxy - Secured POST /api/auth/login MDC:[traceId=, spanId=]
2025-05-08 23:03:32 [http-nio-8012-exec-6] WARN  o.s.s.c.bcrypt.BCryptPasswordEncoder - Empty encoded password MDC:[traceId=, spanId=]
2025-05-08 23:03:33 [http-nio-8012-exec-7] DEBUG o.s.security.web.FilterChainProxy - Securing POST /api/auth/login MDC:[traceId=, spanId=]
2025-05-08 23:03:33 [http-nio-8012-exec-7] DEBUG o.s.s.w.a.AnonymousAuthenticationFilter - Set SecurityContextHolder to anonymous SecurityContext MDC:[traceId=, spanId=]
2025-05-08 23:03:33 [http-nio-8012-exec-7] DEBUG o.s.security.web.FilterChainProxy - Secured POST /api/auth/login MDC:[traceId=, spanId=]
2025-05-08 23:03:33 [http-nio-8012-exec-7] WARN  o.s.s.c.bcrypt.BCryptPasswordEncoder - Empty encoded password MDC:[traceId=, spanId=]
2025-05-08 23:03:33 [http-nio-8012-exec-8] DEBUG o.s.security.web.FilterChainProxy - Securing POST /api/auth/login MDC:[traceId=, spanId=]
2025-05-08 23:03:33 [http-nio-8012-exec-8] DEBUG o.s.s.w.a.AnonymousAuthenticationFilter - Set SecurityContextHolder to anonymous SecurityContext MDC:[traceId=, spanId=]
2025-05-08 23:03:33 [http-nio-8012-exec-8] DEBUG o.s.security.web.FilterChainProxy - Secured POST /api/auth/login MDC:[traceId=, spanId=]
2025-05-08 23:03:33 [http-nio-8012-exec-8] WARN  o.s.s.c.bcrypt.BCryptPasswordEncoder - Empty encoded password MDC:[traceId=, spanId=]
2025-05-08 23:03:34 [http-nio-8012-exec-9] DEBUG o.s.security.web.FilterChainProxy - Securing POST /api/auth/login MDC:[traceId=, spanId=]
2025-05-08 23:03:34 [http-nio-8012-exec-9] DEBUG o.s.s.w.a.AnonymousAuthenticationFilter - Set SecurityContextHolder to anonymous SecurityContext MDC:[traceId=, spanId=]
2025-05-08 23:03:34 [http-nio-8012-exec-9] DEBUG o.s.security.web.FilterChainProxy - Secured POST /api/auth/login MDC:[traceId=, spanId=]
2025-05-08 23:03:34 [http-nio-8012-exec-9] WARN  o.s.s.c.bcrypt.BCryptPasswordEncoder - Empty encoded password MDC:[traceId=, spanId=]
2025-05-08 23:04:54 [http-nio-8012-exec-10] DEBUG o.s.security.web.FilterChainProxy - Securing POST /api/auth/login MDC:[traceId=, spanId=]
2025-05-08 23:04:54 [http-nio-8012-exec-10] DEBUG o.s.s.w.a.AnonymousAuthenticationFilter - Set SecurityContextHolder to anonymous SecurityContext MDC:[traceId=, spanId=]
2025-05-08 23:04:54 [http-nio-8012-exec-10] DEBUG o.s.security.web.FilterChainProxy - Secured POST /api/auth/login MDC:[traceId=, spanId=]
2025-05-08 23:04:54 [http-nio-8012-exec-10] WARN  o.s.s.c.bcrypt.BCryptPasswordEncoder - Empty encoded password MDC:[traceId=, spanId=]
2025-05-08 23:04:59 [http-nio-8012-exec-1] DEBUG o.s.security.web.FilterChainProxy - Securing POST /api/auth/login MDC:[traceId=, spanId=]
2025-05-08 23:04:59 [http-nio-8012-exec-1] DEBUG o.s.s.w.a.AnonymousAuthenticationFilter - Set SecurityContextHolder to anonymous SecurityContext MDC:[traceId=, spanId=]
2025-05-08 23:04:59 [http-nio-8012-exec-1] DEBUG o.s.security.web.FilterChainProxy - Secured POST /api/auth/login MDC:[traceId=, spanId=]
2025-05-08 23:04:59 [http-nio-8012-exec-1] WARN  o.s.s.c.bcrypt.BCryptPasswordEncoder - Empty encoded password MDC:[traceId=, spanId=]
2025-05-08 23:05:05 [http-nio-8012-exec-2] DEBUG o.s.security.web.FilterChainProxy - Securing POST /api/auth/login MDC:[traceId=, spanId=]
2025-05-08 23:05:05 [http-nio-8012-exec-2] DEBUG o.s.s.w.a.AnonymousAuthenticationFilter - Set SecurityContextHolder to anonymous SecurityContext MDC:[traceId=, spanId=]
2025-05-08 23:05:05 [http-nio-8012-exec-2] DEBUG o.s.security.web.FilterChainProxy - Secured POST /api/auth/login MDC:[traceId=, spanId=]
2025-05-08 23:05:05 [http-nio-8012-exec-2] WARN  o.s.s.c.bcrypt.BCryptPasswordEncoder - Empty encoded password MDC:[traceId=, spanId=]
2025-05-08 23:05:06 [http-nio-8012-exec-3] DEBUG o.s.security.web.FilterChainProxy - Securing POST /api/auth/login MDC:[traceId=, spanId=]
2025-05-08 23:05:06 [http-nio-8012-exec-3] DEBUG o.s.s.w.a.AnonymousAuthenticationFilter - Set SecurityContextHolder to anonymous SecurityContext MDC:[traceId=, spanId=]
2025-05-08 23:05:06 [http-nio-8012-exec-3] DEBUG o.s.security.web.FilterChainProxy - Secured POST /api/auth/login MDC:[traceId=, spanId=]
2025-05-08 23:05:06 [http-nio-8012-exec-3] WARN  o.s.s.c.bcrypt.BCryptPasswordEncoder - Empty encoded password MDC:[traceId=, spanId=]
2025-05-08 23:05:07 [http-nio-8012-exec-4] DEBUG o.s.security.web.FilterChainProxy - Securing POST /api/auth/login MDC:[traceId=, spanId=]
2025-05-08 23:05:07 [http-nio-8012-exec-4] DEBUG o.s.s.w.a.AnonymousAuthenticationFilter - Set SecurityContextHolder to anonymous SecurityContext MDC:[traceId=, spanId=]
2025-05-08 23:05:07 [http-nio-8012-exec-4] DEBUG o.s.security.web.FilterChainProxy - Secured POST /api/auth/login MDC:[traceId=, spanId=]
2025-05-08 23:05:07 [http-nio-8012-exec-4] WARN  o.s.s.c.bcrypt.BCryptPasswordEncoder - Empty encoded password MDC:[traceId=, spanId=]
2025-05-08 23:05:08 [http-nio-8012-exec-5] DEBUG o.s.security.web.FilterChainProxy - Securing POST /api/auth/login MDC:[traceId=, spanId=]
2025-05-08 23:05:08 [http-nio-8012-exec-5] DEBUG o.s.s.w.a.AnonymousAuthenticationFilter - Set SecurityContextHolder to anonymous SecurityContext MDC:[traceId=, spanId=]
2025-05-08 23:05:08 [http-nio-8012-exec-5] DEBUG o.s.security.web.FilterChainProxy - Secured POST /api/auth/login MDC:[traceId=, spanId=]
2025-05-08 23:05:08 [http-nio-8012-exec-5] WARN  o.s.s.c.bcrypt.BCryptPasswordEncoder - Empty encoded password MDC:[traceId=, spanId=]
2025-05-08 23:05:18 [http-nio-8012-exec-6] DEBUG o.s.security.web.FilterChainProxy - Securing POST /api/auth/login MDC:[traceId=, spanId=]
2025-05-08 23:05:18 [http-nio-8012-exec-6] DEBUG o.s.s.w.a.AnonymousAuthenticationFilter - Set SecurityContextHolder to anonymous SecurityContext MDC:[traceId=, spanId=]
2025-05-08 23:05:18 [http-nio-8012-exec-6] DEBUG o.s.security.web.FilterChainProxy - Secured POST /api/auth/login MDC:[traceId=, spanId=]
2025-05-08 23:05:22 [http-nio-8012-exec-7] DEBUG o.s.security.web.FilterChainProxy - Securing POST /api/auth/login MDC:[traceId=, spanId=]
2025-05-08 23:05:22 [http-nio-8012-exec-7] DEBUG o.s.s.w.a.AnonymousAuthenticationFilter - Set SecurityContextHolder to anonymous SecurityContext MDC:[traceId=, spanId=]
2025-05-08 23:05:22 [http-nio-8012-exec-7] DEBUG o.s.security.web.FilterChainProxy - Secured POST /api/auth/login MDC:[traceId=, spanId=]
2025-05-08 23:05:23 [http-nio-8012-exec-8] DEBUG o.s.security.web.FilterChainProxy - Securing POST /api/auth/login MDC:[traceId=, spanId=]
2025-05-08 23:05:23 [http-nio-8012-exec-8] DEBUG o.s.s.w.a.AnonymousAuthenticationFilter - Set SecurityContextHolder to anonymous SecurityContext MDC:[traceId=, spanId=]
2025-05-08 23:05:23 [http-nio-8012-exec-8] DEBUG o.s.security.web.FilterChainProxy - Secured POST /api/auth/login MDC:[traceId=, spanId=]
2025-05-08 23:05:24 [http-nio-8012-exec-9] DEBUG o.s.security.web.FilterChainProxy - Securing POST /api/auth/login MDC:[traceId=, spanId=]
2025-05-08 23:05:24 [http-nio-8012-exec-9] DEBUG o.s.s.w.a.AnonymousAuthenticationFilter - Set SecurityContextHolder to anonymous SecurityContext MDC:[traceId=, spanId=]
2025-05-08 23:05:24 [http-nio-8012-exec-9] DEBUG o.s.security.web.FilterChainProxy - Secured POST /api/auth/login MDC:[traceId=, spanId=]
2025-05-08 23:05:25 [http-nio-8012-exec-10] DEBUG o.s.security.web.FilterChainProxy - Securing POST /api/auth/login MDC:[traceId=, spanId=]
2025-05-08 23:05:25 [http-nio-8012-exec-10] DEBUG o.s.s.w.a.AnonymousAuthenticationFilter - Set SecurityContextHolder to anonymous SecurityContext MDC:[traceId=, spanId=]
2025-05-08 23:05:25 [http-nio-8012-exec-10] DEBUG o.s.security.web.FilterChainProxy - Secured POST /api/auth/login MDC:[traceId=, spanId=]
2025-05-08 23:05:26 [http-nio-8012-exec-1] DEBUG o.s.security.web.FilterChainProxy - Securing POST /api/auth/login MDC:[traceId=, spanId=]
2025-05-08 23:05:26 [http-nio-8012-exec-1] DEBUG o.s.s.w.a.AnonymousAuthenticationFilter - Set SecurityContextHolder to anonymous SecurityContext MDC:[traceId=, spanId=]
2025-05-08 23:05:26 [http-nio-8012-exec-1] DEBUG o.s.security.web.FilterChainProxy - Secured POST /api/auth/login MDC:[traceId=, spanId=]
2025-05-08 23:05:28 [http-nio-8012-exec-2] DEBUG o.s.security.web.FilterChainProxy - Securing POST /api/auth/login MDC:[traceId=, spanId=]
2025-05-08 23:05:28 [http-nio-8012-exec-2] DEBUG o.s.s.w.a.AnonymousAuthenticationFilter - Set SecurityContextHolder to anonymous SecurityContext MDC:[traceId=, spanId=]
2025-05-08 23:05:28 [http-nio-8012-exec-2] DEBUG o.s.security.web.FilterChainProxy - Secured POST /api/auth/login MDC:[traceId=, spanId=]
2025-05-08 23:05:29 [http-nio-8012-exec-3] DEBUG o.s.security.web.FilterChainProxy - Securing POST /api/auth/login MDC:[traceId=, spanId=]
2025-05-08 23:05:29 [http-nio-8012-exec-3] DEBUG o.s.s.w.a.AnonymousAuthenticationFilter - Set SecurityContextHolder to anonymous SecurityContext MDC:[traceId=, spanId=]
2025-05-08 23:05:29 [http-nio-8012-exec-3] DEBUG o.s.security.web.FilterChainProxy - Secured POST /api/auth/login MDC:[traceId=, spanId=]
2025-05-08 23:05:29 [http-nio-8012-exec-4] DEBUG o.s.security.web.FilterChainProxy - Securing POST /api/auth/login MDC:[traceId=, spanId=]
2025-05-08 23:05:29 [http-nio-8012-exec-4] DEBUG o.s.s.w.a.AnonymousAuthenticationFilter - Set SecurityContextHolder to anonymous SecurityContext MDC:[traceId=, spanId=]
2025-05-08 23:05:29 [http-nio-8012-exec-4] DEBUG o.s.security.web.FilterChainProxy - Secured POST /api/auth/login MDC:[traceId=, spanId=]
2025-05-08 23:05:38 [http-nio-8012-exec-5] DEBUG o.s.security.web.FilterChainProxy - Securing POST /api/auth/login MDC:[traceId=, spanId=]
2025-05-08 23:05:38 [http-nio-8012-exec-5] DEBUG o.s.s.w.a.AnonymousAuthenticationFilter - Set SecurityContextHolder to anonymous SecurityContext MDC:[traceId=, spanId=]
2025-05-08 23:05:38 [http-nio-8012-exec-5] DEBUG o.s.security.web.FilterChainProxy - Secured POST /api/auth/login MDC:[traceId=, spanId=]
2025-05-08 23:05:39 [http-nio-8012-exec-6] DEBUG o.s.security.web.FilterChainProxy - Securing POST /api/auth/login MDC:[traceId=, spanId=]
2025-05-08 23:05:39 [http-nio-8012-exec-6] DEBUG o.s.s.w.a.AnonymousAuthenticationFilter - Set SecurityContextHolder to anonymous SecurityContext MDC:[traceId=, spanId=]
2025-05-08 23:05:39 [http-nio-8012-exec-6] DEBUG o.s.security.web.FilterChainProxy - Secured POST /api/auth/login MDC:[traceId=, spanId=]
2025-05-08 23:05:40 [http-nio-8012-exec-7] DEBUG o.s.security.web.FilterChainProxy - Securing POST /api/auth/login MDC:[traceId=, spanId=]
2025-05-08 23:05:40 [http-nio-8012-exec-7] DEBUG o.s.s.w.a.AnonymousAuthenticationFilter - Set SecurityContextHolder to anonymous SecurityContext MDC:[traceId=, spanId=]
2025-05-08 23:05:40 [http-nio-8012-exec-7] DEBUG o.s.security.web.FilterChainProxy - Secured POST /api/auth/login MDC:[traceId=, spanId=]
2025-05-08 23:05:40 [http-nio-8012-exec-8] DEBUG o.s.security.web.FilterChainProxy - Securing POST /api/auth/login MDC:[traceId=, spanId=]
2025-05-08 23:05:40 [http-nio-8012-exec-8] DEBUG o.s.s.w.a.AnonymousAuthenticationFilter - Set SecurityContextHolder to anonymous SecurityContext MDC:[traceId=, spanId=]
2025-05-08 23:05:40 [http-nio-8012-exec-8] DEBUG o.s.security.web.FilterChainProxy - Secured POST /api/auth/login MDC:[traceId=, spanId=]
2025-05-08 23:05:41 [http-nio-8012-exec-9] DEBUG o.s.security.web.FilterChainProxy - Securing POST /api/auth/login MDC:[traceId=, spanId=]
2025-05-08 23:05:41 [http-nio-8012-exec-9] DEBUG o.s.s.w.a.AnonymousAuthenticationFilter - Set SecurityContextHolder to anonymous SecurityContext MDC:[traceId=, spanId=]
2025-05-08 23:05:41 [http-nio-8012-exec-9] DEBUG o.s.security.web.FilterChainProxy - Secured POST /api/auth/login MDC:[traceId=, spanId=]
2025-05-08 23:05:42 [http-nio-8012-exec-10] DEBUG o.s.security.web.FilterChainProxy - Securing POST /api/auth/login MDC:[traceId=, spanId=]
2025-05-08 23:05:42 [http-nio-8012-exec-10] DEBUG o.s.s.w.a.AnonymousAuthenticationFilter - Set SecurityContextHolder to anonymous SecurityContext MDC:[traceId=, spanId=]
2025-05-08 23:05:42 [http-nio-8012-exec-10] DEBUG o.s.security.web.FilterChainProxy - Secured POST /api/auth/login MDC:[traceId=, spanId=]
2025-05-08 23:05:42 [http-nio-8012-exec-1] DEBUG o.s.security.web.FilterChainProxy - Securing POST /api/auth/login MDC:[traceId=, spanId=]
2025-05-08 23:05:42 [http-nio-8012-exec-1] DEBUG o.s.s.w.a.AnonymousAuthenticationFilter - Set SecurityContextHolder to anonymous SecurityContext MDC:[traceId=, spanId=]
2025-05-08 23:05:42 [http-nio-8012-exec-1] DEBUG o.s.security.web.FilterChainProxy - Secured POST /api/auth/login MDC:[traceId=, spanId=]
2025-05-08 23:05:43 [http-nio-8012-exec-2] DEBUG o.s.security.web.FilterChainProxy - Securing POST /api/auth/login MDC:[traceId=, spanId=]
2025-05-08 23:05:43 [http-nio-8012-exec-2] DEBUG o.s.s.w.a.AnonymousAuthenticationFilter - Set SecurityContextHolder to anonymous SecurityContext MDC:[traceId=, spanId=]
2025-05-08 23:05:43 [http-nio-8012-exec-2] DEBUG o.s.security.web.FilterChainProxy - Secured POST /api/auth/login MDC:[traceId=, spanId=]
2025-05-08 23:05:44 [http-nio-8012-exec-3] DEBUG o.s.security.web.FilterChainProxy - Securing POST /api/auth/login MDC:[traceId=, spanId=]
2025-05-08 23:05:44 [http-nio-8012-exec-3] DEBUG o.s.s.w.a.AnonymousAuthenticationFilter - Set SecurityContextHolder to anonymous SecurityContext MDC:[traceId=, spanId=]
2025-05-08 23:05:44 [http-nio-8012-exec-3] DEBUG o.s.security.web.FilterChainProxy - Secured POST /api/auth/login MDC:[traceId=, spanId=]
2025-05-08 23:05:55 [http-nio-8012-exec-4] DEBUG o.s.security.web.FilterChainProxy - Securing POST /api/auth/login MDC:[traceId=, spanId=]
2025-05-08 23:05:55 [http-nio-8012-exec-4] DEBUG o.s.s.w.a.AnonymousAuthenticationFilter - Set SecurityContextHolder to anonymous SecurityContext MDC:[traceId=, spanId=]
2025-05-08 23:05:55 [http-nio-8012-exec-4] DEBUG o.s.security.web.FilterChainProxy - Secured POST /api/auth/login MDC:[traceId=, spanId=]
2025-05-08 23:06:03 [http-nio-8012-exec-5] DEBUG o.s.security.web.FilterChainProxy - Securing POST /api/auth/login MDC:[traceId=, spanId=]
2025-05-08 23:06:03 [http-nio-8012-exec-5] DEBUG o.s.s.w.a.AnonymousAuthenticationFilter - Set SecurityContextHolder to anonymous SecurityContext MDC:[traceId=, spanId=]
2025-05-08 23:06:03 [http-nio-8012-exec-5] DEBUG o.s.security.web.FilterChainProxy - Secured POST /api/auth/login MDC:[traceId=, spanId=]
2025-05-08 23:06:04 [http-nio-8012-exec-6] DEBUG o.s.security.web.FilterChainProxy - Securing POST /api/auth/login MDC:[traceId=, spanId=]
2025-05-08 23:06:04 [http-nio-8012-exec-6] DEBUG o.s.s.w.a.AnonymousAuthenticationFilter - Set SecurityContextHolder to anonymous SecurityContext MDC:[traceId=, spanId=]
2025-05-08 23:06:04 [http-nio-8012-exec-6] DEBUG o.s.security.web.FilterChainProxy - Secured POST /api/auth/login MDC:[traceId=, spanId=]
2025-05-08 23:06:06 [http-nio-8012-exec-7] DEBUG o.s.security.web.FilterChainProxy - Securing POST /api/auth/login MDC:[traceId=, spanId=]
2025-05-08 23:06:06 [http-nio-8012-exec-7] DEBUG o.s.s.w.a.AnonymousAuthenticationFilter - Set SecurityContextHolder to anonymous SecurityContext MDC:[traceId=, spanId=]
2025-05-08 23:06:06 [http-nio-8012-exec-7] DEBUG o.s.security.web.FilterChainProxy - Secured POST /api/auth/login MDC:[traceId=, spanId=]
2025-05-08 23:06:07 [http-nio-8012-exec-7] WARN  o.s.s.c.bcrypt.BCryptPasswordEncoder - Empty encoded password MDC:[traceId=, spanId=]
2025-05-08 23:06:08 [http-nio-8012-exec-8] DEBUG o.s.security.web.FilterChainProxy - Securing POST /api/auth/login MDC:[traceId=, spanId=]
2025-05-08 23:06:08 [http-nio-8012-exec-8] DEBUG o.s.s.w.a.AnonymousAuthenticationFilter - Set SecurityContextHolder to anonymous SecurityContext MDC:[traceId=, spanId=]
2025-05-08 23:06:08 [http-nio-8012-exec-8] DEBUG o.s.security.web.FilterChainProxy - Secured POST /api/auth/login MDC:[traceId=, spanId=]
2025-05-08 23:06:08 [http-nio-8012-exec-8] WARN  o.s.s.c.bcrypt.BCryptPasswordEncoder - Empty encoded password MDC:[traceId=, spanId=]
2025-05-08 23:06:16 [http-nio-8012-exec-9] DEBUG o.s.security.web.FilterChainProxy - Securing POST /api/auth/login MDC:[traceId=, spanId=]
2025-05-08 23:06:16 [http-nio-8012-exec-9] DEBUG o.s.s.w.a.AnonymousAuthenticationFilter - Set SecurityContextHolder to anonymous SecurityContext MDC:[traceId=, spanId=]
2025-05-08 23:06:16 [http-nio-8012-exec-9] DEBUG o.s.security.web.FilterChainProxy - Secured POST /api/auth/login MDC:[traceId=, spanId=]
2025-05-08 23:06:16 [http-nio-8012-exec-9] WARN  o.s.s.c.bcrypt.BCryptPasswordEncoder - Empty encoded password MDC:[traceId=, spanId=]
2025-05-08 23:06:18 [http-nio-8012-exec-10] DEBUG o.s.security.web.FilterChainProxy - Securing POST /api/auth/login MDC:[traceId=, spanId=]
2025-05-08 23:06:18 [http-nio-8012-exec-10] DEBUG o.s.s.w.a.AnonymousAuthenticationFilter - Set SecurityContextHolder to anonymous SecurityContext MDC:[traceId=, spanId=]
2025-05-08 23:06:18 [http-nio-8012-exec-10] DEBUG o.s.security.web.FilterChainProxy - Secured POST /api/auth/login MDC:[traceId=, spanId=]
2025-05-08 23:06:18 [http-nio-8012-exec-10] WARN  o.s.s.c.bcrypt.BCryptPasswordEncoder - Empty encoded password MDC:[traceId=, spanId=]
2025-05-08 23:06:19 [http-nio-8012-exec-1] DEBUG o.s.security.web.FilterChainProxy - Securing POST /api/auth/login MDC:[traceId=, spanId=]
2025-05-08 23:06:19 [http-nio-8012-exec-1] DEBUG o.s.s.w.a.AnonymousAuthenticationFilter - Set SecurityContextHolder to anonymous SecurityContext MDC:[traceId=, spanId=]
2025-05-08 23:06:19 [http-nio-8012-exec-1] DEBUG o.s.security.web.FilterChainProxy - Secured POST /api/auth/login MDC:[traceId=, spanId=]
2025-05-08 23:06:19 [http-nio-8012-exec-1] WARN  o.s.s.c.bcrypt.BCryptPasswordEncoder - Empty encoded password MDC:[traceId=, spanId=]
2025-05-08 23:06:19 [http-nio-8012-exec-2] DEBUG o.s.security.web.FilterChainProxy - Securing POST /api/auth/login MDC:[traceId=, spanId=]
2025-05-08 23:06:19 [http-nio-8012-exec-2] DEBUG o.s.s.w.a.AnonymousAuthenticationFilter - Set SecurityContextHolder to anonymous SecurityContext MDC:[traceId=, spanId=]
2025-05-08 23:06:19 [http-nio-8012-exec-2] DEBUG o.s.security.web.FilterChainProxy - Secured POST /api/auth/login MDC:[traceId=, spanId=]
2025-05-08 23:06:19 [http-nio-8012-exec-2] WARN  o.s.s.c.bcrypt.BCryptPasswordEncoder - Empty encoded password MDC:[traceId=, spanId=]
2025-05-08 23:07:20 [http-nio-8012-exec-3] DEBUG o.s.security.web.FilterChainProxy - Securing POST /api/auth/login MDC:[traceId=, spanId=]
2025-05-08 23:07:20 [http-nio-8012-exec-3] DEBUG o.s.s.w.a.AnonymousAuthenticationFilter - Set SecurityContextHolder to anonymous SecurityContext MDC:[traceId=, spanId=]
2025-05-08 23:07:20 [http-nio-8012-exec-3] DEBUG o.s.security.web.FilterChainProxy - Secured POST /api/auth/login MDC:[traceId=, spanId=]
2025-05-08 23:10:00 [http-nio-8012-exec-4] DEBUG o.s.security.web.FilterChainProxy - Securing POST /api/auth/login MDC:[traceId=, spanId=]
2025-05-08 23:10:00 [http-nio-8012-exec-4] DEBUG o.s.s.w.a.AnonymousAuthenticationFilter - Set SecurityContextHolder to anonymous SecurityContext MDC:[traceId=, spanId=]
2025-05-08 23:10:00 [http-nio-8012-exec-4] DEBUG o.s.security.web.FilterChainProxy - Secured POST /api/auth/login MDC:[traceId=, spanId=]
2025-05-08 23:13:39 [http-nio-8012-exec-5] DEBUG o.s.security.web.FilterChainProxy - Securing POST /api/auth/login MDC:[traceId=, spanId=]
2025-05-08 23:13:40 [http-nio-8012-exec-5] DEBUG o.s.s.w.a.AnonymousAuthenticationFilter - Set SecurityContextHolder to anonymous SecurityContext MDC:[traceId=, spanId=]
2025-05-08 23:13:40 [http-nio-8012-exec-5] DEBUG o.s.security.web.FilterChainProxy - Secured POST /api/auth/login MDC:[traceId=, spanId=]
2025-05-08 23:13:59 [http-nio-8012-exec-6] DEBUG o.s.security.web.FilterChainProxy - Securing POST /api/auth/login MDC:[traceId=, spanId=]
2025-05-08 23:13:59 [http-nio-8012-exec-6] DEBUG o.s.s.w.a.AnonymousAuthenticationFilter - Set SecurityContextHolder to anonymous SecurityContext MDC:[traceId=, spanId=]
2025-05-08 23:13:59 [http-nio-8012-exec-6] DEBUG o.s.security.web.FilterChainProxy - Secured POST /api/auth/login MDC:[traceId=, spanId=]
2025-05-08 23:14:00 [http-nio-8012-exec-6] WARN  o.s.s.c.bcrypt.BCryptPasswordEncoder - Empty encoded password MDC:[traceId=, spanId=]
2025-05-08 23:14:00 [http-nio-8012-exec-7] DEBUG o.s.security.web.FilterChainProxy - Securing POST /api/auth/login MDC:[traceId=, spanId=]
2025-05-08 23:14:00 [http-nio-8012-exec-7] DEBUG o.s.s.w.a.AnonymousAuthenticationFilter - Set SecurityContextHolder to anonymous SecurityContext MDC:[traceId=, spanId=]
2025-05-08 23:14:00 [http-nio-8012-exec-7] DEBUG o.s.security.web.FilterChainProxy - Secured POST /api/auth/login MDC:[traceId=, spanId=]
2025-05-08 23:14:00 [http-nio-8012-exec-7] WARN  o.s.s.c.bcrypt.BCryptPasswordEncoder - Empty encoded password MDC:[traceId=, spanId=]
2025-05-08 23:14:01 [http-nio-8012-exec-8] DEBUG o.s.security.web.FilterChainProxy - Securing POST /api/auth/login MDC:[traceId=, spanId=]
2025-05-08 23:14:01 [http-nio-8012-exec-8] DEBUG o.s.s.w.a.AnonymousAuthenticationFilter - Set SecurityContextHolder to anonymous SecurityContext MDC:[traceId=, spanId=]
2025-05-08 23:14:01 [http-nio-8012-exec-8] DEBUG o.s.security.web.FilterChainProxy - Secured POST /api/auth/login MDC:[traceId=, spanId=]
2025-05-08 23:14:01 [http-nio-8012-exec-8] WARN  o.s.s.c.bcrypt.BCryptPasswordEncoder - Empty encoded password MDC:[traceId=, spanId=]
2025-05-08 23:14:02 [http-nio-8012-exec-9] DEBUG o.s.security.web.FilterChainProxy - Securing POST /api/auth/login MDC:[traceId=, spanId=]
2025-05-08 23:14:02 [http-nio-8012-exec-9] DEBUG o.s.s.w.a.AnonymousAuthenticationFilter - Set SecurityContextHolder to anonymous SecurityContext MDC:[traceId=, spanId=]
2025-05-08 23:14:02 [http-nio-8012-exec-9] DEBUG o.s.security.web.FilterChainProxy - Secured POST /api/auth/login MDC:[traceId=, spanId=]
2025-05-08 23:14:02 [http-nio-8012-exec-9] WARN  o.s.s.c.bcrypt.BCryptPasswordEncoder - Empty encoded password MDC:[traceId=, spanId=]
2025-05-08 23:14:02 [http-nio-8012-exec-10] DEBUG o.s.security.web.FilterChainProxy - Securing POST /api/auth/login MDC:[traceId=, spanId=]
2025-05-08 23:14:02 [http-nio-8012-exec-10] DEBUG o.s.s.w.a.AnonymousAuthenticationFilter - Set SecurityContextHolder to anonymous SecurityContext MDC:[traceId=, spanId=]
2025-05-08 23:14:02 [http-nio-8012-exec-10] DEBUG o.s.security.web.FilterChainProxy - Secured POST /api/auth/login MDC:[traceId=, spanId=]
2025-05-08 23:14:02 [http-nio-8012-exec-10] WARN  o.s.s.c.bcrypt.BCryptPasswordEncoder - Empty encoded password MDC:[traceId=, spanId=]
2025-05-08 23:14:03 [http-nio-8012-exec-1] DEBUG o.s.security.web.FilterChainProxy - Securing POST /api/auth/login MDC:[traceId=, spanId=]
2025-05-08 23:14:03 [http-nio-8012-exec-1] DEBUG o.s.s.w.a.AnonymousAuthenticationFilter - Set SecurityContextHolder to anonymous SecurityContext MDC:[traceId=, spanId=]
2025-05-08 23:14:03 [http-nio-8012-exec-1] DEBUG o.s.security.web.FilterChainProxy - Secured POST /api/auth/login MDC:[traceId=, spanId=]
2025-05-08 23:14:03 [http-nio-8012-exec-1] WARN  o.s.s.c.bcrypt.BCryptPasswordEncoder - Empty encoded password MDC:[traceId=, spanId=]
2025-05-08 23:14:56 [main] INFO  o.s.s.c.a.a.c.InitializeAuthenticationProviderBeanManagerConfigurer$InitializeAuthenticationProviderManagerConfigurer - Global AuthenticationManager configured with AuthenticationProvider bean with name authenticationProvider MDC:[traceId=, spanId=]
2025-05-08 23:14:56 [main] WARN  o.s.s.c.a.a.c.InitializeUserDetailsBeanManagerConfigurer$InitializeUserDetailsManagerConfigurer - Global AuthenticationManager configured with an AuthenticationProvider bean. UserDetailsService beans will not be used for username/password login. Consider removing the AuthenticationProvider bean. Alternatively, consider using the UserDetailsService in a manually instantiated DaoAuthenticationProvider. MDC:[traceId=, spanId=]
2025-05-08 23:14:56 [main] DEBUG o.s.s.web.DefaultSecurityFilterChain - Will secure any request with filters: DisableEncodeUrlFilter, WebAsyncManagerIntegrationFilter, SecurityContextHolderFilter, HeaderWriterFilter, LogoutFilter, JwtFilter, RequestCacheAwareFilter, SecurityContextHolderAwareRequestFilter, AnonymousAuthenticationFilter, SessionManagementFilter, ExceptionTranslationFilter, AuthorizationFilter MDC:[traceId=, spanId=]
2025-05-08 23:15:05 [http-nio-8012-exec-1] DEBUG o.s.security.web.FilterChainProxy - Securing POST /api/auth/login MDC:[traceId=, spanId=]
2025-05-08 23:15:05 [http-nio-8012-exec-1] DEBUG o.s.s.w.a.AnonymousAuthenticationFilter - Set SecurityContextHolder to anonymous SecurityContext MDC:[traceId=, spanId=]
2025-05-08 23:15:05 [http-nio-8012-exec-1] DEBUG o.s.security.web.FilterChainProxy - Secured POST /api/auth/login MDC:[traceId=, spanId=]
2025-05-08 23:15:06 [http-nio-8012-exec-1] WARN  o.s.s.c.bcrypt.BCryptPasswordEncoder - Empty encoded password MDC:[traceId=, spanId=]
2025-05-08 23:15:07 [http-nio-8012-exec-2] DEBUG o.s.security.web.FilterChainProxy - Securing POST /api/auth/login MDC:[traceId=, spanId=]
2025-05-08 23:15:07 [http-nio-8012-exec-2] DEBUG o.s.s.w.a.AnonymousAuthenticationFilter - Set SecurityContextHolder to anonymous SecurityContext MDC:[traceId=, spanId=]
2025-05-08 23:15:07 [http-nio-8012-exec-2] DEBUG o.s.security.web.FilterChainProxy - Secured POST /api/auth/login MDC:[traceId=, spanId=]
2025-05-08 23:15:07 [http-nio-8012-exec-2] WARN  o.s.s.c.bcrypt.BCryptPasswordEncoder - Empty encoded password MDC:[traceId=, spanId=]
2025-05-08 23:15:09 [http-nio-8012-exec-3] DEBUG o.s.security.web.FilterChainProxy - Securing POST /api/auth/login MDC:[traceId=, spanId=]
2025-05-08 23:15:09 [http-nio-8012-exec-3] DEBUG o.s.s.w.a.AnonymousAuthenticationFilter - Set SecurityContextHolder to anonymous SecurityContext MDC:[traceId=, spanId=]
2025-05-08 23:15:09 [http-nio-8012-exec-3] DEBUG o.s.security.web.FilterChainProxy - Secured POST /api/auth/login MDC:[traceId=, spanId=]
2025-05-08 23:15:09 [http-nio-8012-exec-3] WARN  o.s.s.c.bcrypt.BCryptPasswordEncoder - Empty encoded password MDC:[traceId=, spanId=]
2025-05-08 23:15:10 [http-nio-8012-exec-4] DEBUG o.s.security.web.FilterChainProxy - Securing POST /api/auth/login MDC:[traceId=, spanId=]
2025-05-08 23:15:10 [http-nio-8012-exec-4] DEBUG o.s.s.w.a.AnonymousAuthenticationFilter - Set SecurityContextHolder to anonymous SecurityContext MDC:[traceId=, spanId=]
2025-05-08 23:15:10 [http-nio-8012-exec-4] DEBUG o.s.security.web.FilterChainProxy - Secured POST /api/auth/login MDC:[traceId=, spanId=]
2025-05-08 23:15:10 [http-nio-8012-exec-4] WARN  o.s.s.c.bcrypt.BCryptPasswordEncoder - Empty encoded password MDC:[traceId=, spanId=]
2025-05-08 23:15:11 [http-nio-8012-exec-5] DEBUG o.s.security.web.FilterChainProxy - Securing POST /api/auth/login MDC:[traceId=, spanId=]
2025-05-08 23:15:11 [http-nio-8012-exec-5] DEBUG o.s.s.w.a.AnonymousAuthenticationFilter - Set SecurityContextHolder to anonymous SecurityContext MDC:[traceId=, spanId=]
2025-05-08 23:15:11 [http-nio-8012-exec-5] DEBUG o.s.security.web.FilterChainProxy - Secured POST /api/auth/login MDC:[traceId=, spanId=]
2025-05-08 23:15:11 [http-nio-8012-exec-5] WARN  o.s.s.c.bcrypt.BCryptPasswordEncoder - Empty encoded password MDC:[traceId=, spanId=]
2025-05-08 23:15:12 [http-nio-8012-exec-6] DEBUG o.s.security.web.FilterChainProxy - Securing POST /api/auth/login MDC:[traceId=, spanId=]
2025-05-08 23:15:12 [http-nio-8012-exec-6] DEBUG o.s.s.w.a.AnonymousAuthenticationFilter - Set SecurityContextHolder to anonymous SecurityContext MDC:[traceId=, spanId=]
2025-05-08 23:15:12 [http-nio-8012-exec-6] DEBUG o.s.security.web.FilterChainProxy - Secured POST /api/auth/login MDC:[traceId=, spanId=]
2025-05-08 23:15:12 [http-nio-8012-exec-6] WARN  o.s.s.c.bcrypt.BCryptPasswordEncoder - Empty encoded password MDC:[traceId=, spanId=]
2025-05-08 23:15:13 [http-nio-8012-exec-7] DEBUG o.s.security.web.FilterChainProxy - Securing POST /api/auth/login MDC:[traceId=, spanId=]
2025-05-08 23:15:13 [http-nio-8012-exec-7] DEBUG o.s.s.w.a.AnonymousAuthenticationFilter - Set SecurityContextHolder to anonymous SecurityContext MDC:[traceId=, spanId=]
2025-05-08 23:15:13 [http-nio-8012-exec-7] DEBUG o.s.security.web.FilterChainProxy - Secured POST /api/auth/login MDC:[traceId=, spanId=]
2025-05-08 23:15:13 [http-nio-8012-exec-7] WARN  o.s.s.c.bcrypt.BCryptPasswordEncoder - Empty encoded password MDC:[traceId=, spanId=]
2025-05-08 23:15:17 [http-nio-8012-exec-8] DEBUG o.s.security.web.FilterChainProxy - Securing POST /api/auth/login MDC:[traceId=, spanId=]
2025-05-08 23:15:17 [http-nio-8012-exec-8] DEBUG o.s.s.w.a.AnonymousAuthenticationFilter - Set SecurityContextHolder to anonymous SecurityContext MDC:[traceId=, spanId=]
2025-05-08 23:15:17 [http-nio-8012-exec-8] DEBUG o.s.security.web.FilterChainProxy - Secured POST /api/auth/login MDC:[traceId=, spanId=]
2025-05-08 23:15:17 [http-nio-8012-exec-9] DEBUG o.s.security.web.FilterChainProxy - Securing POST /api/auth/login MDC:[traceId=, spanId=]
2025-05-08 23:15:17 [http-nio-8012-exec-9] DEBUG o.s.s.w.a.AnonymousAuthenticationFilter - Set SecurityContextHolder to anonymous SecurityContext MDC:[traceId=, spanId=]
2025-05-08 23:15:17 [http-nio-8012-exec-9] DEBUG o.s.security.web.FilterChainProxy - Secured POST /api/auth/login MDC:[traceId=, spanId=]
2025-05-08 23:15:19 [http-nio-8012-exec-10] DEBUG o.s.security.web.FilterChainProxy - Securing POST /api/auth/login MDC:[traceId=, spanId=]
2025-05-08 23:15:19 [http-nio-8012-exec-10] DEBUG o.s.s.w.a.AnonymousAuthenticationFilter - Set SecurityContextHolder to anonymous SecurityContext MDC:[traceId=, spanId=]
2025-05-08 23:15:19 [http-nio-8012-exec-10] DEBUG o.s.security.web.FilterChainProxy - Secured POST /api/auth/login MDC:[traceId=, spanId=]
2025-05-08 23:15:20 [http-nio-8012-exec-1] DEBUG o.s.security.web.FilterChainProxy - Securing POST /api/auth/login MDC:[traceId=, spanId=]
2025-05-08 23:15:20 [http-nio-8012-exec-1] DEBUG o.s.s.w.a.AnonymousAuthenticationFilter - Set SecurityContextHolder to anonymous SecurityContext MDC:[traceId=, spanId=]
2025-05-08 23:15:20 [http-nio-8012-exec-1] DEBUG o.s.security.web.FilterChainProxy - Secured POST /api/auth/login MDC:[traceId=, spanId=]
2025-05-08 23:15:20 [http-nio-8012-exec-2] DEBUG o.s.security.web.FilterChainProxy - Securing POST /api/auth/login MDC:[traceId=, spanId=]
2025-05-08 23:15:20 [http-nio-8012-exec-2] DEBUG o.s.s.w.a.AnonymousAuthenticationFilter - Set SecurityContextHolder to anonymous SecurityContext MDC:[traceId=, spanId=]
2025-05-08 23:15:20 [http-nio-8012-exec-2] DEBUG o.s.security.web.FilterChainProxy - Secured POST /api/auth/login MDC:[traceId=, spanId=]
2025-05-08 23:15:21 [http-nio-8012-exec-3] DEBUG o.s.security.web.FilterChainProxy - Securing POST /api/auth/login MDC:[traceId=, spanId=]
2025-05-08 23:15:21 [http-nio-8012-exec-3] DEBUG o.s.s.w.a.AnonymousAuthenticationFilter - Set SecurityContextHolder to anonymous SecurityContext MDC:[traceId=, spanId=]
2025-05-08 23:15:21 [http-nio-8012-exec-3] DEBUG o.s.security.web.FilterChainProxy - Secured POST /api/auth/login MDC:[traceId=, spanId=]
2025-05-08 23:15:22 [http-nio-8012-exec-4] DEBUG o.s.security.web.FilterChainProxy - Securing POST /api/auth/login MDC:[traceId=, spanId=]
2025-05-08 23:15:22 [http-nio-8012-exec-4] DEBUG o.s.s.w.a.AnonymousAuthenticationFilter - Set SecurityContextHolder to anonymous SecurityContext MDC:[traceId=, spanId=]
2025-05-08 23:15:22 [http-nio-8012-exec-4] DEBUG o.s.security.web.FilterChainProxy - Secured POST /api/auth/login MDC:[traceId=, spanId=]
2025-05-08 23:15:31 [http-nio-8012-exec-5] DEBUG o.s.security.web.FilterChainProxy - Securing POST /api/auth/login MDC:[traceId=, spanId=]
2025-05-08 23:15:31 [http-nio-8012-exec-5] DEBUG o.s.s.w.a.AnonymousAuthenticationFilter - Set SecurityContextHolder to anonymous SecurityContext MDC:[traceId=, spanId=]
2025-05-08 23:15:31 [http-nio-8012-exec-5] DEBUG o.s.security.web.FilterChainProxy - Secured POST /api/auth/login MDC:[traceId=, spanId=]
2025-05-08 23:15:31 [http-nio-8012-exec-5] WARN  o.s.s.c.bcrypt.BCryptPasswordEncoder - Empty encoded password MDC:[traceId=, spanId=]
2025-05-08 23:15:32 [http-nio-8012-exec-6] DEBUG o.s.security.web.FilterChainProxy - Securing POST /api/auth/login MDC:[traceId=, spanId=]
2025-05-08 23:15:32 [http-nio-8012-exec-6] DEBUG o.s.s.w.a.AnonymousAuthenticationFilter - Set SecurityContextHolder to anonymous SecurityContext MDC:[traceId=, spanId=]
2025-05-08 23:15:32 [http-nio-8012-exec-6] DEBUG o.s.security.web.FilterChainProxy - Secured POST /api/auth/login MDC:[traceId=, spanId=]
2025-05-08 23:15:32 [http-nio-8012-exec-6] WARN  o.s.s.c.bcrypt.BCryptPasswordEncoder - Empty encoded password MDC:[traceId=, spanId=]
2025-05-08 23:15:32 [http-nio-8012-exec-7] DEBUG o.s.security.web.FilterChainProxy - Securing POST /api/auth/login MDC:[traceId=, spanId=]
2025-05-08 23:15:32 [http-nio-8012-exec-7] DEBUG o.s.s.w.a.AnonymousAuthenticationFilter - Set SecurityContextHolder to anonymous SecurityContext MDC:[traceId=, spanId=]
2025-05-08 23:15:32 [http-nio-8012-exec-7] DEBUG o.s.security.web.FilterChainProxy - Secured POST /api/auth/login MDC:[traceId=, spanId=]
2025-05-08 23:15:33 [http-nio-8012-exec-7] WARN  o.s.s.c.bcrypt.BCryptPasswordEncoder - Empty encoded password MDC:[traceId=, spanId=]
2025-05-08 23:15:33 [http-nio-8012-exec-8] DEBUG o.s.security.web.FilterChainProxy - Securing POST /api/auth/login MDC:[traceId=, spanId=]
2025-05-08 23:15:33 [http-nio-8012-exec-8] DEBUG o.s.s.w.a.AnonymousAuthenticationFilter - Set SecurityContextHolder to anonymous SecurityContext MDC:[traceId=, spanId=]
2025-05-08 23:15:33 [http-nio-8012-exec-8] DEBUG o.s.security.web.FilterChainProxy - Secured POST /api/auth/login MDC:[traceId=, spanId=]
2025-05-08 23:15:33 [http-nio-8012-exec-8] WARN  o.s.s.c.bcrypt.BCryptPasswordEncoder - Empty encoded password MDC:[traceId=, spanId=]
2025-05-08 23:15:34 [http-nio-8012-exec-9] DEBUG o.s.security.web.FilterChainProxy - Securing POST /api/auth/login MDC:[traceId=, spanId=]
2025-05-08 23:15:34 [http-nio-8012-exec-9] DEBUG o.s.s.w.a.AnonymousAuthenticationFilter - Set SecurityContextHolder to anonymous SecurityContext MDC:[traceId=, spanId=]
2025-05-08 23:15:34 [http-nio-8012-exec-9] DEBUG o.s.security.web.FilterChainProxy - Secured POST /api/auth/login MDC:[traceId=, spanId=]
2025-05-08 23:15:34 [http-nio-8012-exec-9] WARN  o.s.s.c.bcrypt.BCryptPasswordEncoder - Empty encoded password MDC:[traceId=, spanId=]
2025-05-08 23:15:35 [http-nio-8012-exec-10] DEBUG o.s.security.web.FilterChainProxy - Securing POST /api/auth/login MDC:[traceId=, spanId=]
2025-05-08 23:15:35 [http-nio-8012-exec-10] DEBUG o.s.s.w.a.AnonymousAuthenticationFilter - Set SecurityContextHolder to anonymous SecurityContext MDC:[traceId=, spanId=]
2025-05-08 23:15:35 [http-nio-8012-exec-10] DEBUG o.s.security.web.FilterChainProxy - Secured POST /api/auth/login MDC:[traceId=, spanId=]
2025-05-08 23:15:35 [http-nio-8012-exec-10] WARN  o.s.s.c.bcrypt.BCryptPasswordEncoder - Empty encoded password MDC:[traceId=, spanId=]
2025-05-08 23:16:13 [main] INFO  o.s.s.c.a.a.c.InitializeAuthenticationProviderBeanManagerConfigurer$InitializeAuthenticationProviderManagerConfigurer - Global AuthenticationManager configured with AuthenticationProvider bean with name authenticationProvider MDC:[traceId=, spanId=]
2025-05-08 23:16:13 [main] WARN  o.s.s.c.a.a.c.InitializeUserDetailsBeanManagerConfigurer$InitializeUserDetailsManagerConfigurer - Global AuthenticationManager configured with an AuthenticationProvider bean. UserDetailsService beans will not be used for username/password login. Consider removing the AuthenticationProvider bean. Alternatively, consider using the UserDetailsService in a manually instantiated DaoAuthenticationProvider. MDC:[traceId=, spanId=]
2025-05-08 23:16:13 [main] DEBUG o.s.s.web.DefaultSecurityFilterChain - Will secure any request with filters: DisableEncodeUrlFilter, WebAsyncManagerIntegrationFilter, SecurityContextHolderFilter, HeaderWriterFilter, LogoutFilter, JwtFilter, RequestCacheAwareFilter, SecurityContextHolderAwareRequestFilter, AnonymousAuthenticationFilter, SessionManagementFilter, ExceptionTranslationFilter, AuthorizationFilter MDC:[traceId=, spanId=]
2025-05-08 23:16:44 [http-nio-8012-exec-1] DEBUG o.s.security.web.FilterChainProxy - Securing POST /api/auth/login MDC:[traceId=, spanId=]
2025-05-08 23:16:44 [http-nio-8012-exec-1] DEBUG o.s.s.w.a.AnonymousAuthenticationFilter - Set SecurityContextHolder to anonymous SecurityContext MDC:[traceId=, spanId=]
2025-05-08 23:16:44 [http-nio-8012-exec-1] DEBUG o.s.security.web.FilterChainProxy - Secured POST /api/auth/login MDC:[traceId=, spanId=]
2025-05-08 23:16:50 [http-nio-8012-exec-2] DEBUG o.s.security.web.FilterChainProxy - Securing POST /api/auth/login MDC:[traceId=, spanId=]
2025-05-08 23:16:50 [http-nio-8012-exec-2] DEBUG o.s.s.w.a.AnonymousAuthenticationFilter - Set SecurityContextHolder to anonymous SecurityContext MDC:[traceId=, spanId=]
2025-05-08 23:16:50 [http-nio-8012-exec-2] DEBUG o.s.security.web.FilterChainProxy - Secured POST /api/auth/login MDC:[traceId=, spanId=]
2025-05-08 23:16:51 [http-nio-8012-exec-3] DEBUG o.s.security.web.FilterChainProxy - Securing POST /api/auth/login MDC:[traceId=, spanId=]
2025-05-08 23:16:51 [http-nio-8012-exec-3] DEBUG o.s.s.w.a.AnonymousAuthenticationFilter - Set SecurityContextHolder to anonymous SecurityContext MDC:[traceId=, spanId=]
2025-05-08 23:16:51 [http-nio-8012-exec-3] DEBUG o.s.security.web.FilterChainProxy - Secured POST /api/auth/login MDC:[traceId=, spanId=]
2025-05-08 23:16:52 [http-nio-8012-exec-4] DEBUG o.s.security.web.FilterChainProxy - Securing POST /api/auth/login MDC:[traceId=, spanId=]
2025-05-08 23:16:52 [http-nio-8012-exec-4] DEBUG o.s.s.w.a.AnonymousAuthenticationFilter - Set SecurityContextHolder to anonymous SecurityContext MDC:[traceId=, spanId=]
2025-05-08 23:16:52 [http-nio-8012-exec-4] DEBUG o.s.security.web.FilterChainProxy - Secured POST /api/auth/login MDC:[traceId=, spanId=]
2025-05-08 23:16:54 [http-nio-8012-exec-5] DEBUG o.s.security.web.FilterChainProxy - Securing POST /api/auth/login MDC:[traceId=, spanId=]
2025-05-08 23:16:54 [http-nio-8012-exec-5] DEBUG o.s.s.w.a.AnonymousAuthenticationFilter - Set SecurityContextHolder to anonymous SecurityContext MDC:[traceId=, spanId=]
2025-05-08 23:16:54 [http-nio-8012-exec-5] DEBUG o.s.security.web.FilterChainProxy - Secured POST /api/auth/login MDC:[traceId=, spanId=]
2025-05-08 23:16:54 [http-nio-8012-exec-6] DEBUG o.s.security.web.FilterChainProxy - Securing POST /api/auth/login MDC:[traceId=, spanId=]
2025-05-08 23:16:54 [http-nio-8012-exec-6] DEBUG o.s.s.w.a.AnonymousAuthenticationFilter - Set SecurityContextHolder to anonymous SecurityContext MDC:[traceId=, spanId=]
2025-05-08 23:16:54 [http-nio-8012-exec-6] DEBUG o.s.security.web.FilterChainProxy - Secured POST /api/auth/login MDC:[traceId=, spanId=]
2025-05-08 23:16:55 [http-nio-8012-exec-7] DEBUG o.s.security.web.FilterChainProxy - Securing POST /api/auth/login MDC:[traceId=, spanId=]
2025-05-08 23:16:55 [http-nio-8012-exec-7] DEBUG o.s.s.w.a.AnonymousAuthenticationFilter - Set SecurityContextHolder to anonymous SecurityContext MDC:[traceId=, spanId=]
2025-05-08 23:16:55 [http-nio-8012-exec-7] DEBUG o.s.security.web.FilterChainProxy - Secured POST /api/auth/login MDC:[traceId=, spanId=]
2025-05-08 23:16:56 [http-nio-8012-exec-8] DEBUG o.s.security.web.FilterChainProxy - Securing POST /api/auth/login MDC:[traceId=, spanId=]
2025-05-08 23:16:56 [http-nio-8012-exec-8] DEBUG o.s.s.w.a.AnonymousAuthenticationFilter - Set SecurityContextHolder to anonymous SecurityContext MDC:[traceId=, spanId=]
2025-05-08 23:16:56 [http-nio-8012-exec-8] DEBUG o.s.security.web.FilterChainProxy - Secured POST /api/auth/login MDC:[traceId=, spanId=]
2025-05-08 23:16:58 [http-nio-8012-exec-9] DEBUG o.s.security.web.FilterChainProxy - Securing POST /api/auth/login MDC:[traceId=, spanId=]
2025-05-08 23:16:58 [http-nio-8012-exec-9] DEBUG o.s.s.w.a.AnonymousAuthenticationFilter - Set SecurityContextHolder to anonymous SecurityContext MDC:[traceId=, spanId=]
2025-05-08 23:16:58 [http-nio-8012-exec-9] DEBUG o.s.security.web.FilterChainProxy - Secured POST /api/auth/login MDC:[traceId=, spanId=]
2025-05-08 23:16:59 [http-nio-8012-exec-10] DEBUG o.s.security.web.FilterChainProxy - Securing POST /api/auth/login MDC:[traceId=, spanId=]
2025-05-08 23:16:59 [http-nio-8012-exec-10] DEBUG o.s.s.w.a.AnonymousAuthenticationFilter - Set SecurityContextHolder to anonymous SecurityContext MDC:[traceId=, spanId=]
2025-05-08 23:16:59 [http-nio-8012-exec-10] DEBUG o.s.security.web.FilterChainProxy - Secured POST /api/auth/login MDC:[traceId=, spanId=]
2025-05-08 23:17:01 [http-nio-8012-exec-1] DEBUG o.s.security.web.FilterChainProxy - Securing POST /api/auth/login MDC:[traceId=, spanId=]
2025-05-08 23:17:01 [http-nio-8012-exec-1] DEBUG o.s.s.w.a.AnonymousAuthenticationFilter - Set SecurityContextHolder to anonymous SecurityContext MDC:[traceId=, spanId=]
2025-05-08 23:17:01 [http-nio-8012-exec-1] DEBUG o.s.security.web.FilterChainProxy - Secured POST /api/auth/login MDC:[traceId=, spanId=]
2025-05-08 23:17:02 [http-nio-8012-exec-2] DEBUG o.s.security.web.FilterChainProxy - Securing POST /api/auth/login MDC:[traceId=, spanId=]
2025-05-08 23:17:02 [http-nio-8012-exec-2] DEBUG o.s.s.w.a.AnonymousAuthenticationFilter - Set SecurityContextHolder to anonymous SecurityContext MDC:[traceId=, spanId=]
2025-05-08 23:17:02 [http-nio-8012-exec-2] DEBUG o.s.security.web.FilterChainProxy - Secured POST /api/auth/login MDC:[traceId=, spanId=]
2025-05-08 23:17:09 [http-nio-8012-exec-3] DEBUG o.s.security.web.FilterChainProxy - Securing POST /api/auth/login MDC:[traceId=, spanId=]
2025-05-08 23:17:09 [http-nio-8012-exec-3] DEBUG o.s.s.w.a.AnonymousAuthenticationFilter - Set SecurityContextHolder to anonymous SecurityContext MDC:[traceId=, spanId=]
2025-05-08 23:17:09 [http-nio-8012-exec-3] DEBUG o.s.security.web.FilterChainProxy - Secured POST /api/auth/login MDC:[traceId=, spanId=]
2025-05-08 23:17:09 [http-nio-8012-exec-3] WARN  o.s.s.c.bcrypt.BCryptPasswordEncoder - Empty encoded password MDC:[traceId=, spanId=]
2025-05-08 23:17:10 [http-nio-8012-exec-4] DEBUG o.s.security.web.FilterChainProxy - Securing POST /api/auth/login MDC:[traceId=, spanId=]
2025-05-08 23:17:10 [http-nio-8012-exec-4] DEBUG o.s.s.w.a.AnonymousAuthenticationFilter - Set SecurityContextHolder to anonymous SecurityContext MDC:[traceId=, spanId=]
2025-05-08 23:17:10 [http-nio-8012-exec-4] DEBUG o.s.security.web.FilterChainProxy - Secured POST /api/auth/login MDC:[traceId=, spanId=]
2025-05-08 23:17:10 [http-nio-8012-exec-4] WARN  o.s.s.c.bcrypt.BCryptPasswordEncoder - Empty encoded password MDC:[traceId=, spanId=]
2025-05-08 23:17:17 [http-nio-8012-exec-5] DEBUG o.s.security.web.FilterChainProxy - Securing POST /api/auth/login MDC:[traceId=, spanId=]
2025-05-08 23:17:17 [http-nio-8012-exec-5] DEBUG o.s.s.w.a.AnonymousAuthenticationFilter - Set SecurityContextHolder to anonymous SecurityContext MDC:[traceId=, spanId=]
2025-05-08 23:17:17 [http-nio-8012-exec-5] DEBUG o.s.security.web.FilterChainProxy - Secured POST /api/auth/login MDC:[traceId=, spanId=]
2025-05-08 23:17:17 [http-nio-8012-exec-5] WARN  o.s.s.c.bcrypt.BCryptPasswordEncoder - Empty encoded password MDC:[traceId=, spanId=]
2025-05-08 23:17:17 [http-nio-8012-exec-6] DEBUG o.s.security.web.FilterChainProxy - Securing POST /api/auth/login MDC:[traceId=, spanId=]
2025-05-08 23:17:17 [http-nio-8012-exec-6] DEBUG o.s.s.w.a.AnonymousAuthenticationFilter - Set SecurityContextHolder to anonymous SecurityContext MDC:[traceId=, spanId=]
2025-05-08 23:17:17 [http-nio-8012-exec-6] DEBUG o.s.security.web.FilterChainProxy - Secured POST /api/auth/login MDC:[traceId=, spanId=]
2025-05-08 23:17:17 [http-nio-8012-exec-6] WARN  o.s.s.c.bcrypt.BCryptPasswordEncoder - Empty encoded password MDC:[traceId=, spanId=]
2025-05-08 23:17:18 [http-nio-8012-exec-7] DEBUG o.s.security.web.FilterChainProxy - Securing POST /api/auth/login MDC:[traceId=, spanId=]
2025-05-08 23:17:18 [http-nio-8012-exec-7] DEBUG o.s.s.w.a.AnonymousAuthenticationFilter - Set SecurityContextHolder to anonymous SecurityContext MDC:[traceId=, spanId=]
2025-05-08 23:17:18 [http-nio-8012-exec-7] DEBUG o.s.security.web.FilterChainProxy - Secured POST /api/auth/login MDC:[traceId=, spanId=]
2025-05-08 23:17:18 [http-nio-8012-exec-7] WARN  o.s.s.c.bcrypt.BCryptPasswordEncoder - Empty encoded password MDC:[traceId=, spanId=]
2025-05-08 23:25:01 [http-nio-8012-exec-8] DEBUG o.s.security.web.FilterChainProxy - Securing POST /api/auth/login MDC:[traceId=, spanId=]
2025-05-08 23:25:01 [http-nio-8012-exec-8] DEBUG o.s.s.w.a.AnonymousAuthenticationFilter - Set SecurityContextHolder to anonymous SecurityContext MDC:[traceId=, spanId=]
2025-05-08 23:25:01 [http-nio-8012-exec-8] DEBUG o.s.security.web.FilterChainProxy - Secured POST /api/auth/login MDC:[traceId=, spanId=]
2025-05-08 23:33:08 [http-nio-8012-exec-10] DEBUG o.s.security.web.FilterChainProxy - Securing POST /api/auth/login MDC:[traceId=, spanId=]
2025-05-08 23:33:09 [http-nio-8012-exec-10] DEBUG o.s.s.w.a.AnonymousAuthenticationFilter - Set SecurityContextHolder to anonymous SecurityContext MDC:[traceId=, spanId=]
2025-05-08 23:33:09 [http-nio-8012-exec-10] DEBUG o.s.security.web.FilterChainProxy - Secured POST /api/auth/login MDC:[traceId=, spanId=]
