2025-05-04 00:19:35 [main] INFO  o.s.s.c.a.a.c.InitializeAuthenticationProviderBeanManagerConfigurer$InitializeAuthenticationProviderManagerConfigurer - Global AuthenticationManager configured with AuthenticationProvider bean with name authenticationProvider MDC:[traceId=, spanId=]
2025-05-04 00:19:35 [main] WARN  o.s.s.c.a.a.c.InitializeUserDetailsBeanManagerConfigurer$InitializeUserDetailsManagerConfigurer - Global AuthenticationManager configured with an AuthenticationProvider bean. UserDetailsService beans will not be used for username/password login. Consider removing the AuthenticationProvider bean. Alternatively, consider using the UserDetailsService in a manually instantiated DaoAuthenticationProvider. MDC:[traceId=, spanId=]
2025-05-04 00:19:36 [main] DEBUG o.s.s.web.DefaultSecurityFilterChain - Will secure any request with filters: DisableEncodeUrlFilter, WebAsyncManagerIntegrationFilter, SecurityContextHolderFilter, HeaderWriterFilter, LogoutFilter, JwtFilter, RequestCacheAwareFilter, SecurityContextHolderAwareRequestFilter, AnonymousAuthenticationFilter, SessionManagementFilter, ExceptionTranslationFilter, AuthorizationFilter MDC:[traceId=, spanId=]
2025-05-04 00:20:32 [http-nio-8012-exec-3] DEBUG o.s.security.web.FilterChainProxy - Securing POST /api/auth/login MDC:[traceId=, spanId=]
2025-05-04 00:20:33 [http-nio-8012-exec-3] DEBUG o.s.s.w.a.AnonymousAuthenticationFilter - Set SecurityContextHolder to anonymous SecurityContext MDC:[traceId=, spanId=]
2025-05-04 00:20:33 [http-nio-8012-exec-3] DEBUG o.s.security.web.FilterChainProxy - Secured POST /api/auth/login MDC:[traceId=, spanId=]
2025-05-04 00:20:33 [http-nio-8012-exec-3] DEBUG o.s.security.web.FilterChainProxy - Securing POST /error MDC:[traceId=, spanId=]
2025-05-04 00:20:33 [http-nio-8012-exec-3] DEBUG o.s.s.w.a.AnonymousAuthenticationFilter - Set SecurityContextHolder to anonymous SecurityContext MDC:[traceId=, spanId=]
2025-05-04 00:20:56 [http-nio-8012-exec-2] DEBUG o.s.security.web.FilterChainProxy - Securing POST /api/auth/login MDC:[traceId=, spanId=]
2025-05-04 00:20:56 [http-nio-8012-exec-2] DEBUG o.s.s.w.a.AnonymousAuthenticationFilter - Set SecurityContextHolder to anonymous SecurityContext MDC:[traceId=, spanId=]
2025-05-04 00:20:56 [http-nio-8012-exec-2] DEBUG o.s.security.web.FilterChainProxy - Secured POST /api/auth/login MDC:[traceId=, spanId=]
2025-05-04 00:20:56 [http-nio-8012-exec-2] DEBUG o.s.security.web.FilterChainProxy - Securing POST /error MDC:[traceId=, spanId=]
2025-05-04 00:20:56 [http-nio-8012-exec-2] DEBUG o.s.s.w.a.AnonymousAuthenticationFilter - Set SecurityContextHolder to anonymous SecurityContext MDC:[traceId=, spanId=]
2025-05-04 00:22:50 [main] INFO  o.s.s.c.a.a.c.InitializeAuthenticationProviderBeanManagerConfigurer$InitializeAuthenticationProviderManagerConfigurer - Global AuthenticationManager configured with AuthenticationProvider bean with name authenticationProvider MDC:[traceId=, spanId=]
2025-05-04 00:22:50 [main] WARN  o.s.s.c.a.a.c.InitializeUserDetailsBeanManagerConfigurer$InitializeUserDetailsManagerConfigurer - Global AuthenticationManager configured with an AuthenticationProvider bean. UserDetailsService beans will not be used for username/password login. Consider removing the AuthenticationProvider bean. Alternatively, consider using the UserDetailsService in a manually instantiated DaoAuthenticationProvider. MDC:[traceId=, spanId=]
2025-05-04 00:22:50 [main] DEBUG o.s.s.web.DefaultSecurityFilterChain - Will secure any request with filters: DisableEncodeUrlFilter, WebAsyncManagerIntegrationFilter, SecurityContextHolderFilter, HeaderWriterFilter, LogoutFilter, JwtFilter, RequestCacheAwareFilter, SecurityContextHolderAwareRequestFilter, AnonymousAuthenticationFilter, SessionManagementFilter, ExceptionTranslationFilter, AuthorizationFilter MDC:[traceId=, spanId=]
2025-05-04 00:22:56 [http-nio-8012-exec-1] DEBUG o.s.security.web.FilterChainProxy - Securing POST /api/auth/login MDC:[traceId=, spanId=]
2025-05-04 00:22:56 [http-nio-8012-exec-1] DEBUG o.s.s.w.a.AnonymousAuthenticationFilter - Set SecurityContextHolder to anonymous SecurityContext MDC:[traceId=, spanId=]
2025-05-04 00:22:56 [http-nio-8012-exec-1] DEBUG o.s.security.web.FilterChainProxy - Secured POST /api/auth/login MDC:[traceId=, spanId=]
2025-05-04 00:22:57 [http-nio-8012-exec-1] DEBUG o.s.security.web.FilterChainProxy - Securing POST /error MDC:[traceId=, spanId=]
2025-05-04 00:22:57 [http-nio-8012-exec-1] DEBUG o.s.s.w.a.AnonymousAuthenticationFilter - Set SecurityContextHolder to anonymous SecurityContext MDC:[traceId=, spanId=]
2025-05-04 00:23:15 [http-nio-8012-exec-3] DEBUG o.s.security.web.FilterChainProxy - Securing POST /api/auth/login MDC:[traceId=, spanId=]
2025-05-04 00:23:15 [http-nio-8012-exec-3] DEBUG o.s.s.w.a.AnonymousAuthenticationFilter - Set SecurityContextHolder to anonymous SecurityContext MDC:[traceId=, spanId=]
2025-05-04 00:23:15 [http-nio-8012-exec-3] DEBUG o.s.security.web.FilterChainProxy - Secured POST /api/auth/login MDC:[traceId=, spanId=]
2025-05-04 00:23:15 [http-nio-8012-exec-3] DEBUG o.s.security.web.FilterChainProxy - Securing POST /error MDC:[traceId=, spanId=]
2025-05-04 00:23:15 [http-nio-8012-exec-3] DEBUG o.s.s.w.a.AnonymousAuthenticationFilter - Set SecurityContextHolder to anonymous SecurityContext MDC:[traceId=, spanId=]
2025-05-04 00:23:21 [http-nio-8012-exec-4] DEBUG o.s.security.web.FilterChainProxy - Securing POST /api/auth/login MDC:[traceId=, spanId=]
2025-05-04 00:23:21 [http-nio-8012-exec-4] DEBUG o.s.s.w.a.AnonymousAuthenticationFilter - Set SecurityContextHolder to anonymous SecurityContext MDC:[traceId=, spanId=]
2025-05-04 00:23:21 [http-nio-8012-exec-4] DEBUG o.s.security.web.FilterChainProxy - Secured POST /api/auth/login MDC:[traceId=, spanId=]
2025-05-04 00:23:21 [http-nio-8012-exec-4] DEBUG o.s.security.web.FilterChainProxy - Securing POST /error MDC:[traceId=, spanId=]
2025-05-04 00:23:21 [http-nio-8012-exec-4] DEBUG o.s.s.w.a.AnonymousAuthenticationFilter - Set SecurityContextHolder to anonymous SecurityContext MDC:[traceId=, spanId=]
2025-05-04 00:24:36 [main] INFO  o.s.s.c.a.a.c.InitializeAuthenticationProviderBeanManagerConfigurer$InitializeAuthenticationProviderManagerConfigurer - Global AuthenticationManager configured with AuthenticationProvider bean with name authenticationProvider MDC:[traceId=, spanId=]
2025-05-04 00:24:36 [main] WARN  o.s.s.c.a.a.c.InitializeUserDetailsBeanManagerConfigurer$InitializeUserDetailsManagerConfigurer - Global AuthenticationManager configured with an AuthenticationProvider bean. UserDetailsService beans will not be used for username/password login. Consider removing the AuthenticationProvider bean. Alternatively, consider using the UserDetailsService in a manually instantiated DaoAuthenticationProvider. MDC:[traceId=, spanId=]
2025-05-04 00:24:36 [main] DEBUG o.s.s.web.DefaultSecurityFilterChain - Will secure any request with filters: DisableEncodeUrlFilter, WebAsyncManagerIntegrationFilter, SecurityContextHolderFilter, HeaderWriterFilter, LogoutFilter, JwtFilter, RequestCacheAwareFilter, SecurityContextHolderAwareRequestFilter, AnonymousAuthenticationFilter, SessionManagementFilter, ExceptionTranslationFilter, AuthorizationFilter MDC:[traceId=, spanId=]
2025-05-04 00:24:42 [http-nio-8012-exec-1] DEBUG o.s.security.web.FilterChainProxy - Securing POST /api/auth/login MDC:[traceId=, spanId=]
2025-05-04 00:24:42 [http-nio-8012-exec-1] DEBUG o.s.s.w.a.AnonymousAuthenticationFilter - Set SecurityContextHolder to anonymous SecurityContext MDC:[traceId=, spanId=]
2025-05-04 00:24:42 [http-nio-8012-exec-1] DEBUG o.s.security.web.FilterChainProxy - Secured POST /api/auth/login MDC:[traceId=, spanId=]
2025-05-04 00:27:24 [main] INFO  o.s.s.c.a.a.c.InitializeAuthenticationProviderBeanManagerConfigurer$InitializeAuthenticationProviderManagerConfigurer - Global AuthenticationManager configured with AuthenticationProvider bean with name authenticationProvider MDC:[traceId=, spanId=]
2025-05-04 00:27:24 [main] WARN  o.s.s.c.a.a.c.InitializeUserDetailsBeanManagerConfigurer$InitializeUserDetailsManagerConfigurer - Global AuthenticationManager configured with an AuthenticationProvider bean. UserDetailsService beans will not be used for username/password login. Consider removing the AuthenticationProvider bean. Alternatively, consider using the UserDetailsService in a manually instantiated DaoAuthenticationProvider. MDC:[traceId=, spanId=]
2025-05-04 00:27:24 [main] DEBUG o.s.s.web.DefaultSecurityFilterChain - Will secure any request with filters: DisableEncodeUrlFilter, WebAsyncManagerIntegrationFilter, SecurityContextHolderFilter, HeaderWriterFilter, LogoutFilter, JwtFilter, RequestCacheAwareFilter, SecurityContextHolderAwareRequestFilter, AnonymousAuthenticationFilter, SessionManagementFilter, ExceptionTranslationFilter, AuthorizationFilter MDC:[traceId=, spanId=]
2025-05-04 00:27:31 [http-nio-8012-exec-1] DEBUG o.s.security.web.FilterChainProxy - Securing POST /api/auth/login MDC:[traceId=, spanId=]
2025-05-04 00:27:31 [http-nio-8012-exec-1] DEBUG o.s.s.w.a.AnonymousAuthenticationFilter - Set SecurityContextHolder to anonymous SecurityContext MDC:[traceId=, spanId=]
2025-05-04 00:27:31 [http-nio-8012-exec-1] DEBUG o.s.security.web.FilterChainProxy - Secured POST /api/auth/login MDC:[traceId=, spanId=]
2025-05-04 00:27:31 [http-nio-8012-exec-1] DEBUG o.s.security.web.FilterChainProxy - Securing POST /error MDC:[traceId=, spanId=]
2025-05-04 00:27:31 [http-nio-8012-exec-1] DEBUG o.s.s.w.a.AnonymousAuthenticationFilter - Set SecurityContextHolder to anonymous SecurityContext MDC:[traceId=, spanId=]
2025-05-04 00:28:30 [main] INFO  o.s.s.c.a.a.c.InitializeAuthenticationProviderBeanManagerConfigurer$InitializeAuthenticationProviderManagerConfigurer - Global AuthenticationManager configured with AuthenticationProvider bean with name authenticationProvider MDC:[traceId=, spanId=]
2025-05-04 00:28:30 [main] WARN  o.s.s.c.a.a.c.InitializeUserDetailsBeanManagerConfigurer$InitializeUserDetailsManagerConfigurer - Global AuthenticationManager configured with an AuthenticationProvider bean. UserDetailsService beans will not be used for username/password login. Consider removing the AuthenticationProvider bean. Alternatively, consider using the UserDetailsService in a manually instantiated DaoAuthenticationProvider. MDC:[traceId=, spanId=]
2025-05-04 00:28:30 [main] DEBUG o.s.s.web.DefaultSecurityFilterChain - Will secure any request with filters: DisableEncodeUrlFilter, WebAsyncManagerIntegrationFilter, SecurityContextHolderFilter, HeaderWriterFilter, LogoutFilter, JwtFilter, RequestCacheAwareFilter, SecurityContextHolderAwareRequestFilter, AnonymousAuthenticationFilter, SessionManagementFilter, ExceptionTranslationFilter, AuthorizationFilter MDC:[traceId=, spanId=]
2025-05-04 00:28:41 [http-nio-8012-exec-1] DEBUG o.s.security.web.FilterChainProxy - Securing POST /api/auth/login MDC:[traceId=, spanId=]
2025-05-04 00:28:41 [http-nio-8012-exec-1] DEBUG o.s.s.w.a.AnonymousAuthenticationFilter - Set SecurityContextHolder to anonymous SecurityContext MDC:[traceId=, spanId=]
2025-05-04 00:28:41 [http-nio-8012-exec-1] DEBUG o.s.security.web.FilterChainProxy - Secured POST /api/auth/login MDC:[traceId=, spanId=]
2025-05-04 00:28:41 [http-nio-8012-exec-1] DEBUG o.s.security.web.FilterChainProxy - Securing POST /error MDC:[traceId=, spanId=]
2025-05-04 00:28:41 [http-nio-8012-exec-1] DEBUG o.s.s.w.a.AnonymousAuthenticationFilter - Set SecurityContextHolder to anonymous SecurityContext MDC:[traceId=, spanId=]
2025-05-04 00:31:29 [main] INFO  o.s.s.c.a.a.c.InitializeAuthenticationProviderBeanManagerConfigurer$InitializeAuthenticationProviderManagerConfigurer - Global AuthenticationManager configured with AuthenticationProvider bean with name authenticationProvider MDC:[traceId=, spanId=]
2025-05-04 00:31:29 [main] WARN  o.s.s.c.a.a.c.InitializeUserDetailsBeanManagerConfigurer$InitializeUserDetailsManagerConfigurer - Global AuthenticationManager configured with an AuthenticationProvider bean. UserDetailsService beans will not be used for username/password login. Consider removing the AuthenticationProvider bean. Alternatively, consider using the UserDetailsService in a manually instantiated DaoAuthenticationProvider. MDC:[traceId=, spanId=]
2025-05-04 00:31:29 [main] DEBUG o.s.s.web.DefaultSecurityFilterChain - Will secure any request with filters: DisableEncodeUrlFilter, WebAsyncManagerIntegrationFilter, SecurityContextHolderFilter, HeaderWriterFilter, LogoutFilter, JwtFilter, RequestCacheAwareFilter, SecurityContextHolderAwareRequestFilter, AnonymousAuthenticationFilter, SessionManagementFilter, ExceptionTranslationFilter, AuthorizationFilter MDC:[traceId=, spanId=]
2025-05-04 00:31:36 [http-nio-8012-exec-2] DEBUG o.s.security.web.FilterChainProxy - Securing POST /api/auth/login MDC:[traceId=, spanId=]
2025-05-04 00:31:36 [http-nio-8012-exec-2] DEBUG o.s.s.w.a.AnonymousAuthenticationFilter - Set SecurityContextHolder to anonymous SecurityContext MDC:[traceId=, spanId=]
2025-05-04 00:31:36 [http-nio-8012-exec-2] DEBUG o.s.security.web.FilterChainProxy - Secured POST /api/auth/login MDC:[traceId=, spanId=]
2025-05-04 00:31:36 [http-nio-8012-exec-2] DEBUG o.s.security.web.FilterChainProxy - Securing POST /error MDC:[traceId=, spanId=]
2025-05-04 00:31:36 [http-nio-8012-exec-2] DEBUG o.s.s.w.a.AnonymousAuthenticationFilter - Set SecurityContextHolder to anonymous SecurityContext MDC:[traceId=, spanId=]
2025-05-04 00:32:18 [main] INFO  o.s.s.c.a.a.c.InitializeAuthenticationProviderBeanManagerConfigurer$InitializeAuthenticationProviderManagerConfigurer - Global AuthenticationManager configured with AuthenticationProvider bean with name authenticationProvider MDC:[traceId=, spanId=]
2025-05-04 00:32:18 [main] WARN  o.s.s.c.a.a.c.InitializeUserDetailsBeanManagerConfigurer$InitializeUserDetailsManagerConfigurer - Global AuthenticationManager configured with an AuthenticationProvider bean. UserDetailsService beans will not be used for username/password login. Consider removing the AuthenticationProvider bean. Alternatively, consider using the UserDetailsService in a manually instantiated DaoAuthenticationProvider. MDC:[traceId=, spanId=]
2025-05-04 00:32:18 [main] DEBUG o.s.s.web.DefaultSecurityFilterChain - Will secure any request with filters: DisableEncodeUrlFilter, WebAsyncManagerIntegrationFilter, SecurityContextHolderFilter, HeaderWriterFilter, LogoutFilter, JwtFilter, RequestCacheAwareFilter, SecurityContextHolderAwareRequestFilter, AnonymousAuthenticationFilter, SessionManagementFilter, ExceptionTranslationFilter, AuthorizationFilter MDC:[traceId=, spanId=]
2025-05-04 00:33:06 [http-nio-8012-exec-2] DEBUG o.s.security.web.FilterChainProxy - Securing POST /api/auth/login MDC:[traceId=, spanId=]
2025-05-04 00:33:06 [http-nio-8012-exec-2] DEBUG o.s.s.w.a.AnonymousAuthenticationFilter - Set SecurityContextHolder to anonymous SecurityContext MDC:[traceId=, spanId=]
2025-05-04 00:33:06 [http-nio-8012-exec-2] DEBUG o.s.security.web.FilterChainProxy - Secured POST /api/auth/login MDC:[traceId=, spanId=]
2025-05-04 00:33:10 [http-nio-8012-exec-3] DEBUG o.s.security.web.FilterChainProxy - Securing POST /api/auth/login MDC:[traceId=, spanId=]
2025-05-04 00:33:10 [http-nio-8012-exec-3] DEBUG o.s.s.w.a.AnonymousAuthenticationFilter - Set SecurityContextHolder to anonymous SecurityContext MDC:[traceId=, spanId=]
2025-05-04 00:33:10 [http-nio-8012-exec-3] DEBUG o.s.security.web.FilterChainProxy - Secured POST /api/auth/login MDC:[traceId=, spanId=]
2025-05-04 00:33:13 [http-nio-8012-exec-5] DEBUG o.s.security.web.FilterChainProxy - Securing POST /api/auth/login MDC:[traceId=, spanId=]
2025-05-04 00:33:13 [http-nio-8012-exec-5] DEBUG o.s.s.w.a.AnonymousAuthenticationFilter - Set SecurityContextHolder to anonymous SecurityContext MDC:[traceId=, spanId=]
2025-05-04 00:33:13 [http-nio-8012-exec-5] DEBUG o.s.security.web.FilterChainProxy - Secured POST /api/auth/login MDC:[traceId=, spanId=]
2025-05-04 00:33:21 [http-nio-8012-exec-7] DEBUG o.s.security.web.FilterChainProxy - Securing POST /api/auth/login MDC:[traceId=, spanId=]
2025-05-04 00:33:21 [http-nio-8012-exec-7] DEBUG o.s.s.w.a.AnonymousAuthenticationFilter - Set SecurityContextHolder to anonymous SecurityContext MDC:[traceId=, spanId=]
2025-05-04 00:33:21 [http-nio-8012-exec-7] DEBUG o.s.security.web.FilterChainProxy - Secured POST /api/auth/login MDC:[traceId=, spanId=]
2025-05-04 00:35:35 [main] INFO  o.s.s.c.a.a.c.InitializeAuthenticationProviderBeanManagerConfigurer$InitializeAuthenticationProviderManagerConfigurer - Global AuthenticationManager configured with AuthenticationProvider bean with name authenticationProvider MDC:[traceId=, spanId=]
2025-05-04 00:35:35 [main] WARN  o.s.s.c.a.a.c.InitializeUserDetailsBeanManagerConfigurer$InitializeUserDetailsManagerConfigurer - Global AuthenticationManager configured with an AuthenticationProvider bean. UserDetailsService beans will not be used for username/password login. Consider removing the AuthenticationProvider bean. Alternatively, consider using the UserDetailsService in a manually instantiated DaoAuthenticationProvider. MDC:[traceId=, spanId=]
2025-05-04 00:35:35 [main] DEBUG o.s.s.web.DefaultSecurityFilterChain - Will secure any request with filters: DisableEncodeUrlFilter, WebAsyncManagerIntegrationFilter, SecurityContextHolderFilter, HeaderWriterFilter, LogoutFilter, JwtFilter, RequestCacheAwareFilter, SecurityContextHolderAwareRequestFilter, AnonymousAuthenticationFilter, SessionManagementFilter, ExceptionTranslationFilter, AuthorizationFilter MDC:[traceId=, spanId=]
2025-05-04 00:35:44 [http-nio-8012-exec-4] DEBUG o.s.security.web.FilterChainProxy - Securing POST /api/auth/login MDC:[traceId=, spanId=]
2025-05-04 00:35:44 [http-nio-8012-exec-4] DEBUG o.s.s.w.a.AnonymousAuthenticationFilter - Set SecurityContextHolder to anonymous SecurityContext MDC:[traceId=, spanId=]
2025-05-04 00:35:44 [http-nio-8012-exec-4] DEBUG o.s.security.web.FilterChainProxy - Secured POST /api/auth/login MDC:[traceId=, spanId=]
2025-05-04 00:35:49 [http-nio-8012-exec-3] DEBUG o.s.security.web.FilterChainProxy - Securing POST /api/auth/login MDC:[traceId=, spanId=]
2025-05-04 00:35:49 [http-nio-8012-exec-3] DEBUG o.s.s.w.a.AnonymousAuthenticationFilter - Set SecurityContextHolder to anonymous SecurityContext MDC:[traceId=, spanId=]
2025-05-04 00:35:49 [http-nio-8012-exec-3] DEBUG o.s.security.web.FilterChainProxy - Secured POST /api/auth/login MDC:[traceId=, spanId=]
2025-05-04 00:36:53 [http-nio-8012-exec-2] DEBUG o.s.security.web.FilterChainProxy - Securing POST /api/auth/login MDC:[traceId=, spanId=]
2025-05-04 00:36:53 [http-nio-8012-exec-2] DEBUG o.s.s.w.a.AnonymousAuthenticationFilter - Set SecurityContextHolder to anonymous SecurityContext MDC:[traceId=, spanId=]
2025-05-04 00:36:53 [http-nio-8012-exec-2] DEBUG o.s.security.web.FilterChainProxy - Secured POST /api/auth/login MDC:[traceId=, spanId=]
2025-05-04 00:36:53 [http-nio-8012-exec-2] DEBUG o.s.security.web.FilterChainProxy - Securing POST /error MDC:[traceId=, spanId=]
2025-05-04 00:36:53 [http-nio-8012-exec-2] DEBUG o.s.s.w.a.AnonymousAuthenticationFilter - Set SecurityContextHolder to anonymous SecurityContext MDC:[traceId=, spanId=]
2025-05-04 00:36:59 [http-nio-8012-exec-6] DEBUG o.s.security.web.FilterChainProxy - Securing POST /api/auth/login MDC:[traceId=, spanId=]
2025-05-04 00:36:59 [http-nio-8012-exec-6] DEBUG o.s.s.w.a.AnonymousAuthenticationFilter - Set SecurityContextHolder to anonymous SecurityContext MDC:[traceId=, spanId=]
2025-05-04 00:36:59 [http-nio-8012-exec-6] DEBUG o.s.security.web.FilterChainProxy - Secured POST /api/auth/login MDC:[traceId=, spanId=]
2025-05-04 00:37:00 [http-nio-8012-exec-6] DEBUG o.s.security.web.FilterChainProxy - Securing POST /error MDC:[traceId=, spanId=]
2025-05-04 00:37:00 [http-nio-8012-exec-6] DEBUG o.s.s.w.a.AnonymousAuthenticationFilter - Set SecurityContextHolder to anonymous SecurityContext MDC:[traceId=, spanId=]
2025-05-04 00:39:54 [main] INFO  o.s.s.c.a.a.c.InitializeAuthenticationProviderBeanManagerConfigurer$InitializeAuthenticationProviderManagerConfigurer - Global AuthenticationManager configured with AuthenticationProvider bean with name authenticationProvider MDC:[traceId=, spanId=]
2025-05-04 00:39:54 [main] WARN  o.s.s.c.a.a.c.InitializeUserDetailsBeanManagerConfigurer$InitializeUserDetailsManagerConfigurer - Global AuthenticationManager configured with an AuthenticationProvider bean. UserDetailsService beans will not be used for username/password login. Consider removing the AuthenticationProvider bean. Alternatively, consider using the UserDetailsService in a manually instantiated DaoAuthenticationProvider. MDC:[traceId=, spanId=]
2025-05-04 00:39:54 [main] DEBUG o.s.s.web.DefaultSecurityFilterChain - Will secure any request with filters: DisableEncodeUrlFilter, WebAsyncManagerIntegrationFilter, SecurityContextHolderFilter, HeaderWriterFilter, LogoutFilter, JwtFilter, RequestCacheAwareFilter, SecurityContextHolderAwareRequestFilter, AnonymousAuthenticationFilter, SessionManagementFilter, ExceptionTranslationFilter, AuthorizationFilter MDC:[traceId=, spanId=]
2025-05-04 00:40:09 [http-nio-8012-exec-1] DEBUG o.s.security.web.FilterChainProxy - Securing POST /api/auth/login MDC:[traceId=, spanId=]
2025-05-04 00:40:09 [http-nio-8012-exec-1] DEBUG o.s.s.w.a.AnonymousAuthenticationFilter - Set SecurityContextHolder to anonymous SecurityContext MDC:[traceId=, spanId=]
2025-05-04 00:40:09 [http-nio-8012-exec-1] DEBUG o.s.security.web.FilterChainProxy - Secured POST /api/auth/login MDC:[traceId=, spanId=]
2025-05-04 00:40:10 [http-nio-8012-exec-1] DEBUG o.s.security.web.FilterChainProxy - Securing POST /error MDC:[traceId=, spanId=]
2025-05-04 00:40:10 [http-nio-8012-exec-1] DEBUG o.s.s.w.a.AnonymousAuthenticationFilter - Set SecurityContextHolder to anonymous SecurityContext MDC:[traceId=, spanId=]
2025-05-04 00:41:55 [main] INFO  o.s.s.c.a.a.c.InitializeAuthenticationProviderBeanManagerConfigurer$InitializeAuthenticationProviderManagerConfigurer - Global AuthenticationManager configured with AuthenticationProvider bean with name authenticationProvider MDC:[traceId=, spanId=]
2025-05-04 00:41:55 [main] WARN  o.s.s.c.a.a.c.InitializeUserDetailsBeanManagerConfigurer$InitializeUserDetailsManagerConfigurer - Global AuthenticationManager configured with an AuthenticationProvider bean. UserDetailsService beans will not be used for username/password login. Consider removing the AuthenticationProvider bean. Alternatively, consider using the UserDetailsService in a manually instantiated DaoAuthenticationProvider. MDC:[traceId=, spanId=]
2025-05-04 00:41:56 [main] DEBUG o.s.s.web.DefaultSecurityFilterChain - Will secure any request with filters: DisableEncodeUrlFilter, WebAsyncManagerIntegrationFilter, SecurityContextHolderFilter, HeaderWriterFilter, LogoutFilter, JwtFilter, RequestCacheAwareFilter, SecurityContextHolderAwareRequestFilter, AnonymousAuthenticationFilter, SessionManagementFilter, ExceptionTranslationFilter, AuthorizationFilter MDC:[traceId=, spanId=]
2025-05-04 00:42:01 [http-nio-8012-exec-2] DEBUG o.s.security.web.FilterChainProxy - Securing POST /api/auth/login MDC:[traceId=, spanId=]
2025-05-04 00:42:01 [http-nio-8012-exec-2] DEBUG o.s.s.w.a.AnonymousAuthenticationFilter - Set SecurityContextHolder to anonymous SecurityContext MDC:[traceId=, spanId=]
2025-05-04 00:42:01 [http-nio-8012-exec-2] DEBUG o.s.security.web.FilterChainProxy - Secured POST /api/auth/login MDC:[traceId=, spanId=]
2025-05-04 00:42:01 [http-nio-8012-exec-2] DEBUG o.s.security.web.FilterChainProxy - Securing POST /error MDC:[traceId=, spanId=]
2025-05-04 00:42:01 [http-nio-8012-exec-2] DEBUG o.s.s.w.a.AnonymousAuthenticationFilter - Set SecurityContextHolder to anonymous SecurityContext MDC:[traceId=, spanId=]
2025-05-04 00:44:00 [main] INFO  o.s.s.c.a.a.c.InitializeAuthenticationProviderBeanManagerConfigurer$InitializeAuthenticationProviderManagerConfigurer - Global AuthenticationManager configured with AuthenticationProvider bean with name authenticationProvider MDC:[traceId=, spanId=]
2025-05-04 00:44:00 [main] WARN  o.s.s.c.a.a.c.InitializeUserDetailsBeanManagerConfigurer$InitializeUserDetailsManagerConfigurer - Global AuthenticationManager configured with an AuthenticationProvider bean. UserDetailsService beans will not be used for username/password login. Consider removing the AuthenticationProvider bean. Alternatively, consider using the UserDetailsService in a manually instantiated DaoAuthenticationProvider. MDC:[traceId=, spanId=]
2025-05-04 00:44:00 [main] DEBUG o.s.s.web.DefaultSecurityFilterChain - Will secure any request with filters: DisableEncodeUrlFilter, WebAsyncManagerIntegrationFilter, SecurityContextHolderFilter, HeaderWriterFilter, LogoutFilter, JwtFilter, RequestCacheAwareFilter, SecurityContextHolderAwareRequestFilter, AnonymousAuthenticationFilter, SessionManagementFilter, ExceptionTranslationFilter, AuthorizationFilter MDC:[traceId=, spanId=]
2025-05-04 00:44:10 [http-nio-8012-exec-4] DEBUG o.s.security.web.FilterChainProxy - Securing POST /api/auth/login MDC:[traceId=, spanId=]
2025-05-04 00:44:10 [http-nio-8012-exec-4] DEBUG o.s.s.w.a.AnonymousAuthenticationFilter - Set SecurityContextHolder to anonymous SecurityContext MDC:[traceId=, spanId=]
2025-05-04 00:44:10 [http-nio-8012-exec-4] DEBUG o.s.security.web.FilterChainProxy - Secured POST /api/auth/login MDC:[traceId=, spanId=]
2025-05-04 00:44:32 [http-nio-8012-exec-2] DEBUG o.s.security.web.FilterChainProxy - Securing POST /api/auth/login MDC:[traceId=, spanId=]
2025-05-04 00:44:32 [http-nio-8012-exec-2] DEBUG o.s.s.w.a.AnonymousAuthenticationFilter - Set SecurityContextHolder to anonymous SecurityContext MDC:[traceId=, spanId=]
2025-05-04 00:44:32 [http-nio-8012-exec-2] DEBUG o.s.security.web.FilterChainProxy - Secured POST /api/auth/login MDC:[traceId=, spanId=]
2025-05-04 00:45:18 [http-nio-8012-exec-9] DEBUG o.s.security.web.FilterChainProxy - Securing POST /api/auth/login MDC:[traceId=, spanId=]
2025-05-04 00:45:18 [http-nio-8012-exec-9] DEBUG o.s.s.w.a.AnonymousAuthenticationFilter - Set SecurityContextHolder to anonymous SecurityContext MDC:[traceId=, spanId=]
2025-05-04 00:45:18 [http-nio-8012-exec-9] DEBUG o.s.security.web.FilterChainProxy - Secured POST /api/auth/login MDC:[traceId=, spanId=]
2025-05-04 00:47:42 [main] INFO  o.s.s.c.a.a.c.InitializeAuthenticationProviderBeanManagerConfigurer$InitializeAuthenticationProviderManagerConfigurer - Global AuthenticationManager configured with AuthenticationProvider bean with name authenticationProvider MDC:[traceId=, spanId=]
2025-05-04 00:47:42 [main] WARN  o.s.s.c.a.a.c.InitializeUserDetailsBeanManagerConfigurer$InitializeUserDetailsManagerConfigurer - Global AuthenticationManager configured with an AuthenticationProvider bean. UserDetailsService beans will not be used for username/password login. Consider removing the AuthenticationProvider bean. Alternatively, consider using the UserDetailsService in a manually instantiated DaoAuthenticationProvider. MDC:[traceId=, spanId=]
2025-05-04 00:47:42 [main] DEBUG o.s.s.web.DefaultSecurityFilterChain - Will secure any request with filters: DisableEncodeUrlFilter, WebAsyncManagerIntegrationFilter, SecurityContextHolderFilter, HeaderWriterFilter, LogoutFilter, JwtFilter, RequestCacheAwareFilter, SecurityContextHolderAwareRequestFilter, AnonymousAuthenticationFilter, SessionManagementFilter, ExceptionTranslationFilter, AuthorizationFilter MDC:[traceId=, spanId=]
2025-05-04 00:47:55 [http-nio-8012-exec-1] DEBUG o.s.security.web.FilterChainProxy - Securing POST /api/auth/login MDC:[traceId=, spanId=]
2025-05-04 00:47:55 [http-nio-8012-exec-1] DEBUG o.s.s.w.a.AnonymousAuthenticationFilter - Set SecurityContextHolder to anonymous SecurityContext MDC:[traceId=, spanId=]
2025-05-04 00:47:55 [http-nio-8012-exec-1] DEBUG o.s.security.web.FilterChainProxy - Secured POST /api/auth/login MDC:[traceId=, spanId=]
2025-05-04 00:49:14 [main] INFO  o.s.s.c.a.a.c.InitializeAuthenticationProviderBeanManagerConfigurer$InitializeAuthenticationProviderManagerConfigurer - Global AuthenticationManager configured with AuthenticationProvider bean with name authenticationProvider MDC:[traceId=, spanId=]
2025-05-04 00:49:14 [main] WARN  o.s.s.c.a.a.c.InitializeUserDetailsBeanManagerConfigurer$InitializeUserDetailsManagerConfigurer - Global AuthenticationManager configured with an AuthenticationProvider bean. UserDetailsService beans will not be used for username/password login. Consider removing the AuthenticationProvider bean. Alternatively, consider using the UserDetailsService in a manually instantiated DaoAuthenticationProvider. MDC:[traceId=, spanId=]
2025-05-04 00:49:14 [main] DEBUG o.s.s.web.DefaultSecurityFilterChain - Will secure any request with filters: DisableEncodeUrlFilter, WebAsyncManagerIntegrationFilter, SecurityContextHolderFilter, HeaderWriterFilter, LogoutFilter, JwtFilter, RequestCacheAwareFilter, SecurityContextHolderAwareRequestFilter, AnonymousAuthenticationFilter, SessionManagementFilter, ExceptionTranslationFilter, AuthorizationFilter MDC:[traceId=, spanId=]
2025-05-04 00:49:25 [http-nio-8012-exec-1] DEBUG o.s.security.web.FilterChainProxy - Securing POST /api/auth/login MDC:[traceId=, spanId=]
2025-05-04 00:49:25 [http-nio-8012-exec-1] DEBUG o.s.s.w.a.AnonymousAuthenticationFilter - Set SecurityContextHolder to anonymous SecurityContext MDC:[traceId=, spanId=]
2025-05-04 00:49:25 [http-nio-8012-exec-1] DEBUG o.s.security.web.FilterChainProxy - Secured POST /api/auth/login MDC:[traceId=, spanId=]
2025-05-04 00:49:25 [http-nio-8012-exec-1] DEBUG o.s.security.web.FilterChainProxy - Securing POST /error MDC:[traceId=, spanId=]
2025-05-04 00:49:25 [http-nio-8012-exec-1] DEBUG o.s.s.w.a.AnonymousAuthenticationFilter - Set SecurityContextHolder to anonymous SecurityContext MDC:[traceId=, spanId=]
2025-05-04 00:53:32 [http-nio-8012-exec-5] DEBUG o.s.security.web.FilterChainProxy - Securing POST /api/auth/login MDC:[traceId=, spanId=]
2025-05-04 00:53:32 [http-nio-8012-exec-5] DEBUG o.s.s.w.a.AnonymousAuthenticationFilter - Set SecurityContextHolder to anonymous SecurityContext MDC:[traceId=, spanId=]
2025-05-04 00:53:32 [http-nio-8012-exec-5] DEBUG o.s.security.web.FilterChainProxy - Secured POST /api/auth/login MDC:[traceId=, spanId=]
2025-05-04 00:53:33 [http-nio-8012-exec-5] DEBUG o.s.security.web.FilterChainProxy - Securing POST /error MDC:[traceId=, spanId=]
2025-05-04 00:53:33 [http-nio-8012-exec-5] DEBUG o.s.s.w.a.AnonymousAuthenticationFilter - Set SecurityContextHolder to anonymous SecurityContext MDC:[traceId=, spanId=]
2025-05-04 00:53:55 [main] INFO  o.s.s.c.a.a.c.InitializeAuthenticationProviderBeanManagerConfigurer$InitializeAuthenticationProviderManagerConfigurer - Global AuthenticationManager configured with AuthenticationProvider bean with name authenticationProvider MDC:[traceId=, spanId=]
2025-05-04 00:53:55 [main] WARN  o.s.s.c.a.a.c.InitializeUserDetailsBeanManagerConfigurer$InitializeUserDetailsManagerConfigurer - Global AuthenticationManager configured with an AuthenticationProvider bean. UserDetailsService beans will not be used for username/password login. Consider removing the AuthenticationProvider bean. Alternatively, consider using the UserDetailsService in a manually instantiated DaoAuthenticationProvider. MDC:[traceId=, spanId=]
2025-05-04 00:53:55 [main] DEBUG o.s.s.web.DefaultSecurityFilterChain - Will secure any request with filters: DisableEncodeUrlFilter, WebAsyncManagerIntegrationFilter, SecurityContextHolderFilter, HeaderWriterFilter, LogoutFilter, JwtFilter, RequestCacheAwareFilter, SecurityContextHolderAwareRequestFilter, AnonymousAuthenticationFilter, SessionManagementFilter, ExceptionTranslationFilter, AuthorizationFilter MDC:[traceId=, spanId=]
2025-05-04 00:54:02 [http-nio-8012-exec-1] DEBUG o.s.security.web.FilterChainProxy - Securing POST /api/auth/login MDC:[traceId=, spanId=]
2025-05-04 00:54:02 [http-nio-8012-exec-1] DEBUG o.s.s.w.a.AnonymousAuthenticationFilter - Set SecurityContextHolder to anonymous SecurityContext MDC:[traceId=, spanId=]
2025-05-04 00:54:02 [http-nio-8012-exec-1] DEBUG o.s.security.web.FilterChainProxy - Secured POST /api/auth/login MDC:[traceId=, spanId=]
2025-05-04 00:54:52 [main] INFO  o.s.s.c.a.a.c.InitializeAuthenticationProviderBeanManagerConfigurer$InitializeAuthenticationProviderManagerConfigurer - Global AuthenticationManager configured with AuthenticationProvider bean with name authenticationProvider MDC:[traceId=, spanId=]
2025-05-04 00:54:52 [main] WARN  o.s.s.c.a.a.c.InitializeUserDetailsBeanManagerConfigurer$InitializeUserDetailsManagerConfigurer - Global AuthenticationManager configured with an AuthenticationProvider bean. UserDetailsService beans will not be used for username/password login. Consider removing the AuthenticationProvider bean. Alternatively, consider using the UserDetailsService in a manually instantiated DaoAuthenticationProvider. MDC:[traceId=, spanId=]
2025-05-04 00:54:52 [main] DEBUG o.s.s.web.DefaultSecurityFilterChain - Will secure any request with filters: DisableEncodeUrlFilter, WebAsyncManagerIntegrationFilter, SecurityContextHolderFilter, HeaderWriterFilter, LogoutFilter, JwtFilter, RequestCacheAwareFilter, SecurityContextHolderAwareRequestFilter, AnonymousAuthenticationFilter, SessionManagementFilter, ExceptionTranslationFilter, AuthorizationFilter MDC:[traceId=, spanId=]
2025-05-04 00:54:58 [http-nio-8012-exec-1] DEBUG o.s.security.web.FilterChainProxy - Securing POST /api/auth/login MDC:[traceId=, spanId=]
2025-05-04 00:54:58 [http-nio-8012-exec-1] DEBUG o.s.s.w.a.AnonymousAuthenticationFilter - Set SecurityContextHolder to anonymous SecurityContext MDC:[traceId=, spanId=]
2025-05-04 00:54:58 [http-nio-8012-exec-1] DEBUG o.s.security.web.FilterChainProxy - Secured POST /api/auth/login MDC:[traceId=, spanId=]
2025-05-04 00:55:27 [main] INFO  o.s.s.c.a.a.c.InitializeAuthenticationProviderBeanManagerConfigurer$InitializeAuthenticationProviderManagerConfigurer - Global AuthenticationManager configured with AuthenticationProvider bean with name authenticationProvider MDC:[traceId=, spanId=]
2025-05-04 00:55:27 [main] WARN  o.s.s.c.a.a.c.InitializeUserDetailsBeanManagerConfigurer$InitializeUserDetailsManagerConfigurer - Global AuthenticationManager configured with an AuthenticationProvider bean. UserDetailsService beans will not be used for username/password login. Consider removing the AuthenticationProvider bean. Alternatively, consider using the UserDetailsService in a manually instantiated DaoAuthenticationProvider. MDC:[traceId=, spanId=]
2025-05-04 00:55:27 [main] DEBUG o.s.s.web.DefaultSecurityFilterChain - Will secure any request with filters: DisableEncodeUrlFilter, WebAsyncManagerIntegrationFilter, SecurityContextHolderFilter, HeaderWriterFilter, LogoutFilter, JwtFilter, RequestCacheAwareFilter, SecurityContextHolderAwareRequestFilter, AnonymousAuthenticationFilter, SessionManagementFilter, ExceptionTranslationFilter, AuthorizationFilter MDC:[traceId=, spanId=]
2025-05-04 00:55:34 [http-nio-8012-exec-1] DEBUG o.s.security.web.FilterChainProxy - Securing POST /api/auth/login MDC:[traceId=, spanId=]
2025-05-04 00:55:34 [http-nio-8012-exec-1] DEBUG o.s.s.w.a.AnonymousAuthenticationFilter - Set SecurityContextHolder to anonymous SecurityContext MDC:[traceId=, spanId=]
2025-05-04 00:55:34 [http-nio-8012-exec-1] DEBUG o.s.security.web.FilterChainProxy - Secured POST /api/auth/login MDC:[traceId=, spanId=]
2025-05-04 00:56:35 [main] INFO  o.s.s.c.a.a.c.InitializeAuthenticationProviderBeanManagerConfigurer$InitializeAuthenticationProviderManagerConfigurer - Global AuthenticationManager configured with AuthenticationProvider bean with name authenticationProvider MDC:[traceId=, spanId=]
2025-05-04 00:56:35 [main] WARN  o.s.s.c.a.a.c.InitializeUserDetailsBeanManagerConfigurer$InitializeUserDetailsManagerConfigurer - Global AuthenticationManager configured with an AuthenticationProvider bean. UserDetailsService beans will not be used for username/password login. Consider removing the AuthenticationProvider bean. Alternatively, consider using the UserDetailsService in a manually instantiated DaoAuthenticationProvider. MDC:[traceId=, spanId=]
2025-05-04 00:56:35 [main] DEBUG o.s.s.web.DefaultSecurityFilterChain - Will secure any request with filters: DisableEncodeUrlFilter, WebAsyncManagerIntegrationFilter, SecurityContextHolderFilter, HeaderWriterFilter, LogoutFilter, JwtFilter, RequestCacheAwareFilter, SecurityContextHolderAwareRequestFilter, AnonymousAuthenticationFilter, SessionManagementFilter, ExceptionTranslationFilter, AuthorizationFilter MDC:[traceId=, spanId=]
2025-05-04 00:56:39 [http-nio-8012-exec-2] DEBUG o.s.security.web.FilterChainProxy - Securing POST /api/auth/login MDC:[traceId=, spanId=]
2025-05-04 00:56:39 [http-nio-8012-exec-2] DEBUG o.s.s.w.a.AnonymousAuthenticationFilter - Set SecurityContextHolder to anonymous SecurityContext MDC:[traceId=, spanId=]
2025-05-04 00:56:39 [http-nio-8012-exec-2] DEBUG o.s.security.web.FilterChainProxy - Secured POST /api/auth/login MDC:[traceId=, spanId=]
2025-05-04 00:58:49 [main] INFO  o.s.s.c.a.a.c.InitializeAuthenticationProviderBeanManagerConfigurer$InitializeAuthenticationProviderManagerConfigurer - Global AuthenticationManager configured with AuthenticationProvider bean with name authenticationProvider MDC:[traceId=, spanId=]
2025-05-04 00:58:49 [main] WARN  o.s.s.c.a.a.c.InitializeUserDetailsBeanManagerConfigurer$InitializeUserDetailsManagerConfigurer - Global AuthenticationManager configured with an AuthenticationProvider bean. UserDetailsService beans will not be used for username/password login. Consider removing the AuthenticationProvider bean. Alternatively, consider using the UserDetailsService in a manually instantiated DaoAuthenticationProvider. MDC:[traceId=, spanId=]
2025-05-04 00:58:50 [main] DEBUG o.s.s.web.DefaultSecurityFilterChain - Will secure any request with filters: DisableEncodeUrlFilter, WebAsyncManagerIntegrationFilter, SecurityContextHolderFilter, HeaderWriterFilter, LogoutFilter, JwtFilter, RequestCacheAwareFilter, SecurityContextHolderAwareRequestFilter, AnonymousAuthenticationFilter, SessionManagementFilter, ExceptionTranslationFilter, AuthorizationFilter MDC:[traceId=, spanId=]
2025-05-04 00:58:58 [http-nio-8012-exec-4] DEBUG o.s.security.web.FilterChainProxy - Securing POST /api/auth/login MDC:[traceId=, spanId=]
2025-05-04 00:58:58 [http-nio-8012-exec-4] DEBUG o.s.s.w.a.AnonymousAuthenticationFilter - Set SecurityContextHolder to anonymous SecurityContext MDC:[traceId=, spanId=]
2025-05-04 00:58:58 [http-nio-8012-exec-4] DEBUG o.s.security.web.FilterChainProxy - Secured POST /api/auth/login MDC:[traceId=, spanId=]
2025-05-04 00:59:54 [main] INFO  o.s.s.c.a.a.c.InitializeAuthenticationProviderBeanManagerConfigurer$InitializeAuthenticationProviderManagerConfigurer - Global AuthenticationManager configured with AuthenticationProvider bean with name authenticationProvider MDC:[traceId=, spanId=]
2025-05-04 00:59:54 [main] WARN  o.s.s.c.a.a.c.InitializeUserDetailsBeanManagerConfigurer$InitializeUserDetailsManagerConfigurer - Global AuthenticationManager configured with an AuthenticationProvider bean. UserDetailsService beans will not be used for username/password login. Consider removing the AuthenticationProvider bean. Alternatively, consider using the UserDetailsService in a manually instantiated DaoAuthenticationProvider. MDC:[traceId=, spanId=]
2025-05-04 00:59:54 [main] DEBUG o.s.s.web.DefaultSecurityFilterChain - Will secure any request with filters: DisableEncodeUrlFilter, WebAsyncManagerIntegrationFilter, SecurityContextHolderFilter, HeaderWriterFilter, LogoutFilter, JwtFilter, RequestCacheAwareFilter, SecurityContextHolderAwareRequestFilter, AnonymousAuthenticationFilter, SessionManagementFilter, ExceptionTranslationFilter, AuthorizationFilter MDC:[traceId=, spanId=]
2025-05-04 01:00:04 [http-nio-8012-exec-2] DEBUG o.s.security.web.FilterChainProxy - Securing POST /api/auth/login MDC:[traceId=, spanId=]
2025-05-04 01:00:04 [http-nio-8012-exec-2] DEBUG o.s.s.w.a.AnonymousAuthenticationFilter - Set SecurityContextHolder to anonymous SecurityContext MDC:[traceId=, spanId=]
2025-05-04 01:00:04 [http-nio-8012-exec-2] DEBUG o.s.security.web.FilterChainProxy - Secured POST /api/auth/login MDC:[traceId=, spanId=]
2025-05-04 01:09:02 [main] INFO  o.s.s.c.a.a.c.InitializeAuthenticationProviderBeanManagerConfigurer$InitializeAuthenticationProviderManagerConfigurer - Global AuthenticationManager configured with AuthenticationProvider bean with name authenticationProvider MDC:[traceId=, spanId=]
2025-05-04 01:09:02 [main] WARN  o.s.s.c.a.a.c.InitializeUserDetailsBeanManagerConfigurer$InitializeUserDetailsManagerConfigurer - Global AuthenticationManager configured with an AuthenticationProvider bean. UserDetailsService beans will not be used for username/password login. Consider removing the AuthenticationProvider bean. Alternatively, consider using the UserDetailsService in a manually instantiated DaoAuthenticationProvider. MDC:[traceId=, spanId=]
2025-05-04 01:09:02 [main] DEBUG o.s.s.web.DefaultSecurityFilterChain - Will secure any request with filters: DisableEncodeUrlFilter, WebAsyncManagerIntegrationFilter, SecurityContextHolderFilter, HeaderWriterFilter, LogoutFilter, JwtFilter, RequestCacheAwareFilter, SecurityContextHolderAwareRequestFilter, AnonymousAuthenticationFilter, SessionManagementFilter, ExceptionTranslationFilter, AuthorizationFilter MDC:[traceId=, spanId=]
2025-05-04 01:09:09 [http-nio-8012-exec-2] DEBUG o.s.security.web.FilterChainProxy - Securing POST /api/auth/login MDC:[traceId=, spanId=]
2025-05-04 01:09:09 [http-nio-8012-exec-2] DEBUG o.s.s.w.a.AnonymousAuthenticationFilter - Set SecurityContextHolder to anonymous SecurityContext MDC:[traceId=, spanId=]
2025-05-04 01:09:09 [http-nio-8012-exec-2] DEBUG o.s.security.web.FilterChainProxy - Secured POST /api/auth/login MDC:[traceId=, spanId=]
2025-05-04 01:09:16 [http-nio-8012-exec-3] DEBUG o.s.security.web.FilterChainProxy - Securing POST /api/auth/login MDC:[traceId=, spanId=]
2025-05-04 01:09:16 [http-nio-8012-exec-3] DEBUG o.s.s.w.a.AnonymousAuthenticationFilter - Set SecurityContextHolder to anonymous SecurityContext MDC:[traceId=, spanId=]
2025-05-04 01:09:16 [http-nio-8012-exec-3] DEBUG o.s.security.web.FilterChainProxy - Secured POST /api/auth/login MDC:[traceId=, spanId=]
2025-05-04 01:09:16 [http-nio-8012-exec-3] DEBUG o.s.security.web.FilterChainProxy - Securing POST /error MDC:[traceId=, spanId=]
2025-05-04 01:09:16 [http-nio-8012-exec-3] DEBUG o.s.s.w.a.AnonymousAuthenticationFilter - Set SecurityContextHolder to anonymous SecurityContext MDC:[traceId=, spanId=]
2025-05-04 01:15:55 [main] INFO  o.s.s.c.a.a.c.InitializeAuthenticationProviderBeanManagerConfigurer$InitializeAuthenticationProviderManagerConfigurer - Global AuthenticationManager configured with AuthenticationProvider bean with name authenticationProvider MDC:[traceId=, spanId=]
2025-05-04 01:15:55 [main] WARN  o.s.s.c.a.a.c.InitializeUserDetailsBeanManagerConfigurer$InitializeUserDetailsManagerConfigurer - Global AuthenticationManager configured with an AuthenticationProvider bean. UserDetailsService beans will not be used for username/password login. Consider removing the AuthenticationProvider bean. Alternatively, consider using the UserDetailsService in a manually instantiated DaoAuthenticationProvider. MDC:[traceId=, spanId=]
2025-05-04 01:15:56 [main] DEBUG o.s.s.web.DefaultSecurityFilterChain - Will secure any request with filters: DisableEncodeUrlFilter, WebAsyncManagerIntegrationFilter, SecurityContextHolderFilter, HeaderWriterFilter, LogoutFilter, JwtFilter, RequestCacheAwareFilter, SecurityContextHolderAwareRequestFilter, AnonymousAuthenticationFilter, SessionManagementFilter, ExceptionTranslationFilter, AuthorizationFilter MDC:[traceId=, spanId=]
2025-05-04 01:16:02 [http-nio-8012-exec-1] DEBUG o.s.security.web.FilterChainProxy - Securing POST /api/auth/login MDC:[traceId=, spanId=]
2025-05-04 01:16:02 [http-nio-8012-exec-1] DEBUG o.s.s.w.a.AnonymousAuthenticationFilter - Set SecurityContextHolder to anonymous SecurityContext MDC:[traceId=, spanId=]
2025-05-04 01:16:02 [http-nio-8012-exec-1] DEBUG o.s.security.web.FilterChainProxy - Secured POST /api/auth/login MDC:[traceId=, spanId=]
2025-05-04 01:16:02 [http-nio-8012-exec-1] DEBUG o.s.security.web.FilterChainProxy - Securing POST /error MDC:[traceId=, spanId=]
2025-05-04 01:16:02 [http-nio-8012-exec-1] DEBUG o.s.s.w.a.AnonymousAuthenticationFilter - Set SecurityContextHolder to anonymous SecurityContext MDC:[traceId=, spanId=]
2025-05-04 01:17:36 [main] INFO  o.s.s.c.a.a.c.InitializeAuthenticationProviderBeanManagerConfigurer$InitializeAuthenticationProviderManagerConfigurer - Global AuthenticationManager configured with AuthenticationProvider bean with name authenticationProvider MDC:[traceId=, spanId=]
2025-05-04 01:17:36 [main] WARN  o.s.s.c.a.a.c.InitializeUserDetailsBeanManagerConfigurer$InitializeUserDetailsManagerConfigurer - Global AuthenticationManager configured with an AuthenticationProvider bean. UserDetailsService beans will not be used for username/password login. Consider removing the AuthenticationProvider bean. Alternatively, consider using the UserDetailsService in a manually instantiated DaoAuthenticationProvider. MDC:[traceId=, spanId=]
2025-05-04 01:17:37 [main] DEBUG o.s.s.web.DefaultSecurityFilterChain - Will secure any request with filters: DisableEncodeUrlFilter, WebAsyncManagerIntegrationFilter, SecurityContextHolderFilter, HeaderWriterFilter, LogoutFilter, JwtFilter, RequestCacheAwareFilter, SecurityContextHolderAwareRequestFilter, AnonymousAuthenticationFilter, SessionManagementFilter, ExceptionTranslationFilter, AuthorizationFilter MDC:[traceId=, spanId=]
2025-05-04 01:18:51 [main] INFO  o.s.s.c.a.a.c.InitializeAuthenticationProviderBeanManagerConfigurer$InitializeAuthenticationProviderManagerConfigurer - Global AuthenticationManager configured with AuthenticationProvider bean with name authenticationProvider MDC:[traceId=, spanId=]
2025-05-04 01:18:51 [main] WARN  o.s.s.c.a.a.c.InitializeUserDetailsBeanManagerConfigurer$InitializeUserDetailsManagerConfigurer - Global AuthenticationManager configured with an AuthenticationProvider bean. UserDetailsService beans will not be used for username/password login. Consider removing the AuthenticationProvider bean. Alternatively, consider using the UserDetailsService in a manually instantiated DaoAuthenticationProvider. MDC:[traceId=, spanId=]
2025-05-04 01:18:52 [main] DEBUG o.s.s.web.DefaultSecurityFilterChain - Will secure any request with filters: DisableEncodeUrlFilter, WebAsyncManagerIntegrationFilter, SecurityContextHolderFilter, HeaderWriterFilter, LogoutFilter, JwtFilter, RequestCacheAwareFilter, SecurityContextHolderAwareRequestFilter, AnonymousAuthenticationFilter, SessionManagementFilter, ExceptionTranslationFilter, AuthorizationFilter MDC:[traceId=, spanId=]
2025-05-04 01:19:13 [http-nio-8012-exec-3] DEBUG o.s.security.web.FilterChainProxy - Securing POST /api/auth/login MDC:[traceId=, spanId=]
2025-05-04 01:19:13 [http-nio-8012-exec-3] DEBUG o.s.s.w.a.AnonymousAuthenticationFilter - Set SecurityContextHolder to anonymous SecurityContext MDC:[traceId=, spanId=]
2025-05-04 01:19:13 [http-nio-8012-exec-3] DEBUG o.s.security.web.FilterChainProxy - Secured POST /api/auth/login MDC:[traceId=, spanId=]
2025-05-04 01:19:16 [http-nio-8012-exec-2] DEBUG o.s.security.web.FilterChainProxy - Securing POST /api/auth/login MDC:[traceId=, spanId=]
2025-05-04 01:19:16 [http-nio-8012-exec-2] DEBUG o.s.s.w.a.AnonymousAuthenticationFilter - Set SecurityContextHolder to anonymous SecurityContext MDC:[traceId=, spanId=]
2025-05-04 01:19:16 [http-nio-8012-exec-2] DEBUG o.s.security.web.FilterChainProxy - Secured POST /api/auth/login MDC:[traceId=, spanId=]
2025-05-04 01:19:19 [http-nio-8012-exec-4] DEBUG o.s.security.web.FilterChainProxy - Securing POST /api/auth/login MDC:[traceId=, spanId=]
2025-05-04 01:19:19 [http-nio-8012-exec-4] DEBUG o.s.s.w.a.AnonymousAuthenticationFilter - Set SecurityContextHolder to anonymous SecurityContext MDC:[traceId=, spanId=]
2025-05-04 01:19:19 [http-nio-8012-exec-4] DEBUG o.s.security.web.FilterChainProxy - Secured POST /api/auth/login MDC:[traceId=, spanId=]
2025-05-04 01:19:21 [http-nio-8012-exec-5] DEBUG o.s.security.web.FilterChainProxy - Securing POST /api/auth/login MDC:[traceId=, spanId=]
2025-05-04 01:19:21 [http-nio-8012-exec-5] DEBUG o.s.s.w.a.AnonymousAuthenticationFilter - Set SecurityContextHolder to anonymous SecurityContext MDC:[traceId=, spanId=]
2025-05-04 01:19:21 [http-nio-8012-exec-5] DEBUG o.s.security.web.FilterChainProxy - Secured POST /api/auth/login MDC:[traceId=, spanId=]
2025-05-04 01:19:22 [http-nio-8012-exec-7] DEBUG o.s.security.web.FilterChainProxy - Securing POST /api/auth/login MDC:[traceId=, spanId=]
2025-05-04 01:19:22 [http-nio-8012-exec-7] DEBUG o.s.s.w.a.AnonymousAuthenticationFilter - Set SecurityContextHolder to anonymous SecurityContext MDC:[traceId=, spanId=]
2025-05-04 01:19:22 [http-nio-8012-exec-7] DEBUG o.s.security.web.FilterChainProxy - Secured POST /api/auth/login MDC:[traceId=, spanId=]
2025-05-04 01:19:35 [http-nio-8012-exec-6] DEBUG o.s.security.web.FilterChainProxy - Securing POST /api/auth/login MDC:[traceId=, spanId=]
2025-05-04 01:19:35 [http-nio-8012-exec-6] DEBUG o.s.s.w.a.AnonymousAuthenticationFilter - Set SecurityContextHolder to anonymous SecurityContext MDC:[traceId=, spanId=]
2025-05-04 01:19:35 [http-nio-8012-exec-6] DEBUG o.s.security.web.FilterChainProxy - Secured POST /api/auth/login MDC:[traceId=, spanId=]
2025-05-04 01:19:35 [http-nio-8012-exec-6] DEBUG o.s.security.web.FilterChainProxy - Securing POST /error MDC:[traceId=, spanId=]
2025-05-04 01:19:35 [http-nio-8012-exec-6] DEBUG o.s.s.w.a.AnonymousAuthenticationFilter - Set SecurityContextHolder to anonymous SecurityContext MDC:[traceId=, spanId=]
2025-05-04 01:19:37 [http-nio-8012-exec-8] DEBUG o.s.security.web.FilterChainProxy - Securing POST /api/auth/login MDC:[traceId=, spanId=]
2025-05-04 01:19:37 [http-nio-8012-exec-8] DEBUG o.s.s.w.a.AnonymousAuthenticationFilter - Set SecurityContextHolder to anonymous SecurityContext MDC:[traceId=, spanId=]
2025-05-04 01:19:37 [http-nio-8012-exec-8] DEBUG o.s.security.web.FilterChainProxy - Secured POST /api/auth/login MDC:[traceId=, spanId=]
2025-05-04 01:19:37 [http-nio-8012-exec-8] DEBUG o.s.security.web.FilterChainProxy - Securing POST /error MDC:[traceId=, spanId=]
2025-05-04 01:19:37 [http-nio-8012-exec-8] DEBUG o.s.s.w.a.AnonymousAuthenticationFilter - Set SecurityContextHolder to anonymous SecurityContext MDC:[traceId=, spanId=]
2025-05-04 01:19:39 [http-nio-8012-exec-9] DEBUG o.s.security.web.FilterChainProxy - Securing POST /api/auth/login MDC:[traceId=, spanId=]
2025-05-04 01:19:39 [http-nio-8012-exec-9] DEBUG o.s.s.w.a.AnonymousAuthenticationFilter - Set SecurityContextHolder to anonymous SecurityContext MDC:[traceId=, spanId=]
2025-05-04 01:19:39 [http-nio-8012-exec-9] DEBUG o.s.security.web.FilterChainProxy - Secured POST /api/auth/login MDC:[traceId=, spanId=]
2025-05-04 01:19:39 [http-nio-8012-exec-9] DEBUG o.s.security.web.FilterChainProxy - Securing POST /error MDC:[traceId=, spanId=]
2025-05-04 01:19:39 [http-nio-8012-exec-9] DEBUG o.s.s.w.a.AnonymousAuthenticationFilter - Set SecurityContextHolder to anonymous SecurityContext MDC:[traceId=, spanId=]
2025-05-04 01:19:41 [http-nio-8012-exec-10] DEBUG o.s.security.web.FilterChainProxy - Securing POST /api/auth/login MDC:[traceId=, spanId=]
2025-05-04 01:19:41 [http-nio-8012-exec-10] DEBUG o.s.s.w.a.AnonymousAuthenticationFilter - Set SecurityContextHolder to anonymous SecurityContext MDC:[traceId=, spanId=]
2025-05-04 01:19:41 [http-nio-8012-exec-10] DEBUG o.s.security.web.FilterChainProxy - Secured POST /api/auth/login MDC:[traceId=, spanId=]
2025-05-04 01:19:41 [http-nio-8012-exec-10] DEBUG o.s.security.web.FilterChainProxy - Securing POST /error MDC:[traceId=, spanId=]
2025-05-04 01:19:41 [http-nio-8012-exec-10] DEBUG o.s.s.w.a.AnonymousAuthenticationFilter - Set SecurityContextHolder to anonymous SecurityContext MDC:[traceId=, spanId=]
2025-05-04 01:19:43 [http-nio-8012-exec-1] DEBUG o.s.security.web.FilterChainProxy - Securing POST /api/auth/login MDC:[traceId=, spanId=]
2025-05-04 01:19:43 [http-nio-8012-exec-1] DEBUG o.s.s.w.a.AnonymousAuthenticationFilter - Set SecurityContextHolder to anonymous SecurityContext MDC:[traceId=, spanId=]
2025-05-04 01:19:43 [http-nio-8012-exec-1] DEBUG o.s.security.web.FilterChainProxy - Secured POST /api/auth/login MDC:[traceId=, spanId=]
2025-05-04 01:19:43 [http-nio-8012-exec-1] DEBUG o.s.security.web.FilterChainProxy - Securing POST /error MDC:[traceId=, spanId=]
2025-05-04 01:19:43 [http-nio-8012-exec-1] DEBUG o.s.s.w.a.AnonymousAuthenticationFilter - Set SecurityContextHolder to anonymous SecurityContext MDC:[traceId=, spanId=]
2025-05-04 01:19:45 [http-nio-8012-exec-3] DEBUG o.s.security.web.FilterChainProxy - Securing POST /api/auth/login MDC:[traceId=, spanId=]
2025-05-04 01:19:45 [http-nio-8012-exec-3] DEBUG o.s.s.w.a.AnonymousAuthenticationFilter - Set SecurityContextHolder to anonymous SecurityContext MDC:[traceId=, spanId=]
2025-05-04 01:19:45 [http-nio-8012-exec-3] DEBUG o.s.security.web.FilterChainProxy - Secured POST /api/auth/login MDC:[traceId=, spanId=]
2025-05-04 01:19:45 [http-nio-8012-exec-3] DEBUG o.s.security.web.FilterChainProxy - Securing POST /error MDC:[traceId=, spanId=]
2025-05-04 01:19:45 [http-nio-8012-exec-3] DEBUG o.s.s.w.a.AnonymousAuthenticationFilter - Set SecurityContextHolder to anonymous SecurityContext MDC:[traceId=, spanId=]
2025-05-04 01:19:48 [http-nio-8012-exec-2] DEBUG o.s.security.web.FilterChainProxy - Securing POST /api/auth/login MDC:[traceId=, spanId=]
2025-05-04 01:19:48 [http-nio-8012-exec-2] DEBUG o.s.s.w.a.AnonymousAuthenticationFilter - Set SecurityContextHolder to anonymous SecurityContext MDC:[traceId=, spanId=]
2025-05-04 01:19:48 [http-nio-8012-exec-2] DEBUG o.s.security.web.FilterChainProxy - Secured POST /api/auth/login MDC:[traceId=, spanId=]
2025-05-04 01:19:48 [http-nio-8012-exec-2] DEBUG o.s.security.web.FilterChainProxy - Securing POST /error MDC:[traceId=, spanId=]
2025-05-04 01:19:48 [http-nio-8012-exec-2] DEBUG o.s.s.w.a.AnonymousAuthenticationFilter - Set SecurityContextHolder to anonymous SecurityContext MDC:[traceId=, spanId=]
2025-05-04 01:23:09 [main] INFO  o.s.s.c.a.a.c.InitializeAuthenticationProviderBeanManagerConfigurer$InitializeAuthenticationProviderManagerConfigurer - Global AuthenticationManager configured with AuthenticationProvider bean with name authenticationProvider MDC:[traceId=, spanId=]
2025-05-04 01:23:09 [main] WARN  o.s.s.c.a.a.c.InitializeUserDetailsBeanManagerConfigurer$InitializeUserDetailsManagerConfigurer - Global AuthenticationManager configured with an AuthenticationProvider bean. UserDetailsService beans will not be used for username/password login. Consider removing the AuthenticationProvider bean. Alternatively, consider using the UserDetailsService in a manually instantiated DaoAuthenticationProvider. MDC:[traceId=, spanId=]
2025-05-04 01:23:10 [main] DEBUG o.s.s.web.DefaultSecurityFilterChain - Will secure any request with filters: DisableEncodeUrlFilter, WebAsyncManagerIntegrationFilter, SecurityContextHolderFilter, HeaderWriterFilter, LogoutFilter, JwtFilter, RequestCacheAwareFilter, SecurityContextHolderAwareRequestFilter, AnonymousAuthenticationFilter, SessionManagementFilter, ExceptionTranslationFilter, AuthorizationFilter MDC:[traceId=, spanId=]
2025-05-04 01:23:26 [main] INFO  o.s.s.c.a.a.c.InitializeAuthenticationProviderBeanManagerConfigurer$InitializeAuthenticationProviderManagerConfigurer - Global AuthenticationManager configured with AuthenticationProvider bean with name authenticationProvider MDC:[traceId=, spanId=]
2025-05-04 01:23:26 [main] WARN  o.s.s.c.a.a.c.InitializeUserDetailsBeanManagerConfigurer$InitializeUserDetailsManagerConfigurer - Global AuthenticationManager configured with an AuthenticationProvider bean. UserDetailsService beans will not be used for username/password login. Consider removing the AuthenticationProvider bean. Alternatively, consider using the UserDetailsService in a manually instantiated DaoAuthenticationProvider. MDC:[traceId=, spanId=]
2025-05-04 01:23:27 [main] DEBUG o.s.s.web.DefaultSecurityFilterChain - Will secure any request with filters: DisableEncodeUrlFilter, WebAsyncManagerIntegrationFilter, SecurityContextHolderFilter, HeaderWriterFilter, LogoutFilter, JwtFilter, RequestCacheAwareFilter, SecurityContextHolderAwareRequestFilter, AnonymousAuthenticationFilter, SessionManagementFilter, ExceptionTranslationFilter, AuthorizationFilter MDC:[traceId=, spanId=]
2025-05-04 01:24:58 [main] INFO  o.s.s.c.a.a.c.InitializeAuthenticationProviderBeanManagerConfigurer$InitializeAuthenticationProviderManagerConfigurer - Global AuthenticationManager configured with AuthenticationProvider bean with name authenticationProvider MDC:[traceId=, spanId=]
2025-05-04 01:24:58 [main] WARN  o.s.s.c.a.a.c.InitializeUserDetailsBeanManagerConfigurer$InitializeUserDetailsManagerConfigurer - Global AuthenticationManager configured with an AuthenticationProvider bean. UserDetailsService beans will not be used for username/password login. Consider removing the AuthenticationProvider bean. Alternatively, consider using the UserDetailsService in a manually instantiated DaoAuthenticationProvider. MDC:[traceId=, spanId=]
2025-05-04 01:24:58 [main] DEBUG o.s.s.web.DefaultSecurityFilterChain - Will secure any request with filters: DisableEncodeUrlFilter, WebAsyncManagerIntegrationFilter, SecurityContextHolderFilter, HeaderWriterFilter, LogoutFilter, JwtFilter, RequestCacheAwareFilter, SecurityContextHolderAwareRequestFilter, AnonymousAuthenticationFilter, SessionManagementFilter, ExceptionTranslationFilter, AuthorizationFilter MDC:[traceId=, spanId=]
2025-05-04 01:25:24 [http-nio-8012-exec-1] DEBUG o.s.security.web.FilterChainProxy - Securing POST /api/auth/login MDC:[traceId=, spanId=]
2025-05-04 01:25:24 [http-nio-8012-exec-1] DEBUG o.s.s.w.a.AnonymousAuthenticationFilter - Set SecurityContextHolder to anonymous SecurityContext MDC:[traceId=, spanId=]
2025-05-04 01:25:24 [http-nio-8012-exec-1] DEBUG o.s.security.web.FilterChainProxy - Secured POST /api/auth/login MDC:[traceId=, spanId=]
2025-05-04 01:25:24 [http-nio-8012-exec-1] DEBUG o.s.security.web.FilterChainProxy - Securing POST /error MDC:[traceId=, spanId=]
2025-05-04 01:25:24 [http-nio-8012-exec-1] DEBUG o.s.s.w.a.AnonymousAuthenticationFilter - Set SecurityContextHolder to anonymous SecurityContext MDC:[traceId=, spanId=]
2025-05-04 01:25:27 [http-nio-8012-exec-3] DEBUG o.s.security.web.FilterChainProxy - Securing POST /api/auth/login MDC:[traceId=, spanId=]
2025-05-04 01:25:27 [http-nio-8012-exec-3] DEBUG o.s.s.w.a.AnonymousAuthenticationFilter - Set SecurityContextHolder to anonymous SecurityContext MDC:[traceId=, spanId=]
2025-05-04 01:25:27 [http-nio-8012-exec-3] DEBUG o.s.security.web.FilterChainProxy - Secured POST /api/auth/login MDC:[traceId=, spanId=]
2025-05-04 01:25:27 [http-nio-8012-exec-3] DEBUG o.s.security.web.FilterChainProxy - Securing POST /error MDC:[traceId=, spanId=]
2025-05-04 01:25:27 [http-nio-8012-exec-3] DEBUG o.s.s.w.a.AnonymousAuthenticationFilter - Set SecurityContextHolder to anonymous SecurityContext MDC:[traceId=, spanId=]
2025-05-04 01:25:29 [http-nio-8012-exec-4] DEBUG o.s.security.web.FilterChainProxy - Securing POST /api/auth/login MDC:[traceId=, spanId=]
2025-05-04 01:25:29 [http-nio-8012-exec-4] DEBUG o.s.s.w.a.AnonymousAuthenticationFilter - Set SecurityContextHolder to anonymous SecurityContext MDC:[traceId=, spanId=]
2025-05-04 01:25:29 [http-nio-8012-exec-4] DEBUG o.s.security.web.FilterChainProxy - Secured POST /api/auth/login MDC:[traceId=, spanId=]
2025-05-04 01:25:29 [http-nio-8012-exec-4] DEBUG o.s.security.web.FilterChainProxy - Securing POST /error MDC:[traceId=, spanId=]
2025-05-04 01:25:29 [http-nio-8012-exec-4] DEBUG o.s.s.w.a.AnonymousAuthenticationFilter - Set SecurityContextHolder to anonymous SecurityContext MDC:[traceId=, spanId=]
2025-05-04 01:25:30 [http-nio-8012-exec-5] DEBUG o.s.security.web.FilterChainProxy - Securing POST /api/auth/login MDC:[traceId=, spanId=]
2025-05-04 01:25:30 [http-nio-8012-exec-5] DEBUG o.s.s.w.a.AnonymousAuthenticationFilter - Set SecurityContextHolder to anonymous SecurityContext MDC:[traceId=, spanId=]
2025-05-04 01:25:30 [http-nio-8012-exec-5] DEBUG o.s.security.web.FilterChainProxy - Secured POST /api/auth/login MDC:[traceId=, spanId=]
2025-05-04 01:25:30 [http-nio-8012-exec-5] DEBUG o.s.security.web.FilterChainProxy - Securing POST /error MDC:[traceId=, spanId=]
2025-05-04 01:25:30 [http-nio-8012-exec-5] DEBUG o.s.s.w.a.AnonymousAuthenticationFilter - Set SecurityContextHolder to anonymous SecurityContext MDC:[traceId=, spanId=]
2025-05-04 01:25:31 [http-nio-8012-exec-9] DEBUG o.s.security.web.FilterChainProxy - Securing POST /api/auth/login MDC:[traceId=, spanId=]
2025-05-04 01:25:31 [http-nio-8012-exec-9] DEBUG o.s.s.w.a.AnonymousAuthenticationFilter - Set SecurityContextHolder to anonymous SecurityContext MDC:[traceId=, spanId=]
2025-05-04 01:25:31 [http-nio-8012-exec-9] DEBUG o.s.security.web.FilterChainProxy - Secured POST /api/auth/login MDC:[traceId=, spanId=]
2025-05-04 01:25:31 [http-nio-8012-exec-9] DEBUG o.s.security.web.FilterChainProxy - Securing POST /error MDC:[traceId=, spanId=]
2025-05-04 01:25:31 [http-nio-8012-exec-9] DEBUG o.s.s.w.a.AnonymousAuthenticationFilter - Set SecurityContextHolder to anonymous SecurityContext MDC:[traceId=, spanId=]
2025-05-04 01:25:32 [http-nio-8012-exec-7] DEBUG o.s.security.web.FilterChainProxy - Securing POST /api/auth/login MDC:[traceId=, spanId=]
2025-05-04 01:25:32 [http-nio-8012-exec-7] DEBUG o.s.s.w.a.AnonymousAuthenticationFilter - Set SecurityContextHolder to anonymous SecurityContext MDC:[traceId=, spanId=]
2025-05-04 01:25:32 [http-nio-8012-exec-7] DEBUG o.s.security.web.FilterChainProxy - Secured POST /api/auth/login MDC:[traceId=, spanId=]
2025-05-04 01:25:32 [http-nio-8012-exec-7] DEBUG o.s.security.web.FilterChainProxy - Securing POST /error MDC:[traceId=, spanId=]
2025-05-04 01:25:32 [http-nio-8012-exec-7] DEBUG o.s.s.w.a.AnonymousAuthenticationFilter - Set SecurityContextHolder to anonymous SecurityContext MDC:[traceId=, spanId=]
2025-05-04 01:25:33 [http-nio-8012-exec-8] DEBUG o.s.security.web.FilterChainProxy - Securing POST /api/auth/login MDC:[traceId=, spanId=]
2025-05-04 01:25:33 [http-nio-8012-exec-8] DEBUG o.s.s.w.a.AnonymousAuthenticationFilter - Set SecurityContextHolder to anonymous SecurityContext MDC:[traceId=, spanId=]
2025-05-04 01:25:33 [http-nio-8012-exec-8] DEBUG o.s.security.web.FilterChainProxy - Secured POST /api/auth/login MDC:[traceId=, spanId=]
2025-05-04 01:25:33 [http-nio-8012-exec-8] DEBUG o.s.security.web.FilterChainProxy - Securing POST /error MDC:[traceId=, spanId=]
2025-05-04 01:25:33 [http-nio-8012-exec-8] DEBUG o.s.s.w.a.AnonymousAuthenticationFilter - Set SecurityContextHolder to anonymous SecurityContext MDC:[traceId=, spanId=]
2025-05-04 01:25:33 [http-nio-8012-exec-6] DEBUG o.s.security.web.FilterChainProxy - Securing POST /api/auth/login MDC:[traceId=, spanId=]
2025-05-04 01:25:33 [http-nio-8012-exec-6] DEBUG o.s.s.w.a.AnonymousAuthenticationFilter - Set SecurityContextHolder to anonymous SecurityContext MDC:[traceId=, spanId=]
2025-05-04 01:25:33 [http-nio-8012-exec-6] DEBUG o.s.security.web.FilterChainProxy - Secured POST /api/auth/login MDC:[traceId=, spanId=]
2025-05-04 01:25:33 [http-nio-8012-exec-6] DEBUG o.s.security.web.FilterChainProxy - Securing POST /error MDC:[traceId=, spanId=]
2025-05-04 01:25:33 [http-nio-8012-exec-6] DEBUG o.s.s.w.a.AnonymousAuthenticationFilter - Set SecurityContextHolder to anonymous SecurityContext MDC:[traceId=, spanId=]
2025-05-04 01:25:37 [http-nio-8012-exec-10] DEBUG o.s.security.web.FilterChainProxy - Securing POST /api/auth/login MDC:[traceId=, spanId=]
2025-05-04 01:25:37 [http-nio-8012-exec-10] DEBUG o.s.s.w.a.AnonymousAuthenticationFilter - Set SecurityContextHolder to anonymous SecurityContext MDC:[traceId=, spanId=]
2025-05-04 01:25:37 [http-nio-8012-exec-10] DEBUG o.s.security.web.FilterChainProxy - Secured POST /api/auth/login MDC:[traceId=, spanId=]
2025-05-04 01:25:37 [http-nio-8012-exec-10] DEBUG o.s.security.web.FilterChainProxy - Securing POST /error MDC:[traceId=, spanId=]
2025-05-04 01:25:37 [http-nio-8012-exec-10] DEBUG o.s.s.w.a.AnonymousAuthenticationFilter - Set SecurityContextHolder to anonymous SecurityContext MDC:[traceId=, spanId=]
2025-05-04 01:33:35 [main] INFO  o.s.s.c.a.a.c.InitializeAuthenticationProviderBeanManagerConfigurer$InitializeAuthenticationProviderManagerConfigurer - Global AuthenticationManager configured with AuthenticationProvider bean with name authenticationProvider MDC:[traceId=, spanId=]
2025-05-04 01:33:35 [main] WARN  o.s.s.c.a.a.c.InitializeUserDetailsBeanManagerConfigurer$InitializeUserDetailsManagerConfigurer - Global AuthenticationManager configured with an AuthenticationProvider bean. UserDetailsService beans will not be used for username/password login. Consider removing the AuthenticationProvider bean. Alternatively, consider using the UserDetailsService in a manually instantiated DaoAuthenticationProvider. MDC:[traceId=, spanId=]
2025-05-04 01:33:35 [main] DEBUG o.s.s.web.DefaultSecurityFilterChain - Will secure any request with filters: DisableEncodeUrlFilter, WebAsyncManagerIntegrationFilter, SecurityContextHolderFilter, HeaderWriterFilter, LogoutFilter, JwtFilter, RequestCacheAwareFilter, SecurityContextHolderAwareRequestFilter, AnonymousAuthenticationFilter, SessionManagementFilter, ExceptionTranslationFilter, AuthorizationFilter MDC:[traceId=, spanId=]
2025-05-04 01:33:40 [http-nio-8012-exec-2] DEBUG o.s.security.web.FilterChainProxy - Securing POST /api/auth/login MDC:[traceId=, spanId=]
2025-05-04 01:33:40 [http-nio-8012-exec-2] DEBUG o.s.s.w.a.AnonymousAuthenticationFilter - Set SecurityContextHolder to anonymous SecurityContext MDC:[traceId=, spanId=]
2025-05-04 01:33:40 [http-nio-8012-exec-2] DEBUG o.s.security.web.FilterChainProxy - Secured POST /api/auth/login MDC:[traceId=, spanId=]
2025-05-04 01:33:51 [http-nio-8012-exec-3] DEBUG o.s.security.web.FilterChainProxy - Securing POST /api/auth/login MDC:[traceId=, spanId=]
2025-05-04 01:33:51 [http-nio-8012-exec-3] DEBUG o.s.s.w.a.AnonymousAuthenticationFilter - Set SecurityContextHolder to anonymous SecurityContext MDC:[traceId=, spanId=]
2025-05-04 01:33:51 [http-nio-8012-exec-3] DEBUG o.s.security.web.FilterChainProxy - Secured POST /api/auth/login MDC:[traceId=, spanId=]
2025-05-04 01:34:01 [http-nio-8012-exec-4] DEBUG o.s.security.web.FilterChainProxy - Securing POST /api/auth/login MDC:[traceId=, spanId=]
2025-05-04 01:34:01 [http-nio-8012-exec-4] DEBUG o.s.s.w.a.AnonymousAuthenticationFilter - Set SecurityContextHolder to anonymous SecurityContext MDC:[traceId=, spanId=]
2025-05-04 01:34:01 [http-nio-8012-exec-4] DEBUG o.s.security.web.FilterChainProxy - Secured POST /api/auth/login MDC:[traceId=, spanId=]
2025-05-04 01:34:05 [http-nio-8012-exec-5] DEBUG o.s.security.web.FilterChainProxy - Securing POST /api/auth/login MDC:[traceId=, spanId=]
2025-05-04 01:34:05 [http-nio-8012-exec-5] DEBUG o.s.s.w.a.AnonymousAuthenticationFilter - Set SecurityContextHolder to anonymous SecurityContext MDC:[traceId=, spanId=]
2025-05-04 01:34:05 [http-nio-8012-exec-5] DEBUG o.s.security.web.FilterChainProxy - Secured POST /api/auth/login MDC:[traceId=, spanId=]
2025-05-04 01:34:07 [http-nio-8012-exec-6] DEBUG o.s.security.web.FilterChainProxy - Securing POST /api/auth/login MDC:[traceId=, spanId=]
2025-05-04 01:34:07 [http-nio-8012-exec-6] DEBUG o.s.s.w.a.AnonymousAuthenticationFilter - Set SecurityContextHolder to anonymous SecurityContext MDC:[traceId=, spanId=]
2025-05-04 01:34:07 [http-nio-8012-exec-6] DEBUG o.s.security.web.FilterChainProxy - Secured POST /api/auth/login MDC:[traceId=, spanId=]
2025-05-04 01:34:08 [http-nio-8012-exec-7] DEBUG o.s.security.web.FilterChainProxy - Securing POST /api/auth/login MDC:[traceId=, spanId=]
2025-05-04 01:34:08 [http-nio-8012-exec-7] DEBUG o.s.s.w.a.AnonymousAuthenticationFilter - Set SecurityContextHolder to anonymous SecurityContext MDC:[traceId=, spanId=]
2025-05-04 01:34:08 [http-nio-8012-exec-7] DEBUG o.s.security.web.FilterChainProxy - Secured POST /api/auth/login MDC:[traceId=, spanId=]
2025-05-04 01:34:10 [http-nio-8012-exec-10] DEBUG o.s.security.web.FilterChainProxy - Securing POST /api/auth/login MDC:[traceId=, spanId=]
2025-05-04 01:34:10 [http-nio-8012-exec-10] DEBUG o.s.s.w.a.AnonymousAuthenticationFilter - Set SecurityContextHolder to anonymous SecurityContext MDC:[traceId=, spanId=]
2025-05-04 01:34:10 [http-nio-8012-exec-10] DEBUG o.s.security.web.FilterChainProxy - Secured POST /api/auth/login MDC:[traceId=, spanId=]
2025-05-04 01:34:13 [http-nio-8012-exec-9] DEBUG o.s.security.web.FilterChainProxy - Securing POST /api/auth/login MDC:[traceId=, spanId=]
2025-05-04 01:34:13 [http-nio-8012-exec-9] DEBUG o.s.s.w.a.AnonymousAuthenticationFilter - Set SecurityContextHolder to anonymous SecurityContext MDC:[traceId=, spanId=]
2025-05-04 01:34:13 [http-nio-8012-exec-9] DEBUG o.s.security.web.FilterChainProxy - Secured POST /api/auth/login MDC:[traceId=, spanId=]
2025-05-04 01:34:55 [http-nio-8012-exec-8] DEBUG o.s.security.web.FilterChainProxy - Securing POST /api/auth/login MDC:[traceId=, spanId=]
2025-05-04 01:34:55 [http-nio-8012-exec-8] DEBUG o.s.s.w.a.AnonymousAuthenticationFilter - Set SecurityContextHolder to anonymous SecurityContext MDC:[traceId=, spanId=]
2025-05-04 01:34:55 [http-nio-8012-exec-8] DEBUG o.s.security.web.FilterChainProxy - Secured POST /api/auth/login MDC:[traceId=, spanId=]
2025-05-04 01:34:55 [http-nio-8012-exec-8] WARN  o.s.s.c.bcrypt.BCryptPasswordEncoder - Empty encoded password MDC:[traceId=, spanId=]
2025-05-04 01:35:00 [http-nio-8012-exec-2] DEBUG o.s.security.web.FilterChainProxy - Securing POST /api/auth/login MDC:[traceId=, spanId=]
2025-05-04 01:35:00 [http-nio-8012-exec-2] DEBUG o.s.s.w.a.AnonymousAuthenticationFilter - Set SecurityContextHolder to anonymous SecurityContext MDC:[traceId=, spanId=]
2025-05-04 01:35:00 [http-nio-8012-exec-2] DEBUG o.s.security.web.FilterChainProxy - Secured POST /api/auth/login MDC:[traceId=, spanId=]
2025-05-04 01:35:00 [http-nio-8012-exec-2] WARN  o.s.s.c.bcrypt.BCryptPasswordEncoder - Empty encoded password MDC:[traceId=, spanId=]
2025-05-04 01:36:55 [main] INFO  o.s.s.c.a.a.c.InitializeAuthenticationProviderBeanManagerConfigurer$InitializeAuthenticationProviderManagerConfigurer - Global AuthenticationManager configured with AuthenticationProvider bean with name authenticationProvider MDC:[traceId=, spanId=]
2025-05-04 01:36:55 [main] WARN  o.s.s.c.a.a.c.InitializeUserDetailsBeanManagerConfigurer$InitializeUserDetailsManagerConfigurer - Global AuthenticationManager configured with an AuthenticationProvider bean. UserDetailsService beans will not be used for username/password login. Consider removing the AuthenticationProvider bean. Alternatively, consider using the UserDetailsService in a manually instantiated DaoAuthenticationProvider. MDC:[traceId=, spanId=]
2025-05-04 01:36:56 [main] DEBUG o.s.s.web.DefaultSecurityFilterChain - Will secure any request with filters: DisableEncodeUrlFilter, WebAsyncManagerIntegrationFilter, SecurityContextHolderFilter, HeaderWriterFilter, LogoutFilter, JwtFilter, RequestCacheAwareFilter, SecurityContextHolderAwareRequestFilter, AnonymousAuthenticationFilter, SessionManagementFilter, ExceptionTranslationFilter, AuthorizationFilter MDC:[traceId=, spanId=]
2025-05-04 01:36:59 [http-nio-8012-exec-2] DEBUG o.s.security.web.FilterChainProxy - Securing POST /api/auth/login MDC:[traceId=, spanId=]
2025-05-04 01:36:59 [http-nio-8012-exec-2] DEBUG o.s.s.w.a.AnonymousAuthenticationFilter - Set SecurityContextHolder to anonymous SecurityContext MDC:[traceId=, spanId=]
2025-05-04 01:36:59 [http-nio-8012-exec-2] DEBUG o.s.security.web.FilterChainProxy - Secured POST /api/auth/login MDC:[traceId=, spanId=]
2025-05-04 01:37:02 [http-nio-8012-exec-4] DEBUG o.s.security.web.FilterChainProxy - Securing POST /api/auth/login MDC:[traceId=, spanId=]
2025-05-04 01:37:02 [http-nio-8012-exec-4] DEBUG o.s.s.w.a.AnonymousAuthenticationFilter - Set SecurityContextHolder to anonymous SecurityContext MDC:[traceId=, spanId=]
2025-05-04 01:37:02 [http-nio-8012-exec-4] DEBUG o.s.security.web.FilterChainProxy - Secured POST /api/auth/login MDC:[traceId=, spanId=]
2025-05-04 01:37:05 [http-nio-8012-exec-3] DEBUG o.s.security.web.FilterChainProxy - Securing POST /api/auth/login MDC:[traceId=, spanId=]
2025-05-04 01:37:05 [http-nio-8012-exec-3] DEBUG o.s.s.w.a.AnonymousAuthenticationFilter - Set SecurityContextHolder to anonymous SecurityContext MDC:[traceId=, spanId=]
2025-05-04 01:37:05 [http-nio-8012-exec-3] DEBUG o.s.security.web.FilterChainProxy - Secured POST /api/auth/login MDC:[traceId=, spanId=]
2025-05-04 01:37:06 [http-nio-8012-exec-5] DEBUG o.s.security.web.FilterChainProxy - Securing POST /api/auth/login MDC:[traceId=, spanId=]
2025-05-04 01:37:06 [http-nio-8012-exec-5] DEBUG o.s.s.w.a.AnonymousAuthenticationFilter - Set SecurityContextHolder to anonymous SecurityContext MDC:[traceId=, spanId=]
2025-05-04 01:37:06 [http-nio-8012-exec-5] DEBUG o.s.security.web.FilterChainProxy - Secured POST /api/auth/login MDC:[traceId=, spanId=]
2025-05-04 01:37:08 [http-nio-8012-exec-6] DEBUG o.s.security.web.FilterChainProxy - Securing POST /api/auth/login MDC:[traceId=, spanId=]
2025-05-04 01:37:08 [http-nio-8012-exec-6] DEBUG o.s.s.w.a.AnonymousAuthenticationFilter - Set SecurityContextHolder to anonymous SecurityContext MDC:[traceId=, spanId=]
2025-05-04 01:37:08 [http-nio-8012-exec-6] DEBUG o.s.security.web.FilterChainProxy - Secured POST /api/auth/login MDC:[traceId=, spanId=]
2025-05-04 01:37:13 [http-nio-8012-exec-9] DEBUG o.s.security.web.FilterChainProxy - Securing POST /api/auth/login MDC:[traceId=, spanId=]
2025-05-04 01:37:13 [http-nio-8012-exec-9] DEBUG o.s.s.w.a.AnonymousAuthenticationFilter - Set SecurityContextHolder to anonymous SecurityContext MDC:[traceId=, spanId=]
2025-05-04 01:37:13 [http-nio-8012-exec-9] DEBUG o.s.security.web.FilterChainProxy - Secured POST /api/auth/login MDC:[traceId=, spanId=]
2025-05-04 01:37:14 [http-nio-8012-exec-7] DEBUG o.s.security.web.FilterChainProxy - Securing POST /api/auth/login MDC:[traceId=, spanId=]
2025-05-04 01:37:14 [http-nio-8012-exec-7] DEBUG o.s.s.w.a.AnonymousAuthenticationFilter - Set SecurityContextHolder to anonymous SecurityContext MDC:[traceId=, spanId=]
2025-05-04 01:37:14 [http-nio-8012-exec-7] DEBUG o.s.security.web.FilterChainProxy - Secured POST /api/auth/login MDC:[traceId=, spanId=]
2025-05-04 01:37:15 [http-nio-8012-exec-1] DEBUG o.s.security.web.FilterChainProxy - Securing POST /api/auth/login MDC:[traceId=, spanId=]
2025-05-04 01:37:15 [http-nio-8012-exec-1] DEBUG o.s.s.w.a.AnonymousAuthenticationFilter - Set SecurityContextHolder to anonymous SecurityContext MDC:[traceId=, spanId=]
2025-05-04 01:37:15 [http-nio-8012-exec-1] DEBUG o.s.security.web.FilterChainProxy - Secured POST /api/auth/login MDC:[traceId=, spanId=]
2025-05-04 01:37:15 [http-nio-8012-exec-4] DEBUG o.s.security.web.FilterChainProxy - Securing POST /api/auth/login MDC:[traceId=, spanId=]
2025-05-04 01:37:15 [http-nio-8012-exec-4] DEBUG o.s.s.w.a.AnonymousAuthenticationFilter - Set SecurityContextHolder to anonymous SecurityContext MDC:[traceId=, spanId=]
2025-05-04 01:37:15 [http-nio-8012-exec-4] DEBUG o.s.security.web.FilterChainProxy - Secured POST /api/auth/login MDC:[traceId=, spanId=]
2025-05-04 01:37:16 [http-nio-8012-exec-5] DEBUG o.s.security.web.FilterChainProxy - Securing POST /api/auth/login MDC:[traceId=, spanId=]
2025-05-04 01:37:16 [http-nio-8012-exec-5] DEBUG o.s.s.w.a.AnonymousAuthenticationFilter - Set SecurityContextHolder to anonymous SecurityContext MDC:[traceId=, spanId=]
2025-05-04 01:37:16 [http-nio-8012-exec-5] DEBUG o.s.security.web.FilterChainProxy - Secured POST /api/auth/login MDC:[traceId=, spanId=]
2025-05-04 01:37:17 [http-nio-8012-exec-9] DEBUG o.s.security.web.FilterChainProxy - Securing POST /api/auth/login MDC:[traceId=, spanId=]
2025-05-04 01:37:17 [http-nio-8012-exec-9] DEBUG o.s.s.w.a.AnonymousAuthenticationFilter - Set SecurityContextHolder to anonymous SecurityContext MDC:[traceId=, spanId=]
2025-05-04 01:37:17 [http-nio-8012-exec-9] DEBUG o.s.security.web.FilterChainProxy - Secured POST /api/auth/login MDC:[traceId=, spanId=]
2025-05-04 01:37:17 [http-nio-8012-exec-7] DEBUG o.s.security.web.FilterChainProxy - Securing POST /api/auth/login MDC:[traceId=, spanId=]
2025-05-04 01:37:17 [http-nio-8012-exec-7] DEBUG o.s.s.w.a.AnonymousAuthenticationFilter - Set SecurityContextHolder to anonymous SecurityContext MDC:[traceId=, spanId=]
2025-05-04 01:37:17 [http-nio-8012-exec-7] DEBUG o.s.security.web.FilterChainProxy - Secured POST /api/auth/login MDC:[traceId=, spanId=]
2025-05-04 01:37:18 [http-nio-8012-exec-1] DEBUG o.s.security.web.FilterChainProxy - Securing POST /api/auth/login MDC:[traceId=, spanId=]
2025-05-04 01:37:18 [http-nio-8012-exec-1] DEBUG o.s.s.w.a.AnonymousAuthenticationFilter - Set SecurityContextHolder to anonymous SecurityContext MDC:[traceId=, spanId=]
2025-05-04 01:37:18 [http-nio-8012-exec-1] DEBUG o.s.security.web.FilterChainProxy - Secured POST /api/auth/login MDC:[traceId=, spanId=]
2025-05-04 01:37:19 [http-nio-8012-exec-4] DEBUG o.s.security.web.FilterChainProxy - Securing POST /api/auth/login MDC:[traceId=, spanId=]
2025-05-04 01:37:19 [http-nio-8012-exec-4] DEBUG o.s.s.w.a.AnonymousAuthenticationFilter - Set SecurityContextHolder to anonymous SecurityContext MDC:[traceId=, spanId=]
2025-05-04 01:37:19 [http-nio-8012-exec-4] DEBUG o.s.security.web.FilterChainProxy - Secured POST /api/auth/login MDC:[traceId=, spanId=]
2025-05-04 01:37:19 [http-nio-8012-exec-5] DEBUG o.s.security.web.FilterChainProxy - Securing POST /api/auth/login MDC:[traceId=, spanId=]
2025-05-04 01:37:19 [http-nio-8012-exec-5] DEBUG o.s.s.w.a.AnonymousAuthenticationFilter - Set SecurityContextHolder to anonymous SecurityContext MDC:[traceId=, spanId=]
2025-05-04 01:37:19 [http-nio-8012-exec-5] DEBUG o.s.security.web.FilterChainProxy - Secured POST /api/auth/login MDC:[traceId=, spanId=]
2025-05-04 01:37:20 [http-nio-8012-exec-9] DEBUG o.s.security.web.FilterChainProxy - Securing POST /api/auth/login MDC:[traceId=, spanId=]
2025-05-04 01:37:20 [http-nio-8012-exec-9] DEBUG o.s.s.w.a.AnonymousAuthenticationFilter - Set SecurityContextHolder to anonymous SecurityContext MDC:[traceId=, spanId=]
2025-05-04 01:37:20 [http-nio-8012-exec-9] DEBUG o.s.security.web.FilterChainProxy - Secured POST /api/auth/login MDC:[traceId=, spanId=]
2025-05-04 01:37:21 [http-nio-8012-exec-7] DEBUG o.s.security.web.FilterChainProxy - Securing POST /api/auth/login MDC:[traceId=, spanId=]
2025-05-04 01:37:21 [http-nio-8012-exec-7] DEBUG o.s.s.w.a.AnonymousAuthenticationFilter - Set SecurityContextHolder to anonymous SecurityContext MDC:[traceId=, spanId=]
2025-05-04 01:37:21 [http-nio-8012-exec-7] DEBUG o.s.security.web.FilterChainProxy - Secured POST /api/auth/login MDC:[traceId=, spanId=]
2025-05-04 01:37:27 [http-nio-8012-exec-1] DEBUG o.s.security.web.FilterChainProxy - Securing POST /api/auth/login MDC:[traceId=, spanId=]
2025-05-04 01:37:27 [http-nio-8012-exec-1] DEBUG o.s.s.w.a.AnonymousAuthenticationFilter - Set SecurityContextHolder to anonymous SecurityContext MDC:[traceId=, spanId=]
2025-05-04 01:37:27 [http-nio-8012-exec-1] DEBUG o.s.security.web.FilterChainProxy - Secured POST /api/auth/login MDC:[traceId=, spanId=]
2025-05-04 01:37:27 [http-nio-8012-exec-1] DEBUG o.s.security.web.FilterChainProxy - Securing POST /error MDC:[traceId=, spanId=]
2025-05-04 01:37:27 [http-nio-8012-exec-1] DEBUG o.s.s.w.a.AnonymousAuthenticationFilter - Set SecurityContextHolder to anonymous SecurityContext MDC:[traceId=, spanId=]
2025-05-04 01:37:33 [http-nio-8012-exec-2] DEBUG o.s.security.web.FilterChainProxy - Securing POST /api/auth/login MDC:[traceId=, spanId=]
2025-05-04 01:37:33 [http-nio-8012-exec-2] DEBUG o.s.s.w.a.AnonymousAuthenticationFilter - Set SecurityContextHolder to anonymous SecurityContext MDC:[traceId=, spanId=]
2025-05-04 01:37:33 [http-nio-8012-exec-2] DEBUG o.s.security.web.FilterChainProxy - Secured POST /api/auth/login MDC:[traceId=, spanId=]
2025-05-04 01:37:33 [http-nio-8012-exec-2] DEBUG o.s.security.web.FilterChainProxy - Securing POST /error MDC:[traceId=, spanId=]
2025-05-04 01:37:33 [http-nio-8012-exec-2] DEBUG o.s.s.w.a.AnonymousAuthenticationFilter - Set SecurityContextHolder to anonymous SecurityContext MDC:[traceId=, spanId=]
2025-05-04 01:37:34 [http-nio-8012-exec-4] DEBUG o.s.security.web.FilterChainProxy - Securing POST /api/auth/login MDC:[traceId=, spanId=]
2025-05-04 01:37:34 [http-nio-8012-exec-4] DEBUG o.s.s.w.a.AnonymousAuthenticationFilter - Set SecurityContextHolder to anonymous SecurityContext MDC:[traceId=, spanId=]
2025-05-04 01:37:34 [http-nio-8012-exec-4] DEBUG o.s.security.web.FilterChainProxy - Secured POST /api/auth/login MDC:[traceId=, spanId=]
2025-05-04 01:37:34 [http-nio-8012-exec-4] DEBUG o.s.security.web.FilterChainProxy - Securing POST /error MDC:[traceId=, spanId=]
2025-05-04 01:37:34 [http-nio-8012-exec-4] DEBUG o.s.s.w.a.AnonymousAuthenticationFilter - Set SecurityContextHolder to anonymous SecurityContext MDC:[traceId=, spanId=]
2025-05-04 01:37:35 [http-nio-8012-exec-3] DEBUG o.s.security.web.FilterChainProxy - Securing POST /api/auth/login MDC:[traceId=, spanId=]
2025-05-04 01:37:35 [http-nio-8012-exec-3] DEBUG o.s.s.w.a.AnonymousAuthenticationFilter - Set SecurityContextHolder to anonymous SecurityContext MDC:[traceId=, spanId=]
2025-05-04 01:37:35 [http-nio-8012-exec-3] DEBUG o.s.security.web.FilterChainProxy - Secured POST /api/auth/login MDC:[traceId=, spanId=]
2025-05-04 01:37:35 [http-nio-8012-exec-3] DEBUG o.s.security.web.FilterChainProxy - Securing POST /error MDC:[traceId=, spanId=]
2025-05-04 01:37:35 [http-nio-8012-exec-3] DEBUG o.s.s.w.a.AnonymousAuthenticationFilter - Set SecurityContextHolder to anonymous SecurityContext MDC:[traceId=, spanId=]
2025-05-04 01:37:36 [http-nio-8012-exec-5] DEBUG o.s.security.web.FilterChainProxy - Securing POST /api/auth/login MDC:[traceId=, spanId=]
2025-05-04 01:37:36 [http-nio-8012-exec-5] DEBUG o.s.s.w.a.AnonymousAuthenticationFilter - Set SecurityContextHolder to anonymous SecurityContext MDC:[traceId=, spanId=]
2025-05-04 01:37:36 [http-nio-8012-exec-5] DEBUG o.s.security.web.FilterChainProxy - Secured POST /api/auth/login MDC:[traceId=, spanId=]
2025-05-04 01:37:36 [http-nio-8012-exec-5] DEBUG o.s.security.web.FilterChainProxy - Securing POST /error MDC:[traceId=, spanId=]
2025-05-04 01:37:36 [http-nio-8012-exec-5] DEBUG o.s.s.w.a.AnonymousAuthenticationFilter - Set SecurityContextHolder to anonymous SecurityContext MDC:[traceId=, spanId=]
2025-05-04 01:38:24 [main] INFO  o.s.s.c.a.a.c.InitializeAuthenticationProviderBeanManagerConfigurer$InitializeAuthenticationProviderManagerConfigurer - Global AuthenticationManager configured with AuthenticationProvider bean with name authenticationProvider MDC:[traceId=, spanId=]
2025-05-04 01:38:24 [main] WARN  o.s.s.c.a.a.c.InitializeUserDetailsBeanManagerConfigurer$InitializeUserDetailsManagerConfigurer - Global AuthenticationManager configured with an AuthenticationProvider bean. UserDetailsService beans will not be used for username/password login. Consider removing the AuthenticationProvider bean. Alternatively, consider using the UserDetailsService in a manually instantiated DaoAuthenticationProvider. MDC:[traceId=, spanId=]
2025-05-04 01:38:25 [main] DEBUG o.s.s.web.DefaultSecurityFilterChain - Will secure any request with filters: DisableEncodeUrlFilter, WebAsyncManagerIntegrationFilter, SecurityContextHolderFilter, HeaderWriterFilter, LogoutFilter, JwtFilter, RequestCacheAwareFilter, SecurityContextHolderAwareRequestFilter, AnonymousAuthenticationFilter, SessionManagementFilter, ExceptionTranslationFilter, AuthorizationFilter MDC:[traceId=, spanId=]
2025-05-04 01:38:31 [http-nio-8012-exec-2] DEBUG o.s.security.web.FilterChainProxy - Securing POST /api/auth/login MDC:[traceId=, spanId=]
2025-05-04 01:38:31 [http-nio-8012-exec-2] DEBUG o.s.s.w.a.AnonymousAuthenticationFilter - Set SecurityContextHolder to anonymous SecurityContext MDC:[traceId=, spanId=]
2025-05-04 01:38:31 [http-nio-8012-exec-2] DEBUG o.s.security.web.FilterChainProxy - Secured POST /api/auth/login MDC:[traceId=, spanId=]
2025-05-04 01:38:32 [http-nio-8012-exec-2] WARN  o.s.s.c.bcrypt.BCryptPasswordEncoder - Empty encoded password MDC:[traceId=, spanId=]
2025-05-04 01:38:33 [http-nio-8012-exec-5] DEBUG o.s.security.web.FilterChainProxy - Securing POST /api/auth/login MDC:[traceId=, spanId=]
2025-05-04 01:38:33 [http-nio-8012-exec-5] DEBUG o.s.s.w.a.AnonymousAuthenticationFilter - Set SecurityContextHolder to anonymous SecurityContext MDC:[traceId=, spanId=]
2025-05-04 01:38:33 [http-nio-8012-exec-5] DEBUG o.s.security.web.FilterChainProxy - Secured POST /api/auth/login MDC:[traceId=, spanId=]
2025-05-04 01:38:33 [http-nio-8012-exec-5] WARN  o.s.s.c.bcrypt.BCryptPasswordEncoder - Empty encoded password MDC:[traceId=, spanId=]
2025-05-04 01:38:35 [http-nio-8012-exec-6] DEBUG o.s.security.web.FilterChainProxy - Securing POST /api/auth/login MDC:[traceId=, spanId=]
2025-05-04 01:38:35 [http-nio-8012-exec-6] DEBUG o.s.s.w.a.AnonymousAuthenticationFilter - Set SecurityContextHolder to anonymous SecurityContext MDC:[traceId=, spanId=]
2025-05-04 01:38:35 [http-nio-8012-exec-6] DEBUG o.s.security.web.FilterChainProxy - Secured POST /api/auth/login MDC:[traceId=, spanId=]
2025-05-04 01:38:35 [http-nio-8012-exec-6] WARN  o.s.s.c.bcrypt.BCryptPasswordEncoder - Empty encoded password MDC:[traceId=, spanId=]
2025-05-04 01:38:36 [http-nio-8012-exec-8] DEBUG o.s.security.web.FilterChainProxy - Securing POST /api/auth/login MDC:[traceId=, spanId=]
2025-05-04 01:38:36 [http-nio-8012-exec-8] DEBUG o.s.s.w.a.AnonymousAuthenticationFilter - Set SecurityContextHolder to anonymous SecurityContext MDC:[traceId=, spanId=]
2025-05-04 01:38:36 [http-nio-8012-exec-8] DEBUG o.s.security.web.FilterChainProxy - Secured POST /api/auth/login MDC:[traceId=, spanId=]
2025-05-04 01:38:36 [http-nio-8012-exec-8] WARN  o.s.s.c.bcrypt.BCryptPasswordEncoder - Empty encoded password MDC:[traceId=, spanId=]
2025-05-04 01:38:48 [http-nio-8012-exec-10] DEBUG o.s.security.web.FilterChainProxy - Securing POST /api/auth/login MDC:[traceId=, spanId=]
2025-05-04 01:38:48 [http-nio-8012-exec-10] DEBUG o.s.s.w.a.AnonymousAuthenticationFilter - Set SecurityContextHolder to anonymous SecurityContext MDC:[traceId=, spanId=]
2025-05-04 01:38:48 [http-nio-8012-exec-10] DEBUG o.s.security.web.FilterChainProxy - Secured POST /api/auth/login MDC:[traceId=, spanId=]
2025-05-04 01:38:48 [http-nio-8012-exec-10] WARN  o.s.s.c.bcrypt.BCryptPasswordEncoder - Empty encoded password MDC:[traceId=, spanId=]
2025-05-04 01:39:29 [http-nio-8012-exec-2] DEBUG o.s.security.web.FilterChainProxy - Securing POST /api/auth/login MDC:[traceId=, spanId=]
2025-05-04 01:39:29 [http-nio-8012-exec-2] DEBUG o.s.s.w.a.AnonymousAuthenticationFilter - Set SecurityContextHolder to anonymous SecurityContext MDC:[traceId=, spanId=]
2025-05-04 01:39:29 [http-nio-8012-exec-2] DEBUG o.s.security.web.FilterChainProxy - Secured POST /api/auth/login MDC:[traceId=, spanId=]
2025-05-04 01:39:30 [http-nio-8012-exec-4] DEBUG o.s.security.web.FilterChainProxy - Securing POST /api/auth/login MDC:[traceId=, spanId=]
2025-05-04 01:39:30 [http-nio-8012-exec-4] DEBUG o.s.s.w.a.AnonymousAuthenticationFilter - Set SecurityContextHolder to anonymous SecurityContext MDC:[traceId=, spanId=]
2025-05-04 01:39:30 [http-nio-8012-exec-4] DEBUG o.s.security.web.FilterChainProxy - Secured POST /api/auth/login MDC:[traceId=, spanId=]
2025-05-04 01:39:33 [http-nio-8012-exec-5] DEBUG o.s.security.web.FilterChainProxy - Securing POST /api/auth/login MDC:[traceId=, spanId=]
2025-05-04 01:39:33 [http-nio-8012-exec-5] DEBUG o.s.s.w.a.AnonymousAuthenticationFilter - Set SecurityContextHolder to anonymous SecurityContext MDC:[traceId=, spanId=]
2025-05-04 01:39:33 [http-nio-8012-exec-5] DEBUG o.s.security.web.FilterChainProxy - Secured POST /api/auth/login MDC:[traceId=, spanId=]
2025-05-04 01:39:37 [http-nio-8012-exec-3] DEBUG o.s.security.web.FilterChainProxy - Securing POST /api/auth/login MDC:[traceId=, spanId=]
2025-05-04 01:39:37 [http-nio-8012-exec-3] DEBUG o.s.s.w.a.AnonymousAuthenticationFilter - Set SecurityContextHolder to anonymous SecurityContext MDC:[traceId=, spanId=]
2025-05-04 01:39:37 [http-nio-8012-exec-3] DEBUG o.s.security.web.FilterChainProxy - Secured POST /api/auth/login MDC:[traceId=, spanId=]
2025-05-04 01:39:38 [http-nio-8012-exec-7] DEBUG o.s.security.web.FilterChainProxy - Securing POST /api/auth/login MDC:[traceId=, spanId=]
2025-05-04 01:39:38 [http-nio-8012-exec-7] DEBUG o.s.s.w.a.AnonymousAuthenticationFilter - Set SecurityContextHolder to anonymous SecurityContext MDC:[traceId=, spanId=]
2025-05-04 01:39:38 [http-nio-8012-exec-7] DEBUG o.s.security.web.FilterChainProxy - Secured POST /api/auth/login MDC:[traceId=, spanId=]
2025-05-04 01:39:42 [http-nio-8012-exec-9] DEBUG o.s.security.web.FilterChainProxy - Securing POST /api/auth/login MDC:[traceId=, spanId=]
2025-05-04 01:39:42 [http-nio-8012-exec-9] DEBUG o.s.s.w.a.AnonymousAuthenticationFilter - Set SecurityContextHolder to anonymous SecurityContext MDC:[traceId=, spanId=]
2025-05-04 01:39:42 [http-nio-8012-exec-9] DEBUG o.s.security.web.FilterChainProxy - Secured POST /api/auth/login MDC:[traceId=, spanId=]
2025-05-04 01:39:48 [http-nio-8012-exec-10] DEBUG o.s.security.web.FilterChainProxy - Securing POST /api/auth/login MDC:[traceId=, spanId=]
2025-05-04 01:39:48 [http-nio-8012-exec-10] DEBUG o.s.s.w.a.AnonymousAuthenticationFilter - Set SecurityContextHolder to anonymous SecurityContext MDC:[traceId=, spanId=]
2025-05-04 01:39:48 [http-nio-8012-exec-10] DEBUG o.s.security.web.FilterChainProxy - Secured POST /api/auth/login MDC:[traceId=, spanId=]
2025-05-04 01:39:50 [http-nio-8012-exec-1] DEBUG o.s.security.web.FilterChainProxy - Securing POST /api/auth/login MDC:[traceId=, spanId=]
2025-05-04 01:39:50 [http-nio-8012-exec-1] DEBUG o.s.s.w.a.AnonymousAuthenticationFilter - Set SecurityContextHolder to anonymous SecurityContext MDC:[traceId=, spanId=]
2025-05-04 01:39:50 [http-nio-8012-exec-1] DEBUG o.s.security.web.FilterChainProxy - Secured POST /api/auth/login MDC:[traceId=, spanId=]
2025-05-04 01:39:53 [http-nio-8012-exec-2] DEBUG o.s.security.web.FilterChainProxy - Securing POST /api/auth/login MDC:[traceId=, spanId=]
2025-05-04 01:39:53 [http-nio-8012-exec-2] DEBUG o.s.s.w.a.AnonymousAuthenticationFilter - Set SecurityContextHolder to anonymous SecurityContext MDC:[traceId=, spanId=]
2025-05-04 01:39:53 [http-nio-8012-exec-2] DEBUG o.s.security.web.FilterChainProxy - Secured POST /api/auth/login MDC:[traceId=, spanId=]
2025-05-04 01:39:58 [http-nio-8012-exec-5] DEBUG o.s.security.web.FilterChainProxy - Securing POST /api/auth/login MDC:[traceId=, spanId=]
2025-05-04 01:39:58 [http-nio-8012-exec-5] DEBUG o.s.s.w.a.AnonymousAuthenticationFilter - Set SecurityContextHolder to anonymous SecurityContext MDC:[traceId=, spanId=]
2025-05-04 01:39:58 [http-nio-8012-exec-5] DEBUG o.s.security.web.FilterChainProxy - Secured POST /api/auth/login MDC:[traceId=, spanId=]
2025-05-04 19:57:03 [main] INFO  o.s.s.c.a.a.c.InitializeAuthenticationProviderBeanManagerConfigurer$InitializeAuthenticationProviderManagerConfigurer - Global AuthenticationManager configured with AuthenticationProvider bean with name authenticationProvider MDC:[traceId=, spanId=]
2025-05-04 19:57:03 [main] WARN  o.s.s.c.a.a.c.InitializeUserDetailsBeanManagerConfigurer$InitializeUserDetailsManagerConfigurer - Global AuthenticationManager configured with an AuthenticationProvider bean. UserDetailsService beans will not be used for username/password login. Consider removing the AuthenticationProvider bean. Alternatively, consider using the UserDetailsService in a manually instantiated DaoAuthenticationProvider. MDC:[traceId=, spanId=]
2025-05-04 19:57:03 [main] DEBUG o.s.s.web.DefaultSecurityFilterChain - Will secure any request with filters: DisableEncodeUrlFilter, WebAsyncManagerIntegrationFilter, SecurityContextHolderFilter, HeaderWriterFilter, LogoutFilter, JwtFilter, RequestCacheAwareFilter, SecurityContextHolderAwareRequestFilter, AnonymousAuthenticationFilter, SessionManagementFilter, ExceptionTranslationFilter, AuthorizationFilter MDC:[traceId=, spanId=]
2025-05-04 20:03:40 [http-nio-8012-exec-1] DEBUG o.s.security.web.FilterChainProxy - Securing POST /api/auth/login MDC:[traceId=, spanId=]
2025-05-04 20:03:40 [http-nio-8012-exec-1] DEBUG o.s.s.w.a.AnonymousAuthenticationFilter - Set SecurityContextHolder to anonymous SecurityContext MDC:[traceId=, spanId=]
2025-05-04 20:03:40 [http-nio-8012-exec-1] DEBUG o.s.security.web.FilterChainProxy - Secured POST /api/auth/login MDC:[traceId=, spanId=]
2025-05-04 21:30:06 [http-nio-8012-exec-3] DEBUG o.s.security.web.FilterChainProxy - Securing POST /api/auth/login MDC:[traceId=, spanId=]
2025-05-04 21:30:06 [http-nio-8012-exec-3] DEBUG o.s.s.w.a.AnonymousAuthenticationFilter - Set SecurityContextHolder to anonymous SecurityContext MDC:[traceId=, spanId=]
2025-05-04 21:30:06 [http-nio-8012-exec-3] DEBUG o.s.s.w.s.SessionManagementFilter - Request requested invalid session id 81E3C38E20EE1F065B640E37C52150D5 MDC:[traceId=, spanId=]
2025-05-04 21:30:06 [http-nio-8012-exec-3] DEBUG o.s.security.web.FilterChainProxy - Secured POST /api/auth/login MDC:[traceId=, spanId=]
2025-05-04 22:00:10 [http-nio-8012-exec-5] DEBUG o.s.security.web.FilterChainProxy - Securing POST /api/auth/login MDC:[traceId=, spanId=]
2025-05-04 22:00:10 [http-nio-8012-exec-5] DEBUG o.s.s.w.a.AnonymousAuthenticationFilter - Set SecurityContextHolder to anonymous SecurityContext MDC:[traceId=, spanId=]
2025-05-04 22:00:10 [http-nio-8012-exec-5] DEBUG o.s.s.w.s.SessionManagementFilter - Request requested invalid session id 81E3C38E20EE1F065B640E37C52150D5 MDC:[traceId=, spanId=]
2025-05-04 22:00:10 [http-nio-8012-exec-5] DEBUG o.s.security.web.FilterChainProxy - Secured POST /api/auth/login MDC:[traceId=, spanId=]
2025-05-04 22:00:11 [http-nio-8012-exec-5] WARN  o.s.s.c.bcrypt.BCryptPasswordEncoder - Empty encoded password MDC:[traceId=, spanId=]
2025-05-04 23:55:10 [main] INFO  o.s.s.c.a.a.c.InitializeAuthenticationProviderBeanManagerConfigurer$InitializeAuthenticationProviderManagerConfigurer - Global AuthenticationManager configured with AuthenticationProvider bean with name authenticationProvider MDC:[traceId=, spanId=]
2025-05-04 23:55:10 [main] WARN  o.s.s.c.a.a.c.InitializeUserDetailsBeanManagerConfigurer$InitializeUserDetailsManagerConfigurer - Global AuthenticationManager configured with an AuthenticationProvider bean. UserDetailsService beans will not be used for username/password login. Consider removing the AuthenticationProvider bean. Alternatively, consider using the UserDetailsService in a manually instantiated DaoAuthenticationProvider. MDC:[traceId=, spanId=]
2025-05-04 23:55:10 [main] DEBUG o.s.s.web.DefaultSecurityFilterChain - Will secure any request with filters: DisableEncodeUrlFilter, WebAsyncManagerIntegrationFilter, SecurityContextHolderFilter, HeaderWriterFilter, LogoutFilter, JwtFilter, RequestCacheAwareFilter, SecurityContextHolderAwareRequestFilter, AnonymousAuthenticationFilter, SessionManagementFilter, ExceptionTranslationFilter, AuthorizationFilter MDC:[traceId=, spanId=]
2025-05-04 23:57:02 [http-nio-8012-exec-1] DEBUG o.s.security.web.FilterChainProxy - Securing GET /api/auth/v3/api-docs MDC:[traceId=, spanId=]
2025-05-04 23:57:02 [http-nio-8012-exec-1] DEBUG o.s.s.w.a.AnonymousAuthenticationFilter - Set SecurityContextHolder to anonymous SecurityContext MDC:[traceId=, spanId=]
2025-05-04 23:57:08 [http-nio-8012-exec-2] DEBUG o.s.security.web.FilterChainProxy - Securing GET /api/auth/v3/api-docs MDC:[traceId=, spanId=]
2025-05-04 23:57:08 [http-nio-8012-exec-2] DEBUG o.s.s.w.a.AnonymousAuthenticationFilter - Set SecurityContextHolder to anonymous SecurityContext MDC:[traceId=, spanId=]
