2025-05-05 00:05:21 [http-nio-8012-exec-4] DEBUG o.s.security.web.FilterChainProxy - Securing GET /api/auth/v3/api-docs MDC:[traceId=, spanId=]
2025-05-05 00:05:21 [http-nio-8012-exec-4] DEBUG o.s.s.w.a.AnonymousAuthenticationFilter - Set SecurityContextHolder to anonymous SecurityContext MDC:[traceId=, spanId=]
2025-05-05 00:05:40 [http-nio-8012-exec-5] DEBUG o.s.security.web.FilterChainProxy - Securing GET /api/auth/v3/api-docs MDC:[traceId=, spanId=]
2025-05-05 00:05:40 [http-nio-8012-exec-5] DEBUG o.s.s.w.a.AnonymousAuthenticationFilter - Set SecurityContextHolder to anonymous SecurityContext MDC:[traceId=, spanId=]
2025-05-05 00:06:39 [http-nio-8012-exec-6] DEBUG o.s.security.web.FilterChainProxy - Securing GET /api/auth/v3/api-docs MDC:[traceId=, spanId=]
2025-05-05 00:06:39 [http-nio-8012-exec-6] DEBUG o.s.s.w.a.AnonymousAuthenticationFilter - Set SecurityContextHolder to anonymous SecurityContext MDC:[traceId=, spanId=]
2025-05-05 00:07:34 [http-nio-8012-exec-7] DEBUG o.s.security.web.FilterChainProxy - Securing GET /api/auth/v3/api-docs MDC:[traceId=, spanId=]
2025-05-05 00:07:34 [http-nio-8012-exec-7] DEBUG o.s.s.w.a.AnonymousAuthenticationFilter - Set SecurityContextHolder to anonymous SecurityContext MDC:[traceId=, spanId=]
2025-05-05 00:09:40 [http-nio-8012-exec-10] DEBUG o.s.security.web.FilterChainProxy - Securing GET /api/auth/v3/api-docs MDC:[traceId=, spanId=]
2025-05-05 00:09:40 [http-nio-8012-exec-10] DEBUG o.s.s.w.a.AnonymousAuthenticationFilter - Set SecurityContextHolder to anonymous SecurityContext MDC:[traceId=, spanId=]
2025-05-05 00:11:36 [http-nio-8012-exec-2] DEBUG o.s.security.web.FilterChainProxy - Securing GET /api/auth/v3/api-docs MDC:[traceId=, spanId=]
2025-05-05 00:11:36 [http-nio-8012-exec-2] DEBUG o.s.s.w.a.AnonymousAuthenticationFilter - Set SecurityContextHolder to anonymous SecurityContext MDC:[traceId=, spanId=]
2025-05-05 00:15:17 [http-nio-8012-exec-4] DEBUG o.s.security.web.FilterChainProxy - Securing GET /v3/api-docs MDC:[traceId=, spanId=]
2025-05-05 00:15:17 [http-nio-8012-exec-4] DEBUG o.s.s.w.a.AnonymousAuthenticationFilter - Set SecurityContextHolder to anonymous SecurityContext MDC:[traceId=, spanId=]
2025-05-05 00:15:17 [http-nio-8012-exec-4] DEBUG o.s.security.web.FilterChainProxy - Secured GET /v3/api-docs MDC:[traceId=, spanId=]
2025-05-05 00:25:22 [http-nio-8012-exec-6] DEBUG o.s.security.web.FilterChainProxy - Securing GET /v3/api-docs MDC:[traceId=, spanId=]
2025-05-05 00:25:22 [http-nio-8012-exec-6] DEBUG o.s.s.w.a.AnonymousAuthenticationFilter - Set SecurityContextHolder to anonymous SecurityContext MDC:[traceId=, spanId=]
2025-05-05 00:25:22 [http-nio-8012-exec-6] DEBUG o.s.security.web.FilterChainProxy - Secured GET /v3/api-docs MDC:[traceId=, spanId=]
2025-05-05 00:30:14 [http-nio-8012-exec-7] DEBUG o.s.security.web.FilterChainProxy - Securing GET /v3/api-docs MDC:[traceId=, spanId=]
2025-05-05 00:30:14 [http-nio-8012-exec-7] DEBUG o.s.s.w.a.AnonymousAuthenticationFilter - Set SecurityContextHolder to anonymous SecurityContext MDC:[traceId=, spanId=]
2025-05-05 00:30:14 [http-nio-8012-exec-7] DEBUG o.s.security.web.FilterChainProxy - Secured GET /v3/api-docs MDC:[traceId=, spanId=]
2025-05-05 00:31:02 [http-nio-8012-exec-10] DEBUG o.s.security.web.FilterChainProxy - Securing GET /v3/api-docs MDC:[traceId=, spanId=]
2025-05-05 00:31:02 [http-nio-8012-exec-10] DEBUG o.s.s.w.a.AnonymousAuthenticationFilter - Set SecurityContextHolder to anonymous SecurityContext MDC:[traceId=, spanId=]
2025-05-05 00:31:02 [http-nio-8012-exec-10] DEBUG o.s.security.web.FilterChainProxy - Secured GET /v3/api-docs MDC:[traceId=, spanId=]
2025-05-05 00:37:03 [http-nio-8012-exec-2] DEBUG o.s.security.web.FilterChainProxy - Securing GET /swagger-ui/index.html MDC:[traceId=, spanId=]
2025-05-05 00:37:03 [http-nio-8012-exec-2] DEBUG o.s.s.w.a.AnonymousAuthenticationFilter - Set SecurityContextHolder to anonymous SecurityContext MDC:[traceId=, spanId=]
2025-05-05 00:37:03 [http-nio-8012-exec-2] DEBUG o.s.security.web.FilterChainProxy - Secured GET /swagger-ui/index.html MDC:[traceId=, spanId=]
2025-05-05 00:52:51 [http-nio-8012-exec-4] DEBUG o.s.security.web.FilterChainProxy - Securing POST /api/auth/login MDC:[traceId=, spanId=]
2025-05-05 00:52:51 [http-nio-8012-exec-4] DEBUG o.s.s.w.a.AnonymousAuthenticationFilter - Set SecurityContextHolder to anonymous SecurityContext MDC:[traceId=, spanId=]
2025-05-05 00:52:51 [http-nio-8012-exec-4] DEBUG o.s.s.w.s.SessionManagementFilter - Request requested invalid session id 81E3C38E20EE1F065B640E37C52150D5 MDC:[traceId=, spanId=]
2025-05-05 00:52:51 [http-nio-8012-exec-4] DEBUG o.s.security.web.FilterChainProxy - Secured POST /api/auth/login MDC:[traceId=, spanId=]
2025-05-05 00:53:41 [http-nio-8012-exec-5] DEBUG o.s.security.web.FilterChainProxy - Securing GET /v3/api-docs MDC:[traceId=, spanId=]
2025-05-05 00:53:41 [http-nio-8012-exec-5] DEBUG o.s.s.w.a.AnonymousAuthenticationFilter - Set SecurityContextHolder to anonymous SecurityContext MDC:[traceId=, spanId=]
2025-05-05 00:53:41 [http-nio-8012-exec-5] DEBUG o.s.security.web.FilterChainProxy - Secured GET /v3/api-docs MDC:[traceId=, spanId=]
2025-05-05 00:53:53 [http-nio-8012-exec-6] DEBUG o.s.security.web.FilterChainProxy - Securing GET /v3/api-docs MDC:[traceId=, spanId=]
2025-05-05 00:53:53 [http-nio-8012-exec-6] DEBUG o.s.s.w.a.AnonymousAuthenticationFilter - Set SecurityContextHolder to anonymous SecurityContext MDC:[traceId=, spanId=]
2025-05-05 00:53:53 [http-nio-8012-exec-6] DEBUG o.s.security.web.FilterChainProxy - Secured GET /v3/api-docs MDC:[traceId=, spanId=]
2025-05-05 00:55:07 [http-nio-8012-exec-7] DEBUG o.s.security.web.FilterChainProxy - Securing GET /v3/api-docs MDC:[traceId=, spanId=]
2025-05-05 00:55:07 [http-nio-8012-exec-7] DEBUG o.s.s.w.a.AnonymousAuthenticationFilter - Set SecurityContextHolder to anonymous SecurityContext MDC:[traceId=, spanId=]
2025-05-05 00:55:07 [http-nio-8012-exec-7] DEBUG o.s.security.web.FilterChainProxy - Secured GET /v3/api-docs MDC:[traceId=, spanId=]
2025-05-05 00:55:12 [http-nio-8012-exec-9] DEBUG o.s.security.web.FilterChainProxy - Securing GET /v3/api-docs MDC:[traceId=, spanId=]
2025-05-05 00:55:12 [http-nio-8012-exec-9] DEBUG o.s.s.w.a.AnonymousAuthenticationFilter - Set SecurityContextHolder to anonymous SecurityContext MDC:[traceId=, spanId=]
2025-05-05 00:55:12 [http-nio-8012-exec-9] DEBUG o.s.security.web.FilterChainProxy - Secured GET /v3/api-docs MDC:[traceId=, spanId=]
2025-05-05 09:53:01 [main] INFO  o.s.s.c.a.a.c.InitializeAuthenticationProviderBeanManagerConfigurer$InitializeAuthenticationProviderManagerConfigurer - Global AuthenticationManager configured with AuthenticationProvider bean with name authenticationProvider MDC:[traceId=, spanId=]
2025-05-05 09:53:01 [main] WARN  o.s.s.c.a.a.c.InitializeUserDetailsBeanManagerConfigurer$InitializeUserDetailsManagerConfigurer - Global AuthenticationManager configured with an AuthenticationProvider bean. UserDetailsService beans will not be used for username/password login. Consider removing the AuthenticationProvider bean. Alternatively, consider using the UserDetailsService in a manually instantiated DaoAuthenticationProvider. MDC:[traceId=, spanId=]
2025-05-05 09:53:01 [main] DEBUG o.s.s.web.DefaultSecurityFilterChain - Will secure any request with filters: DisableEncodeUrlFilter, WebAsyncManagerIntegrationFilter, SecurityContextHolderFilter, HeaderWriterFilter, LogoutFilter, JwtFilter, RequestCacheAwareFilter, SecurityContextHolderAwareRequestFilter, AnonymousAuthenticationFilter, SessionManagementFilter, ExceptionTranslationFilter, AuthorizationFilter MDC:[traceId=, spanId=]
2025-05-05 09:56:57 [http-nio-8012-exec-1] DEBUG o.s.security.web.FilterChainProxy - Securing POST /api/auth/login MDC:[traceId=, spanId=]
2025-05-05 09:56:57 [http-nio-8012-exec-1] DEBUG o.s.s.w.a.AnonymousAuthenticationFilter - Set SecurityContextHolder to anonymous SecurityContext MDC:[traceId=, spanId=]
2025-05-05 09:56:57 [http-nio-8012-exec-1] DEBUG o.s.security.web.FilterChainProxy - Secured POST /api/auth/login MDC:[traceId=, spanId=]
2025-05-05 10:28:48 [http-nio-8012-exec-2] DEBUG o.s.security.web.FilterChainProxy - Securing POST /api/auth/login MDC:[traceId=, spanId=]
2025-05-05 10:28:48 [http-nio-8012-exec-2] DEBUG o.s.s.w.a.AnonymousAuthenticationFilter - Set SecurityContextHolder to anonymous SecurityContext MDC:[traceId=, spanId=]
2025-05-05 10:28:48 [http-nio-8012-exec-2] DEBUG o.s.security.web.FilterChainProxy - Secured POST /api/auth/login MDC:[traceId=, spanId=]
2025-05-05 10:38:42 [http-nio-8012-exec-5] DEBUG o.s.security.web.FilterChainProxy - Securing POST /api/auth/login MDC:[traceId=, spanId=]
2025-05-05 10:38:42 [http-nio-8012-exec-5] DEBUG o.s.s.w.a.AnonymousAuthenticationFilter - Set SecurityContextHolder to anonymous SecurityContext MDC:[traceId=, spanId=]
2025-05-05 10:38:42 [http-nio-8012-exec-5] DEBUG o.s.security.web.FilterChainProxy - Secured POST /api/auth/login MDC:[traceId=, spanId=]
2025-05-05 10:39:08 [http-nio-8012-exec-6] DEBUG o.s.security.web.FilterChainProxy - Securing POST /api/auth/login MDC:[traceId=, spanId=]
2025-05-05 10:39:08 [http-nio-8012-exec-6] DEBUG o.s.s.w.a.AnonymousAuthenticationFilter - Set SecurityContextHolder to anonymous SecurityContext MDC:[traceId=, spanId=]
2025-05-05 10:39:08 [http-nio-8012-exec-6] DEBUG o.s.security.web.FilterChainProxy - Secured POST /api/auth/login MDC:[traceId=, spanId=]
2025-05-05 10:39:10 [http-nio-8012-exec-6] WARN  o.s.s.c.bcrypt.BCryptPasswordEncoder - Empty encoded password MDC:[traceId=, spanId=]
2025-05-05 10:39:20 [http-nio-8012-exec-7] DEBUG o.s.security.web.FilterChainProxy - Securing POST /api/auth/login MDC:[traceId=, spanId=]
2025-05-05 10:39:20 [http-nio-8012-exec-7] DEBUG o.s.s.w.a.AnonymousAuthenticationFilter - Set SecurityContextHolder to anonymous SecurityContext MDC:[traceId=, spanId=]
2025-05-05 10:39:20 [http-nio-8012-exec-7] DEBUG o.s.security.web.FilterChainProxy - Secured POST /api/auth/login MDC:[traceId=, spanId=]
2025-05-05 10:39:20 [http-nio-8012-exec-7] WARN  o.s.s.c.bcrypt.BCryptPasswordEncoder - Empty encoded password MDC:[traceId=, spanId=]
2025-05-05 10:39:27 [http-nio-8012-exec-8] DEBUG o.s.security.web.FilterChainProxy - Securing POST /api/auth/login MDC:[traceId=, spanId=]
2025-05-05 10:39:27 [http-nio-8012-exec-8] DEBUG o.s.s.w.a.AnonymousAuthenticationFilter - Set SecurityContextHolder to anonymous SecurityContext MDC:[traceId=, spanId=]
2025-05-05 10:39:27 [http-nio-8012-exec-8] DEBUG o.s.security.web.FilterChainProxy - Secured POST /api/auth/login MDC:[traceId=, spanId=]
2025-05-05 10:39:27 [http-nio-8012-exec-8] WARN  o.s.s.c.bcrypt.BCryptPasswordEncoder - Empty encoded password MDC:[traceId=, spanId=]
2025-05-05 10:39:28 [http-nio-8012-exec-9] DEBUG o.s.security.web.FilterChainProxy - Securing POST /api/auth/login MDC:[traceId=, spanId=]
2025-05-05 10:39:28 [http-nio-8012-exec-9] DEBUG o.s.s.w.a.AnonymousAuthenticationFilter - Set SecurityContextHolder to anonymous SecurityContext MDC:[traceId=, spanId=]
2025-05-05 10:39:28 [http-nio-8012-exec-9] DEBUG o.s.security.web.FilterChainProxy - Secured POST /api/auth/login MDC:[traceId=, spanId=]
2025-05-05 10:39:29 [http-nio-8012-exec-9] WARN  o.s.s.c.bcrypt.BCryptPasswordEncoder - Empty encoded password MDC:[traceId=, spanId=]
2025-05-05 10:39:30 [http-nio-8012-exec-10] DEBUG o.s.security.web.FilterChainProxy - Securing POST /api/auth/login MDC:[traceId=, spanId=]
2025-05-05 10:39:30 [http-nio-8012-exec-10] DEBUG o.s.s.w.a.AnonymousAuthenticationFilter - Set SecurityContextHolder to anonymous SecurityContext MDC:[traceId=, spanId=]
2025-05-05 10:39:30 [http-nio-8012-exec-10] DEBUG o.s.security.web.FilterChainProxy - Secured POST /api/auth/login MDC:[traceId=, spanId=]
2025-05-05 10:39:30 [http-nio-8012-exec-10] WARN  o.s.s.c.bcrypt.BCryptPasswordEncoder - Empty encoded password MDC:[traceId=, spanId=]
2025-05-05 10:39:31 [http-nio-8012-exec-1] DEBUG o.s.security.web.FilterChainProxy - Securing POST /api/auth/login MDC:[traceId=, spanId=]
2025-05-05 10:39:31 [http-nio-8012-exec-1] DEBUG o.s.s.w.a.AnonymousAuthenticationFilter - Set SecurityContextHolder to anonymous SecurityContext MDC:[traceId=, spanId=]
2025-05-05 10:39:31 [http-nio-8012-exec-1] DEBUG o.s.security.web.FilterChainProxy - Secured POST /api/auth/login MDC:[traceId=, spanId=]
2025-05-05 10:39:31 [http-nio-8012-exec-1] WARN  o.s.s.c.bcrypt.BCryptPasswordEncoder - Empty encoded password MDC:[traceId=, spanId=]
2025-05-05 10:39:32 [http-nio-8012-exec-3] DEBUG o.s.security.web.FilterChainProxy - Securing POST /api/auth/login MDC:[traceId=, spanId=]
2025-05-05 10:39:32 [http-nio-8012-exec-3] DEBUG o.s.s.w.a.AnonymousAuthenticationFilter - Set SecurityContextHolder to anonymous SecurityContext MDC:[traceId=, spanId=]
2025-05-05 10:39:32 [http-nio-8012-exec-3] DEBUG o.s.security.web.FilterChainProxy - Secured POST /api/auth/login MDC:[traceId=, spanId=]
2025-05-05 10:39:32 [http-nio-8012-exec-3] WARN  o.s.s.c.bcrypt.BCryptPasswordEncoder - Empty encoded password MDC:[traceId=, spanId=]
2025-05-05 10:39:40 [http-nio-8012-exec-2] DEBUG o.s.security.web.FilterChainProxy - Securing POST /api/auth/login MDC:[traceId=, spanId=]
2025-05-05 10:39:40 [http-nio-8012-exec-2] DEBUG o.s.s.w.a.AnonymousAuthenticationFilter - Set SecurityContextHolder to anonymous SecurityContext MDC:[traceId=, spanId=]
2025-05-05 10:39:40 [http-nio-8012-exec-2] DEBUG o.s.security.web.FilterChainProxy - Secured POST /api/auth/login MDC:[traceId=, spanId=]
2025-05-05 10:39:40 [http-nio-8012-exec-2] WARN  o.s.s.c.bcrypt.BCryptPasswordEncoder - Empty encoded password MDC:[traceId=, spanId=]
2025-05-05 10:39:44 [http-nio-8012-exec-4] DEBUG o.s.security.web.FilterChainProxy - Securing POST /api/auth/login MDC:[traceId=, spanId=]
2025-05-05 10:39:44 [http-nio-8012-exec-4] DEBUG o.s.s.w.a.AnonymousAuthenticationFilter - Set SecurityContextHolder to anonymous SecurityContext MDC:[traceId=, spanId=]
2025-05-05 10:39:44 [http-nio-8012-exec-4] DEBUG o.s.security.web.FilterChainProxy - Secured POST /api/auth/login MDC:[traceId=, spanId=]
2025-05-05 10:39:44 [http-nio-8012-exec-4] WARN  o.s.s.c.bcrypt.BCryptPasswordEncoder - Empty encoded password MDC:[traceId=, spanId=]
2025-05-05 10:39:54 [http-nio-8012-exec-5] DEBUG o.s.security.web.FilterChainProxy - Securing POST /api/auth/login MDC:[traceId=, spanId=]
2025-05-05 10:39:54 [http-nio-8012-exec-5] DEBUG o.s.s.w.a.AnonymousAuthenticationFilter - Set SecurityContextHolder to anonymous SecurityContext MDC:[traceId=, spanId=]
2025-05-05 10:39:54 [http-nio-8012-exec-5] DEBUG o.s.security.web.FilterChainProxy - Secured POST /api/auth/login MDC:[traceId=, spanId=]
2025-05-05 10:39:54 [http-nio-8012-exec-5] WARN  o.s.s.c.bcrypt.BCryptPasswordEncoder - Empty encoded password MDC:[traceId=, spanId=]
2025-05-05 10:39:57 [http-nio-8012-exec-6] DEBUG o.s.security.web.FilterChainProxy - Securing POST /api/auth/login MDC:[traceId=, spanId=]
2025-05-05 10:39:57 [http-nio-8012-exec-6] DEBUG o.s.s.w.a.AnonymousAuthenticationFilter - Set SecurityContextHolder to anonymous SecurityContext MDC:[traceId=, spanId=]
2025-05-05 10:39:57 [http-nio-8012-exec-6] DEBUG o.s.security.web.FilterChainProxy - Secured POST /api/auth/login MDC:[traceId=, spanId=]
2025-05-05 10:39:57 [http-nio-8012-exec-6] WARN  o.s.s.c.bcrypt.BCryptPasswordEncoder - Empty encoded password MDC:[traceId=, spanId=]
