2025-05-03 01:34:20 [restartedMain] INFO  o.s.s.c.a.a.c.InitializeUserDetailsBeanManagerConfigurer$InitializeUserDetailsManagerConfigurer - Global AuthenticationManager configured with UserDetailsService bean with name inMemoryUserDetailsManager MDC:[traceId=, spanId=]
2025-05-03 01:34:22 [restartedMain] DEBUG o.s.s.web.DefaultSecurityFilterChain - Will secure any request with filters: DisableEncodeUrlFilter, WebAsyncManagerIntegrationFilter, SecurityContextHolderFilter, HeaderWriterFilter, LogoutFilter, RpcAuthenticationFilter, RequestCacheAwareFilter, SecurityContextHolderAwareRequestFilter, AnonymousAuthenticationFilter, SessionManagementFilter, ExceptionTranslationFilter, AuthorizationFilter MDC:[traceId=, spanId=]
2025-05-03 01:35:50 [restartedMain] INFO  o.s.s.c.a.a.c.InitializeUserDetailsBeanManagerConfigurer$InitializeUserDetailsManagerConfigurer - Global AuthenticationManager configured with UserDetailsService bean with name inMemoryUserDetailsManager MDC:[traceId=, spanId=]
2025-05-03 01:35:52 [restartedMain] DEBUG o.s.s.web.DefaultSecurityFilterChain - Will secure any request with filters: DisableEncodeUrlFilter, WebAsyncManagerIntegrationFilter, SecurityContextHolderFilter, HeaderWriterFilter, LogoutFilter, RpcAuthenticationFilter, RequestCacheAwareFilter, SecurityContextHolderAwareRequestFilter, AnonymousAuthenticationFilter, SessionManagementFilter, ExceptionTranslationFilter, AuthorizationFilter MDC:[traceId=, spanId=]
2025-05-03 01:37:25 [restartedMain] INFO  o.s.s.c.a.a.c.InitializeUserDetailsBeanManagerConfigurer$InitializeUserDetailsManagerConfigurer - Global AuthenticationManager configured with UserDetailsService bean with name inMemoryUserDetailsManager MDC:[traceId=, spanId=]
2025-05-03 01:37:27 [restartedMain] DEBUG o.s.s.web.DefaultSecurityFilterChain - Will secure any request with filters: DisableEncodeUrlFilter, WebAsyncManagerIntegrationFilter, SecurityContextHolderFilter, HeaderWriterFilter, LogoutFilter, RpcAuthenticationFilter, RequestCacheAwareFilter, SecurityContextHolderAwareRequestFilter, AnonymousAuthenticationFilter, SessionManagementFilter, ExceptionTranslationFilter, AuthorizationFilter MDC:[traceId=, spanId=]
2025-05-03 01:37:30 [http-nio-8011-exec-1] DEBUG o.s.security.web.FilterChainProxy - Securing GET /actuator/prometheus MDC:[traceId=681510ea2142360b860d4fa4ad95648b, spanId=860d4fa4ad95648b]
2025-05-03 01:37:30 [http-nio-8011-exec-1] DEBUG o.s.s.w.a.AnonymousAuthenticationFilter - Set SecurityContextHolder to anonymous SecurityContext MDC:[traceId=681510ea2142360b860d4fa4ad95648b, spanId=64a6f01eccc9a411]
2025-05-03 01:37:30 [http-nio-8011-exec-1] DEBUG o.s.security.web.FilterChainProxy - Secured GET /actuator/prometheus MDC:[traceId=681510ea2142360b860d4fa4ad95648b, spanId=32bcbb5e3f85ddd3]
2025-05-03 01:37:32 [http-nio-8011-exec-2] DEBUG o.s.security.web.FilterChainProxy - Securing GET /favicon.ico MDC:[traceId=681510ec1440b60a50c2d1d19a404850, spanId=50c2d1d19a404850]
2025-05-03 01:37:32 [http-nio-8011-exec-2] DEBUG o.s.s.w.a.AnonymousAuthenticationFilter - Set SecurityContextHolder to anonymous SecurityContext MDC:[traceId=681510ec1440b60a50c2d1d19a404850, spanId=41328d9130b11fd3]
2025-05-03 01:37:42 [http-nio-8011-exec-3] DEBUG o.s.security.web.FilterChainProxy - Securing GET /actuator/prometheus MDC:[traceId=681510f66c432d61aacdfc613c47c2c1, spanId=aacdfc613c47c2c1]
2025-05-03 01:37:42 [http-nio-8011-exec-3] DEBUG o.s.s.w.a.AnonymousAuthenticationFilter - Set SecurityContextHolder to anonymous SecurityContext MDC:[traceId=681510f66c432d61aacdfc613c47c2c1, spanId=f5010450d52eb118]
2025-05-03 01:37:42 [http-nio-8011-exec-3] DEBUG o.s.security.web.FilterChainProxy - Secured GET /actuator/prometheus MDC:[traceId=681510f66c432d61aacdfc613c47c2c1, spanId=0a7413b38c59067b]
2025-05-03 01:37:57 [http-nio-8011-exec-7] DEBUG o.s.security.web.FilterChainProxy - Securing GET /actuator/prometheus MDC:[traceId=681511051de558519ea05ff98268cb82, spanId=9ea05ff98268cb82]
2025-05-03 01:37:57 [http-nio-8011-exec-7] DEBUG o.s.s.w.a.AnonymousAuthenticationFilter - Set SecurityContextHolder to anonymous SecurityContext MDC:[traceId=681511051de558519ea05ff98268cb82, spanId=1cb62ac179204f71]
2025-05-03 01:37:57 [http-nio-8011-exec-7] DEBUG o.s.security.web.FilterChainProxy - Secured GET /actuator/prometheus MDC:[traceId=681511051de558519ea05ff98268cb82, spanId=729ebd9fe639213e]
2025-05-03 01:38:12 [http-nio-8011-exec-8] DEBUG o.s.security.web.FilterChainProxy - Securing GET /actuator/prometheus MDC:[traceId=68151114e31b9c953e348a512f293d4d, spanId=3e348a512f293d4d]
2025-05-03 01:38:12 [http-nio-8011-exec-8] DEBUG o.s.s.w.a.AnonymousAuthenticationFilter - Set SecurityContextHolder to anonymous SecurityContext MDC:[traceId=68151114e31b9c953e348a512f293d4d, spanId=ed9816bf181601aa]
2025-05-03 01:38:12 [http-nio-8011-exec-8] DEBUG o.s.security.web.FilterChainProxy - Secured GET /actuator/prometheus MDC:[traceId=68151114e31b9c953e348a512f293d4d, spanId=1ee43ccc543e140c]
2025-05-03 01:38:27 [http-nio-8011-exec-5] DEBUG o.s.security.web.FilterChainProxy - Securing GET /actuator/prometheus MDC:[traceId=68151123befccd783b24ee7452b04ec6, spanId=3b24ee7452b04ec6]
2025-05-03 01:38:27 [http-nio-8011-exec-5] DEBUG o.s.s.w.a.AnonymousAuthenticationFilter - Set SecurityContextHolder to anonymous SecurityContext MDC:[traceId=68151123befccd783b24ee7452b04ec6, spanId=371bc32ad09c78e9]
2025-05-03 01:38:27 [http-nio-8011-exec-5] DEBUG o.s.security.web.FilterChainProxy - Secured GET /actuator/prometheus MDC:[traceId=68151123befccd783b24ee7452b04ec6, spanId=45d5132a0f66e0eb]
2025-05-03 01:38:42 [http-nio-8011-exec-10] DEBUG o.s.security.web.FilterChainProxy - Securing GET /actuator/prometheus MDC:[traceId=68151132c870eb85b122b2b0acee7952, spanId=b122b2b0acee7952]
2025-05-03 01:38:42 [http-nio-8011-exec-10] DEBUG o.s.s.w.a.AnonymousAuthenticationFilter - Set SecurityContextHolder to anonymous SecurityContext MDC:[traceId=68151132c870eb85b122b2b0acee7952, spanId=9c11a73c91243c33]
2025-05-03 01:38:42 [http-nio-8011-exec-10] DEBUG o.s.security.web.FilterChainProxy - Secured GET /actuator/prometheus MDC:[traceId=68151132c870eb85b122b2b0acee7952, spanId=a1b908e215ebc7c0]
2025-05-03 01:38:47 [http-nio-8011-exec-1] DEBUG o.s.security.web.FilterChainProxy - Securing DELETE /api/posts/10 MDC:[traceId=6815113775208f0fbafb7f21b49ce2ad, spanId=bafb7f21b49ce2ad]
2025-05-03 01:38:47 [http-nio-8011-exec-1] DEBUG o.s.security.web.FilterChainProxy - Secured DELETE /api/posts/10 MDC:[traceId=6815113775208f0fbafb7f21b49ce2ad, spanId=6e3c889e7cb20084]
2025-05-03 01:38:47 [http-nio-8011-exec-1] DEBUG o.s.s.a.m.AuthorizationManagerBeforeMethodInterceptor - Authorizing method invocation ReflectiveMethodInvocation: public org.springframework.http.ResponseEntity com.learning.core_service.controller.PostController.deletePost(java.lang.Long); target is of class [com.learning.core_service.controller.PostController] MDC:[traceId=6815113775208f0fbafb7f21b49ce2ad, spanId=6e3c889e7cb20084]
2025-05-03 01:38:47 [http-nio-8011-exec-1] DEBUG o.s.s.a.m.AuthorizationManagerBeforeMethodInterceptor - Authorized method invocation ReflectiveMethodInvocation: public org.springframework.http.ResponseEntity com.learning.core_service.controller.PostController.deletePost(java.lang.Long); target is of class [com.learning.core_service.controller.PostController] MDC:[traceId=6815113775208f0fbafb7f21b49ce2ad, spanId=6e3c889e7cb20084]
2025-05-03 01:38:55 [http-nio-8011-exec-2] DEBUG o.s.security.web.FilterChainProxy - Securing GET /actuator/prometheus MDC:[traceId=6815113fe8eacd605fb014a7a01457bf, spanId=5fb014a7a01457bf]
2025-05-03 01:38:55 [http-nio-8011-exec-2] DEBUG o.s.s.w.a.AnonymousAuthenticationFilter - Set SecurityContextHolder to anonymous SecurityContext MDC:[traceId=6815113fe8eacd605fb014a7a01457bf, spanId=7d71389a2982ef98]
2025-05-03 01:38:55 [http-nio-8011-exec-2] DEBUG o.s.security.web.FilterChainProxy - Secured GET /actuator/prometheus MDC:[traceId=6815113fe8eacd605fb014a7a01457bf, spanId=7e1a00982573840c]
2025-05-03 01:38:56 [http-nio-8011-exec-4] DEBUG o.s.security.web.FilterChainProxy - Securing GET /favicon.ico MDC:[traceId=6815114031273a99b1ac11c689969f64, spanId=b1ac11c689969f64]
2025-05-03 01:38:56 [http-nio-8011-exec-4] DEBUG o.s.s.w.a.AnonymousAuthenticationFilter - Set SecurityContextHolder to anonymous SecurityContext MDC:[traceId=6815114031273a99b1ac11c689969f64, spanId=fa66e2f4d9387b8d]
2025-05-03 01:38:57 [http-nio-8011-exec-9] DEBUG o.s.security.web.FilterChainProxy - Securing GET /actuator/prometheus MDC:[traceId=68151141722e4aadf588ac05b5cc17f7, spanId=f588ac05b5cc17f7]
2025-05-03 01:38:57 [http-nio-8011-exec-9] DEBUG o.s.s.w.a.AnonymousAuthenticationFilter - Set SecurityContextHolder to anonymous SecurityContext MDC:[traceId=68151141722e4aadf588ac05b5cc17f7, spanId=8312c32457e65e41]
2025-05-03 01:38:57 [http-nio-8011-exec-9] DEBUG o.s.security.web.FilterChainProxy - Secured GET /actuator/prometheus MDC:[traceId=68151141722e4aadf588ac05b5cc17f7, spanId=32ff39929c0b4b1a]
2025-05-03 01:39:12 [http-nio-8011-exec-7] DEBUG o.s.security.web.FilterChainProxy - Securing GET /actuator/prometheus MDC:[traceId=6815115072a0bce8aebb486e831a66ed, spanId=aebb486e831a66ed]
2025-05-03 01:39:12 [http-nio-8011-exec-7] DEBUG o.s.s.w.a.AnonymousAuthenticationFilter - Set SecurityContextHolder to anonymous SecurityContext MDC:[traceId=6815115072a0bce8aebb486e831a66ed, spanId=45163c6225f4d806]
2025-05-03 01:39:12 [http-nio-8011-exec-7] DEBUG o.s.security.web.FilterChainProxy - Secured GET /actuator/prometheus MDC:[traceId=6815115072a0bce8aebb486e831a66ed, spanId=cff03ce4db7e59b2]
2025-05-03 01:39:27 [http-nio-8011-exec-8] DEBUG o.s.security.web.FilterChainProxy - Securing GET /actuator/prometheus MDC:[traceId=6815115f40bbbff978ee9650f3c63192, spanId=78ee9650f3c63192]
2025-05-03 01:39:27 [http-nio-8011-exec-8] DEBUG o.s.s.w.a.AnonymousAuthenticationFilter - Set SecurityContextHolder to anonymous SecurityContext MDC:[traceId=6815115f40bbbff978ee9650f3c63192, spanId=d9002ef0934ebed5]
2025-05-03 01:39:27 [http-nio-8011-exec-8] DEBUG o.s.security.web.FilterChainProxy - Secured GET /actuator/prometheus MDC:[traceId=6815115f40bbbff978ee9650f3c63192, spanId=36250d78b61d9f5a]
2025-05-03 01:39:42 [http-nio-8011-exec-5] DEBUG o.s.security.web.FilterChainProxy - Securing GET /actuator/prometheus MDC:[traceId=6815116e3e488a899c59c345045ce2de, spanId=9c59c345045ce2de]
2025-05-03 01:39:42 [http-nio-8011-exec-5] DEBUG o.s.s.w.a.AnonymousAuthenticationFilter - Set SecurityContextHolder to anonymous SecurityContext MDC:[traceId=6815116e3e488a899c59c345045ce2de, spanId=0aac226008d4a201]
2025-05-03 01:39:42 [http-nio-8011-exec-5] DEBUG o.s.security.web.FilterChainProxy - Secured GET /actuator/prometheus MDC:[traceId=6815116e3e488a899c59c345045ce2de, spanId=5a26174f822035be]
2025-05-03 01:40:18 [restartedMain] INFO  o.s.s.c.a.a.c.InitializeUserDetailsBeanManagerConfigurer$InitializeUserDetailsManagerConfigurer - Global AuthenticationManager configured with UserDetailsService bean with name inMemoryUserDetailsManager MDC:[traceId=, spanId=]
2025-05-03 01:40:20 [restartedMain] DEBUG o.s.s.web.DefaultSecurityFilterChain - Will secure any request with filters: DisableEncodeUrlFilter, WebAsyncManagerIntegrationFilter, SecurityContextHolderFilter, HeaderWriterFilter, LogoutFilter, RpcAuthenticationFilter, RequestCacheAwareFilter, SecurityContextHolderAwareRequestFilter, AnonymousAuthenticationFilter, SessionManagementFilter, ExceptionTranslationFilter, AuthorizationFilter MDC:[traceId=, spanId=]
2025-05-03 01:40:27 [http-nio-8011-exec-3] DEBUG o.s.security.web.FilterChainProxy - Securing GET /actuator/prometheus MDC:[traceId=6815119b5330f742414c88709cdcfe7e, spanId=414c88709cdcfe7e]
2025-05-03 01:40:27 [http-nio-8011-exec-3] DEBUG o.s.s.w.a.AnonymousAuthenticationFilter - Set SecurityContextHolder to anonymous SecurityContext MDC:[traceId=6815119b5330f742414c88709cdcfe7e, spanId=ea05573d1e458bbb]
2025-05-03 01:40:27 [http-nio-8011-exec-3] DEBUG o.s.security.web.FilterChainProxy - Secured GET /actuator/prometheus MDC:[traceId=6815119b5330f742414c88709cdcfe7e, spanId=94b1305725056c9a]
2025-05-03 01:40:42 [http-nio-8011-exec-6] DEBUG o.s.security.web.FilterChainProxy - Securing DELETE /api/posts/10 MDC:[traceId=681511aad453931b92381a34ead3a46b, spanId=92381a34ead3a46b]
2025-05-03 01:40:42 [http-nio-8011-exec-6] DEBUG o.s.security.web.FilterChainProxy - Secured DELETE /api/posts/10 MDC:[traceId=681511aad453931b92381a34ead3a46b, spanId=bb13c92ed9ea9774]
2025-05-03 01:40:42 [http-nio-8011-exec-6] DEBUG o.s.s.a.m.AuthorizationManagerBeforeMethodInterceptor - Authorizing method invocation ReflectiveMethodInvocation: public org.springframework.http.ResponseEntity com.learning.core_service.controller.PostController.deletePost(java.lang.Long); target is of class [com.learning.core_service.controller.PostController] MDC:[traceId=681511aad453931b92381a34ead3a46b, spanId=bb13c92ed9ea9774]
2025-05-03 01:40:42 [http-nio-8011-exec-6] DEBUG o.s.s.a.m.AuthorizationManagerBeforeMethodInterceptor - Authorized method invocation ReflectiveMethodInvocation: public org.springframework.http.ResponseEntity com.learning.core_service.controller.PostController.deletePost(java.lang.Long); target is of class [com.learning.core_service.controller.PostController] MDC:[traceId=681511aad453931b92381a34ead3a46b, spanId=bb13c92ed9ea9774]
2025-05-03 01:40:42 [http-nio-8011-exec-9] DEBUG o.s.security.web.FilterChainProxy - Securing GET /actuator/prometheus MDC:[traceId=681511aae11ac14daddd464ed1b50f69, spanId=addd464ed1b50f69]
2025-05-03 01:40:42 [http-nio-8011-exec-9] DEBUG o.s.s.w.a.AnonymousAuthenticationFilter - Set SecurityContextHolder to anonymous SecurityContext MDC:[traceId=681511aae11ac14daddd464ed1b50f69, spanId=b0d66ce0c6f977d7]
2025-05-03 01:40:42 [http-nio-8011-exec-9] DEBUG o.s.security.web.FilterChainProxy - Secured GET /actuator/prometheus MDC:[traceId=681511aae11ac14daddd464ed1b50f69, spanId=01d8704c8433837b]
2025-05-03 01:40:49 [http-nio-8011-exec-5] DEBUG o.s.security.web.FilterChainProxy - Securing DELETE /api/posts/10 MDC:[traceId=681511b1b24f2cf07cf6a6a6b93fb7c0, spanId=7cf6a6a6b93fb7c0]
2025-05-03 01:40:49 [http-nio-8011-exec-5] DEBUG o.s.security.web.FilterChainProxy - Secured DELETE /api/posts/10 MDC:[traceId=681511b1b24f2cf07cf6a6a6b93fb7c0, spanId=feb844bba1f5a7fd]
2025-05-03 01:40:49 [http-nio-8011-exec-5] DEBUG o.s.s.a.m.AuthorizationManagerBeforeMethodInterceptor - Authorizing method invocation ReflectiveMethodInvocation: public org.springframework.http.ResponseEntity com.learning.core_service.controller.PostController.deletePost(java.lang.Long); target is of class [com.learning.core_service.controller.PostController] MDC:[traceId=681511b1b24f2cf07cf6a6a6b93fb7c0, spanId=feb844bba1f5a7fd]
2025-05-03 01:40:49 [http-nio-8011-exec-5] DEBUG o.s.s.a.m.AuthorizationManagerBeforeMethodInterceptor - Authorized method invocation ReflectiveMethodInvocation: public org.springframework.http.ResponseEntity com.learning.core_service.controller.PostController.deletePost(java.lang.Long); target is of class [com.learning.core_service.controller.PostController] MDC:[traceId=681511b1b24f2cf07cf6a6a6b93fb7c0, spanId=feb844bba1f5a7fd]
2025-05-03 01:40:49 [http-nio-8011-exec-5] DEBUG o.s.security.web.FilterChainProxy - Securing DELETE /error MDC:[traceId=, spanId=]
2025-05-03 01:40:49 [http-nio-8011-exec-5] DEBUG o.s.s.w.a.AnonymousAuthenticationFilter - Set SecurityContextHolder to anonymous SecurityContext MDC:[traceId=681511b1f0e6ebcc1aac042a0e661158, spanId=88bad646505e2108]
2025-05-03 01:40:57 [http-nio-8011-exec-1] DEBUG o.s.security.web.FilterChainProxy - Securing GET /actuator/prometheus MDC:[traceId=681511b93bf4ceac80f678b92fcdaff2, spanId=80f678b92fcdaff2]
2025-05-03 01:40:57 [http-nio-8011-exec-1] DEBUG o.s.s.w.a.AnonymousAuthenticationFilter - Set SecurityContextHolder to anonymous SecurityContext MDC:[traceId=681511b93bf4ceac80f678b92fcdaff2, spanId=a240413d8f2b0f51]
2025-05-03 01:40:57 [http-nio-8011-exec-1] DEBUG o.s.security.web.FilterChainProxy - Secured GET /actuator/prometheus MDC:[traceId=681511b93bf4ceac80f678b92fcdaff2, spanId=76640c8b8126d687]
2025-05-03 01:41:00 [http-nio-8011-exec-7] DEBUG o.s.security.web.FilterChainProxy - Securing DELETE /api/posts/19 MDC:[traceId=681511bca6b39673d0fa4d7a53b3a6a6, spanId=d0fa4d7a53b3a6a6]
2025-05-03 01:41:00 [http-nio-8011-exec-7] DEBUG o.s.security.web.FilterChainProxy - Secured DELETE /api/posts/19 MDC:[traceId=681511bca6b39673d0fa4d7a53b3a6a6, spanId=b05b8d926654b802]
2025-05-03 01:41:00 [http-nio-8011-exec-7] DEBUG o.s.s.a.m.AuthorizationManagerBeforeMethodInterceptor - Authorizing method invocation ReflectiveMethodInvocation: public org.springframework.http.ResponseEntity com.learning.core_service.controller.PostController.deletePost(java.lang.Long); target is of class [com.learning.core_service.controller.PostController] MDC:[traceId=681511bca6b39673d0fa4d7a53b3a6a6, spanId=b05b8d926654b802]
2025-05-03 01:41:00 [http-nio-8011-exec-7] DEBUG o.s.s.a.m.AuthorizationManagerBeforeMethodInterceptor - Authorized method invocation ReflectiveMethodInvocation: public org.springframework.http.ResponseEntity com.learning.core_service.controller.PostController.deletePost(java.lang.Long); target is of class [com.learning.core_service.controller.PostController] MDC:[traceId=681511bca6b39673d0fa4d7a53b3a6a6, spanId=b05b8d926654b802]
2025-05-03 01:41:08 [http-nio-8011-exec-2] DEBUG o.s.security.web.FilterChainProxy - Securing GET /actuator/prometheus MDC:[traceId=681511c4eaabed9f6640d2289682778c, spanId=6640d2289682778c]
2025-05-03 01:41:08 [http-nio-8011-exec-2] DEBUG o.s.s.w.a.AnonymousAuthenticationFilter - Set SecurityContextHolder to anonymous SecurityContext MDC:[traceId=681511c4eaabed9f6640d2289682778c, spanId=599c48a52a6ecc6d]
2025-05-03 01:41:09 [http-nio-8011-exec-2] DEBUG o.s.security.web.FilterChainProxy - Secured GET /actuator/prometheus MDC:[traceId=681511c4eaabed9f6640d2289682778c, spanId=f76e793d23bc6c04]
2025-05-03 01:41:09 [http-nio-8011-exec-4] DEBUG o.s.security.web.FilterChainProxy - Securing GET /favicon.ico MDC:[traceId=681511c5fa68f537a9ca48dd03cc5d64, spanId=a9ca48dd03cc5d64]
2025-05-03 01:41:09 [http-nio-8011-exec-4] DEBUG o.s.s.w.a.AnonymousAuthenticationFilter - Set SecurityContextHolder to anonymous SecurityContext MDC:[traceId=681511c5fa68f537a9ca48dd03cc5d64, spanId=9e9355525b5f34b4]
2025-05-03 01:41:12 [http-nio-8011-exec-10] DEBUG o.s.security.web.FilterChainProxy - Securing GET /actuator/prometheus MDC:[traceId=681511c89c9ba230a7da5557a24a2da6, spanId=a7da5557a24a2da6]
2025-05-03 01:41:12 [http-nio-8011-exec-10] DEBUG o.s.s.w.a.AnonymousAuthenticationFilter - Set SecurityContextHolder to anonymous SecurityContext MDC:[traceId=681511c89c9ba230a7da5557a24a2da6, spanId=bced9fd489a33025]
2025-05-03 01:41:12 [http-nio-8011-exec-10] DEBUG o.s.security.web.FilterChainProxy - Secured GET /actuator/prometheus MDC:[traceId=681511c89c9ba230a7da5557a24a2da6, spanId=9ab3557f9b046653]
2025-05-03 01:41:27 [http-nio-8011-exec-9] DEBUG o.s.security.web.FilterChainProxy - Securing GET /actuator/prometheus MDC:[traceId=681511d791228afc2ca95e6095d4a83c, spanId=2ca95e6095d4a83c]
2025-05-03 01:41:27 [http-nio-8011-exec-9] DEBUG o.s.s.w.a.AnonymousAuthenticationFilter - Set SecurityContextHolder to anonymous SecurityContext MDC:[traceId=681511d791228afc2ca95e6095d4a83c, spanId=70bae5c2ff797a26]
2025-05-03 01:41:27 [http-nio-8011-exec-9] DEBUG o.s.security.web.FilterChainProxy - Secured GET /actuator/prometheus MDC:[traceId=681511d791228afc2ca95e6095d4a83c, spanId=4e4cc5bf53f2e6d6]
2025-05-03 01:41:42 [http-nio-8011-exec-6] DEBUG o.s.security.web.FilterChainProxy - Securing GET /actuator/prometheus MDC:[traceId=681511e6a4cd4946e78a7cc38cfcac08, spanId=e78a7cc38cfcac08]
2025-05-03 01:41:42 [http-nio-8011-exec-6] DEBUG o.s.s.w.a.AnonymousAuthenticationFilter - Set SecurityContextHolder to anonymous SecurityContext MDC:[traceId=681511e6a4cd4946e78a7cc38cfcac08, spanId=28268ec5c23bb725]
2025-05-03 01:41:42 [http-nio-8011-exec-6] DEBUG o.s.security.web.FilterChainProxy - Secured GET /actuator/prometheus MDC:[traceId=681511e6a4cd4946e78a7cc38cfcac08, spanId=31cad78838448bd2]
2025-05-03 01:41:57 [http-nio-8011-exec-5] DEBUG o.s.security.web.FilterChainProxy - Securing GET /actuator/prometheus MDC:[traceId=681511f579059dd2e5663c71f0670228, spanId=e5663c71f0670228]
2025-05-03 01:41:57 [http-nio-8011-exec-5] DEBUG o.s.s.w.a.AnonymousAuthenticationFilter - Set SecurityContextHolder to anonymous SecurityContext MDC:[traceId=681511f579059dd2e5663c71f0670228, spanId=9deef30efe679e4c]
2025-05-03 01:41:57 [http-nio-8011-exec-5] DEBUG o.s.security.web.FilterChainProxy - Secured GET /actuator/prometheus MDC:[traceId=681511f579059dd2e5663c71f0670228, spanId=b4dd0c76f9a60424]
2025-05-03 01:42:12 [http-nio-8011-exec-1] DEBUG o.s.security.web.FilterChainProxy - Securing GET /actuator/prometheus MDC:[traceId=68151204f18d55bf571b7c49050c1fc8, spanId=571b7c49050c1fc8]
2025-05-03 01:42:12 [http-nio-8011-exec-1] DEBUG o.s.s.w.a.AnonymousAuthenticationFilter - Set SecurityContextHolder to anonymous SecurityContext MDC:[traceId=68151204f18d55bf571b7c49050c1fc8, spanId=ecf5cb279b53fec3]
2025-05-03 01:42:12 [http-nio-8011-exec-1] DEBUG o.s.security.web.FilterChainProxy - Secured GET /actuator/prometheus MDC:[traceId=68151204f18d55bf571b7c49050c1fc8, spanId=b95fbcd4e8046d75]
2025-05-03 01:42:27 [http-nio-8011-exec-7] DEBUG o.s.security.web.FilterChainProxy - Securing GET /actuator/prometheus MDC:[traceId=6815121362e15b32ff1b2f48b93c6ca3, spanId=ff1b2f48b93c6ca3]
2025-05-03 01:42:27 [http-nio-8011-exec-7] DEBUG o.s.s.w.a.AnonymousAuthenticationFilter - Set SecurityContextHolder to anonymous SecurityContext MDC:[traceId=6815121362e15b32ff1b2f48b93c6ca3, spanId=9baa5754ffdd1476]
2025-05-03 01:42:27 [http-nio-8011-exec-7] DEBUG o.s.security.web.FilterChainProxy - Secured GET /actuator/prometheus MDC:[traceId=6815121362e15b32ff1b2f48b93c6ca3, spanId=caa4c6b87cd9e5bf]
2025-05-03 01:43:18 [restartedMain] INFO  o.s.s.c.a.a.c.InitializeUserDetailsBeanManagerConfigurer$InitializeUserDetailsManagerConfigurer - Global AuthenticationManager configured with UserDetailsService bean with name inMemoryUserDetailsManager MDC:[traceId=, spanId=]
2025-05-03 01:43:21 [restartedMain] DEBUG o.s.s.web.DefaultSecurityFilterChain - Will secure any request with filters: DisableEncodeUrlFilter, WebAsyncManagerIntegrationFilter, SecurityContextHolderFilter, HeaderWriterFilter, LogoutFilter, RpcAuthenticationFilter, RequestCacheAwareFilter, SecurityContextHolderAwareRequestFilter, AnonymousAuthenticationFilter, SessionManagementFilter, ExceptionTranslationFilter, AuthorizationFilter MDC:[traceId=, spanId=]
2025-05-03 01:43:25 [http-nio-8011-exec-2] DEBUG o.s.security.web.FilterChainProxy - Securing GET /actuator/prometheus MDC:[traceId=6815124d992514541171a820687ed957, spanId=1171a820687ed957]
2025-05-03 01:43:25 [http-nio-8011-exec-2] DEBUG o.s.s.w.a.AnonymousAuthenticationFilter - Set SecurityContextHolder to anonymous SecurityContext MDC:[traceId=6815124d992514541171a820687ed957, spanId=501985c87424bd81]
2025-05-03 01:43:25 [http-nio-8011-exec-2] DEBUG o.s.security.web.FilterChainProxy - Secured GET /actuator/prometheus MDC:[traceId=6815124d992514541171a820687ed957, spanId=f6e4cba713c61ff3]
2025-05-03 01:43:26 [http-nio-8011-exec-3] DEBUG o.s.security.web.FilterChainProxy - Securing GET /favicon.ico MDC:[traceId=6815124e845f3b320e924511c8121d21, spanId=0e924511c8121d21]
2025-05-03 01:43:26 [http-nio-8011-exec-3] DEBUG o.s.s.w.a.AnonymousAuthenticationFilter - Set SecurityContextHolder to anonymous SecurityContext MDC:[traceId=6815124e845f3b320e924511c8121d21, spanId=d6054a352d04b0f9]
2025-05-03 01:43:27 [http-nio-8011-exec-1] DEBUG o.s.security.web.FilterChainProxy - Securing GET /actuator/prometheus MDC:[traceId=6815124ff6c2bbe02b13796bbbbe28bd, spanId=2b13796bbbbe28bd]
2025-05-03 01:43:27 [http-nio-8011-exec-1] DEBUG o.s.s.w.a.AnonymousAuthenticationFilter - Set SecurityContextHolder to anonymous SecurityContext MDC:[traceId=6815124ff6c2bbe02b13796bbbbe28bd, spanId=3df49bf18fa6e894]
2025-05-03 01:43:27 [http-nio-8011-exec-1] DEBUG o.s.security.web.FilterChainProxy - Secured GET /actuator/prometheus MDC:[traceId=6815124ff6c2bbe02b13796bbbbe28bd, spanId=3a854234c2291fb6]
2025-05-03 01:43:42 [http-nio-8011-exec-9] DEBUG o.s.security.web.FilterChainProxy - Securing GET /actuator/prometheus MDC:[traceId=6815125e5bf9e14f3820194723fcd7bc, spanId=3820194723fcd7bc]
2025-05-03 01:43:42 [http-nio-8011-exec-9] DEBUG o.s.s.w.a.AnonymousAuthenticationFilter - Set SecurityContextHolder to anonymous SecurityContext MDC:[traceId=6815125e5bf9e14f3820194723fcd7bc, spanId=d163ce3071f9e012]
2025-05-03 01:43:42 [http-nio-8011-exec-9] DEBUG o.s.security.web.FilterChainProxy - Secured GET /actuator/prometheus MDC:[traceId=6815125e5bf9e14f3820194723fcd7bc, spanId=bf3e3387801f0de8]
2025-05-03 01:43:57 [http-nio-8011-exec-8] DEBUG o.s.security.web.FilterChainProxy - Securing GET /actuator/prometheus MDC:[traceId=6815126dcc3467d71b751e6aa417cbb4, spanId=1b751e6aa417cbb4]
2025-05-03 01:43:57 [http-nio-8011-exec-8] DEBUG o.s.s.w.a.AnonymousAuthenticationFilter - Set SecurityContextHolder to anonymous SecurityContext MDC:[traceId=6815126dcc3467d71b751e6aa417cbb4, spanId=377194dd247b51a0]
2025-05-03 01:43:57 [http-nio-8011-exec-8] DEBUG o.s.security.web.FilterChainProxy - Secured GET /actuator/prometheus MDC:[traceId=6815126dcc3467d71b751e6aa417cbb4, spanId=76c0942f7a84fe4d]
2025-05-03 01:44:04 [http-nio-8011-exec-7] DEBUG o.s.security.web.FilterChainProxy - Securing DELETE /api/posts/12 MDC:[traceId=68151274055c1c60ec31632601529705, spanId=ec31632601529705]
2025-05-03 01:44:04 [http-nio-8011-exec-7] DEBUG o.s.security.web.FilterChainProxy - Secured DELETE /api/posts/12 MDC:[traceId=68151274055c1c60ec31632601529705, spanId=78b835748bb8ddd3]
2025-05-03 01:44:05 [http-nio-8011-exec-7] DEBUG o.s.s.a.m.AuthorizationManagerBeforeMethodInterceptor - Authorizing method invocation ReflectiveMethodInvocation: public org.springframework.http.ResponseEntity com.learning.core_service.controller.PostController.deletePost(java.lang.Long); target is of class [com.learning.core_service.controller.PostController] MDC:[traceId=68151274055c1c60ec31632601529705, spanId=78b835748bb8ddd3]
2025-05-03 01:44:05 [http-nio-8011-exec-7] DEBUG o.s.s.a.m.AuthorizationManagerBeforeMethodInterceptor - Authorized method invocation ReflectiveMethodInvocation: public org.springframework.http.ResponseEntity com.learning.core_service.controller.PostController.deletePost(java.lang.Long); target is of class [com.learning.core_service.controller.PostController] MDC:[traceId=68151274055c1c60ec31632601529705, spanId=78b835748bb8ddd3]
2025-05-03 01:44:12 [http-nio-8011-exec-10] DEBUG o.s.security.web.FilterChainProxy - Securing GET /actuator/prometheus MDC:[traceId=6815127ce6cffd33ecb6ff860ba42b26, spanId=ecb6ff860ba42b26]
2025-05-03 01:44:12 [http-nio-8011-exec-10] DEBUG o.s.s.w.a.AnonymousAuthenticationFilter - Set SecurityContextHolder to anonymous SecurityContext MDC:[traceId=6815127ce6cffd33ecb6ff860ba42b26, spanId=42a77d214a724af3]
2025-05-03 01:44:12 [http-nio-8011-exec-10] DEBUG o.s.security.web.FilterChainProxy - Secured GET /actuator/prometheus MDC:[traceId=6815127ce6cffd33ecb6ff860ba42b26, spanId=85169af95dd47c5c]
2025-05-03 01:44:27 [http-nio-8011-exec-2] DEBUG o.s.security.web.FilterChainProxy - Securing GET /actuator/prometheus MDC:[traceId=6815128b03f1ed133d26c367563ed233, spanId=3d26c367563ed233]
2025-05-03 01:44:27 [http-nio-8011-exec-2] DEBUG o.s.s.w.a.AnonymousAuthenticationFilter - Set SecurityContextHolder to anonymous SecurityContext MDC:[traceId=6815128b03f1ed133d26c367563ed233, spanId=ce35bba707a47f45]
2025-05-03 01:44:27 [http-nio-8011-exec-2] DEBUG o.s.security.web.FilterChainProxy - Secured GET /actuator/prometheus MDC:[traceId=6815128b03f1ed133d26c367563ed233, spanId=7e68d88a7a8a8238]
2025-05-03 01:44:42 [http-nio-8011-exec-3] DEBUG o.s.security.web.FilterChainProxy - Securing GET /actuator/prometheus MDC:[traceId=6815129a29a748450292b2da9cd9e547, spanId=0292b2da9cd9e547]
2025-05-03 01:44:42 [http-nio-8011-exec-3] DEBUG o.s.s.w.a.AnonymousAuthenticationFilter - Set SecurityContextHolder to anonymous SecurityContext MDC:[traceId=6815129a29a748450292b2da9cd9e547, spanId=6da5311bb4ed90aa]
2025-05-03 01:44:42 [http-nio-8011-exec-3] DEBUG o.s.security.web.FilterChainProxy - Secured GET /actuator/prometheus MDC:[traceId=6815129a29a748450292b2da9cd9e547, spanId=e8761e6561a3de30]
2025-05-03 01:44:57 [http-nio-8011-exec-1] DEBUG o.s.security.web.FilterChainProxy - Securing GET /actuator/prometheus MDC:[traceId=681512a9b1c5da1915065508e753913f, spanId=15065508e753913f]
2025-05-03 01:44:57 [http-nio-8011-exec-1] DEBUG o.s.s.w.a.AnonymousAuthenticationFilter - Set SecurityContextHolder to anonymous SecurityContext MDC:[traceId=681512a9b1c5da1915065508e753913f, spanId=2189d1d72e45de5f]
2025-05-03 01:44:57 [http-nio-8011-exec-1] DEBUG o.s.security.web.FilterChainProxy - Secured GET /actuator/prometheus MDC:[traceId=681512a9b1c5da1915065508e753913f, spanId=beaf4e52ba5e3293]
2025-05-03 01:45:12 [http-nio-8011-exec-4] DEBUG o.s.security.web.FilterChainProxy - Securing GET /actuator/prometheus MDC:[traceId=681512b8893ae92f9834ae65e788d61a, spanId=9834ae65e788d61a]
2025-05-03 01:45:12 [http-nio-8011-exec-4] DEBUG o.s.s.w.a.AnonymousAuthenticationFilter - Set SecurityContextHolder to anonymous SecurityContext MDC:[traceId=681512b8893ae92f9834ae65e788d61a, spanId=caa6940841ad8a60]
2025-05-03 01:45:12 [http-nio-8011-exec-4] DEBUG o.s.security.web.FilterChainProxy - Secured GET /actuator/prometheus MDC:[traceId=681512b8893ae92f9834ae65e788d61a, spanId=fced2ffd61511181]
2025-05-03 01:45:18 [http-nio-8011-exec-6] DEBUG o.s.security.web.FilterChainProxy - Securing GET /actuator/prometheus MDC:[traceId=681512be0d02d2b7839aaf2bffbf63a7, spanId=839aaf2bffbf63a7]
2025-05-03 01:45:18 [http-nio-8011-exec-6] DEBUG o.s.s.w.a.AnonymousAuthenticationFilter - Set SecurityContextHolder to anonymous SecurityContext MDC:[traceId=681512be0d02d2b7839aaf2bffbf63a7, spanId=e0496ba51b61c5f3]
2025-05-03 01:45:18 [http-nio-8011-exec-6] DEBUG o.s.security.web.FilterChainProxy - Secured GET /actuator/prometheus MDC:[traceId=681512be0d02d2b7839aaf2bffbf63a7, spanId=08713ee88429ab53]
2025-05-03 01:45:18 [http-nio-8011-exec-9] DEBUG o.s.security.web.FilterChainProxy - Securing GET /favicon.ico MDC:[traceId=681512beaad524e9adebc19dfa103aa9, spanId=adebc19dfa103aa9]
2025-05-03 01:45:18 [http-nio-8011-exec-9] DEBUG o.s.s.w.a.AnonymousAuthenticationFilter - Set SecurityContextHolder to anonymous SecurityContext MDC:[traceId=681512beaad524e9adebc19dfa103aa9, spanId=434e4b608e8c2a7c]
2025-05-03 01:45:27 [http-nio-8011-exec-10] DEBUG o.s.security.web.FilterChainProxy - Securing GET /actuator/prometheus MDC:[traceId=681512c70e85a21c98e4bb39186e049d, spanId=98e4bb39186e049d]
2025-05-03 01:45:27 [http-nio-8011-exec-10] DEBUG o.s.s.w.a.AnonymousAuthenticationFilter - Set SecurityContextHolder to anonymous SecurityContext MDC:[traceId=681512c70e85a21c98e4bb39186e049d, spanId=b3f2fe6d9dd0d803]
2025-05-03 01:45:27 [http-nio-8011-exec-10] DEBUG o.s.security.web.FilterChainProxy - Secured GET /actuator/prometheus MDC:[traceId=681512c70e85a21c98e4bb39186e049d, spanId=45a9dd125e956146]
2025-05-03 01:45:42 [http-nio-8011-exec-2] DEBUG o.s.security.web.FilterChainProxy - Securing GET /actuator/prometheus MDC:[traceId=681512d6fa7d43695183a505c58b82fa, spanId=5183a505c58b82fa]
2025-05-03 01:45:42 [http-nio-8011-exec-2] DEBUG o.s.s.w.a.AnonymousAuthenticationFilter - Set SecurityContextHolder to anonymous SecurityContext MDC:[traceId=681512d6fa7d43695183a505c58b82fa, spanId=c20c93d0198354bb]
2025-05-03 01:45:42 [http-nio-8011-exec-2] DEBUG o.s.security.web.FilterChainProxy - Secured GET /actuator/prometheus MDC:[traceId=681512d6fa7d43695183a505c58b82fa, spanId=024bffc60997780d]
2025-05-03 01:45:53 [http-nio-8011-exec-3] DEBUG o.s.security.web.FilterChainProxy - Securing POST /api/posts MDC:[traceId=681512e15ca7f34410a02273721acccb, spanId=10a02273721acccb]
2025-05-03 01:45:53 [http-nio-8011-exec-3] DEBUG o.s.security.web.FilterChainProxy - Secured POST /api/posts MDC:[traceId=681512e15ca7f34410a02273721acccb, spanId=6ce50ed4edd78360]
2025-05-03 01:45:53 [http-nio-8011-exec-3] DEBUG o.s.s.a.m.AuthorizationManagerBeforeMethodInterceptor - Authorizing method invocation ReflectiveMethodInvocation: public com.learning.core_service.dto.response.ApiResponse com.learning.core_service.controller.PostController.createPost(com.learning.core_service.dto.PostDTO); target is of class [com.learning.core_service.controller.PostController] MDC:[traceId=681512e15ca7f34410a02273721acccb, spanId=6ce50ed4edd78360]
2025-05-03 01:45:54 [http-nio-8011-exec-3] DEBUG o.s.s.a.m.AuthorizationManagerBeforeMethodInterceptor - Authorized method invocation ReflectiveMethodInvocation: public com.learning.core_service.dto.response.ApiResponse com.learning.core_service.controller.PostController.createPost(com.learning.core_service.dto.PostDTO); target is of class [com.learning.core_service.controller.PostController] MDC:[traceId=681512e15ca7f34410a02273721acccb, spanId=6ce50ed4edd78360]
2025-05-03 01:45:57 [http-nio-8011-exec-1] DEBUG o.s.security.web.FilterChainProxy - Securing GET /actuator/prometheus MDC:[traceId=681512e5816c5e0c0daca8856607d361, spanId=0daca8856607d361]
2025-05-03 01:45:57 [http-nio-8011-exec-1] DEBUG o.s.s.w.a.AnonymousAuthenticationFilter - Set SecurityContextHolder to anonymous SecurityContext MDC:[traceId=681512e5816c5e0c0daca8856607d361, spanId=f7830d487a26da75]
2025-05-03 01:45:57 [http-nio-8011-exec-1] DEBUG o.s.security.web.FilterChainProxy - Secured GET /actuator/prometheus MDC:[traceId=681512e5816c5e0c0daca8856607d361, spanId=813dc22b6053fac6]
2025-05-03 01:46:12 [http-nio-8011-exec-5] DEBUG o.s.security.web.FilterChainProxy - Securing GET /actuator/prometheus MDC:[traceId=681512f4c4e8eae1c049dff1326711e5, spanId=c049dff1326711e5]
2025-05-03 01:46:12 [http-nio-8011-exec-5] DEBUG o.s.s.w.a.AnonymousAuthenticationFilter - Set SecurityContextHolder to anonymous SecurityContext MDC:[traceId=681512f4c4e8eae1c049dff1326711e5, spanId=59d247c77e0441f2]
2025-05-03 01:46:12 [http-nio-8011-exec-5] DEBUG o.s.security.web.FilterChainProxy - Secured GET /actuator/prometheus MDC:[traceId=681512f4c4e8eae1c049dff1326711e5, spanId=0a48d4c039a1c6a3]
2025-05-03 01:46:27 [http-nio-8011-exec-4] DEBUG o.s.security.web.FilterChainProxy - Securing GET /actuator/prometheus MDC:[traceId=68151303e12b90da03ccd36a471acaa2, spanId=03ccd36a471acaa2]
2025-05-03 01:46:27 [http-nio-8011-exec-4] DEBUG o.s.s.w.a.AnonymousAuthenticationFilter - Set SecurityContextHolder to anonymous SecurityContext MDC:[traceId=68151303e12b90da03ccd36a471acaa2, spanId=ac5a69bd6a87cda4]
2025-05-03 01:46:27 [http-nio-8011-exec-4] DEBUG o.s.security.web.FilterChainProxy - Secured GET /actuator/prometheus MDC:[traceId=68151303e12b90da03ccd36a471acaa2, spanId=04fcacaf49fa897f]
2025-05-03 01:46:42 [http-nio-8011-exec-6] DEBUG o.s.security.web.FilterChainProxy - Securing GET /actuator/prometheus MDC:[traceId=68151312bc0da23788cc95514a987b42, spanId=88cc95514a987b42]
2025-05-03 01:46:42 [http-nio-8011-exec-6] DEBUG o.s.s.w.a.AnonymousAuthenticationFilter - Set SecurityContextHolder to anonymous SecurityContext MDC:[traceId=68151312bc0da23788cc95514a987b42, spanId=9cd850254343e2bc]
2025-05-03 01:46:42 [http-nio-8011-exec-6] DEBUG o.s.security.web.FilterChainProxy - Secured GET /actuator/prometheus MDC:[traceId=68151312bc0da23788cc95514a987b42, spanId=0624c9eb2d7330c7]
2025-05-03 01:46:52 [http-nio-8011-exec-9] DEBUG o.s.security.web.FilterChainProxy - Securing GET /actuator/prometheus MDC:[traceId=6815131cf9e55b27f8bdb6725c84ca95, spanId=f8bdb6725c84ca95]
2025-05-03 01:46:52 [http-nio-8011-exec-9] DEBUG o.s.s.w.a.AnonymousAuthenticationFilter - Set SecurityContextHolder to anonymous SecurityContext MDC:[traceId=6815131cf9e55b27f8bdb6725c84ca95, spanId=7f900aa6803108be]
2025-05-03 01:46:52 [http-nio-8011-exec-9] DEBUG o.s.security.web.FilterChainProxy - Secured GET /actuator/prometheus MDC:[traceId=6815131cf9e55b27f8bdb6725c84ca95, spanId=d03e31b922a05450]
2025-05-03 01:46:52 [http-nio-8011-exec-8] DEBUG o.s.security.web.FilterChainProxy - Securing GET /favicon.ico MDC:[traceId=6815131c604e38ee96f2395d992d99a8, spanId=96f2395d992d99a8]
2025-05-03 01:46:52 [http-nio-8011-exec-8] DEBUG o.s.s.w.a.AnonymousAuthenticationFilter - Set SecurityContextHolder to anonymous SecurityContext MDC:[traceId=6815131c604e38ee96f2395d992d99a8, spanId=346ac99339ead6e0]
2025-05-03 01:46:57 [http-nio-8011-exec-3] DEBUG o.s.security.web.FilterChainProxy - Securing GET /actuator/prometheus MDC:[traceId=68151321fc45e04795c3c4ea94634ca6, spanId=95c3c4ea94634ca6]
2025-05-03 01:46:57 [http-nio-8011-exec-3] DEBUG o.s.s.w.a.AnonymousAuthenticationFilter - Set SecurityContextHolder to anonymous SecurityContext MDC:[traceId=68151321fc45e04795c3c4ea94634ca6, spanId=4ef760db83ee0568]
2025-05-03 01:46:57 [http-nio-8011-exec-3] DEBUG o.s.security.web.FilterChainProxy - Secured GET /actuator/prometheus MDC:[traceId=68151321fc45e04795c3c4ea94634ca6, spanId=97e9430b036b8435]
2025-05-03 01:47:12 [http-nio-8011-exec-1] DEBUG o.s.security.web.FilterChainProxy - Securing GET /actuator/prometheus MDC:[traceId=681513309a64d08cde732df008217e50, spanId=de732df008217e50]
2025-05-03 01:47:12 [http-nio-8011-exec-1] DEBUG o.s.s.w.a.AnonymousAuthenticationFilter - Set SecurityContextHolder to anonymous SecurityContext MDC:[traceId=681513309a64d08cde732df008217e50, spanId=e9599eb562287686]
2025-05-03 01:47:12 [http-nio-8011-exec-1] DEBUG o.s.security.web.FilterChainProxy - Secured GET /actuator/prometheus MDC:[traceId=681513309a64d08cde732df008217e50, spanId=bae8b43d062a451e]
2025-05-03 01:47:27 [http-nio-8011-exec-5] DEBUG o.s.security.web.FilterChainProxy - Securing GET /actuator/prometheus MDC:[traceId=6815133f7f5215644112c2dfcc6f6e6f, spanId=4112c2dfcc6f6e6f]
2025-05-03 01:47:27 [http-nio-8011-exec-5] DEBUG o.s.s.w.a.AnonymousAuthenticationFilter - Set SecurityContextHolder to anonymous SecurityContext MDC:[traceId=6815133f7f5215644112c2dfcc6f6e6f, spanId=9dc933d65e38ef6b]
2025-05-03 01:47:27 [http-nio-8011-exec-5] DEBUG o.s.security.web.FilterChainProxy - Secured GET /actuator/prometheus MDC:[traceId=6815133f7f5215644112c2dfcc6f6e6f, spanId=efc2b2003648e653]
2025-05-03 01:48:10 [restartedMain] INFO  o.s.s.c.a.a.c.InitializeUserDetailsBeanManagerConfigurer$InitializeUserDetailsManagerConfigurer - Global AuthenticationManager configured with UserDetailsService bean with name inMemoryUserDetailsManager MDC:[traceId=, spanId=]
2025-05-03 01:48:13 [restartedMain] DEBUG o.s.s.web.DefaultSecurityFilterChain - Will secure any request with filters: DisableEncodeUrlFilter, WebAsyncManagerIntegrationFilter, SecurityContextHolderFilter, HeaderWriterFilter, LogoutFilter, RpcAuthenticationFilter, RequestCacheAwareFilter, SecurityContextHolderAwareRequestFilter, AnonymousAuthenticationFilter, SessionManagementFilter, ExceptionTranslationFilter, AuthorizationFilter MDC:[traceId=, spanId=]
2025-05-03 01:48:27 [http-nio-8011-exec-6] DEBUG o.s.security.web.FilterChainProxy - Securing GET /actuator/prometheus MDC:[traceId=6815137bbbeca30a6ebd61480a8a81da, spanId=6ebd61480a8a81da]
2025-05-03 01:48:27 [http-nio-8011-exec-6] DEBUG o.s.s.w.a.AnonymousAuthenticationFilter - Set SecurityContextHolder to anonymous SecurityContext MDC:[traceId=6815137bbbeca30a6ebd61480a8a81da, spanId=36ff22a4927f384e]
2025-05-03 01:48:27 [http-nio-8011-exec-6] DEBUG o.s.security.web.FilterChainProxy - Secured GET /actuator/prometheus MDC:[traceId=6815137bbbeca30a6ebd61480a8a81da, spanId=b6bbe863ebf02927]
2025-05-03 01:48:42 [http-nio-8011-exec-2] DEBUG o.s.security.web.FilterChainProxy - Securing GET /actuator/prometheus MDC:[traceId=6815138a3b20c9cc6c4808035d8f8a99, spanId=6c4808035d8f8a99]
2025-05-03 01:48:42 [http-nio-8011-exec-2] DEBUG o.s.s.w.a.AnonymousAuthenticationFilter - Set SecurityContextHolder to anonymous SecurityContext MDC:[traceId=6815138a3b20c9cc6c4808035d8f8a99, spanId=5ba2103d9b140c2c]
2025-05-03 01:48:42 [http-nio-8011-exec-2] DEBUG o.s.security.web.FilterChainProxy - Secured GET /actuator/prometheus MDC:[traceId=6815138a3b20c9cc6c4808035d8f8a99, spanId=9142bcefa30e9220]
2025-05-03 01:48:57 [http-nio-8011-exec-3] DEBUG o.s.security.web.FilterChainProxy - Securing GET /actuator/prometheus MDC:[traceId=68151399ab727def64994da3a8d2638e, spanId=64994da3a8d2638e]
2025-05-03 01:48:57 [http-nio-8011-exec-3] DEBUG o.s.s.w.a.AnonymousAuthenticationFilter - Set SecurityContextHolder to anonymous SecurityContext MDC:[traceId=68151399ab727def64994da3a8d2638e, spanId=27a2bc9790d58824]
2025-05-03 01:48:57 [http-nio-8011-exec-3] DEBUG o.s.security.web.FilterChainProxy - Secured GET /actuator/prometheus MDC:[traceId=68151399ab727def64994da3a8d2638e, spanId=33ef20e62201b823]
2025-05-03 01:49:01 [http-nio-8011-exec-1] DEBUG o.s.security.web.FilterChainProxy - Securing GET /actuator/prometheus MDC:[traceId=6815139d3c92942bb6d5bfc08abf773d, spanId=b6d5bfc08abf773d]
2025-05-03 01:49:01 [http-nio-8011-exec-1] DEBUG o.s.s.w.a.AnonymousAuthenticationFilter - Set SecurityContextHolder to anonymous SecurityContext MDC:[traceId=6815139d3c92942bb6d5bfc08abf773d, spanId=11cfd0e7b34f4301]
2025-05-03 01:49:01 [http-nio-8011-exec-1] DEBUG o.s.security.web.FilterChainProxy - Secured GET /actuator/prometheus MDC:[traceId=6815139d3c92942bb6d5bfc08abf773d, spanId=03fce93a2e58a2d1]
2025-05-03 01:49:01 [http-nio-8011-exec-9] DEBUG o.s.security.web.FilterChainProxy - Securing GET /favicon.ico MDC:[traceId=6815139d552b9f6491a8cbec24b16157, spanId=91a8cbec24b16157]
2025-05-03 01:49:01 [http-nio-8011-exec-9] DEBUG o.s.s.w.a.AnonymousAuthenticationFilter - Set SecurityContextHolder to anonymous SecurityContext MDC:[traceId=6815139d552b9f6491a8cbec24b16157, spanId=a1c28e89dbd188c4]
2025-05-03 01:49:02 [http-nio-8011-exec-4] DEBUG o.s.security.web.FilterChainProxy - Securing GET /actuator/prometheus MDC:[traceId=6815139e917396cb36e826231468a80e, spanId=36e826231468a80e]
2025-05-03 01:49:02 [http-nio-8011-exec-4] DEBUG o.s.s.w.a.AnonymousAuthenticationFilter - Set SecurityContextHolder to anonymous SecurityContext MDC:[traceId=6815139e917396cb36e826231468a80e, spanId=0c64bffc6cb76732]
2025-05-03 01:49:02 [http-nio-8011-exec-4] DEBUG o.s.security.web.FilterChainProxy - Secured GET /actuator/prometheus MDC:[traceId=6815139e917396cb36e826231468a80e, spanId=6c253d294a74d6d7]
2025-05-03 01:49:03 [http-nio-8011-exec-5] DEBUG o.s.security.web.FilterChainProxy - Securing GET /favicon.ico MDC:[traceId=6815139f235c66ec72df55b34aeb1157, spanId=72df55b34aeb1157]
2025-05-03 01:49:03 [http-nio-8011-exec-5] DEBUG o.s.s.w.a.AnonymousAuthenticationFilter - Set SecurityContextHolder to anonymous SecurityContext MDC:[traceId=6815139f235c66ec72df55b34aeb1157, spanId=db284df0b452dbb1]
2025-05-03 01:49:12 [http-nio-8011-exec-10] DEBUG o.s.security.web.FilterChainProxy - Securing GET /actuator/prometheus MDC:[traceId=681513a8a4f42d8b64e923e68530ba64, spanId=64e923e68530ba64]
2025-05-03 01:49:12 [http-nio-8011-exec-10] DEBUG o.s.s.w.a.AnonymousAuthenticationFilter - Set SecurityContextHolder to anonymous SecurityContext MDC:[traceId=681513a8a4f42d8b64e923e68530ba64, spanId=487d3b026ff24989]
2025-05-03 01:49:12 [http-nio-8011-exec-10] DEBUG o.s.security.web.FilterChainProxy - Secured GET /actuator/prometheus MDC:[traceId=681513a8a4f42d8b64e923e68530ba64, spanId=ecf6bdcbc9b30f2b]
2025-05-03 01:49:27 [http-nio-8011-exec-6] DEBUG o.s.security.web.FilterChainProxy - Securing GET /actuator/prometheus MDC:[traceId=681513b7155b7b48d34ba21ec20175f0, spanId=d34ba21ec20175f0]
2025-05-03 01:49:27 [http-nio-8011-exec-6] DEBUG o.s.s.w.a.AnonymousAuthenticationFilter - Set SecurityContextHolder to anonymous SecurityContext MDC:[traceId=681513b7155b7b48d34ba21ec20175f0, spanId=877c1cd2fef69066]
2025-05-03 01:49:27 [http-nio-8011-exec-6] DEBUG o.s.security.web.FilterChainProxy - Secured GET /actuator/prometheus MDC:[traceId=681513b7155b7b48d34ba21ec20175f0, spanId=1cac94f120ee265e]
2025-05-03 01:49:42 [http-nio-8011-exec-2] DEBUG o.s.security.web.FilterChainProxy - Securing GET /actuator/prometheus MDC:[traceId=681513c60492e5abac5f1254740092fe, spanId=ac5f1254740092fe]
2025-05-03 01:49:42 [http-nio-8011-exec-2] DEBUG o.s.s.w.a.AnonymousAuthenticationFilter - Set SecurityContextHolder to anonymous SecurityContext MDC:[traceId=681513c60492e5abac5f1254740092fe, spanId=f2547a91d5618301]
2025-05-03 01:49:42 [http-nio-8011-exec-2] DEBUG o.s.security.web.FilterChainProxy - Secured GET /actuator/prometheus MDC:[traceId=681513c60492e5abac5f1254740092fe, spanId=61b59b3d5147bbf3]
2025-05-03 01:49:45 [http-nio-8011-exec-3] DEBUG o.s.security.web.FilterChainProxy - Securing DELETE /api/posts/13 MDC:[traceId=681513c9066d8adabb11790d642e4be6, spanId=bb11790d642e4be6]
2025-05-03 01:49:45 [http-nio-8011-exec-3] DEBUG o.s.security.web.FilterChainProxy - Secured DELETE /api/posts/13 MDC:[traceId=681513c9066d8adabb11790d642e4be6, spanId=530ba1c7dc8df52b]
2025-05-03 01:49:46 [http-nio-8011-exec-3] DEBUG o.s.s.a.m.AuthorizationManagerBeforeMethodInterceptor - Authorizing method invocation ReflectiveMethodInvocation: public org.springframework.http.ResponseEntity com.learning.core_service.controller.PostController.deletePost(java.lang.Long); target is of class [com.learning.core_service.controller.PostController] MDC:[traceId=681513c9066d8adabb11790d642e4be6, spanId=530ba1c7dc8df52b]
2025-05-03 01:49:46 [http-nio-8011-exec-3] DEBUG o.s.s.a.m.AuthorizationManagerBeforeMethodInterceptor - Authorized method invocation ReflectiveMethodInvocation: public org.springframework.http.ResponseEntity com.learning.core_service.controller.PostController.deletePost(java.lang.Long); target is of class [com.learning.core_service.controller.PostController] MDC:[traceId=681513c9066d8adabb11790d642e4be6, spanId=530ba1c7dc8df52b]
2025-05-03 01:49:57 [http-nio-8011-exec-1] DEBUG o.s.security.web.FilterChainProxy - Securing GET /actuator/prometheus MDC:[traceId=681513d515328810af3981984a24e28a, spanId=af3981984a24e28a]
2025-05-03 01:49:57 [http-nio-8011-exec-1] DEBUG o.s.s.w.a.AnonymousAuthenticationFilter - Set SecurityContextHolder to anonymous SecurityContext MDC:[traceId=681513d515328810af3981984a24e28a, spanId=2875e6a251473ca5]
2025-05-03 01:49:57 [http-nio-8011-exec-1] DEBUG o.s.security.web.FilterChainProxy - Secured GET /actuator/prometheus MDC:[traceId=681513d515328810af3981984a24e28a, spanId=dd62c74abe05f0a1]
2025-05-03 01:50:12 [http-nio-8011-exec-9] DEBUG o.s.security.web.FilterChainProxy - Securing GET /actuator/prometheus MDC:[traceId=681513e4c1d55c8386263df32f262b30, spanId=86263df32f262b30]
2025-05-03 01:50:12 [http-nio-8011-exec-9] DEBUG o.s.s.w.a.AnonymousAuthenticationFilter - Set SecurityContextHolder to anonymous SecurityContext MDC:[traceId=681513e4c1d55c8386263df32f262b30, spanId=8f91660ff62dbd33]
2025-05-03 01:50:12 [http-nio-8011-exec-9] DEBUG o.s.security.web.FilterChainProxy - Secured GET /actuator/prometheus MDC:[traceId=681513e4c1d55c8386263df32f262b30, spanId=4ec08a84ebe0a22d]
2025-05-03 01:50:27 [http-nio-8011-exec-4] DEBUG o.s.security.web.FilterChainProxy - Securing GET /actuator/prometheus MDC:[traceId=681513f38355c8c8e199e1794ce091da, spanId=e199e1794ce091da]
2025-05-03 01:50:27 [http-nio-8011-exec-4] DEBUG o.s.s.w.a.AnonymousAuthenticationFilter - Set SecurityContextHolder to anonymous SecurityContext MDC:[traceId=681513f38355c8c8e199e1794ce091da, spanId=af5796017bc600b0]
2025-05-03 01:50:27 [http-nio-8011-exec-4] DEBUG o.s.security.web.FilterChainProxy - Secured GET /actuator/prometheus MDC:[traceId=681513f38355c8c8e199e1794ce091da, spanId=ffae8f63d5f8fc73]
2025-05-03 01:50:42 [http-nio-8011-exec-5] DEBUG o.s.security.web.FilterChainProxy - Securing GET /actuator/prometheus MDC:[traceId=6815140276ce072e081a38b78b040d2c, spanId=081a38b78b040d2c]
2025-05-03 01:50:42 [http-nio-8011-exec-5] DEBUG o.s.s.w.a.AnonymousAuthenticationFilter - Set SecurityContextHolder to anonymous SecurityContext MDC:[traceId=6815140276ce072e081a38b78b040d2c, spanId=29542f8cf99dc918]
2025-05-03 01:50:42 [http-nio-8011-exec-5] DEBUG o.s.security.web.FilterChainProxy - Secured GET /actuator/prometheus MDC:[traceId=6815140276ce072e081a38b78b040d2c, spanId=a7c6deea4cdc8637]
2025-05-03 01:50:57 [http-nio-8011-exec-8] DEBUG o.s.security.web.FilterChainProxy - Securing GET /actuator/prometheus MDC:[traceId=68151411b305b08393dc79a9e2f9d5bf, spanId=93dc79a9e2f9d5bf]
2025-05-03 01:50:57 [http-nio-8011-exec-8] DEBUG o.s.s.w.a.AnonymousAuthenticationFilter - Set SecurityContextHolder to anonymous SecurityContext MDC:[traceId=68151411b305b08393dc79a9e2f9d5bf, spanId=f81c66d6893413d6]
2025-05-03 01:50:57 [http-nio-8011-exec-8] DEBUG o.s.security.web.FilterChainProxy - Secured GET /actuator/prometheus MDC:[traceId=68151411b305b08393dc79a9e2f9d5bf, spanId=d39e3c977396a533]
2025-05-03 01:51:12 [http-nio-8011-exec-10] DEBUG o.s.security.web.FilterChainProxy - Securing GET /actuator/prometheus MDC:[traceId=68151420d789dc468336f8c37b407f3a, spanId=8336f8c37b407f3a]
2025-05-03 01:51:12 [http-nio-8011-exec-10] DEBUG o.s.s.w.a.AnonymousAuthenticationFilter - Set SecurityContextHolder to anonymous SecurityContext MDC:[traceId=68151420d789dc468336f8c37b407f3a, spanId=a110f9f1bc869a67]
2025-05-03 01:51:12 [http-nio-8011-exec-10] DEBUG o.s.security.web.FilterChainProxy - Secured GET /actuator/prometheus MDC:[traceId=68151420d789dc468336f8c37b407f3a, spanId=b07038e8c88346c7]
2025-05-03 01:51:25 [http-nio-8011-exec-6] DEBUG o.s.security.web.FilterChainProxy - Securing GET /actuator/prometheus MDC:[traceId=6815142dd80e2affa4fce090d2fedc54, spanId=a4fce090d2fedc54]
2025-05-03 01:51:25 [http-nio-8011-exec-6] DEBUG o.s.s.w.a.AnonymousAuthenticationFilter - Set SecurityContextHolder to anonymous SecurityContext MDC:[traceId=6815142dd80e2affa4fce090d2fedc54, spanId=67ae1211b339398e]
2025-05-03 01:51:25 [http-nio-8011-exec-6] DEBUG o.s.security.web.FilterChainProxy - Secured GET /actuator/prometheus MDC:[traceId=6815142dd80e2affa4fce090d2fedc54, spanId=449bc3866364eeb6]
2025-05-03 01:51:25 [http-nio-8011-exec-2] DEBUG o.s.security.web.FilterChainProxy - Securing GET /favicon.ico MDC:[traceId=6815142d356b7740c7c30961ea1f564c, spanId=c7c30961ea1f564c]
2025-05-03 01:51:25 [http-nio-8011-exec-2] DEBUG o.s.s.w.a.AnonymousAuthenticationFilter - Set SecurityContextHolder to anonymous SecurityContext MDC:[traceId=6815142d356b7740c7c30961ea1f564c, spanId=7f583b894121a604]
2025-05-03 01:51:27 [http-nio-8011-exec-3] DEBUG o.s.security.web.FilterChainProxy - Securing GET /actuator/prometheus MDC:[traceId=6815142f87141d56a217c8370f51638f, spanId=a217c8370f51638f]
2025-05-03 01:51:27 [http-nio-8011-exec-3] DEBUG o.s.s.w.a.AnonymousAuthenticationFilter - Set SecurityContextHolder to anonymous SecurityContext MDC:[traceId=6815142f87141d56a217c8370f51638f, spanId=bbc395e2a814b945]
2025-05-03 01:51:27 [http-nio-8011-exec-3] DEBUG o.s.security.web.FilterChainProxy - Secured GET /actuator/prometheus MDC:[traceId=6815142f87141d56a217c8370f51638f, spanId=97744c84f31d90e3]
2025-05-03 01:51:42 [http-nio-8011-exec-4] DEBUG o.s.security.web.FilterChainProxy - Securing GET /actuator/prometheus MDC:[traceId=6815143e69bc3a0662038573309179c6, spanId=62038573309179c6]
2025-05-03 01:51:42 [http-nio-8011-exec-4] DEBUG o.s.s.w.a.AnonymousAuthenticationFilter - Set SecurityContextHolder to anonymous SecurityContext MDC:[traceId=6815143e69bc3a0662038573309179c6, spanId=ebd7ec720b24b41e]
2025-05-03 01:51:42 [http-nio-8011-exec-4] DEBUG o.s.security.web.FilterChainProxy - Secured GET /actuator/prometheus MDC:[traceId=6815143e69bc3a0662038573309179c6, spanId=17a643992ecbcb24]
2025-05-03 01:51:57 [http-nio-8011-exec-5] DEBUG o.s.security.web.FilterChainProxy - Securing GET /actuator/prometheus MDC:[traceId=6815144daf989d98260a5290c776c1c1, spanId=260a5290c776c1c1]
2025-05-03 01:51:57 [http-nio-8011-exec-5] DEBUG o.s.s.w.a.AnonymousAuthenticationFilter - Set SecurityContextHolder to anonymous SecurityContext MDC:[traceId=6815144daf989d98260a5290c776c1c1, spanId=47ec6282abe0c0fb]
2025-05-03 01:51:57 [http-nio-8011-exec-5] DEBUG o.s.security.web.FilterChainProxy - Secured GET /actuator/prometheus MDC:[traceId=6815144daf989d98260a5290c776c1c1, spanId=5f6023d392cd195c]
2025-05-03 01:51:59 [http-nio-8011-exec-7] DEBUG o.s.security.web.FilterChainProxy - Securing GET /actuator/prometheus MDC:[traceId=6815144f018ef90dcde895ec5d8aecab, spanId=cde895ec5d8aecab]
2025-05-03 01:51:59 [http-nio-8011-exec-7] DEBUG o.s.s.w.a.AnonymousAuthenticationFilter - Set SecurityContextHolder to anonymous SecurityContext MDC:[traceId=6815144f018ef90dcde895ec5d8aecab, spanId=55227f9ddbdd9fba]
2025-05-03 01:51:59 [http-nio-8011-exec-7] DEBUG o.s.security.web.FilterChainProxy - Secured GET /actuator/prometheus MDC:[traceId=6815144f018ef90dcde895ec5d8aecab, spanId=899782a60efe0445]
2025-05-03 01:51:59 [http-nio-8011-exec-8] DEBUG o.s.security.web.FilterChainProxy - Securing GET /favicon.ico MDC:[traceId=6815144ff9f535dd56ef9493656a691f, spanId=56ef9493656a691f]
2025-05-03 01:51:59 [http-nio-8011-exec-8] DEBUG o.s.s.w.a.AnonymousAuthenticationFilter - Set SecurityContextHolder to anonymous SecurityContext MDC:[traceId=6815144ff9f535dd56ef9493656a691f, spanId=d4b3f33877da59e6]
2025-05-03 01:52:00 [http-nio-8011-exec-2] DEBUG o.s.security.web.FilterChainProxy - Securing GET /actuator/prometheus MDC:[traceId=68151450a83b6432e869dbd56215759e, spanId=e869dbd56215759e]
2025-05-03 01:52:00 [http-nio-8011-exec-2] DEBUG o.s.s.w.a.AnonymousAuthenticationFilter - Set SecurityContextHolder to anonymous SecurityContext MDC:[traceId=68151450a83b6432e869dbd56215759e, spanId=0c6af4ed4f834e9a]
2025-05-03 01:52:00 [http-nio-8011-exec-2] DEBUG o.s.security.web.FilterChainProxy - Secured GET /actuator/prometheus MDC:[traceId=68151450a83b6432e869dbd56215759e, spanId=c2f52e900eb425d5]
2025-05-03 01:52:00 [http-nio-8011-exec-3] DEBUG o.s.security.web.FilterChainProxy - Securing GET /favicon.ico MDC:[traceId=68151450178ce75959facefc246dc64b, spanId=59facefc246dc64b]
2025-05-03 01:52:00 [http-nio-8011-exec-3] DEBUG o.s.s.w.a.AnonymousAuthenticationFilter - Set SecurityContextHolder to anonymous SecurityContext MDC:[traceId=68151450178ce75959facefc246dc64b, spanId=de91264d8ca8933d]
2025-05-03 01:52:01 [http-nio-8011-exec-1] DEBUG o.s.security.web.FilterChainProxy - Securing GET /actuator/prometheus MDC:[traceId=6815145123d0006dec5c595197c80187, spanId=ec5c595197c80187]
2025-05-03 01:52:01 [http-nio-8011-exec-1] DEBUG o.s.s.w.a.AnonymousAuthenticationFilter - Set SecurityContextHolder to anonymous SecurityContext MDC:[traceId=6815145123d0006dec5c595197c80187, spanId=bc1f8266d2c956f6]
2025-05-03 01:52:01 [http-nio-8011-exec-1] DEBUG o.s.security.web.FilterChainProxy - Secured GET /actuator/prometheus MDC:[traceId=6815145123d0006dec5c595197c80187, spanId=61d76dcb47b2a89f]
2025-05-03 01:52:01 [http-nio-8011-exec-9] DEBUG o.s.security.web.FilterChainProxy - Securing GET /favicon.ico MDC:[traceId=681514513f72b9d8d78e2944562252b8, spanId=d78e2944562252b8]
2025-05-03 01:52:01 [http-nio-8011-exec-9] DEBUG o.s.s.w.a.AnonymousAuthenticationFilter - Set SecurityContextHolder to anonymous SecurityContext MDC:[traceId=681514513f72b9d8d78e2944562252b8, spanId=22fcd0e953e0413e]
2025-05-03 01:52:02 [http-nio-8011-exec-4] DEBUG o.s.security.web.FilterChainProxy - Securing GET /actuator/prometheus MDC:[traceId=681514520b3c89ae79dd307c7f182784, spanId=79dd307c7f182784]
2025-05-03 01:52:02 [http-nio-8011-exec-4] DEBUG o.s.s.w.a.AnonymousAuthenticationFilter - Set SecurityContextHolder to anonymous SecurityContext MDC:[traceId=681514520b3c89ae79dd307c7f182784, spanId=d50054ccad57e62e]
2025-05-03 01:52:02 [http-nio-8011-exec-4] DEBUG o.s.security.web.FilterChainProxy - Secured GET /actuator/prometheus MDC:[traceId=681514520b3c89ae79dd307c7f182784, spanId=0068cefe574c5604]
2025-05-03 01:52:02 [http-nio-8011-exec-5] DEBUG o.s.security.web.FilterChainProxy - Securing GET /favicon.ico MDC:[traceId=68151452716a0f41b34700eb3b49c69d, spanId=b34700eb3b49c69d]
2025-05-03 01:52:02 [http-nio-8011-exec-5] DEBUG o.s.s.w.a.AnonymousAuthenticationFilter - Set SecurityContextHolder to anonymous SecurityContext MDC:[traceId=68151452716a0f41b34700eb3b49c69d, spanId=d0416e5c6dbc5155]
2025-05-03 01:52:02 [http-nio-8011-exec-7] DEBUG o.s.security.web.FilterChainProxy - Securing GET /actuator/prometheus MDC:[traceId=68151452d056a8300a88dfecb7376580, spanId=0a88dfecb7376580]
2025-05-03 01:52:02 [http-nio-8011-exec-7] DEBUG o.s.s.w.a.AnonymousAuthenticationFilter - Set SecurityContextHolder to anonymous SecurityContext MDC:[traceId=68151452d056a8300a88dfecb7376580, spanId=18a848dea0e5ab11]
2025-05-03 01:52:02 [http-nio-8011-exec-7] DEBUG o.s.security.web.FilterChainProxy - Secured GET /actuator/prometheus MDC:[traceId=68151452d056a8300a88dfecb7376580, spanId=b1b33ba5d603b474]
2025-05-03 01:52:02 [http-nio-8011-exec-8] DEBUG o.s.security.web.FilterChainProxy - Securing GET /favicon.ico MDC:[traceId=68151452ad11834988db8663ffe723bb, spanId=88db8663ffe723bb]
2025-05-03 01:52:02 [http-nio-8011-exec-8] DEBUG o.s.s.w.a.AnonymousAuthenticationFilter - Set SecurityContextHolder to anonymous SecurityContext MDC:[traceId=68151452ad11834988db8663ffe723bb, spanId=dc282d8d5f13909b]
2025-05-03 01:52:12 [http-nio-8011-exec-2] DEBUG o.s.security.web.FilterChainProxy - Securing GET /actuator/prometheus MDC:[traceId=6815145c7f7c5d9a848a516b3525f6b6, spanId=848a516b3525f6b6]
2025-05-03 01:52:12 [http-nio-8011-exec-2] DEBUG o.s.s.w.a.AnonymousAuthenticationFilter - Set SecurityContextHolder to anonymous SecurityContext MDC:[traceId=6815145c7f7c5d9a848a516b3525f6b6, spanId=996e50005ac351d0]
2025-05-03 01:52:12 [http-nio-8011-exec-2] DEBUG o.s.security.web.FilterChainProxy - Secured GET /actuator/prometheus MDC:[traceId=6815145c7f7c5d9a848a516b3525f6b6, spanId=da118c42d4664145]
2025-05-03 01:52:27 [http-nio-8011-exec-3] DEBUG o.s.security.web.FilterChainProxy - Securing GET /actuator/prometheus MDC:[traceId=6815146b492dbc4c8bd87d85d796249c, spanId=8bd87d85d796249c]
2025-05-03 01:52:27 [http-nio-8011-exec-3] DEBUG o.s.s.w.a.AnonymousAuthenticationFilter - Set SecurityContextHolder to anonymous SecurityContext MDC:[traceId=6815146b492dbc4c8bd87d85d796249c, spanId=1dc13291af78da0d]
2025-05-03 01:52:27 [http-nio-8011-exec-3] DEBUG o.s.security.web.FilterChainProxy - Secured GET /actuator/prometheus MDC:[traceId=6815146b492dbc4c8bd87d85d796249c, spanId=f79ee1cd86ddd450]
2025-05-03 01:52:42 [http-nio-8011-exec-1] DEBUG o.s.security.web.FilterChainProxy - Securing GET /actuator/prometheus MDC:[traceId=6815147a0dce4e0138784dc0f1b83384, spanId=38784dc0f1b83384]
2025-05-03 01:52:42 [http-nio-8011-exec-1] DEBUG o.s.s.w.a.AnonymousAuthenticationFilter - Set SecurityContextHolder to anonymous SecurityContext MDC:[traceId=6815147a0dce4e0138784dc0f1b83384, spanId=7ddf92539bbee65f]
2025-05-03 01:52:42 [http-nio-8011-exec-1] DEBUG o.s.security.web.FilterChainProxy - Secured GET /actuator/prometheus MDC:[traceId=6815147a0dce4e0138784dc0f1b83384, spanId=cfdab9513c7c0c3e]
2025-05-03 01:52:57 [http-nio-8011-exec-9] DEBUG o.s.security.web.FilterChainProxy - Securing GET /actuator/prometheus MDC:[traceId=68151489850df779318467fc52ce27be, spanId=318467fc52ce27be]
2025-05-03 01:52:57 [http-nio-8011-exec-9] DEBUG o.s.s.w.a.AnonymousAuthenticationFilter - Set SecurityContextHolder to anonymous SecurityContext MDC:[traceId=68151489850df779318467fc52ce27be, spanId=abb21ccfeaab7c56]
2025-05-03 01:52:57 [http-nio-8011-exec-9] DEBUG o.s.security.web.FilterChainProxy - Secured GET /actuator/prometheus MDC:[traceId=68151489850df779318467fc52ce27be, spanId=4ea7528c84b166af]
2025-05-03 01:53:06 [http-nio-8011-exec-4] DEBUG o.s.security.web.FilterChainProxy - Securing GET /actuator/prometheus MDC:[traceId=68151492d4ef9de5a720d3592ad05bbf, spanId=a720d3592ad05bbf]
2025-05-03 01:53:06 [http-nio-8011-exec-4] DEBUG o.s.s.w.a.AnonymousAuthenticationFilter - Set SecurityContextHolder to anonymous SecurityContext MDC:[traceId=68151492d4ef9de5a720d3592ad05bbf, spanId=a43063680bb74063]
2025-05-03 01:53:06 [http-nio-8011-exec-4] DEBUG o.s.security.web.FilterChainProxy - Secured GET /actuator/prometheus MDC:[traceId=68151492d4ef9de5a720d3592ad05bbf, spanId=3826b2abfe3becdf]
2025-05-03 01:53:06 [http-nio-8011-exec-5] DEBUG o.s.security.web.FilterChainProxy - Securing GET /favicon.ico MDC:[traceId=6815149275ac90bbc917afb7ecd02e32, spanId=c917afb7ecd02e32]
2025-05-03 01:53:06 [http-nio-8011-exec-5] DEBUG o.s.s.w.a.AnonymousAuthenticationFilter - Set SecurityContextHolder to anonymous SecurityContext MDC:[traceId=6815149275ac90bbc917afb7ecd02e32, spanId=816e988dfeb2290e]
2025-05-03 01:53:12 [http-nio-8011-exec-6] DEBUG o.s.security.web.FilterChainProxy - Securing GET /actuator/prometheus MDC:[traceId=68151498d1d884c5d8ac6d7b4a09ba4e, spanId=d8ac6d7b4a09ba4e]
2025-05-03 01:53:12 [http-nio-8011-exec-6] DEBUG o.s.s.w.a.AnonymousAuthenticationFilter - Set SecurityContextHolder to anonymous SecurityContext MDC:[traceId=68151498d1d884c5d8ac6d7b4a09ba4e, spanId=fea294feb447e691]
2025-05-03 01:53:12 [http-nio-8011-exec-6] DEBUG o.s.security.web.FilterChainProxy - Secured GET /actuator/prometheus MDC:[traceId=68151498d1d884c5d8ac6d7b4a09ba4e, spanId=14be384ca962d5eb]
2025-05-03 01:53:24 [http-nio-8011-exec-10] DEBUG o.s.security.web.FilterChainProxy - Securing GET /actuator/prometheus MDC:[traceId=681514a4c536765f801cb34032f856e3, spanId=801cb34032f856e3]
2025-05-03 01:53:24 [http-nio-8011-exec-10] DEBUG o.s.s.w.a.AnonymousAuthenticationFilter - Set SecurityContextHolder to anonymous SecurityContext MDC:[traceId=681514a4c536765f801cb34032f856e3, spanId=82544156b9ce3411]
2025-05-03 01:53:24 [http-nio-8011-exec-10] DEBUG o.s.security.web.FilterChainProxy - Secured GET /actuator/prometheus MDC:[traceId=681514a4c536765f801cb34032f856e3, spanId=fe9470c1a322d19b]
2025-05-03 01:53:25 [http-nio-8011-exec-2] DEBUG o.s.security.web.FilterChainProxy - Securing GET /favicon.ico MDC:[traceId=681514a5a11be4a407d94cbbd034d3d0, spanId=07d94cbbd034d3d0]
2025-05-03 01:53:25 [http-nio-8011-exec-2] DEBUG o.s.s.w.a.AnonymousAuthenticationFilter - Set SecurityContextHolder to anonymous SecurityContext MDC:[traceId=681514a5a11be4a407d94cbbd034d3d0, spanId=c45912a9af5e5095]
2025-05-03 01:53:27 [http-nio-8011-exec-3] DEBUG o.s.security.web.FilterChainProxy - Securing GET /actuator/prometheus MDC:[traceId=681514a7cbf9814b7a13416969e2ac73, spanId=7a13416969e2ac73]
2025-05-03 01:53:27 [http-nio-8011-exec-3] DEBUG o.s.s.w.a.AnonymousAuthenticationFilter - Set SecurityContextHolder to anonymous SecurityContext MDC:[traceId=681514a7cbf9814b7a13416969e2ac73, spanId=2b8562d11d177a61]
2025-05-03 01:53:27 [http-nio-8011-exec-3] DEBUG o.s.security.web.FilterChainProxy - Secured GET /actuator/prometheus MDC:[traceId=681514a7cbf9814b7a13416969e2ac73, spanId=99e7f48ca70c9f01]
2025-05-03 01:53:42 [http-nio-8011-exec-4] DEBUG o.s.security.web.FilterChainProxy - Securing GET /actuator/prometheus MDC:[traceId=681514b6f3ee851cd5a97c4e5f588857, spanId=d5a97c4e5f588857]
2025-05-03 01:53:42 [http-nio-8011-exec-4] DEBUG o.s.s.w.a.AnonymousAuthenticationFilter - Set SecurityContextHolder to anonymous SecurityContext MDC:[traceId=681514b6f3ee851cd5a97c4e5f588857, spanId=cd50c38e973078d5]
2025-05-03 01:53:42 [http-nio-8011-exec-4] DEBUG o.s.security.web.FilterChainProxy - Secured GET /actuator/prometheus MDC:[traceId=681514b6f3ee851cd5a97c4e5f588857, spanId=a6fa09b8eb9b0d64]
2025-05-03 01:53:57 [http-nio-8011-exec-5] DEBUG o.s.security.web.FilterChainProxy - Securing GET /actuator/prometheus MDC:[traceId=681514c517d37872989880671274a1c1, spanId=989880671274a1c1]
2025-05-03 01:53:57 [http-nio-8011-exec-5] DEBUG o.s.s.w.a.AnonymousAuthenticationFilter - Set SecurityContextHolder to anonymous SecurityContext MDC:[traceId=681514c517d37872989880671274a1c1, spanId=2ee9906ccbab76ae]
2025-05-03 01:53:57 [http-nio-8011-exec-5] DEBUG o.s.security.web.FilterChainProxy - Secured GET /actuator/prometheus MDC:[traceId=681514c517d37872989880671274a1c1, spanId=89afc1c0c36d5444]
2025-05-03 01:54:12 [http-nio-8011-exec-8] DEBUG o.s.security.web.FilterChainProxy - Securing GET /actuator/prometheus MDC:[traceId=681514d44654dc8e5997ff9ca0c53e8c, spanId=5997ff9ca0c53e8c]
2025-05-03 01:54:12 [http-nio-8011-exec-8] DEBUG o.s.s.w.a.AnonymousAuthenticationFilter - Set SecurityContextHolder to anonymous SecurityContext MDC:[traceId=681514d44654dc8e5997ff9ca0c53e8c, spanId=905290ebe6a2cc59]
2025-05-03 01:54:12 [http-nio-8011-exec-8] DEBUG o.s.security.web.FilterChainProxy - Secured GET /actuator/prometheus MDC:[traceId=681514d44654dc8e5997ff9ca0c53e8c, spanId=7ff8b784b8e70a1b]
2025-05-03 01:54:27 [http-nio-8011-exec-7] DEBUG o.s.security.web.FilterChainProxy - Securing GET /actuator/prometheus MDC:[traceId=681514e3d3bbf1968c0b0a2eb2d73544, spanId=8c0b0a2eb2d73544]
2025-05-03 01:54:27 [http-nio-8011-exec-7] DEBUG o.s.s.w.a.AnonymousAuthenticationFilter - Set SecurityContextHolder to anonymous SecurityContext MDC:[traceId=681514e3d3bbf1968c0b0a2eb2d73544, spanId=687c810f57e4c36b]
2025-05-03 01:54:27 [http-nio-8011-exec-7] DEBUG o.s.security.web.FilterChainProxy - Secured GET /actuator/prometheus MDC:[traceId=681514e3d3bbf1968c0b0a2eb2d73544, spanId=ec17ce8f50337c78]
2025-05-03 01:54:42 [http-nio-8011-exec-6] DEBUG o.s.security.web.FilterChainProxy - Securing GET /actuator/prometheus MDC:[traceId=681514f21b53e53fdc1b06a0765a65ba, spanId=dc1b06a0765a65ba]
2025-05-03 01:54:42 [http-nio-8011-exec-6] DEBUG o.s.s.w.a.AnonymousAuthenticationFilter - Set SecurityContextHolder to anonymous SecurityContext MDC:[traceId=681514f21b53e53fdc1b06a0765a65ba, spanId=3c56400b3139f7b6]
2025-05-03 01:54:42 [http-nio-8011-exec-6] DEBUG o.s.security.web.FilterChainProxy - Secured GET /actuator/prometheus MDC:[traceId=681514f21b53e53fdc1b06a0765a65ba, spanId=6754b9134011925e]
2025-05-03 01:54:57 [http-nio-8011-exec-10] DEBUG o.s.security.web.FilterChainProxy - Securing GET /actuator/prometheus MDC:[traceId=68151501399313990ff48729c5ad075b, spanId=0ff48729c5ad075b]
2025-05-03 01:54:57 [http-nio-8011-exec-10] DEBUG o.s.s.w.a.AnonymousAuthenticationFilter - Set SecurityContextHolder to anonymous SecurityContext MDC:[traceId=68151501399313990ff48729c5ad075b, spanId=a561aa6b615fa80b]
2025-05-03 01:54:57 [http-nio-8011-exec-10] DEBUG o.s.security.web.FilterChainProxy - Secured GET /actuator/prometheus MDC:[traceId=68151501399313990ff48729c5ad075b, spanId=6e42ffb0a144ccf3]
2025-05-03 01:55:12 [http-nio-8011-exec-2] DEBUG o.s.security.web.FilterChainProxy - Securing GET /actuator/prometheus MDC:[traceId=68151510b95d522222e1ab863196ccaf, spanId=22e1ab863196ccaf]
2025-05-03 01:55:12 [http-nio-8011-exec-2] DEBUG o.s.s.w.a.AnonymousAuthenticationFilter - Set SecurityContextHolder to anonymous SecurityContext MDC:[traceId=68151510b95d522222e1ab863196ccaf, spanId=33a6cb711f451df6]
2025-05-03 01:55:12 [http-nio-8011-exec-2] DEBUG o.s.security.web.FilterChainProxy - Secured GET /actuator/prometheus MDC:[traceId=68151510b95d522222e1ab863196ccaf, spanId=951f9d2659744b81]
2025-05-03 01:55:27 [http-nio-8011-exec-3] DEBUG o.s.security.web.FilterChainProxy - Securing GET /actuator/prometheus MDC:[traceId=6815151ff6335ab5f2664f897cbcfee4, spanId=f2664f897cbcfee4]
2025-05-03 01:55:27 [http-nio-8011-exec-3] DEBUG o.s.s.w.a.AnonymousAuthenticationFilter - Set SecurityContextHolder to anonymous SecurityContext MDC:[traceId=6815151ff6335ab5f2664f897cbcfee4, spanId=7ff64428c3724f08]
2025-05-03 01:55:27 [http-nio-8011-exec-3] DEBUG o.s.security.web.FilterChainProxy - Secured GET /actuator/prometheus MDC:[traceId=6815151ff6335ab5f2664f897cbcfee4, spanId=733bb081945320df]
2025-05-03 01:55:59 [restartedMain] INFO  o.s.s.c.a.a.c.InitializeUserDetailsBeanManagerConfigurer$InitializeUserDetailsManagerConfigurer - Global AuthenticationManager configured with UserDetailsService bean with name inMemoryUserDetailsManager MDC:[traceId=, spanId=]
2025-05-03 01:56:01 [restartedMain] DEBUG o.s.s.web.DefaultSecurityFilterChain - Will secure any request with filters: DisableEncodeUrlFilter, WebAsyncManagerIntegrationFilter, SecurityContextHolderFilter, HeaderWriterFilter, LogoutFilter, RpcAuthenticationFilter, RequestCacheAwareFilter, SecurityContextHolderAwareRequestFilter, AnonymousAuthenticationFilter, SessionManagementFilter, ExceptionTranslationFilter, AuthorizationFilter MDC:[traceId=, spanId=]
2025-05-03 01:56:12 [http-nio-8011-exec-1] DEBUG o.s.security.web.FilterChainProxy - Securing GET /actuator/prometheus MDC:[traceId=6815154c0b9fb1032a389e44872d0eb2, spanId=2a389e44872d0eb2]
2025-05-03 01:56:12 [http-nio-8011-exec-1] DEBUG o.s.s.w.a.AnonymousAuthenticationFilter - Set SecurityContextHolder to anonymous SecurityContext MDC:[traceId=6815154c0b9fb1032a389e44872d0eb2, spanId=47f86c563848c1b2]
2025-05-03 01:56:12 [http-nio-8011-exec-1] DEBUG o.s.security.web.FilterChainProxy - Secured GET /actuator/prometheus MDC:[traceId=6815154c0b9fb1032a389e44872d0eb2, spanId=679e6553d1b80afd]
2025-05-03 01:56:27 [http-nio-8011-exec-2] DEBUG o.s.security.web.FilterChainProxy - Securing GET /actuator/prometheus MDC:[traceId=6815155bdc5114d0d1b2ff8afefe0f8b, spanId=d1b2ff8afefe0f8b]
2025-05-03 01:56:27 [http-nio-8011-exec-2] DEBUG o.s.s.w.a.AnonymousAuthenticationFilter - Set SecurityContextHolder to anonymous SecurityContext MDC:[traceId=6815155bdc5114d0d1b2ff8afefe0f8b, spanId=4f01998c67477480]
2025-05-03 01:56:27 [http-nio-8011-exec-2] DEBUG o.s.security.web.FilterChainProxy - Secured GET /actuator/prometheus MDC:[traceId=6815155bdc5114d0d1b2ff8afefe0f8b, spanId=130134c82271a2d7]
2025-05-03 01:56:42 [http-nio-8011-exec-3] DEBUG o.s.security.web.FilterChainProxy - Securing GET /actuator/prometheus MDC:[traceId=6815156aa4b91b66affd5ce878db2795, spanId=affd5ce878db2795]
2025-05-03 01:56:42 [http-nio-8011-exec-3] DEBUG o.s.s.w.a.AnonymousAuthenticationFilter - Set SecurityContextHolder to anonymous SecurityContext MDC:[traceId=6815156aa4b91b66affd5ce878db2795, spanId=2fcd6d3cf3da5eda]
2025-05-03 01:56:42 [http-nio-8011-exec-3] DEBUG o.s.security.web.FilterChainProxy - Secured GET /actuator/prometheus MDC:[traceId=6815156aa4b91b66affd5ce878db2795, spanId=eb7c7b52e4dd3e7c]
2025-05-03 01:56:46 [http-nio-8011-exec-4] DEBUG o.s.security.web.FilterChainProxy - Securing DELETE /api/posts/9 MDC:[traceId=6815156eee9ceb62caee991218f584c3, spanId=caee991218f584c3]
2025-05-03 01:56:46 [http-nio-8011-exec-4] DEBUG o.s.security.web.FilterChainProxy - Secured DELETE /api/posts/9 MDC:[traceId=6815156eee9ceb62caee991218f584c3, spanId=f3d48c32a8b23777]
2025-05-03 01:56:46 [http-nio-8011-exec-4] DEBUG o.s.s.a.m.AuthorizationManagerBeforeMethodInterceptor - Authorizing method invocation ReflectiveMethodInvocation: public org.springframework.http.ResponseEntity com.learning.core_service.controller.PostController.deletePost(java.lang.Long); target is of class [com.learning.core_service.controller.PostController] MDC:[traceId=6815156eee9ceb62caee991218f584c3, spanId=f3d48c32a8b23777]
2025-05-03 01:56:46 [http-nio-8011-exec-4] DEBUG o.s.s.a.m.AuthorizationManagerBeforeMethodInterceptor - Authorized method invocation ReflectiveMethodInvocation: public org.springframework.http.ResponseEntity com.learning.core_service.controller.PostController.deletePost(java.lang.Long); target is of class [com.learning.core_service.controller.PostController] MDC:[traceId=6815156eee9ceb62caee991218f584c3, spanId=f3d48c32a8b23777]
2025-05-03 01:56:57 [http-nio-8011-exec-5] DEBUG o.s.security.web.FilterChainProxy - Securing GET /actuator/prometheus MDC:[traceId=68151579091611c908dea9ccbdccb615, spanId=08dea9ccbdccb615]
2025-05-03 01:56:57 [http-nio-8011-exec-5] DEBUG o.s.s.w.a.AnonymousAuthenticationFilter - Set SecurityContextHolder to anonymous SecurityContext MDC:[traceId=68151579091611c908dea9ccbdccb615, spanId=868ede2162a881c6]
2025-05-03 01:56:57 [http-nio-8011-exec-5] DEBUG o.s.security.web.FilterChainProxy - Secured GET /actuator/prometheus MDC:[traceId=68151579091611c908dea9ccbdccb615, spanId=53259896ba2ff600]
2025-05-03 01:57:12 [http-nio-8011-exec-8] DEBUG o.s.security.web.FilterChainProxy - Securing GET /actuator/prometheus MDC:[traceId=681515881466c20410b67b69c340e7e6, spanId=10b67b69c340e7e6]
2025-05-03 01:57:12 [http-nio-8011-exec-8] DEBUG o.s.s.w.a.AnonymousAuthenticationFilter - Set SecurityContextHolder to anonymous SecurityContext MDC:[traceId=681515881466c20410b67b69c340e7e6, spanId=8b9643ed1e61d91d]
2025-05-03 01:57:12 [http-nio-8011-exec-8] DEBUG o.s.security.web.FilterChainProxy - Secured GET /actuator/prometheus MDC:[traceId=681515881466c20410b67b69c340e7e6, spanId=8e1f17506b1c361f]
2025-05-03 01:57:15 [http-nio-8011-exec-7] DEBUG o.s.security.web.FilterChainProxy - Securing GET /actuator/prometheus MDC:[traceId=6815158b275c24e8a16eadf6895eade9, spanId=a16eadf6895eade9]
2025-05-03 01:57:15 [http-nio-8011-exec-7] DEBUG o.s.s.w.a.AnonymousAuthenticationFilter - Set SecurityContextHolder to anonymous SecurityContext MDC:[traceId=6815158b275c24e8a16eadf6895eade9, spanId=166a70342a9660c0]
2025-05-03 01:57:15 [http-nio-8011-exec-7] DEBUG o.s.security.web.FilterChainProxy - Secured GET /actuator/prometheus MDC:[traceId=6815158b275c24e8a16eadf6895eade9, spanId=19508425953e22ff]
2025-05-03 01:57:16 [http-nio-8011-exec-6] DEBUG o.s.security.web.FilterChainProxy - Securing GET /favicon.ico MDC:[traceId=6815158c9ba9816a1d0404025bbeb376, spanId=1d0404025bbeb376]
2025-05-03 01:57:16 [http-nio-8011-exec-6] DEBUG o.s.s.w.a.AnonymousAuthenticationFilter - Set SecurityContextHolder to anonymous SecurityContext MDC:[traceId=6815158c9ba9816a1d0404025bbeb376, spanId=ef479c74be054e99]
2025-05-03 01:57:27 [http-nio-8011-exec-1] DEBUG o.s.security.web.FilterChainProxy - Securing GET /actuator/prometheus MDC:[traceId=681515970eae7becd4756fa95fb8a048, spanId=d4756fa95fb8a048]
2025-05-03 01:57:27 [http-nio-8011-exec-1] DEBUG o.s.s.w.a.AnonymousAuthenticationFilter - Set SecurityContextHolder to anonymous SecurityContext MDC:[traceId=681515970eae7becd4756fa95fb8a048, spanId=de2557592e53fd43]
2025-05-03 01:57:27 [http-nio-8011-exec-1] DEBUG o.s.security.web.FilterChainProxy - Secured GET /actuator/prometheus MDC:[traceId=681515970eae7becd4756fa95fb8a048, spanId=f87c2ef4cd05f607]
2025-05-03 01:57:42 [http-nio-8011-exec-2] DEBUG o.s.security.web.FilterChainProxy - Securing GET /actuator/prometheus MDC:[traceId=681515a6362b03f3f7ea5a9c1474dd0c, spanId=f7ea5a9c1474dd0c]
2025-05-03 01:57:42 [http-nio-8011-exec-2] DEBUG o.s.s.w.a.AnonymousAuthenticationFilter - Set SecurityContextHolder to anonymous SecurityContext MDC:[traceId=681515a6362b03f3f7ea5a9c1474dd0c, spanId=ec0cde7413e5eb5a]
2025-05-03 01:57:42 [http-nio-8011-exec-2] DEBUG o.s.security.web.FilterChainProxy - Secured GET /actuator/prometheus MDC:[traceId=681515a6362b03f3f7ea5a9c1474dd0c, spanId=a12934fa198f30d8]
2025-05-03 01:57:53 [http-nio-8011-exec-4] DEBUG o.s.security.web.FilterChainProxy - Securing GET /actuator/prometheus MDC:[traceId=681515b106ff1264a3ec618c60b27073, spanId=a3ec618c60b27073]
2025-05-03 01:57:53 [http-nio-8011-exec-4] DEBUG o.s.s.w.a.AnonymousAuthenticationFilter - Set SecurityContextHolder to anonymous SecurityContext MDC:[traceId=681515b106ff1264a3ec618c60b27073, spanId=a2b79a2bc18f68c4]
2025-05-03 01:57:53 [http-nio-8011-exec-4] DEBUG o.s.security.web.FilterChainProxy - Secured GET /actuator/prometheus MDC:[traceId=681515b106ff1264a3ec618c60b27073, spanId=71abe8eb4221eab3]
2025-05-03 01:57:53 [http-nio-8011-exec-5] DEBUG o.s.security.web.FilterChainProxy - Securing GET /favicon.ico MDC:[traceId=681515b180bd38aff90be623bc7f29af, spanId=f90be623bc7f29af]
2025-05-03 01:57:53 [http-nio-8011-exec-5] DEBUG o.s.s.w.a.AnonymousAuthenticationFilter - Set SecurityContextHolder to anonymous SecurityContext MDC:[traceId=681515b180bd38aff90be623bc7f29af, spanId=18c1deb029f14777]
2025-05-03 01:57:57 [http-nio-8011-exec-6] DEBUG o.s.security.web.FilterChainProxy - Securing GET /actuator/prometheus MDC:[traceId=681515b5f9f102f62eb22b489a17a9bd, spanId=2eb22b489a17a9bd]
2025-05-03 01:57:57 [http-nio-8011-exec-6] DEBUG o.s.s.w.a.AnonymousAuthenticationFilter - Set SecurityContextHolder to anonymous SecurityContext MDC:[traceId=681515b5f9f102f62eb22b489a17a9bd, spanId=63fa475a4db3cc67]
2025-05-03 01:57:57 [http-nio-8011-exec-6] DEBUG o.s.security.web.FilterChainProxy - Secured GET /actuator/prometheus MDC:[traceId=681515b5f9f102f62eb22b489a17a9bd, spanId=0734949217e7d6a0]
2025-05-03 01:58:12 [http-nio-8011-exec-10] DEBUG o.s.security.web.FilterChainProxy - Securing GET /actuator/prometheus MDC:[traceId=681515c49d39b62a800daa152c74769f, spanId=800daa152c74769f]
2025-05-03 01:58:12 [http-nio-8011-exec-10] DEBUG o.s.s.w.a.AnonymousAuthenticationFilter - Set SecurityContextHolder to anonymous SecurityContext MDC:[traceId=681515c49d39b62a800daa152c74769f, spanId=efab2b0826fcb8e8]
2025-05-03 01:58:12 [http-nio-8011-exec-10] DEBUG o.s.security.web.FilterChainProxy - Secured GET /actuator/prometheus MDC:[traceId=681515c49d39b62a800daa152c74769f, spanId=95dd7b421b21322e]
2025-05-03 01:58:27 [http-nio-8011-exec-9] DEBUG o.s.security.web.FilterChainProxy - Securing GET /actuator/prometheus MDC:[traceId=681515d3836aa7f840654d38af8c9ade, spanId=40654d38af8c9ade]
2025-05-03 01:58:27 [http-nio-8011-exec-9] DEBUG o.s.s.w.a.AnonymousAuthenticationFilter - Set SecurityContextHolder to anonymous SecurityContext MDC:[traceId=681515d3836aa7f840654d38af8c9ade, spanId=e9402af2efac6363]
2025-05-03 01:58:27 [http-nio-8011-exec-9] DEBUG o.s.security.web.FilterChainProxy - Secured GET /actuator/prometheus MDC:[traceId=681515d3836aa7f840654d38af8c9ade, spanId=074518d1bccf7a07]
2025-05-03 01:58:42 [http-nio-8011-exec-1] DEBUG o.s.security.web.FilterChainProxy - Securing GET /actuator/prometheus MDC:[traceId=681515e266b2565b36072df244b7b33d, spanId=36072df244b7b33d]
2025-05-03 01:58:42 [http-nio-8011-exec-1] DEBUG o.s.s.w.a.AnonymousAuthenticationFilter - Set SecurityContextHolder to anonymous SecurityContext MDC:[traceId=681515e266b2565b36072df244b7b33d, spanId=5a521aec260bb372]
2025-05-03 01:58:42 [http-nio-8011-exec-1] DEBUG o.s.security.web.FilterChainProxy - Secured GET /actuator/prometheus MDC:[traceId=681515e266b2565b36072df244b7b33d, spanId=5ed764f7745c72f2]
2025-05-03 17:54:53 [restartedMain] INFO  o.s.s.c.a.a.c.InitializeUserDetailsBeanManagerConfigurer$InitializeUserDetailsManagerConfigurer - Global AuthenticationManager configured with UserDetailsService bean with name inMemoryUserDetailsManager MDC:[traceId=, spanId=]
2025-05-03 17:54:55 [restartedMain] DEBUG o.s.s.web.DefaultSecurityFilterChain - Will secure any request with filters: DisableEncodeUrlFilter, WebAsyncManagerIntegrationFilter, SecurityContextHolderFilter, HeaderWriterFilter, LogoutFilter, RpcAuthenticationFilter, RequestCacheAwareFilter, SecurityContextHolderAwareRequestFilter, AnonymousAuthenticationFilter, SessionManagementFilter, ExceptionTranslationFilter, AuthorizationFilter MDC:[traceId=, spanId=]
2025-05-03 17:55:18 [http-nio-8011-exec-2] DEBUG o.s.security.web.FilterChainProxy - Securing POST /api/posts MDC:[traceId=6815f6160d92831b416a756ef47043e1, spanId=416a756ef47043e1]
2025-05-03 17:55:18 [http-nio-8011-exec-2] DEBUG o.s.s.w.a.AnonymousAuthenticationFilter - Set SecurityContextHolder to anonymous SecurityContext MDC:[traceId=6815f6160d92831b416a756ef47043e1, spanId=1ae2448d54d31a6e]
2025-05-03 17:55:18 [http-nio-8011-exec-2] DEBUG o.s.security.web.FilterChainProxy - Secured POST /api/posts MDC:[traceId=6815f6160d92831b416a756ef47043e1, spanId=b3e6c132d9090ef4]
2025-05-03 17:55:29 [http-nio-8011-exec-5] DEBUG o.s.security.web.FilterChainProxy - Securing POST /api/posts MDC:[traceId=6815f621da41b20bb044a7310863c8b2, spanId=b044a7310863c8b2]
2025-05-03 17:55:29 [http-nio-8011-exec-5] DEBUG o.s.s.w.a.AnonymousAuthenticationFilter - Set SecurityContextHolder to anonymous SecurityContext MDC:[traceId=6815f621da41b20bb044a7310863c8b2, spanId=e58002074798f869]
2025-05-03 17:55:29 [http-nio-8011-exec-5] DEBUG o.s.security.web.FilterChainProxy - Secured POST /api/posts MDC:[traceId=6815f621da41b20bb044a7310863c8b2, spanId=50ac45f772f1f368]
2025-05-03 17:59:05 [restartedMain] INFO  o.s.s.c.a.a.c.InitializeUserDetailsBeanManagerConfigurer$InitializeUserDetailsManagerConfigurer - Global AuthenticationManager configured with UserDetailsService bean with name inMemoryUserDetailsManager MDC:[traceId=, spanId=]
2025-05-03 17:59:08 [restartedMain] DEBUG o.s.s.web.DefaultSecurityFilterChain - Will secure any request with filters: DisableEncodeUrlFilter, WebAsyncManagerIntegrationFilter, SecurityContextHolderFilter, HeaderWriterFilter, LogoutFilter, RpcAuthenticationFilter, RequestCacheAwareFilter, SecurityContextHolderAwareRequestFilter, AnonymousAuthenticationFilter, SessionManagementFilter, ExceptionTranslationFilter, AuthorizationFilter MDC:[traceId=, spanId=]
2025-05-03 17:59:32 [http-nio-8011-exec-2] DEBUG o.s.security.web.FilterChainProxy - Securing POST /api/posts MDC:[traceId=6815f71496e58414562e2532b6cfb210, spanId=562e2532b6cfb210]
2025-05-03 17:59:32 [http-nio-8011-exec-2] DEBUG o.s.s.w.a.AnonymousAuthenticationFilter - Set SecurityContextHolder to anonymous SecurityContext MDC:[traceId=6815f71496e58414562e2532b6cfb210, spanId=99c09f6d6f1ca104]
2025-05-03 17:59:32 [http-nio-8011-exec-2] DEBUG o.s.security.web.FilterChainProxy - Secured POST /api/posts MDC:[traceId=6815f71496e58414562e2532b6cfb210, spanId=3f2c117fd9d5b0aa]
2025-05-03 18:00:08 [restartedMain] INFO  o.s.s.c.a.a.c.InitializeUserDetailsBeanManagerConfigurer$InitializeUserDetailsManagerConfigurer - Global AuthenticationManager configured with UserDetailsService bean with name inMemoryUserDetailsManager MDC:[traceId=, spanId=]
2025-05-03 18:00:10 [restartedMain] DEBUG o.s.s.web.DefaultSecurityFilterChain - Will secure any request with filters: DisableEncodeUrlFilter, WebAsyncManagerIntegrationFilter, SecurityContextHolderFilter, HeaderWriterFilter, LogoutFilter, RpcAuthenticationFilter, RequestCacheAwareFilter, SecurityContextHolderAwareRequestFilter, AnonymousAuthenticationFilter, SessionManagementFilter, ExceptionTranslationFilter, AuthorizationFilter MDC:[traceId=, spanId=]
2025-05-03 18:00:15 [http-nio-8011-exec-2] DEBUG o.s.security.web.FilterChainProxy - Securing POST /api/posts MDC:[traceId=6815f73f8f83a5288c33d5a6b466f62f, spanId=8c33d5a6b466f62f]
2025-05-03 18:00:15 [http-nio-8011-exec-2] DEBUG o.s.s.w.a.AnonymousAuthenticationFilter - Set SecurityContextHolder to anonymous SecurityContext MDC:[traceId=6815f73f8f83a5288c33d5a6b466f62f, spanId=dc5410798dfc4cb1]
2025-05-03 18:00:15 [http-nio-8011-exec-2] DEBUG o.s.security.web.FilterChainProxy - Secured POST /api/posts MDC:[traceId=6815f73f8f83a5288c33d5a6b466f62f, spanId=4a770dfeb539dea9]
2025-05-03 18:33:43 [restartedMain] INFO  o.s.s.c.a.a.c.InitializeUserDetailsBeanManagerConfigurer$InitializeUserDetailsManagerConfigurer - Global AuthenticationManager configured with UserDetailsService bean with name inMemoryUserDetailsManager MDC:[traceId=, spanId=]
2025-05-03 18:33:45 [restartedMain] DEBUG o.s.s.web.DefaultSecurityFilterChain - Will secure any request with filters: DisableEncodeUrlFilter, WebAsyncManagerIntegrationFilter, SecurityContextHolderFilter, HeaderWriterFilter, LogoutFilter, RpcAuthenticationFilter, RequestCacheAwareFilter, SecurityContextHolderAwareRequestFilter, AnonymousAuthenticationFilter, SessionManagementFilter, ExceptionTranslationFilter, AuthorizationFilter MDC:[traceId=, spanId=]
2025-05-03 18:39:36 [restartedMain] INFO  o.s.s.c.a.a.c.InitializeUserDetailsBeanManagerConfigurer$InitializeUserDetailsManagerConfigurer - Global AuthenticationManager configured with UserDetailsService bean with name inMemoryUserDetailsManager MDC:[traceId=, spanId=]
2025-05-03 18:39:38 [restartedMain] DEBUG o.s.s.web.DefaultSecurityFilterChain - Will secure any request with filters: DisableEncodeUrlFilter, WebAsyncManagerIntegrationFilter, SecurityContextHolderFilter, HeaderWriterFilter, LogoutFilter, RpcAuthenticationFilter, RequestCacheAwareFilter, SecurityContextHolderAwareRequestFilter, AnonymousAuthenticationFilter, SessionManagementFilter, ExceptionTranslationFilter, AuthorizationFilter MDC:[traceId=, spanId=]
2025-05-03 18:40:23 [restartedMain] INFO  o.s.s.c.a.a.c.InitializeUserDetailsBeanManagerConfigurer$InitializeUserDetailsManagerConfigurer - Global AuthenticationManager configured with UserDetailsService bean with name inMemoryUserDetailsManager MDC:[traceId=, spanId=]
2025-05-03 18:40:25 [restartedMain] DEBUG o.s.s.web.DefaultSecurityFilterChain - Will secure any request with filters: DisableEncodeUrlFilter, WebAsyncManagerIntegrationFilter, SecurityContextHolderFilter, HeaderWriterFilter, LogoutFilter, RpcAuthenticationFilter, RequestCacheAwareFilter, SecurityContextHolderAwareRequestFilter, AnonymousAuthenticationFilter, SessionManagementFilter, ExceptionTranslationFilter, AuthorizationFilter MDC:[traceId=, spanId=]
2025-05-03 18:41:23 [http-nio-8011-exec-1] DEBUG o.s.security.web.FilterChainProxy - Securing POST /api/posts MDC:[traceId=681600e37a6c8a45ee3d31746fdfc4a5, spanId=ee3d31746fdfc4a5]
2025-05-03 18:41:23 [http-nio-8011-exec-1] DEBUG o.s.security.web.FilterChainProxy - Secured POST /api/posts MDC:[traceId=681600e37a6c8a45ee3d31746fdfc4a5, spanId=df9f6137127176e9]
2025-05-03 18:41:32 [http-nio-8011-exec-2] DEBUG o.s.security.web.FilterChainProxy - Securing POST /api/posts MDC:[traceId=681600ecfa13b2778b3ca61d77f434a7, spanId=8b3ca61d77f434a7]
2025-05-03 18:41:32 [http-nio-8011-exec-2] DEBUG o.s.security.web.FilterChainProxy - Secured POST /api/posts MDC:[traceId=681600ecfa13b2778b3ca61d77f434a7, spanId=093474348563c0ea]
2025-05-03 18:41:32 [http-nio-8011-exec-2] DEBUG o.s.s.a.m.AuthorizationManagerBeforeMethodInterceptor - Authorizing method invocation ReflectiveMethodInvocation: public com.learning.core_service.dto.response.ApiResponse com.learning.core_service.controller.PostController.createPost(com.learning.core_service.dto.PostDTO); target is of class [com.learning.core_service.controller.PostController] MDC:[traceId=681600ecfa13b2778b3ca61d77f434a7, spanId=093474348563c0ea]
2025-05-03 18:41:32 [http-nio-8011-exec-2] DEBUG o.s.s.a.m.AuthorizationManagerBeforeMethodInterceptor - Authorized method invocation ReflectiveMethodInvocation: public com.learning.core_service.dto.response.ApiResponse com.learning.core_service.controller.PostController.createPost(com.learning.core_service.dto.PostDTO); target is of class [com.learning.core_service.controller.PostController] MDC:[traceId=681600ecfa13b2778b3ca61d77f434a7, spanId=093474348563c0ea]
2025-05-03 18:41:32 [http-nio-8011-exec-2] DEBUG o.s.security.web.FilterChainProxy - Securing POST /error MDC:[traceId=, spanId=]
2025-05-03 18:41:32 [http-nio-8011-exec-2] DEBUG o.s.s.w.a.AnonymousAuthenticationFilter - Set SecurityContextHolder to anonymous SecurityContext MDC:[traceId=681600ec36aa1a44d543cf0b15b9bae4, spanId=80d36a6ea1fe5729]
2025-05-03 18:42:52 [restartedMain] INFO  o.s.s.c.a.a.c.InitializeUserDetailsBeanManagerConfigurer$InitializeUserDetailsManagerConfigurer - Global AuthenticationManager configured with UserDetailsService bean with name inMemoryUserDetailsManager MDC:[traceId=, spanId=]
2025-05-03 18:42:54 [restartedMain] DEBUG o.s.s.web.DefaultSecurityFilterChain - Will secure any request with filters: DisableEncodeUrlFilter, WebAsyncManagerIntegrationFilter, SecurityContextHolderFilter, HeaderWriterFilter, LogoutFilter, RpcAuthenticationFilter, RequestCacheAwareFilter, SecurityContextHolderAwareRequestFilter, AnonymousAuthenticationFilter, SessionManagementFilter, ExceptionTranslationFilter, AuthorizationFilter MDC:[traceId=, spanId=]
2025-05-03 18:43:59 [http-nio-8011-exec-1] DEBUG o.s.security.web.FilterChainProxy - Securing POST /api/posts MDC:[traceId=6816017f3c263042cbe6c749467ae823, spanId=cbe6c749467ae823]
2025-05-03 18:43:59 [http-nio-8011-exec-1] DEBUG o.s.security.web.FilterChainProxy - Secured POST /api/posts MDC:[traceId=6816017f3c263042cbe6c749467ae823, spanId=ef33b2216d66a708]
2025-05-03 18:44:00 [http-nio-8011-exec-1] DEBUG o.s.s.a.m.AuthorizationManagerBeforeMethodInterceptor - Authorizing method invocation ReflectiveMethodInvocation: public com.learning.core_service.dto.response.ApiResponse com.learning.core_service.controller.PostController.createPost(com.learning.core_service.dto.PostDTO); target is of class [com.learning.core_service.controller.PostController] MDC:[traceId=6816017f3c263042cbe6c749467ae823, spanId=ef33b2216d66a708]
2025-05-03 18:44:00 [http-nio-8011-exec-1] DEBUG o.s.s.a.m.AuthorizationManagerBeforeMethodInterceptor - Authorized method invocation ReflectiveMethodInvocation: public com.learning.core_service.dto.response.ApiResponse com.learning.core_service.controller.PostController.createPost(com.learning.core_service.dto.PostDTO); target is of class [com.learning.core_service.controller.PostController] MDC:[traceId=6816017f3c263042cbe6c749467ae823, spanId=ef33b2216d66a708]
2025-05-03 18:46:07 [restartedMain] INFO  o.s.s.c.a.a.c.InitializeUserDetailsBeanManagerConfigurer$InitializeUserDetailsManagerConfigurer - Global AuthenticationManager configured with UserDetailsService bean with name inMemoryUserDetailsManager MDC:[traceId=, spanId=]
2025-05-03 18:46:09 [restartedMain] DEBUG o.s.s.web.DefaultSecurityFilterChain - Will secure any request with filters: DisableEncodeUrlFilter, WebAsyncManagerIntegrationFilter, SecurityContextHolderFilter, HeaderWriterFilter, LogoutFilter, RpcAuthenticationFilter, RequestCacheAwareFilter, SecurityContextHolderAwareRequestFilter, AnonymousAuthenticationFilter, SessionManagementFilter, ExceptionTranslationFilter, AuthorizationFilter MDC:[traceId=, spanId=]
2025-05-03 18:47:00 [http-nio-8011-exec-1] DEBUG o.s.security.web.FilterChainProxy - Securing GET /api/posts/1 MDC:[traceId=681602342579f150481e369eda2810f6, spanId=481e369eda2810f6]
2025-05-03 18:47:01 [http-nio-8011-exec-1] DEBUG o.s.security.web.FilterChainProxy - Secured GET /api/posts/1 MDC:[traceId=681602342579f150481e369eda2810f6, spanId=d3755acaa2ef2160]
2025-05-03 18:47:12 [http-nio-8011-exec-2] DEBUG o.s.security.web.FilterChainProxy - Securing GET /api/posts/14 MDC:[traceId=68160240c99673e86e94f04cd3b16d12, spanId=6e94f04cd3b16d12]
2025-05-03 18:47:12 [http-nio-8011-exec-2] DEBUG o.s.security.web.FilterChainProxy - Secured GET /api/posts/14 MDC:[traceId=68160240c99673e86e94f04cd3b16d12, spanId=85d0fb87fcb50e5e]
2025-05-03 18:49:28 [restartedMain] INFO  o.s.s.c.a.a.c.InitializeUserDetailsBeanManagerConfigurer$InitializeUserDetailsManagerConfigurer - Global AuthenticationManager configured with UserDetailsService bean with name inMemoryUserDetailsManager MDC:[traceId=, spanId=]
2025-05-03 18:49:30 [restartedMain] DEBUG o.s.s.web.DefaultSecurityFilterChain - Will secure any request with filters: DisableEncodeUrlFilter, WebAsyncManagerIntegrationFilter, SecurityContextHolderFilter, HeaderWriterFilter, LogoutFilter, RpcAuthenticationFilter, RequestCacheAwareFilter, SecurityContextHolderAwareRequestFilter, AnonymousAuthenticationFilter, SessionManagementFilter, ExceptionTranslationFilter, AuthorizationFilter MDC:[traceId=, spanId=]
2025-05-03 18:49:41 [http-nio-8011-exec-1] DEBUG o.s.security.web.FilterChainProxy - Securing GET /api/posts/14 MDC:[traceId=681602d56a746a4666b29e1971645d3f, spanId=66b29e1971645d3f]
2025-05-03 18:49:41 [http-nio-8011-exec-1] DEBUG o.s.security.web.FilterChainProxy - Secured GET /api/posts/14 MDC:[traceId=681602d56a746a4666b29e1971645d3f, spanId=b2d2e5ce69c02471]
2025-05-03 18:49:50 [http-nio-8011-exec-2] DEBUG o.s.security.web.FilterChainProxy - Securing GET /api/posts/14 MDC:[traceId=681602de46a0449fab4ee21e2c9a6a08, spanId=ab4ee21e2c9a6a08]
2025-05-03 18:49:50 [http-nio-8011-exec-2] DEBUG o.s.security.web.FilterChainProxy - Secured GET /api/posts/14 MDC:[traceId=681602de46a0449fab4ee21e2c9a6a08, spanId=745a1089b046609c]
2025-05-03 18:49:51 [http-nio-8011-exec-3] DEBUG o.s.security.web.FilterChainProxy - Securing GET /api/posts/14 MDC:[traceId=681602dfd00ebbc43d71ba9b63c9a5a3, spanId=3d71ba9b63c9a5a3]
2025-05-03 18:49:51 [http-nio-8011-exec-3] DEBUG o.s.security.web.FilterChainProxy - Secured GET /api/posts/14 MDC:[traceId=681602dfd00ebbc43d71ba9b63c9a5a3, spanId=119de42efdbc0ba8]
2025-05-03 18:50:07 [http-nio-8011-exec-7] DEBUG o.s.security.web.FilterChainProxy - Securing GET /api/posts/1 MDC:[traceId=681602efdf8d6347389ac9c76370d8ab, spanId=389ac9c76370d8ab]
2025-05-03 18:50:07 [http-nio-8011-exec-7] DEBUG o.s.security.web.FilterChainProxy - Secured GET /api/posts/1 MDC:[traceId=681602efdf8d6347389ac9c76370d8ab, spanId=50c2d7409f295cce]
2025-05-03 18:50:10 [http-nio-8011-exec-4] DEBUG o.s.security.web.FilterChainProxy - Securing GET /api/posts/14 MDC:[traceId=681602f233e6bfc36b3d628388be9fe8, spanId=6b3d628388be9fe8]
2025-05-03 18:50:10 [http-nio-8011-exec-4] DEBUG o.s.security.web.FilterChainProxy - Secured GET /api/posts/14 MDC:[traceId=681602f233e6bfc36b3d628388be9fe8, spanId=b1b440b1c0a755f1]
2025-05-03 18:50:44 [http-nio-8011-exec-6] DEBUG o.s.security.web.FilterChainProxy - Securing GET /api/posts MDC:[traceId=68160314d13c826f53268acf284232e1, spanId=53268acf284232e1]
2025-05-03 18:50:44 [http-nio-8011-exec-6] DEBUG o.s.security.web.FilterChainProxy - Secured GET /api/posts MDC:[traceId=68160314d13c826f53268acf284232e1, spanId=64232f7a66c955c8]
2025-05-03 18:50:55 [http-nio-8011-exec-5] DEBUG o.s.security.web.FilterChainProxy - Securing GET /api/posts/14 MDC:[traceId=6816031f8cfc9b942c5968b3a9e6cdee, spanId=2c5968b3a9e6cdee]
2025-05-03 18:50:55 [http-nio-8011-exec-5] DEBUG o.s.security.web.FilterChainProxy - Secured GET /api/posts/14 MDC:[traceId=6816031f8cfc9b942c5968b3a9e6cdee, spanId=9936e31e3e223c3b]
2025-05-03 18:51:18 [http-nio-8011-exec-8] DEBUG o.s.security.web.FilterChainProxy - Securing GET /api/posts MDC:[traceId=68160336f196a2f805aa3aa3ce8eab6b, spanId=05aa3aa3ce8eab6b]
2025-05-03 18:51:18 [http-nio-8011-exec-8] DEBUG o.s.security.web.FilterChainProxy - Secured GET /api/posts MDC:[traceId=68160336f196a2f805aa3aa3ce8eab6b, spanId=41f9de65b61d2cf1]
2025-05-03 18:59:28 [restartedMain] INFO  o.s.s.c.a.a.c.InitializeUserDetailsBeanManagerConfigurer$InitializeUserDetailsManagerConfigurer - Global AuthenticationManager configured with UserDetailsService bean with name inMemoryUserDetailsManager MDC:[traceId=, spanId=]
2025-05-03 18:59:30 [restartedMain] DEBUG o.s.s.web.DefaultSecurityFilterChain - Will secure any request with filters: DisableEncodeUrlFilter, WebAsyncManagerIntegrationFilter, SecurityContextHolderFilter, HeaderWriterFilter, LogoutFilter, RpcAuthenticationFilter, RequestCacheAwareFilter, SecurityContextHolderAwareRequestFilter, AnonymousAuthenticationFilter, SessionManagementFilter, ExceptionTranslationFilter, AuthorizationFilter MDC:[traceId=, spanId=]
2025-05-03 19:00:29 [http-nio-8011-exec-1] DEBUG o.s.security.web.FilterChainProxy - Securing GET /api/posts MDC:[traceId=6816055d0eab2218b935f772e0599899, spanId=b935f772e0599899]
2025-05-03 19:00:29 [http-nio-8011-exec-1] DEBUG o.s.security.web.FilterChainProxy - Secured GET /api/posts MDC:[traceId=6816055d0eab2218b935f772e0599899, spanId=a0eb46458c2a7a9c]
