2025-05-01 20:17:14 [restartedMain] INFO  o.s.s.c.a.a.c.InitializeUserDetailsBeanManagerConfigurer$InitializeUserDetailsManagerConfigurer - Global AuthenticationManager configured with UserDetailsService bean with name inMemoryUserDetailsManager MDC:[traceId=, spanId=]
2025-05-01 20:17:14 [restartedMain] DEBUG o.s.s.web.DefaultSecurityFilterChain - Will secure any request with filters: DisableEncodeUrlFilter, WebAsyncManagerIntegrationFilter, SecurityContextHolderFilter, HeaderWriterFilter, LogoutFilter, RpcAuthenticationFilter, RequestCacheAwareFilter, SecurityContextHolderAwareRequestFilter, AnonymousAuthenticationFilter, SessionManagementFilter, ExceptionTranslationFilter, AuthorizationFilter MDC:[traceId=, spanId=]
2025-05-01 20:18:52 [restartedMain] INFO  o.s.s.c.a.a.c.InitializeUserDetailsBeanManagerConfigurer$InitializeUserDetailsManagerConfigurer - Global AuthenticationManager configured with UserDetailsService bean with name inMemoryUserDetailsManager MDC:[traceId=, spanId=]
2025-05-01 20:18:53 [restartedMain] DEBUG o.s.s.web.DefaultSecurityFilterChain - Will secure any request with filters: DisableEncodeUrlFilter, WebAsyncManagerIntegrationFilter, SecurityContextHolderFilter, HeaderWriterFilter, LogoutFilter, RpcAuthenticationFilter, RequestCacheAwareFilter, SecurityContextHolderAwareRequestFilter, AnonymousAuthenticationFilter, SessionManagementFilter, ExceptionTranslationFilter, AuthorizationFilter MDC:[traceId=, spanId=]
2025-05-01 20:19:19 [http-nio-8011-exec-3] DEBUG o.s.security.web.FilterChainProxy - Securing GET /api/posts/41 MDC:[traceId=681374d782609a38ad9edda98fb9e5f0, spanId=ad9edda98fb9e5f0]
2025-05-01 20:19:19 [http-nio-8011-exec-3] DEBUG o.s.s.w.a.AnonymousAuthenticationFilter - Set SecurityContextHolder to anonymous SecurityContext MDC:[traceId=681374d782609a38ad9edda98fb9e5f0, spanId=bdf6eeeb3c95425b]
2025-05-01 20:19:45 [http-nio-8011-exec-2] DEBUG o.s.security.web.FilterChainProxy - Securing GET /actuator/prometheus MDC:[traceId=681374f1b0b6946a3593d3fd4a6e7b3f, spanId=3593d3fd4a6e7b3f]
2025-05-01 20:19:45 [http-nio-8011-exec-2] DEBUG o.s.s.w.a.AnonymousAuthenticationFilter - Set SecurityContextHolder to anonymous SecurityContext MDC:[traceId=681374f1b0b6946a3593d3fd4a6e7b3f, spanId=9a5c6176769c899e]
2025-05-01 20:19:49 [http-nio-8011-exec-4] DEBUG o.s.security.web.FilterChainProxy - Securing GET /api/posts/41 MDC:[traceId=681374f52ee1fbd78766b9e0ecdf2fbb, spanId=8766b9e0ecdf2fbb]
2025-05-01 20:19:49 [http-nio-8011-exec-4] DEBUG o.s.s.w.a.AnonymousAuthenticationFilter - Set SecurityContextHolder to anonymous SecurityContext MDC:[traceId=681374f52ee1fbd78766b9e0ecdf2fbb, spanId=9a816f1d72ad6096]
2025-05-01 20:19:51 [http-nio-8011-exec-5] DEBUG o.s.security.web.FilterChainProxy - Securing GET /api/posts/41 MDC:[traceId=681374f7a73820fde29fae73ee134f39, spanId=e29fae73ee134f39]
2025-05-01 20:19:51 [http-nio-8011-exec-5] DEBUG o.s.s.w.a.AnonymousAuthenticationFilter - Set SecurityContextHolder to anonymous SecurityContext MDC:[traceId=681374f7a73820fde29fae73ee134f39, spanId=51ff40aa98bba182]
2025-05-01 20:19:52 [http-nio-8011-exec-6] DEBUG o.s.security.web.FilterChainProxy - Securing GET /api/posts/41 MDC:[traceId=681374f8445e8a0f935ed536c91d1541, spanId=935ed536c91d1541]
2025-05-01 20:19:52 [http-nio-8011-exec-6] DEBUG o.s.s.w.a.AnonymousAuthenticationFilter - Set SecurityContextHolder to anonymous SecurityContext MDC:[traceId=681374f8445e8a0f935ed536c91d1541, spanId=c3e89e32f6da6271]
2025-05-01 20:20:00 [http-nio-8011-exec-7] DEBUG o.s.security.web.FilterChainProxy - Securing GET /actuator/prometheus MDC:[traceId=68137500bf4ec5d25c59eff796827ed8, spanId=5c59eff796827ed8]
2025-05-01 20:20:00 [http-nio-8011-exec-7] DEBUG o.s.s.w.a.AnonymousAuthenticationFilter - Set SecurityContextHolder to anonymous SecurityContext MDC:[traceId=68137500bf4ec5d25c59eff796827ed8, spanId=187c75d0f2be06fa]
2025-05-01 20:20:15 [http-nio-8011-exec-8] DEBUG o.s.security.web.FilterChainProxy - Securing GET /actuator/prometheus MDC:[traceId=6813750f11419284d8f3b09c4debd7e9, spanId=d8f3b09c4debd7e9]
2025-05-01 20:20:15 [http-nio-8011-exec-8] DEBUG o.s.s.w.a.AnonymousAuthenticationFilter - Set SecurityContextHolder to anonymous SecurityContext MDC:[traceId=6813750f11419284d8f3b09c4debd7e9, spanId=2a893eee4f51bb41]
2025-05-01 20:20:18 [http-nio-8011-exec-9] DEBUG o.s.security.web.FilterChainProxy - Securing GET /api/posts/41 MDC:[traceId=68137512acf99d4b727dc8fbff20c111, spanId=727dc8fbff20c111]
2025-05-01 20:20:18 [http-nio-8011-exec-9] DEBUG o.s.s.w.a.AnonymousAuthenticationFilter - Set SecurityContextHolder to anonymous SecurityContext MDC:[traceId=68137512acf99d4b727dc8fbff20c111, spanId=ff46a282c6e552d2]
2025-05-01 20:20:20 [http-nio-8011-exec-10] DEBUG o.s.security.web.FilterChainProxy - Securing GET /api/posts/41 MDC:[traceId=6813751445df19ca9e98fa70824ec585, spanId=9e98fa70824ec585]
2025-05-01 20:20:20 [http-nio-8011-exec-10] DEBUG o.s.s.w.a.AnonymousAuthenticationFilter - Set SecurityContextHolder to anonymous SecurityContext MDC:[traceId=6813751445df19ca9e98fa70824ec585, spanId=230ca7155aa6cfd9]
2025-05-01 20:20:21 [http-nio-8011-exec-1] DEBUG o.s.security.web.FilterChainProxy - Securing GET /api/posts/41 MDC:[traceId=681375152247f8311924d06c7ad2e5d2, spanId=1924d06c7ad2e5d2]
2025-05-01 20:20:21 [http-nio-8011-exec-1] DEBUG o.s.s.w.a.AnonymousAuthenticationFilter - Set SecurityContextHolder to anonymous SecurityContext MDC:[traceId=681375152247f8311924d06c7ad2e5d2, spanId=8cbb627acb64d2ff]
2025-05-01 20:20:23 [http-nio-8011-exec-3] DEBUG o.s.security.web.FilterChainProxy - Securing GET /api/posts/41 MDC:[traceId=68137517636acb27992ad3b5016cb297, spanId=992ad3b5016cb297]
2025-05-01 20:20:23 [http-nio-8011-exec-3] DEBUG o.s.s.w.a.AnonymousAuthenticationFilter - Set SecurityContextHolder to anonymous SecurityContext MDC:[traceId=68137517636acb27992ad3b5016cb297, spanId=9c08ff522d8d83aa]
2025-05-01 20:20:28 [http-nio-8011-exec-2] DEBUG o.s.security.web.FilterChainProxy - Securing GET /api/posts/41 MDC:[traceId=6813751c9a2f61f98f32448c712ee401, spanId=8f32448c712ee401]
2025-05-01 20:20:28 [http-nio-8011-exec-2] DEBUG o.s.s.w.a.AnonymousAuthenticationFilter - Set SecurityContextHolder to anonymous SecurityContext MDC:[traceId=6813751c9a2f61f98f32448c712ee401, spanId=3b302fcd4c36ac51]
2025-05-01 20:20:30 [http-nio-8011-exec-4] DEBUG o.s.security.web.FilterChainProxy - Securing GET /actuator/prometheus MDC:[traceId=6813751e00c9ceca5c557e3c1a25478c, spanId=5c557e3c1a25478c]
2025-05-01 20:20:30 [http-nio-8011-exec-4] DEBUG o.s.s.w.a.AnonymousAuthenticationFilter - Set SecurityContextHolder to anonymous SecurityContext MDC:[traceId=6813751e00c9ceca5c557e3c1a25478c, spanId=9324632eed743c8f]
2025-05-01 20:20:45 [http-nio-8011-exec-5] DEBUG o.s.security.web.FilterChainProxy - Securing GET /actuator/prometheus MDC:[traceId=6813752d05dfce621a4aa95599cd8ff3, spanId=1a4aa95599cd8ff3]
2025-05-01 20:20:45 [http-nio-8011-exec-5] DEBUG o.s.s.w.a.AnonymousAuthenticationFilter - Set SecurityContextHolder to anonymous SecurityContext MDC:[traceId=6813752d05dfce621a4aa95599cd8ff3, spanId=cac1711f724db4e7]
2025-05-01 20:21:00 [http-nio-8011-exec-6] DEBUG o.s.security.web.FilterChainProxy - Securing GET /actuator/prometheus MDC:[traceId=6813753c03eb3183dcce156b3bdb03e2, spanId=dcce156b3bdb03e2]
2025-05-01 20:21:00 [http-nio-8011-exec-6] DEBUG o.s.s.w.a.AnonymousAuthenticationFilter - Set SecurityContextHolder to anonymous SecurityContext MDC:[traceId=6813753c03eb3183dcce156b3bdb03e2, spanId=56af03d2669f683d]
2025-05-01 20:21:15 [http-nio-8011-exec-7] DEBUG o.s.security.web.FilterChainProxy - Securing GET /actuator/prometheus MDC:[traceId=6813754ba08b873172289fdf654baa5d, spanId=72289fdf654baa5d]
2025-05-01 20:21:15 [http-nio-8011-exec-7] DEBUG o.s.s.w.a.AnonymousAuthenticationFilter - Set SecurityContextHolder to anonymous SecurityContext MDC:[traceId=6813754ba08b873172289fdf654baa5d, spanId=bddc3628a76e3515]
2025-05-01 20:27:51 [restartedMain] INFO  o.s.s.c.a.a.c.InitializeUserDetailsBeanManagerConfigurer$InitializeUserDetailsManagerConfigurer - Global AuthenticationManager configured with UserDetailsService bean with name inMemoryUserDetailsManager MDC:[traceId=, spanId=]
2025-05-01 20:27:52 [restartedMain] DEBUG o.s.s.web.DefaultSecurityFilterChain - Will secure any request with filters: DisableEncodeUrlFilter, WebAsyncManagerIntegrationFilter, SecurityContextHolderFilter, HeaderWriterFilter, LogoutFilter, RpcAuthenticationFilter, RequestCacheAwareFilter, SecurityContextHolderAwareRequestFilter, AnonymousAuthenticationFilter, SessionManagementFilter, ExceptionTranslationFilter, AuthorizationFilter MDC:[traceId=, spanId=]
2025-05-01 20:28:00 [http-nio-8011-exec-1] DEBUG o.s.security.web.FilterChainProxy - Securing GET /actuator/prometheus MDC:[traceId=681376e0e3cc24de778376e13f262344, spanId=778376e13f262344]
2025-05-01 20:28:00 [http-nio-8011-exec-1] DEBUG o.s.s.w.a.AnonymousAuthenticationFilter - Set SecurityContextHolder to anonymous SecurityContext MDC:[traceId=681376e0e3cc24de778376e13f262344, spanId=0bd05971cb08ee62]
2025-05-01 20:28:15 [http-nio-8011-exec-4] DEBUG o.s.security.web.FilterChainProxy - Securing GET /actuator/prometheus MDC:[traceId=681376ef9349854468ac0f148e74c03b, spanId=68ac0f148e74c03b]
2025-05-01 20:28:15 [http-nio-8011-exec-4] DEBUG o.s.s.w.a.AnonymousAuthenticationFilter - Set SecurityContextHolder to anonymous SecurityContext MDC:[traceId=681376ef9349854468ac0f148e74c03b, spanId=67bc1241816ada06]
2025-05-01 20:28:30 [http-nio-8011-exec-8] DEBUG o.s.security.web.FilterChainProxy - Securing GET /actuator/prometheus MDC:[traceId=681376fe04fdef8bfc6842cccb5a7c95, spanId=fc6842cccb5a7c95]
2025-05-01 20:28:30 [http-nio-8011-exec-8] DEBUG o.s.s.w.a.AnonymousAuthenticationFilter - Set SecurityContextHolder to anonymous SecurityContext MDC:[traceId=681376fe04fdef8bfc6842cccb5a7c95, spanId=ad955f801bd7f27c]
2025-05-01 20:28:45 [http-nio-8011-exec-2] DEBUG o.s.security.web.FilterChainProxy - Securing GET /actuator/prometheus MDC:[traceId=6813770d0e3b19f58ca95523ed8962db, spanId=8ca95523ed8962db]
2025-05-01 20:28:45 [http-nio-8011-exec-2] DEBUG o.s.s.w.a.AnonymousAuthenticationFilter - Set SecurityContextHolder to anonymous SecurityContext MDC:[traceId=6813770d0e3b19f58ca95523ed8962db, spanId=287e650793b76156]
2025-05-01 20:29:00 [http-nio-8011-exec-5] DEBUG o.s.security.web.FilterChainProxy - Securing GET /actuator/prometheus MDC:[traceId=6813771ce17a1adeba34fcddecc92cbc, spanId=ba34fcddecc92cbc]
2025-05-01 20:29:00 [http-nio-8011-exec-5] DEBUG o.s.s.w.a.AnonymousAuthenticationFilter - Set SecurityContextHolder to anonymous SecurityContext MDC:[traceId=6813771ce17a1adeba34fcddecc92cbc, spanId=7fb1ef5bfe362e5a]
2025-05-01 20:29:15 [http-nio-8011-exec-6] DEBUG o.s.security.web.FilterChainProxy - Securing GET /actuator/prometheus MDC:[traceId=6813772b5eeec7e948c433b9ad96e574, spanId=48c433b9ad96e574]
2025-05-01 20:29:15 [http-nio-8011-exec-6] DEBUG o.s.s.w.a.AnonymousAuthenticationFilter - Set SecurityContextHolder to anonymous SecurityContext MDC:[traceId=6813772b5eeec7e948c433b9ad96e574, spanId=cd16f473d5882cf5]
2025-05-01 20:29:30 [http-nio-8011-exec-7] DEBUG o.s.security.web.FilterChainProxy - Securing GET /actuator/prometheus MDC:[traceId=6813773a8e60c16698c53977c2f63275, spanId=98c53977c2f63275]
2025-05-01 20:29:30 [http-nio-8011-exec-7] DEBUG o.s.s.w.a.AnonymousAuthenticationFilter - Set SecurityContextHolder to anonymous SecurityContext MDC:[traceId=6813773a8e60c16698c53977c2f63275, spanId=776fed7786cac1b5]
2025-05-01 20:29:45 [http-nio-8011-exec-3] DEBUG o.s.security.web.FilterChainProxy - Securing GET /actuator/prometheus MDC:[traceId=6813774929e4c72e4fb548e53520695a, spanId=4fb548e53520695a]
2025-05-01 20:29:45 [http-nio-8011-exec-3] DEBUG o.s.s.w.a.AnonymousAuthenticationFilter - Set SecurityContextHolder to anonymous SecurityContext MDC:[traceId=6813774929e4c72e4fb548e53520695a, spanId=e52d78d4ffdf0dc5]
2025-05-01 20:30:00 [http-nio-8011-exec-9] DEBUG o.s.security.web.FilterChainProxy - Securing GET /actuator/prometheus MDC:[traceId=68137758616151b2014fa9e8e5d02f0f, spanId=014fa9e8e5d02f0f]
2025-05-01 20:30:00 [http-nio-8011-exec-9] DEBUG o.s.s.w.a.AnonymousAuthenticationFilter - Set SecurityContextHolder to anonymous SecurityContext MDC:[traceId=68137758616151b2014fa9e8e5d02f0f, spanId=7499f3d3da2813e0]
2025-05-01 20:30:15 [http-nio-8011-exec-10] DEBUG o.s.security.web.FilterChainProxy - Securing GET /actuator/prometheus MDC:[traceId=681377675e5fd9fc4b00434d53abed7f, spanId=4b00434d53abed7f]
2025-05-01 20:30:15 [http-nio-8011-exec-10] DEBUG o.s.s.w.a.AnonymousAuthenticationFilter - Set SecurityContextHolder to anonymous SecurityContext MDC:[traceId=681377675e5fd9fc4b00434d53abed7f, spanId=9f27ccd35c00733c]
2025-05-01 20:30:30 [http-nio-8011-exec-1] DEBUG o.s.security.web.FilterChainProxy - Securing GET /actuator/prometheus MDC:[traceId=68137776f9541bc45910c18718f70f3f, spanId=5910c18718f70f3f]
2025-05-01 20:30:30 [http-nio-8011-exec-1] DEBUG o.s.s.w.a.AnonymousAuthenticationFilter - Set SecurityContextHolder to anonymous SecurityContext MDC:[traceId=68137776f9541bc45910c18718f70f3f, spanId=87c5dbd9d94e6a92]
2025-05-01 20:30:45 [http-nio-8011-exec-4] DEBUG o.s.security.web.FilterChainProxy - Securing GET /actuator/prometheus MDC:[traceId=68137785033557646bbb976c9bdd449d, spanId=6bbb976c9bdd449d]
2025-05-01 20:30:45 [http-nio-8011-exec-4] DEBUG o.s.s.w.a.AnonymousAuthenticationFilter - Set SecurityContextHolder to anonymous SecurityContext MDC:[traceId=68137785033557646bbb976c9bdd449d, spanId=1c4099bc9d0653ee]
2025-05-01 20:31:00 [http-nio-8011-exec-8] DEBUG o.s.security.web.FilterChainProxy - Securing GET /actuator/prometheus MDC:[traceId=68137794cd8770e7a9c21c5d8086b07b, spanId=a9c21c5d8086b07b]
2025-05-01 20:31:00 [http-nio-8011-exec-8] DEBUG o.s.s.w.a.AnonymousAuthenticationFilter - Set SecurityContextHolder to anonymous SecurityContext MDC:[traceId=68137794cd8770e7a9c21c5d8086b07b, spanId=b43f24d322d32e65]
2025-05-01 20:31:15 [http-nio-8011-exec-2] DEBUG o.s.security.web.FilterChainProxy - Securing GET /actuator/prometheus MDC:[traceId=681377a3f1333283485222299d8c6667, spanId=485222299d8c6667]
2025-05-01 20:31:15 [http-nio-8011-exec-2] DEBUG o.s.s.w.a.AnonymousAuthenticationFilter - Set SecurityContextHolder to anonymous SecurityContext MDC:[traceId=681377a3f1333283485222299d8c6667, spanId=4d3ad74b02dcb486]
2025-05-01 20:31:30 [http-nio-8011-exec-5] DEBUG o.s.security.web.FilterChainProxy - Securing GET /actuator/prometheus MDC:[traceId=681377b211db4e71c7577a45993ed554, spanId=c7577a45993ed554]
2025-05-01 20:31:30 [http-nio-8011-exec-5] DEBUG o.s.s.w.a.AnonymousAuthenticationFilter - Set SecurityContextHolder to anonymous SecurityContext MDC:[traceId=681377b211db4e71c7577a45993ed554, spanId=68c9b75dcebba7d1]
